#
# A fatal error has been detected by the Java Runtime Environment:
#
#  EXCEPTION_ACCESS_VIOLATION (0xc0000005) at pc=0x00007fff4b3bbe7b, pid=2252, tid=0x0000000000002224
#
# JRE version: Java(TM) SE Runtime Environment (8.0_111-b14) (build 1.8.0_111-b14)
# Java VM: Java HotSpot(TM) 64-Bit Server VM (25.111-b14 mixed mode windows-amd64 compressed oops)
# Problematic frame:
# C  [ntdll.dll+0x4be7b]
#
# Failed to write core dump. Minidumps are not enabled by default on client versions of Windows
#
# If you would like to submit a bug report, please visit:
#   http://bugreport.java.com/bugreport/crash.jsp
# The crash happened outside the Java Virtual Machine in native code.
# See problematic frame for where to report the bug.
#

---------------  T H R E A D  ---------------

Current thread (0x0000000023a8b800):  JavaThread "Thread-7" [_thread_in_native, id=8740, stack(0x0000000036c60000,0x0000000036d60000)]

siginfo: ExceptionCode=0xc0000005, writing address 0x0000000000000024

Registers:
RAX=0x0000000000000000, RBX=0x00000000323bc188, RCX=0x00000000323bc188, RDX=0xffffffffffffffff
RSP=0x0000000036d5ee40, RBP=0x0000000036d5eeb0, RSI=0x0000000000000000, RDI=0x0000000000000000
R8 =0x0000000000000000, R9 =0x0000000000000000, R10=0x0000000000000000, R11=0x0000000000000246
R12=0x0000000000000000, R13=0x0000000036d5f200, R14=0x0000000000000000, R15=0x0000000000000000
RIP=0x00007fff4b3bbe7b, EFLAGS=0x0000000000010213

Top of Stack: (sp=0x0000000036d5ee40)
0x0000000036d5ee40:   ffffffffffffffff 00000000323bc188
0x0000000036d5ee50:   0000000036d5ef50 0000000000000001
0x0000000036d5ee60:   0000000000000000 000000003b1c36e0
0x0000000036d5ee70:   0000000000000000 00000000010b3000
0x0000000036d5ee80:   0000000019ee2610 0000000023a8b9f8
0x0000000036d5ee90:   00000000506f52e8 0000000005311e30
0x0000000036d5eea0:   000000003b1bf500 00007fff47923b7f
0x0000000036d5eeb0:   0000000000000000 0000000000000001
0x0000000036d5eec0:   0000000036d5f200 0000000000000000
0x0000000036d5eed0:   0000000000000000 000000003226de00
0x0000000036d5eee0:   0000000000000001 00007fff4b390c49
0x0000000036d5eef0:   0000000000000000 00000000323bc188
0x0000000036d5ef00:   00000000fffffffa 0000000000000000
0x0000000036d5ef10:   0000000031e48800 00007fff4b390b60
0x0000000036d5ef20:   000000003226def8 0000000000000000
0x0000000036d5ef30:   000000003226de00 0000000000000000 

Instructions: (pc=0x00007fff4b3bbe7b)
0x00007fff4b3bbe5b:   0f 45 f6 48 39 73 18 0f 84 bb 01 00 00 48 83 3b
0x00007fff4b3bbe6b:   ff 0f 84 be 01 00 00 48 8b 03 48 83 f8 ff 74 03
0x00007fff4b3bbe7b:   ff 40 24 48 8b 7b 18 44 8b ee 48 89 7d c0 e8 02
0x00007fff4b3bbe8b:   ae fd ff 85 c0 0f 85 1a 14 07 00 b9 82 03 fe 7f 


Register to memory mapping:

RAX=0x0000000000000000 is an unknown value
RBX=0x00000000323bc188 is an unknown value
RCX=0x00000000323bc188 is an unknown value
RDX=0xffffffffffffffff is an unknown value
RSP=0x0000000036d5ee40 is pointing into the stack for thread: 0x0000000023a8b800
RBP=0x0000000036d5eeb0 is pointing into the stack for thread: 0x0000000023a8b800
RSI=0x0000000000000000 is an unknown value
RDI=0x0000000000000000 is an unknown value
R8 =0x0000000000000000 is an unknown value
R9 =0x0000000000000000 is an unknown value
R10=0x0000000000000000 is an unknown value
R11=0x0000000000000246 is an unknown value
R12=0x0000000000000000 is an unknown value
R13=0x0000000036d5f200 is pointing into the stack for thread: 0x0000000023a8b800
R14=0x0000000000000000 is an unknown value
R15=0x0000000000000000 is an unknown value


Stack: [0x0000000036c60000,0x0000000036d60000],  sp=0x0000000036d5ee40,  free space=1019k
Native frames: (J=compiled Java code, j=interpreted, Vv=VM code, C=native code)
C  [ntdll.dll+0x4be7b]
C  [ntdll.dll+0x20c49]
C  [ntdll.dll+0x20b60]
C  0x00007fff19692665
C  0x00007fff19698093
C  0x0000000005536f5f

Java frames: (J=compiled Java code, j=interpreted, Vv=VM code)
J 3913  org.bytedeco.javacpp.videoInputLib$videoInput.getPixels(ILorg/bytedeco/javacpp/BytePointer;ZZ)Z (0 bytes) @ 0x0000000005536ed9 [0x0000000005536e80+0x59]
J 3910 C1 org.bytedeco.javacv.VideoInputFrameGrabber.grab()Lorg/bytedeco/javacv/Frame; (200 bytes) @ 0x00000000057765e4 [0x0000000005775d80+0x864]
j  application.ObjectTracker.run()V+39
j  java.lang.Thread.run()V+11
v  ~StubRoutines::call_stub

---------------  P R O C E S S  ---------------

Java Threads: ( => current thread )
  0x0000000023a89000 JavaThread "Thread-8" [_thread_in_native, id=3092, stack(0x000000003f140000,0x000000003f240000)]
=>0x0000000023a8b800 JavaThread "Thread-7" [_thread_in_native, id=8740, stack(0x0000000036c60000,0x0000000036d60000)]
  0x0000000023eb2800 JavaThread "Prism Font Disposer" daemon [_thread_blocked, id=10632, stack(0x00000000297e0000,0x00000000298e0000)]
  0x0000000023cfd000 JavaThread "AWT-Windows" daemon [_thread_in_native, id=9424, stack(0x0000000025040000,0x0000000025140000)]
  0x0000000023c5a000 JavaThread "Java2D Disposer" daemon [_thread_blocked, id=8700, stack(0x0000000024e40000,0x0000000024f40000)]
  0x000000002448b800 JavaThread "JavaCPP Deallocator" daemon [_thread_blocked, id=2240, stack(0x0000000024a00000,0x0000000024b00000)]
  0x000000001bf94000 JavaThread "Thread-3" daemon [_thread_in_native, id=6104, stack(0x0000000023510000,0x0000000023610000)]
  0x000000001bf6a800 JavaThread "JavaFX-Launcher" [_thread_blocked, id=4852, stack(0x0000000023610000,0x0000000023710000)]
  0x000000001bce1800 JavaThread "JavaFX Application Thread" [_thread_in_vm, id=10448, stack(0x000000001cc80000,0x000000001cd80000)]
  0x000000001bf15800 JavaThread "Thread-1" daemon [_thread_blocked, id=2832, stack(0x000000001cb80000,0x000000001cc80000)]
  0x000000001bcb0000 JavaThread "QuantumRenderer-0" daemon [_thread_blocked, id=5660, stack(0x000000001c700000,0x000000001c800000)]
  0x0000000019f0e800 JavaThread "Service Thread" daemon [_thread_blocked, id=1464, stack(0x000000001bd00000,0x000000001be00000)]
  0x0000000019ec0000 JavaThread "C1 CompilerThread2" daemon [_thread_blocked, id=7092, stack(0x000000001b800000,0x000000001b900000)]
  0x0000000019eb9800 JavaThread "C2 CompilerThread1" daemon [_thread_blocked, id=6832, stack(0x000000001b700000,0x000000001b800000)]
  0x0000000019eb6800 JavaThread "C2 CompilerThread0" daemon [_thread_in_native, id=11740, stack(0x000000001b600000,0x000000001b700000)]
  0x0000000019eb3000 JavaThread "Attach Listener" daemon [_thread_blocked, id=12624, stack(0x000000001b500000,0x000000001b600000)]
  0x0000000019eb2000 JavaThread "Signal Dispatcher" daemon [_thread_blocked, id=11080, stack(0x000000001b400000,0x000000001b500000)]
  0x0000000019ea0000 JavaThread "Finalizer" daemon [_thread_blocked, id=10540, stack(0x000000001b110000,0x000000001b210000)]
  0x00000000053b5800 JavaThread "Reference Handler" daemon [_thread_blocked, id=10968, stack(0x000000001b010000,0x000000001b110000)]
  0x00000000052c7000 JavaThread "main" [_thread_blocked, id=4816, stack(0x0000000005130000,0x0000000005230000)]

Other Threads:
  0x0000000019e78000 VMThread [stack: 0x000000001af10000,0x000000001b010000] [id=12912]
  0x000000001b989000 WatcherThread [stack: 0x000000001be00000,0x000000001bf00000] [id=8872]

VM state:not at safepoint (normal execution)

VM Mutex/Monitor currently owned by a thread: None

Heap:
 PSYoungGen      total 128000K, used 92347K [0x00000000d6000000, 0x00000000dea00000, 0x0000000100000000)
  eden space 118272K, 70% used [0x00000000d6000000,0x00000000db0f6f48,0x00000000dd380000)
  from space 9728K, 97% used [0x00000000de080000,0x00000000de9b7d60,0x00000000dea00000)
  to   space 11264K, 0% used [0x00000000dd400000,0x00000000dd400000,0x00000000ddf00000)
 ParOldGen       total 94720K, used 32828K [0x0000000082000000, 0x0000000087c80000, 0x00000000d6000000)
  object space 94720K, 34% used [0x0000000082000000,0x000000008400f110,0x0000000087c80000)
 Metaspace       used 30987K, capacity 32058K, committed 32256K, reserved 1077248K
  class space    used 4083K, capacity 4330K, committed 4352K, reserved 1048576K

Card table byte_map: [0x0000000014780000,0x0000000014b80000] byte_map_base: 0x0000000014370000

Marking Bits: (ParMarkBitMap*) 0x000000005091a6c0
 Begin Bits: [0x0000000015220000, 0x00000000171a0000)
 End Bits:   [0x00000000171a0000, 0x0000000019120000)

Polling page: 0x0000000000fc0000

CodeCache: size=245760Kb used=12132Kb max_used=12357Kb free=233627Kb
 bounds [0x00000000053c0000, 0x0000000006000000, 0x00000000143c0000]
 total_blobs=4634 nmethods=3661 adapters=883
 compilation: enabled

Compilation events (10 events):
Event: 18.563 Thread 0x0000000019ec0000 3921       3       org.bytedeco.javacpp.opencv_imgproc$CvMoments::<init> (13 bytes)
Event: 18.563 Thread 0x0000000019ec0000 nmethod 3921 0x00000000055f9390 code [0x00000000055f9500, 0x00000000055f9738]
Event: 18.563 Thread 0x0000000019ec0000 3922       3       org.bytedeco.javacpp.helper.opencv_imgproc$AbstractCvMoments::<init> (6 bytes)
Event: 18.564 Thread 0x0000000019ec0000 nmethod 3922 0x00000000055f9010 code [0x00000000055f9180, 0x00000000055f9308]
Event: 18.772 Thread 0x0000000019eb6800 3924       4       com.sun.javafx.geom.transform.AffineBase::translate (548 bytes)
Event: 18.777 Thread 0x0000000019eb9800 3925 %     4       com.sun.scenario.effect.impl.state.BoxRenderState::validateWeights @ 214 (477 bytes)
Event: 18.781 Thread 0x0000000019eb6800 nmethod 3924 0x0000000005774a10 code [0x0000000005774ba0, 0x0000000005774f28]
Event: 18.826 Thread 0x0000000019eb9800 nmethod 3925% 0x0000000005772650 code [0x0000000005772800, 0x00000000057731b8]
Event: 18.850 Thread 0x0000000019ec0000 3926   !   3       java.util.concurrent.locks.AbstractQueuedSynchronizer::acquireQueued (93 bytes)
Event: 18.851 Thread 0x0000000019ec0000 nmethod 3926 0x00000000058ead10 code [0x00000000058eaf40, 0x00000000058eba58]

GC Heap History (10 events):
Event: 4.136 GC heap before
{Heap before GC invocations=7 (full 1):
 PSYoungGen      total 70656K, used 70132K [0x00000000d6000000, 0x00000000dc480000, 0x0000000100000000)
  eden space 65536K, 100% used [0x00000000d6000000,0x00000000da000000,0x00000000da000000)
  from space 5120K, 89% used [0x00000000da000000,0x00000000da47d140,0x00000000da500000)
  to   space 10240K, 0% used [0x00000000dba80000,0x00000000dba80000,0x00000000dc480000)
 ParOldGen       total 94720K, used 32796K [0x0000000082000000, 0x0000000087c80000, 0x00000000d6000000)
  object space 94720K, 34% used [0x0000000082000000,0x0000000084007110,0x0000000087c80000)
 Metaspace       used 23899K, capacity 24912K, committed 25088K, reserved 1071104K
  class space    used 3326K, capacity 3543K, committed 3584K, reserved 1048576K
Event: 4.141 GC heap after
Heap after GC invocations=7 (full 1):
 PSYoungGen      total 92672K, used 6987K [0x00000000d6000000, 0x00000000dc580000, 0x0000000100000000)
  eden space 82432K, 0% used [0x00000000d6000000,0x00000000d6000000,0x00000000db080000)
  from space 10240K, 68% used [0x00000000dba80000,0x00000000dc152fa0,0x00000000dc480000)
  to   space 10240K, 0% used [0x00000000db080000,0x00000000db080000,0x00000000dba80000)
 ParOldGen       total 94720K, used 32804K [0x0000000082000000, 0x0000000087c80000, 0x00000000d6000000)
  object space 94720K, 34% used [0x0000000082000000,0x0000000084009110,0x0000000087c80000)
 Metaspace       used 23899K, capacity 24912K, committed 25088K, reserved 1071104K
  class space    used 3326K, capacity 3543K, committed 3584K, reserved 1048576K
}
Event: 4.768 GC heap before
{Heap before GC invocations=8 (full 1):
 PSYoungGen      total 92672K, used 89419K [0x00000000d6000000, 0x00000000dc580000, 0x0000000100000000)
  eden space 82432K, 100% used [0x00000000d6000000,0x00000000db080000,0x00000000db080000)
  from space 10240K, 68% used [0x00000000dba80000,0x00000000dc152fa0,0x00000000dc480000)
  to   space 10240K, 0% used [0x00000000db080000,0x00000000db080000,0x00000000dba80000)
 ParOldGen       total 94720K, used 32804K [0x0000000082000000, 0x0000000087c80000, 0x00000000d6000000)
  object space 94720K, 34% used [0x0000000082000000,0x0000000084009110,0x0000000087c80000)
 Metaspace       used 24193K, capacity 25232K, committed 25472K, reserved 1071104K
  class space    used 3361K, capacity 3607K, committed 3712K, reserved 1048576K
Event: 4.772 GC heap after
Heap after GC invocations=8 (full 1):
 PSYoungGen      total 92672K, used 6706K [0x00000000d6000000, 0x00000000dd900000, 0x0000000100000000)
  eden space 82432K, 0% used [0x00000000d6000000,0x00000000d6000000,0x00000000db080000)
  from space 10240K, 65% used [0x00000000db080000,0x00000000db70cab0,0x00000000dba80000)
  to   space 10240K, 0% used [0x00000000dcf00000,0x00000000dcf00000,0x00000000dd900000)
 ParOldGen       total 94720K, used 32804K [0x0000000082000000, 0x0000000087c80000, 0x00000000d6000000)
  object space 94720K, 34% used [0x0000000082000000,0x0000000084009110,0x0000000087c80000)
 Metaspace       used 24193K, capacity 25232K, committed 25472K, reserved 1071104K
  class space    used 3361K, capacity 3607K, committed 3712K, reserved 1048576K
}
Event: 6.017 GC heap before
{Heap before GC invocations=9 (full 1):
 PSYoungGen      total 92672K, used 89138K [0x00000000d6000000, 0x00000000dd900000, 0x0000000100000000)
  eden space 82432K, 100% used [0x00000000d6000000,0x00000000db080000,0x00000000db080000)
  from space 10240K, 65% used [0x00000000db080000,0x00000000db70cab0,0x00000000dba80000)
  to   space 10240K, 0% used [0x00000000dcf00000,0x00000000dcf00000,0x00000000dd900000)
 ParOldGen       total 94720K, used 32804K [0x0000000082000000, 0x0000000087c80000, 0x00000000d6000000)
  object space 94720K, 34% used [0x0000000082000000,0x0000000084009110,0x0000000087c80000)
 Metaspace       used 27205K, capacity 28336K, committed 28544K, reserved 1073152K
  class space    used 3650K, capacity 3911K, committed 3968K, reserved 1048576K
Event: 6.023 GC heap after
Heap after GC invocations=9 (full 1):
 PSYoungGen      total 110592K, used 6682K [0x00000000d6000000, 0x00000000dd780000, 0x0000000100000000)
  eden space 101888K, 0% used [0x00000000d6000000,0x00000000d6000000,0x00000000dc380000)
  from space 8704K, 76% used [0x00000000dcf00000,0x00000000dd5868a0,0x00000000dd780000)
  to   space 10240K, 0% used [0x00000000dc380000,0x00000000dc380000,0x00000000dcd80000)
 ParOldGen       total 94720K, used 32812K [0x0000000082000000, 0x0000000087c80000, 0x00000000d6000000)
  object space 94720K, 34% used [0x0000000082000000,0x000000008400b110,0x0000000087c80000)
 Metaspace       used 27205K, capacity 28336K, committed 28544K, reserved 1073152K
  class space    used 3650K, capacity 3911K, committed 3968K, reserved 1048576K
}
Event: 6.658 GC heap before
{Heap before GC invocations=10 (full 1):
 PSYoungGen      total 110592K, used 108570K [0x00000000d6000000, 0x00000000dd780000, 0x0000000100000000)
  eden space 101888K, 100% used [0x00000000d6000000,0x00000000dc380000,0x00000000dc380000)
  from space 8704K, 76% used [0x00000000dcf00000,0x00000000dd5868a0,0x00000000dd780000)
  to   space 10240K, 0% used [0x00000000dc380000,0x00000000dc380000,0x00000000dcd80000)
 ParOldGen       total 94720K, used 32812K [0x0000000082000000, 0x0000000087c80000, 0x00000000d6000000)
  object space 94720K, 34% used [0x0000000082000000,0x000000008400b110,0x0000000087c80000)
 Metaspace       used 27712K, capacity 28816K, committed 29056K, reserved 1075200K
  class space    used 3705K, capacity 3943K, committed 3968K, reserved 1048576K
Event: 6.672 GC heap after
Heap after GC invocations=10 (full 1):
 PSYoungGen      total 112128K, used 8172K [0x00000000d6000000, 0x00000000deb00000, 0x0000000100000000)
  eden space 101888K, 0% used [0x00000000d6000000,0x00000000d6000000,0x00000000dc380000)
  from space 10240K, 79% used [0x00000000dc380000,0x00000000dcb7b2c0,0x00000000dcd80000)
  to   space 10752K, 0% used [0x00000000de080000,0x00000000de080000,0x00000000deb00000)
 ParOldGen       total 94720K, used 32820K [0x0000000082000000, 0x0000000087c80000, 0x00000000d6000000)
  object space 94720K, 34% used [0x0000000082000000,0x000000008400d110,0x0000000087c80000)
 Metaspace       used 27712K, capacity 28816K, committed 29056K, reserved 1075200K
  class space    used 3705K, capacity 3943K, committed 3968K, reserved 1048576K
}
Event: 8.007 GC heap before
{Heap before GC invocations=11 (full 1):
 PSYoungGen      total 112128K, used 108920K [0x00000000d6000000, 0x00000000deb00000, 0x0000000100000000)
  eden space 101888K, 98% used [0x00000000d6000000,0x00000000dc262e30,0x00000000dc380000)
  from space 10240K, 79% used [0x00000000dc380000,0x00000000dcb7b2c0,0x00000000dcd80000)
  to   space 10752K, 0% used [0x00000000de080000,0x00000000de080000,0x00000000deb00000)
 ParOldGen       total 94720K, used 32820K [0x0000000082000000, 0x0000000087c80000, 0x00000000d6000000)
  object space 94720K, 34% used [0x0000000082000000,0x000000008400d110,0x0000000087c80000)
 Metaspace       used 28002K, capacity 29074K, committed 29312K, reserved 1075200K
  class space    used 3706K, capacity 3944K, committed 3968K, reserved 1048576K
Event: 8.013 GC heap after
Heap after GC invocations=11 (full 1):
 PSYoungGen      total 128000K, used 9439K [0x00000000d6000000, 0x00000000dea00000, 0x0000000100000000)
  eden space 118272K, 0% used [0x00000000d6000000,0x00000000d6000000,0x00000000dd380000)
  from space 9728K, 97% used [0x00000000de080000,0x00000000de9b7d60,0x00000000dea00000)
  to   space 11264K, 0% used [0x00000000dd400000,0x00000000dd400000,0x00000000ddf00000)
 ParOldGen       total 94720K, used 32828K [0x0000000082000000, 0x0000000087c80000, 0x00000000d6000000)
  object space 94720K, 34% used [0x0000000082000000,0x000000008400f110,0x0000000087c80000)
 Metaspace       used 28002K, capacity 29074K, committed 29312K, reserved 1075200K
  class space    used 3706K, capacity 3944K, committed 3968K, reserved 1048576K
}

Deoptimization events (10 events):
Event: 5.273 Thread 0x000000001bce1800 Uncommon trap: reason=unstable_if action=reinterpret pc=0x00000000057548c8 method=sun.nio.cs.UTF_8$Decoder.decode([BII[C)I @ 30
Event: 5.350 Thread 0x000000001bce1800 Uncommon trap: reason=array_check action=maybe_recompile pc=0x0000000005a32c00 method=com.sun.javafx.css.SimpleSelector.applies(Ljavafx/css/Styleable;[Ljava/util/Set;I)Z @ 37
Event: 5.436 Thread 0x000000001bcb0000 Uncommon trap: reason=unstable_if action=reinterpret pc=0x0000000005d49604 method=com.sun.javafx.geom.RectBounds.isEmpty()Z @ 21
Event: 6.646 Thread 0x0000000023a8a000 Uncommon trap: reason=unstable_if action=reinterpret pc=0x0000000005dc9c64 method=org.bytedeco.javacv.Java2DFrameConverter.flipCopyWithGamma(Ljava/nio/ByteBuffer;ILjava/nio/ByteBuffer;IZDZI)V @ 50
Event: 6.701 Thread 0x0000000023a8a000 Uncommon trap: reason=unstable_if action=reinterpret pc=0x0000000005dde608 method=com.sun.javafx.image.impl.IntTo4ByteSameConverter.doConvert([III[BIIII)V @ 29
Event: 8.469 Thread 0x000000001bce1800 Uncommon trap: reason=unstable_if action=reinterpret pc=0x00000000055ce918 method=java.lang.AbstractStringBuilder.append(Ljava/lang/String;)Ljava/lang/AbstractStringBuilder; @ 1
Event: 8.718 Thread 0x0000000023a8b800 Uncommon trap: reason=unstable_if action=reinterpret pc=0x0000000005ddd66c method=sun.nio.fs.WindowsPath.compareTo(Ljava/nio/file/Path;)I @ 76
Event: 8.854 Thread 0x0000000023a8b800 Uncommon trap: reason=unstable_if action=reinterpret pc=0x0000000005756968 method=java.lang.String.lastIndexOf([CII[CIII)I @ 118
Event: 9.693 Thread 0x0000000023a8b800 Uncommon trap: reason=predicate action=maybe_recompile pc=0x0000000005de1b78 method=org.bytedeco.javacv.Java2DFrameConverter.flipCopyWithGamma(Ljava/nio/ByteBuffer;ILjava/nio/ByteBuffer;IZDZI)V @ 491
Event: 12.578 Thread 0x0000000023a8b800 Uncommon trap: reason=unstable_if action=reinterpret pc=0x0000000005b1d1f4 method=java.lang.ref.SoftReference.get()Ljava/lang/Object; @ 6

Internal exceptions (10 events):
Event: 9.115 Thread 0x0000000023a8b800 Exception <a 'sun/nio/fs/WindowsException'> (0x00000000d9812718) thrown at [C:\re\workspace\8-2-build-windows-amd64-cygwin\jdk8u111\7883\hotspot\src\share\vm\prims\jni.cpp, line 709]
Event: 9.115 Thread 0x0000000023a8b800 Exception <a 'sun/nio/fs/WindowsException'> (0x00000000d98139e0) thrown at [C:\re\workspace\8-2-build-windows-amd64-cygwin\jdk8u111\7883\hotspot\src\share\vm\prims\jni.cpp, line 709]
Event: 9.115 Thread 0x0000000023a8b800 Exception <a 'sun/nio/fs/WindowsException'> (0x00000000d9814cf8) thrown at [C:\re\workspace\8-2-build-windows-amd64-cygwin\jdk8u111\7883\hotspot\src\share\vm\prims\jni.cpp, line 709]
Event: 9.116 Thread 0x0000000023a8b800 Exception <a 'sun/nio/fs/WindowsException'> (0x00000000d9815f98) thrown at [C:\re\workspace\8-2-build-windows-amd64-cygwin\jdk8u111\7883\hotspot\src\share\vm\prims\jni.cpp, line 709]
Event: 9.116 Thread 0x0000000023a8b800 Exception <a 'sun/nio/fs/WindowsException'> (0x00000000d9817288) thrown at [C:\re\workspace\8-2-build-windows-amd64-cygwin\jdk8u111\7883\hotspot\src\share\vm\prims\jni.cpp, line 709]
Event: 9.116 Thread 0x0000000023a8b800 Exception <a 'sun/nio/fs/WindowsException'> (0x00000000d9818550) thrown at [C:\re\workspace\8-2-build-windows-amd64-cygwin\jdk8u111\7883\hotspot\src\share\vm\prims\jni.cpp, line 709]
Event: 9.116 Thread 0x0000000023a8b800 Exception <a 'sun/nio/fs/WindowsException'> (0x00000000d9819840) thrown at [C:\re\workspace\8-2-build-windows-amd64-cygwin\jdk8u111\7883\hotspot\src\share\vm\prims\jni.cpp, line 709]
Event: 9.224 Thread 0x0000000023a8b800 Exception <a 'java/lang/UnsatisfiedLinkError': cl.eye.CLCamera.CLEyeGetCameraCount()I> (0x00000000d9843700) thrown at [C:\re\workspace\8-2-build-windows-amd64-cygwin\jdk8u111\7883\hotspot\src\share\vm\prims\nativeLookup.cpp, line 378]
Event: 9.224 Thread 0x0000000023a8b800 Exception <a 'java/lang/reflect/InvocationTargetException'> (0x00000000d9843908) thrown at [C:\re\workspace\8-2-build-windows-amd64-cygwin\jdk8u111\7883\hotspot\src\share\vm\runtime\reflection.cpp, line 1092]
Event: 12.590 Thread 0x0000000023a8b800 Exception <a 'sun/java2d/InvalidPipeException': bounds changed> (0x00000000dad4af30) thrown at [C:\re\workspace\8-2-build-windows-amd64-cygwin\jdk8u111\7883\hotspot\src\share\vm\prims\jni.cpp, line 735]

Events (10 events):
Event: 16.480 loading class java/awt/event/MouseWheelListener
Event: 16.480 loading class java/awt/event/MouseWheelListener done
Event: 16.480 loading class java/awt/AWTEventMulticaster done
Event: 16.481 loading class java/awt/Toolkit$ToolkitEventMulticaster done
Event: 17.671 Executing VM operation: RevokeBias
Event: 17.671 Executing VM operation: RevokeBias done
Event: 18.975 Executing VM operation: RevokeBias
Event: 18.976 Executing VM operation: RevokeBias done
Event: 18.976 Thread 0x0000000023a89000 Thread exited: 0x0000000023a89000
Event: 18.976 Thread 0x0000000023a8a000 Thread exited: 0x0000000023a8a000


Dynamic libraries:
0x00007ff738fe0000 - 0x00007ff739017000 	C:\Program Files\Java\jdk1.8.0_111\bin\javaw.exe
0x00007fff4b370000 - 0x00007fff4b550000 	C:\WINDOWS\SYSTEM32\ntdll.dll
0x00007fff492b0000 - 0x00007fff4935e000 	C:\WINDOWS\System32\KERNEL32.DLL
0x00007fff47910000 - 0x00007fff47b76000 	C:\WINDOWS\System32\KERNELBASE.dll
0x00007fff48ba0000 - 0x00007fff48c41000 	C:\WINDOWS\System32\ADVAPI32.dll
0x00007fff496c0000 - 0x00007fff4975d000 	C:\WINDOWS\System32\msvcrt.dll
0x00007fff48b40000 - 0x00007fff48b9b000 	C:\WINDOWS\System32\sechost.dll
0x00007fff49190000 - 0x00007fff492af000 	C:\WINDOWS\System32\RPCRT4.dll
0x00007fff489b0000 - 0x00007fff48b3f000 	C:\WINDOWS\System32\USER32.dll
0x00007fff47770000 - 0x00007fff47790000 	C:\WINDOWS\System32\win32u.dll
0x00007fff48d00000 - 0x00007fff48d28000 	C:\WINDOWS\System32\GDI32.dll
0x00007fff48320000 - 0x00007fff484b3000 	C:\WINDOWS\System32\gdi32full.dll
0x00007fff47870000 - 0x00007fff4790b000 	C:\WINDOWS\System32\msvcp_win.dll
0x00007fff48690000 - 0x00007fff48786000 	C:\WINDOWS\System32\ucrtbase.dll
0x00007fff35fb0000 - 0x00007fff36219000 	C:\WINDOWS\WinSxS\amd64_microsoft.windows.common-controls_6595b64144ccf1df_6.0.16299.309_none_15cfd4c4935e6b11\COMCTL32.dll
0x00007fff48d30000 - 0x00007fff49038000 	C:\WINDOWS\System32\combase.dll
0x00007fff477f0000 - 0x00007fff47862000 	C:\WINDOWS\System32\bcryptPrimitives.dll
0x00007fff493f0000 - 0x00007fff4941d000 	C:\WINDOWS\System32\IMM32.DLL
0x00000000509a0000 - 0x0000000050a72000 	C:\Program Files\Java\jdk1.8.0_111\jre\bin\msvcr100.dll
0x0000000050100000 - 0x000000005099a000 	C:\Program Files\Java\jdk1.8.0_111\jre\bin\server\jvm.dll
0x00007fff4b330000 - 0x00007fff4b338000 	C:\WINDOWS\System32\PSAPI.DLL
0x00007fff35170000 - 0x00007fff35179000 	C:\WINDOWS\SYSTEM32\WSOCK32.dll
0x00007fff49380000 - 0x00007fff493ec000 	C:\WINDOWS\System32\WS2_32.dll
0x00007fff457c0000 - 0x00007fff457e3000 	C:\WINDOWS\SYSTEM32\WINMM.dll
0x00007fff40c30000 - 0x00007fff40c3a000 	C:\WINDOWS\SYSTEM32\VERSION.dll
0x00007fff45790000 - 0x00007fff457ba000 	C:\WINDOWS\SYSTEM32\WINMMBASE.dll
0x00007fff482d0000 - 0x00007fff4831a000 	C:\WINDOWS\System32\cfgmgr32.dll
0x00000000500f0000 - 0x00000000500ff000 	C:\Program Files\Java\jdk1.8.0_111\jre\bin\verify.dll
0x00000000500c0000 - 0x00000000500e9000 	C:\Program Files\Java\jdk1.8.0_111\jre\bin\java.dll
0x00000000500a0000 - 0x00000000500b6000 	C:\Program Files\Java\jdk1.8.0_111\jre\bin\zip.dll
0x00007fff49bb0000 - 0x00007fff4afe6000 	C:\WINDOWS\System32\SHELL32.dll
0x00007fff48c50000 - 0x00007fff48cf6000 	C:\WINDOWS\System32\shcore.dll
0x00007fff47b80000 - 0x00007fff482c7000 	C:\WINDOWS\System32\windows.storage.dll
0x00007fff49120000 - 0x00007fff49171000 	C:\WINDOWS\System32\shlwapi.dll
0x00007fff47700000 - 0x00007fff47711000 	C:\WINDOWS\System32\kernel.appcore.dll
0x00007fff47720000 - 0x00007fff4776c000 	C:\WINDOWS\System32\powrprof.dll
0x00007fff476c0000 - 0x00007fff476db000 	C:\WINDOWS\System32\profapi.dll
0x00007fff21310000 - 0x00007fff213ff000 	C:\Program Files\Java\jdk1.8.0_111\jre\bin\msvcr120.dll
0x00007fff2ec80000 - 0x00007fff2ed26000 	C:\Program Files\Java\jdk1.8.0_111\jre\bin\msvcp120.dll
0x0000000077fd0000 - 0x0000000077ff2000 	C:\Program Files\Java\jdk1.8.0_111\jre\bin\prism_d3d.dll
0x00007fff14290000 - 0x00007fff14425000 	C:\WINDOWS\system32\d3d9.dll
0x00007fff45c60000 - 0x00007fff45c8a000 	C:\WINDOWS\SYSTEM32\dwmapi.dll
0x00007fff459a0000 - 0x00007fff45a35000 	C:\WINDOWS\system32\uxtheme.dll
0x00007ffef0460000 - 0x00007ffef4085000 	C:\WINDOWS\System32\DriverStore\FileRepository\igdlh64.inf_amd64_82548830eadb8221\igdumdim64.dll
0x00007fff49040000 - 0x00007fff49105000 	C:\WINDOWS\System32\OLEAUT32.dll
0x00007fff4aff0000 - 0x00007fff4b139000 	C:\WINDOWS\System32\ole32.dll
0x00007fff49760000 - 0x00007fff49bae000 	C:\WINDOWS\System32\SETUPAPI.dll
0x0000000077f80000 - 0x0000000077fc3000 	C:\Program Files\Java\jdk1.8.0_111\jre\bin\glass.dll
0x00007fff4b1a0000 - 0x00007fff4b2aa000 	C:\WINDOWS\System32\COMDLG32.dll
0x00007fff48840000 - 0x00007fff489a7000 	C:\WINDOWS\System32\MSCTF.dll
0x00007fff3e690000 - 0x00007fff3fc8e000 	C:\WINDOWS\System32\DriverStore\FileRepository\igdlh64.inf_amd64_82548830eadb8221\igc64.dll
0x00007fff2fb60000 - 0x00007fff2fbb1000 	C:\Users\Nicklas\.javacpp\cache\opencv-3.4.0-1.4-windows-x86_64.jar\org\bytedeco\javacpp\windows-x86_64\concrt140.dll
0x00007fff28ef0000 - 0x00007fff28f07000 	C:\Program Files\TortoiseSVN\bin\VCRUNTIME140.dll
0x00007fff28f10000 - 0x00007fff28fae000 	C:\Program Files\TortoiseSVN\bin\MSVCP140.dll
0x00007fff47130000 - 0x00007fff4713b000 	C:\WINDOWS\SYSTEM32\CRYPTBASE.DLL
0x00007fff2acd0000 - 0x00007fff2ad6d000 	C:\Users\Nicklas\.javacpp\cache\opencv-3.4.0-1.4-windows-x86_64.jar\org\bytedeco\javacpp\windows-x86_64\msvcp140.dll
0x00007fff461d0000 - 0x00007fff461e7000 	C:\Users\Nicklas\.javacpp\cache\opencv-3.4.0-1.4-windows-x86_64.jar\org\bytedeco\javacpp\windows-x86_64\vcruntime140.dll
0x0000000003780000 - 0x0000000003783000 	C:\Users\Nicklas\.javacpp\cache\opencv-3.4.0-1.4-windows-x86_64.jar\org\bytedeco\javacpp\windows-x86_64\api-ms-win-crt-locale-l1-1-0.dll
0x0000000003790000 - 0x0000000003794000 	C:\Users\Nicklas\.javacpp\cache\opencv-3.4.0-1.4-windows-x86_64.jar\org\bytedeco\javacpp\windows-x86_64\api-ms-win-crt-string-l1-1-0.dll
0x00000000037a0000 - 0x00000000037a4000 	C:\Users\Nicklas\.javacpp\cache\opencv-3.4.0-1.4-windows-x86_64.jar\org\bytedeco\javacpp\windows-x86_64\api-ms-win-crt-stdio-l1-1-0.dll
0x00000000037b0000 - 0x00000000037b5000 	C:\Users\Nicklas\.javacpp\cache\opencv-3.4.0-1.4-windows-x86_64.jar\org\bytedeco\javacpp\windows-x86_64\api-ms-win-crt-math-l1-1-0.dll
0x00000000037c0000 - 0x00000000037c3000 	C:\Users\Nicklas\.javacpp\cache\opencv-3.4.0-1.4-windows-x86_64.jar\org\bytedeco\javacpp\windows-x86_64\api-ms-win-crt-heap-l1-1-0.dll
0x00000000037d0000 - 0x00000000037d4000 	C:\Users\Nicklas\.javacpp\cache\opencv-3.4.0-1.4-windows-x86_64.jar\org\bytedeco\javacpp\windows-x86_64\api-ms-win-crt-runtime-l1-1-0.dll
0x0000000004f90000 - 0x0000000004f94000 	C:\Users\Nicklas\.javacpp\cache\opencv-3.4.0-1.4-windows-x86_64.jar\org\bytedeco\javacpp\windows-x86_64\api-ms-win-crt-convert-l1-1-0.dll
0x0000000004fa0000 - 0x0000000004fa3000 	C:\Users\Nicklas\.javacpp\cache\opencv-3.4.0-1.4-windows-x86_64.jar\org\bytedeco\javacpp\windows-x86_64\api-ms-win-crt-environment-l1-1-0.dll
0x0000000004fb0000 - 0x0000000004fb3000 	C:\Users\Nicklas\.javacpp\cache\opencv-3.4.0-1.4-windows-x86_64.jar\org\bytedeco\javacpp\windows-x86_64\api-ms-win-crt-time-l1-1-0.dll
0x0000000004fc0000 - 0x0000000004fc3000 	C:\Users\Nicklas\.javacpp\cache\opencv-3.4.0-1.4-windows-x86_64.jar\org\bytedeco\javacpp\windows-x86_64\api-ms-win-crt-filesystem-l1-1-0.dll
0x0000000004fd0000 - 0x0000000004fd3000 	C:\Users\Nicklas\.javacpp\cache\opencv-3.4.0-1.4-windows-x86_64.jar\org\bytedeco\javacpp\windows-x86_64\api-ms-win-crt-utility-l1-1-0.dll
0x0000000004fe0000 - 0x0000000004fe5000 	C:\Users\Nicklas\.javacpp\cache\opencv-3.4.0-1.4-windows-x86_64.jar\org\bytedeco\javacpp\windows-x86_64\api-ms-win-crt-multibyte-l1-1-0.dll
0x00007fff19770000 - 0x00007fff19a76000 	C:\Users\Nicklas\.javacpp\cache\opencv-3.4.0-1.4-windows-x86_64.jar\org\bytedeco\javacpp\windows-x86_64\opencv_core340.dll
0x00007fff18970000 - 0x00007fff18d7c000 	C:\Users\Nicklas\.javacpp\cache\opencv-3.4.0-1.4-windows-x86_64.jar\org\bytedeco\javacpp\windows-x86_64\opencv_imgproc340.dll
0x00007fff185f0000 - 0x00007fff1896b000 	C:\Users\Nicklas\.javacpp\cache\opencv-3.4.0-1.4-windows-x86_64.jar\org\bytedeco\javacpp\windows-x86_64\jniopencv_core.dll
0x0000000050080000 - 0x000000005009a000 	C:\Program Files\Java\jdk1.8.0_111\jre\bin\net.dll
0x00007fff46f50000 - 0x00007fff46fb6000 	C:\WINDOWS\system32\mswsock.dll
0x0000000050060000 - 0x0000000050071000 	C:\Program Files\Java\jdk1.8.0_111\jre\bin\nio.dll
0x0000000077de0000 - 0x0000000077f78000 	C:\Program Files\Java\jdk1.8.0_111\jre\bin\awt.dll
0x00007fff456d0000 - 0x00007fff45758000 	C:\WINDOWS\SYSTEM32\apphelp.dll
0x0000000050000000 - 0x0000000050014000 	C:\Program Files\Java\jdk1.8.0_111\jre\bin\javafx_font.dll
0x00007fff2ceb0000 - 0x00007fff2d1bf000 	C:\WINDOWS\SYSTEM32\dwrite.dll
0x00007fff49420000 - 0x00007fff494be000 	C:\WINDOWS\System32\clbcatq.dll
0x00007fff420d0000 - 0x00007fff4227b000 	C:\WINDOWS\SYSTEM32\WindowsCodecs.dll
0x00007fff2bdc0000 - 0x00007fff2be0f000 	C:\WINDOWS\system32\dataexchange.dll
0x00007fff44f40000 - 0x00007fff45082000 	C:\WINDOWS\system32\dcomp.dll
0x00007fff43ee0000 - 0x00007fff441c2000 	C:\WINDOWS\system32\d3d11.dll
0x00007fff46520000 - 0x00007fff465cf000 	C:\WINDOWS\system32\dxgi.dll
0x00007fff45d20000 - 0x00007fff45e9b000 	C:\WINDOWS\system32\twinapi.appcore.dll
0x00007fff45c90000 - 0x00007fff45cb0000 	C:\WINDOWS\system32\RMCLIENT.dll
0x00007fff47220000 - 0x00007fff47245000 	C:\WINDOWS\system32\bcrypt.dll
0x00007fff40a00000 - 0x00007fff40a34000 	C:\Program Files\Common Files\Microsoft Shared\Ink\rtscom.dll
0x00007fff2f000000 - 0x00007fff2f098000 	C:\WINDOWS\System32\TextInputFramework.dll
0x00007fff446d0000 - 0x00007fff447ac000 	C:\WINDOWS\System32\CoreMessaging.dll
0x00007fff41cb0000 - 0x00007fff41f9e000 	C:\WINDOWS\System32\CoreUIComponents.dll
0x00007fff467f0000 - 0x00007fff46821000 	C:\WINDOWS\SYSTEM32\ntmarta.dll
0x00007fff43ac0000 - 0x00007fff43bf6000 	C:\WINDOWS\SYSTEM32\wintypes.dll
0x0000000077dc0000 - 0x0000000077dd1000 	C:\Program Files\Java\jdk1.8.0_111\jre\bin\prism_common.dll
0x00007fff447b0000 - 0x00007fff44d68000 	C:\WINDOWS\SYSTEM32\d2d1.dll
0x00007fff484c0000 - 0x00007fff4868e000 	C:\WINDOWS\System32\CRYPT32.dll
0x00007fff476e0000 - 0x00007fff476f2000 	C:\WINDOWS\System32\MSASN1.dll
0x00007fff178c0000 - 0x00007fff1802c000 	C:\WINDOWS\SYSTEM32\D3D10Warp.dll
0x00007fff475c0000 - 0x00007fff475e9000 	C:\WINDOWS\SYSTEM32\USERENV.dll
0x00007fff18490000 - 0x00007fff185e5000 	C:\Users\Nicklas\.javacpp\cache\opencv-3.4.0-1.4-windows-x86_64.jar\org\bytedeco\javacpp\windows-x86_64\jniopencv_imgproc.dll
0x00007fff17150000 - 0x00007fff1741c000 	C:\Users\Nicklas\.javacpp\cache\opencv-3.4.0-1.4-windows-x86_64.jar\org\bytedeco\javacpp\windows-x86_64\opencv_imgcodecs340.dll
0x00007fff36ce0000 - 0x00007fff36d14000 	C:\Users\Nicklas\.javacpp\cache\opencv-3.4.0-1.4-windows-x86_64.jar\org\bytedeco\javacpp\windows-x86_64\jniopencv_imgcodecs.dll
0x00007fff07f90000 - 0x00007fff08384000 	C:\Users\Nicklas\.javacpp\cache\opencv-3.4.0-1.4-windows-x86_64.jar\org\bytedeco\javacpp\windows-x86_64\opencv_dnn340.dll
0x00007fff2a740000 - 0x00007fff2a7b1000 	C:\Users\Nicklas\.javacpp\cache\opencv-3.4.0-1.4-windows-x86_64.jar\org\bytedeco\javacpp\windows-x86_64\jniopencv_dnn.dll
0x00007fff21ec0000 - 0x00007fff21f53000 	C:\Users\Nicklas\.javacpp\cache\opencv-3.4.0-1.4-windows-x86_64.jar\org\bytedeco\javacpp\windows-x86_64\opencv_objdetect340.dll
0x00007fff1eeb0000 - 0x00007fff1ef29000 	C:\Users\Nicklas\.javacpp\cache\opencv-3.4.0-1.4-windows-x86_64.jar\org\bytedeco\javacpp\windows-x86_64\jniopencv_objdetect.dll
0x00007fff1a960000 - 0x00007fff1aa5c000 	C:\Users\Nicklas\.javacpp\cache\opencv-3.4.0-1.4-windows-x86_64.jar\org\bytedeco\javacpp\windows-x86_64\opencv_photo340.dll
0x00007fff22350000 - 0x00007fff223a3000 	C:\Users\Nicklas\.javacpp\cache\opencv-3.4.0-1.4-windows-x86_64.jar\org\bytedeco\javacpp\windows-x86_64\jniopencv_photo.dll
0x00007fff196e0000 - 0x00007fff19763000 	C:\Users\Nicklas\.javacpp\cache\opencv-3.4.0-1.4-windows-x86_64.jar\org\bytedeco\javacpp\windows-x86_64\opencv_video340.dll
0x00007fff1ee60000 - 0x00007fff1eead000 	C:\Users\Nicklas\.javacpp\cache\opencv-3.4.0-1.4-windows-x86_64.jar\org\bytedeco\javacpp\windows-x86_64\jniopencv_video.dll
0x00007fff45880000 - 0x00007fff458ab000 	C:\Users\Nicklas\.javacpp\cache\opencv-3.4.0-1.4-windows-x86_64.jar\org\bytedeco\javacpp\windows-x86_64\opencv_plot340.dll
0x00007fff16f10000 - 0x00007fff17145000 	C:\Users\Nicklas\.javacpp\cache\opencv-3.4.0-1.4-windows-x86_64.jar\org\bytedeco\javacpp\windows-x86_64\opencv_tracking340.dll
0x00007fff07ec0000 - 0x00007fff07f90000 	C:\Users\Nicklas\.javacpp\cache\opencv-3.4.0-1.4-windows-x86_64.jar\org\bytedeco\javacpp\windows-x86_64\opencv_face340.dll
0x00007fff45530000 - 0x00007fff45555000 	C:\Users\Nicklas\.javacpp\cache\opencv-3.4.0-1.4-windows-x86_64.jar\org\bytedeco\javacpp\windows-x86_64\jniopencv_face.dll
0x00007fff47110000 - 0x00007fff47127000 	C:\WINDOWS\SYSTEM32\CRYPTSP.dll
0x00007fff46b50000 - 0x00007fff46b83000 	C:\WINDOWS\system32\rsaenh.dll
0x00007fff46ce0000 - 0x00007fff46d19000 	C:\WINDOWS\SYSTEM32\IPHLPAPI.DLL
0x00007fff49110000 - 0x00007fff49118000 	C:\WINDOWS\System32\NSI.dll
0x00007fff42360000 - 0x00007fff42376000 	C:\WINDOWS\SYSTEM32\dhcpcsvc6.DLL
0x00007fff42320000 - 0x00007fff4233a000 	C:\WINDOWS\SYSTEM32\dhcpcsvc.DLL
0x00007fff1dd80000 - 0x00007fff1ddcb000 	C:\Users\Nicklas\.javacpp\cache\opencv-3.4.0-1.4-windows-x86_64.jar\org\bytedeco\javacpp\windows-x86_64\opencv_videoio340.dll
0x00007fff43e20000 - 0x00007fff43e49000 	C:\WINDOWS\SYSTEM32\MSVFW32.dll
0x00007fff461b0000 - 0x00007fff461cf000 	C:\WINDOWS\SYSTEM32\AVIFIL32.dll
0x00007fff45820000 - 0x00007fff45838000 	C:\WINDOWS\SYSTEM32\AVICAP32.dll
0x00007fff42c10000 - 0x00007fff42c2c000 	C:\WINDOWS\SYSTEM32\MSACM32.dll
0x00007fff45610000 - 0x00007fff4562f000 	C:\Users\Nicklas\.javacpp\cache\opencv-3.4.0-1.4-windows-x86_64.jar\org\bytedeco\javacpp\windows-x86_64\jniopencv_videoio.dll
0x00007fff46d20000 - 0x00007fff46dd6000 	C:\WINDOWS\SYSTEM32\DNSAPI.dll

VM Arguments:
jvm_args: -Djava.library.path=C:\opencv\build\java\x64;C:\opencv\build\java\x64 -Dfile.encoding=Cp1252 
java_command: application.AppStart
java_class_path (initial): C:\Users\Nicklas\Workspace SilverSpin\FaceRecognizerJava\target\classes;C:\Users\Nicklas\Program\eclipse\plugins\org.eclipse.fx.ide.css.jfx8_2.4.0.201605112122.jar;C:\opencv\build\java\opencv-340.jar;C:\Users\Nicklas\.m2\repository\mysql\mysql-connector-java\5.1.14\mysql-connector-java-5.1.14.jar;C:\Users\Nicklas\.m2\repository\org\bytedeco\javacpp-presets\tesseract-platform\3.05.01-1.4\tesseract-platform-3.05.01-1.4.jar;C:\Users\Nicklas\.m2\repository\org\bytedeco\javacpp-presets\leptonica-platform\1.74.4-1.4\leptonica-platform-1.74.4-1.4.jar;C:\Users\Nicklas\.m2\repository\org\bytedeco\javacpp-presets\leptonica\1.74.4-1.4\leptonica-1.74.4-1.4.jar;C:\Users\Nicklas\.m2\repository\org\bytedeco\javacpp-presets\leptonica\1.74.4-1.4\leptonica-1.74.4-1.4-android-arm.jar;C:\Users\Nicklas\.m2\repository\org\bytedeco\javacpp-presets\leptonica\1.74.4-1.4\leptonica-1.74.4-1.4-android-x86.jar;C:\Users\Nicklas\.m2\repository\org\bytedeco\javacpp-presets\leptonica\1.74.4-1.4\leptonica-1.74.4-1.4-linux-x86.jar;C:\Users\Nicklas\.m2\repository\org\bytedeco\javacpp-presets\leptonica\1.74.4-1.4\leptonica-1.74.4-1.4-linux-x86_64.jar;C:\Users\Nicklas\.m2\repository\org\bytedeco\javacpp-presets\leptonica\1.74.4-1.4\leptonica-1.74.4-1.4-linux-armhf.jar;C:\Users\Nicklas\.m2\repository\org\bytedeco\javacpp-presets\leptonica\1.74.4-1.4\leptonica-1.74.4-1.4-linux-ppc64le.jar;C:\Users\Nicklas\.m2\repository\org\bytedeco\javacpp-presets\leptonica\1.74.4-1.4\leptonica-1.74.4-1.4-macosx-x86_64.jar;C:\Users\Nicklas\.m2\repository\org\bytedeco\javacpp-presets\leptonica\1.74.4-1.4\leptonica-1.74.4-1.4-windows-x86.jar;C:\Users\Nicklas\.m2\repository\org\bytedeco\javacpp-presets\leptonica\1.74.4-1.4\leptonica-1.74.4-1.4-windows-x86_64.jar;C:\Users\Nicklas\.m2\repository\org\bytedeco\javacpp-presets\tesseract\3.05.01-1.4\tesseract-3.05.01-1.4.jar;C:\Users\Nicklas\.m2\repository\org\bytedeco\javacpp-presets\tesseract\3.05.01-1.4\tesseract-3.05.01-1.4-android-arm.jar;C:\User
Launcher Type: SUN_STANDARD

Environment Variables:
PATH=C:\Users\Nicklas\AppData\Local\Microsoft\WindowsApps;C:\Users\Nicklas\AppData\Local\atom\bin;C:\Program Files\Java\jdk1.8.0_111\bin;C:\Program Files\TortoiseSVN\bin;C:\Users\Nicklas\Program\Git\cmd;C:\Users\Nicklas\Program\Git\mingw64\bin;C:\Users\Nicklas\Program\Git\usr\bin;C:\Gradle\gradle-3.5\bin;C:\WINDOWS\system32;C:\WINDOWS;C:\WINDOWS\System32\Wbem;C:\WINDOWS\System32\WindowsPowerShell\v1.0\;C:\Maven\apache-maven-3.5.2\bin;C:\HashiCorp\Vagrant\bin;C:\Users\Nicklas\AppData\Local\Microsoft\WindowsApps;C:\Users\Nicklas\AppData\Local\atom\bin;C:\Users\Nicklas\AppData\Local\Microsoft\WindowsApps;C:\Maven\apache-maven-3.5.2\bin;C:\Users\Nicklas\AppData\Local\GitHubDesktop\bin
USERNAME=Nicklas
OS=Windows_NT
PROCESSOR_IDENTIFIER=Intel64 Family 6 Model 78 Stepping 3, GenuineIntel



---------------  S Y S T E M  ---------------

OS: Windows 10.0 , 64 bit Build 16299 (10.0.16299.15)

CPU:total 4 (2 cores per cpu, 2 threads per core) family 6 model 78 stepping 3, cmov, cx8, fxsr, mmx, sse, sse2, sse3, ssse3, sse4.1, sse4.2, popcnt, avx, avx2, aes, clmul, erms, 3dnowpref, lzcnt, ht, tsc, tscinvbit, bmi1, bmi2, adx

Memory: 4k page, physical 8250276k(2900396k free), swap 12706724k(4474224k free)

vm_info: Java HotSpot(TM) 64-Bit Server VM (25.111-b14) for windows-amd64 JRE (1.8.0_111-b14), built on Sep 22 2016 19:24:05 by "java_re" with MS VC++ 10.0 (VS2010)

time: Thu Mar 22 11:11:04 2018
elapsed time: 19 seconds (0d 0h 0m 19s)

