#
# A fatal error has been detected by the Java Runtime Environment:
#
#  EXCEPTION_ACCESS_VIOLATION (0xc0000005) at pc=0x00007fff19f74438, pid=3520, tid=0x000000000000287c
#
# JRE version: Java(TM) SE Runtime Environment (8.0_111-b14) (build 1.8.0_111-b14)
# Java VM: Java HotSpot(TM) 64-Bit Server VM (25.111-b14 mixed mode windows-amd64 compressed oops)
# Problematic frame:
# C  0x00007fff19f74438
#
# Failed to write core dump. Minidumps are not enabled by default on client versions of Windows
#
# If you would like to submit a bug report, please visit:
#   http://bugreport.java.com/bugreport/crash.jsp
# The crash happened outside the Java Virtual Machine in native code.
# See problematic frame for where to report the bug.
#

---------------  T H R E A D  ---------------

Current thread (0x000000001aba2800):  JavaThread "Thread-10" [_thread_in_native, id=10364, stack(0x000000003f2b0000,0x000000003f3b0000)]

siginfo: ExceptionCode=0xc0000005, reading address 0x0000000000000000

Registers:
RAX=0x0000000000000011, RBX=0x000000003119d6f0, RCX=0x0000000000000000, RDX=0x0000000025425c08
RSP=0x000000003f3af040, RBP=0x000000003f3af109, RSI=0x0000000000000000, RDI=0x000000002eb12cc0
R8 =0x000000002eb12e68, R9 =0x000000003f3aead8, R10=0x0000000000000002, R11=0x000000003f3aef40
R12=0x000000002eb12d68, R13=0x000000002eb12cd8, R14=0x0000000000000000, R15=0x0000000000000280
RIP=0x00007fff19f74438, EFLAGS=0x0000000000010202

Top of Stack: (sp=0x000000003f3af040)
0x000000003f3af040:   00007fff19fa1080 000000002eb12d68
0x000000003f3af050:   00000000003e1140 0000000000008000
0x000000003f3af060:   000000002eb12d68 00000000254035a8
0x000000003f3af070:   0000000032a9eed8 0000000000000000
0x000000003f3af080:   0000000000000280 000000003f3af2d0
0x000000003f3af090:   0000000000000000 0000000000000000
0x000000003f3af0a0:   0000000032a9eed8 0000000000000000
0x000000003f3af0b0:   000000003f3af290 00007fff496d984c
0x000000003f3af0c0:   000000002536fb50 0000000000000000
0x000000003f3af0d0:   000000003f3af290 00007fff3af271a7
0x000000003f3af0e0:   000000002536fb50 00007fff3af24650
0x000000003f3af0f0:   000000002536fb50 0000000000000000
0x000000003f3af100:   0000000000000000 0000000000000000
0x000000003f3af110:   000094d51dec5ce0 00007fff19f74d2a
0x000000003f3af120:   0000000000000001 000000003f3af290
0x000000003f3af130:   0000000000000280 000000003f3af2d0 

Instructions: (pc=0x00007fff19f74438)
0x00007fff19f74418:   74 0f 49 8b d4 48 8d 0d 5c cc 02 00 e8 37 cc ff
0x00007fff19f74428:   ff 48 8b 4f 20 4c 8d 87 a8 01 00 00 48 8b 57 30
0x00007fff19f74438:   48 8b 01 ff 50 18 48 8b 4f 18 48 8d 55 87 4c 8b
0x00007fff19f74448:   4f 30 4c 8d 2d df 3f 02 00 48 89 54 24 28 4c 8d 


Register to memory mapping:

RAX=0x0000000000000011 is an unknown value
RBX=0x000000003119d6f0 is an unknown value
RCX=0x0000000000000000 is an unknown value
RDX=0x0000000025425c08 is an unknown value
RSP=0x000000003f3af040 is pointing into the stack for thread: 0x000000001aba2800
RBP=0x000000003f3af109 is pointing into the stack for thread: 0x000000001aba2800
RSI=0x0000000000000000 is an unknown value
RDI=0x000000002eb12cc0 is an unknown value
R8 =0x000000002eb12e68 is an unknown value
R9 =0x000000003f3aead8 is pointing into the stack for thread: 0x000000001aba2800
R10=0x0000000000000002 is an unknown value
R11=0x000000003f3aef40 is pointing into the stack for thread: 0x000000001aba2800
R12=0x000000002eb12d68 is an unknown value
R13=0x000000002eb12cd8 is an unknown value
R14=0x0000000000000000 is an unknown value
R15=0x0000000000000280 is an unknown value


Stack: [0x000000003f2b0000,0x000000003f3b0000],  sp=0x000000003f3af040,  free space=1020k
Native frames: (J=compiled Java code, j=interpreted, Vv=VM code, C=native code)
C  0x00007fff19f74438
C  0x00007fff19f73a64
C  0x00007fff19f790f3
C  0x0000000004627f74

Java frames: (J=compiled Java code, j=interpreted, Vv=VM code)
j  org.bytedeco.javacpp.videoInputLib$videoInput.setupDevice(IIII)Z+0
j  org.bytedeco.javacv.VideoInputFrameGrabber.start(I)V+79
j  org.bytedeco.javacv.VideoInputFrameGrabber.start()V+2
j  application.ObjectTracker.run()V+23
j  java.lang.Thread.run()V+11
v  ~StubRoutines::call_stub

---------------  P R O C E S S  ---------------

Java Threads: ( => current thread )
  0x000000001aba0800 JavaThread "Thread-11" [_thread_in_native, id=6076, stack(0x000000003f9b0000,0x000000003fab0000)]
=>0x000000001aba2800 JavaThread "Thread-10" [_thread_in_native, id=10364, stack(0x000000003f2b0000,0x000000003f3b0000)]
  0x00000000236d9000 JavaThread "AWT-EventQueue-0" [_thread_blocked, id=11224, stack(0x000000003f1b0000,0x000000003f2b0000)]
  0x00000000236d7800 JavaThread "AWT-Shutdown" [_thread_blocked, id=2696, stack(0x000000003f0b0000,0x000000003f1b0000)]
  0x0000000022fb1000 JavaThread "Prism Font Disposer" daemon [_thread_blocked, id=1304, stack(0x0000000028c80000,0x0000000028d80000)]
  0x0000000022d7c000 JavaThread "AWT-Windows" daemon [_thread_in_native, id=12024, stack(0x0000000025240000,0x0000000025340000)]
  0x000000001b27a000 JavaThread "Java2D Disposer" daemon [_thread_blocked, id=11616, stack(0x0000000025040000,0x0000000025140000)]
  0x00000000237e7000 JavaThread "JavaCPP Deallocator" daemon [_thread_blocked, id=3076, stack(0x0000000023c30000,0x0000000023d30000)]
  0x000000001b22b000 JavaThread "Thread-3" daemon [_thread_in_native, id=4092, stack(0x0000000022820000,0x0000000022920000)]
  0x000000001b25a800 JavaThread "JavaFX-Launcher" [_thread_blocked, id=11320, stack(0x0000000022920000,0x0000000022a20000)]
  0x000000001b1b2800 JavaThread "JavaFX Application Thread" [_thread_in_native, id=896, stack(0x000000001bef0000,0x000000001bff0000)]
  0x000000001b1ae000 JavaThread "Thread-1" daemon [_thread_blocked, id=2212, stack(0x000000001bdf0000,0x000000001bef0000)]
  0x000000001af8b000 JavaThread "QuantumRenderer-0" daemon [_thread_blocked, id=10884, stack(0x000000001b9a0000,0x000000001baa0000)]
  0x000000001abd0800 JavaThread "Service Thread" daemon [_thread_blocked, id=12732, stack(0x000000001afa0000,0x000000001b0a0000)]
  0x000000001913f000 JavaThread "C1 CompilerThread2" daemon [_thread_blocked, id=4920, stack(0x000000001aaa0000,0x000000001aba0000)]
  0x000000001913b800 JavaThread "C2 CompilerThread1" daemon [_thread_blocked, id=12684, stack(0x000000001a9a0000,0x000000001aaa0000)]
  0x0000000019139800 JavaThread "C2 CompilerThread0" daemon [_thread_blocked, id=6160, stack(0x000000001a8a0000,0x000000001a9a0000)]
  0x0000000019136000 JavaThread "Attach Listener" daemon [_thread_blocked, id=10532, stack(0x000000001a7a0000,0x000000001a8a0000)]
  0x0000000019134800 JavaThread "Signal Dispatcher" daemon [_thread_blocked, id=3036, stack(0x000000001a6a0000,0x000000001a7a0000)]
  0x0000000019120000 JavaThread "Finalizer" daemon [_thread_blocked, id=4332, stack(0x000000001a3a0000,0x000000001a4a0000)]
  0x00000000045d5800 JavaThread "Reference Handler" daemon [_thread_blocked, id=10744, stack(0x000000001a2a0000,0x000000001a3a0000)]
  0x00000000044e7000 JavaThread "main" [_thread_blocked, id=9236, stack(0x00000000043e0000,0x00000000044e0000)]

Other Threads:
  0x00000000190f8000 VMThread [stack: 0x000000001a1a0000,0x000000001a2a0000] [id=12660]
  0x000000001ac29800 WatcherThread [stack: 0x000000001b0a0000,0x000000001b1a0000] [id=13020]

VM state:not at safepoint (normal execution)

VM Mutex/Monitor currently owned by a thread: None

Heap:
 PSYoungGen      total 194048K, used 165889K [0x00000000d6000000, 0x00000000e3080000, 0x0000000100000000)
  eden space 178176K, 92% used [0x00000000d6000000,0x00000000e001c5a8,0x00000000e0e00000)
  from space 15872K, 12% used [0x00000000e0e00000,0x00000000e0fe4010,0x00000000e1d80000)
  to   space 15872K, 0% used [0x00000000e2100000,0x00000000e2100000,0x00000000e3080000)
 ParOldGen       total 94720K, used 44088K [0x0000000082000000, 0x0000000087c80000, 0x00000000d6000000)
  object space 94720K, 46% used [0x0000000082000000,0x0000000084b0e2e8,0x0000000087c80000)
 Metaspace       used 32297K, capacity 33428K, committed 33536K, reserved 1079296K
  class space    used 4093K, capacity 4323K, committed 4352K, reserved 1048576K

Card table byte_map: [0x00000000139d0000,0x0000000013dd0000] byte_map_base: 0x00000000135c0000

Marking Bits: (ParMarkBitMap*) 0x000000005091a6c0
 Begin Bits: [0x0000000014470000, 0x00000000163f0000)
 End Bits:   [0x00000000163f0000, 0x0000000018370000)

Polling page: 0x00000000045e0000

CodeCache: size=245760Kb used=17118Kb max_used=17332Kb free=228641Kb
 bounds [0x0000000004610000, 0x0000000005780000, 0x0000000013610000]
 total_blobs=6127 nmethods=5148 adapters=890
 compilation: enabled

Compilation events (10 events):
Event: 71.548 Thread 0x000000001913f000 nmethod 6011 0x000000000503d0d0 code [0x000000000503d260, 0x000000000503d808]
Event: 71.562 Thread 0x0000000019139800 nmethod 6008 0x000000000501c4d0 code [0x000000000501c740, 0x000000000501de48]
Event: 71.627 Thread 0x000000001913f000 6014       3       java.lang.AbstractStringBuilder::substring (62 bytes)
Event: 71.628 Thread 0x000000001913f000 nmethod 6014 0x000000000512bf10 code [0x000000000512c0c0, 0x000000000512c5b8]
Event: 71.628 Thread 0x000000001913f000 6012       3       javafx.scene.control.TextInputControl::getFormatterAccessor (25 bytes)
Event: 71.629 Thread 0x000000001913f000 nmethod 6012 0x0000000004747350 code [0x00000000047474c0, 0x00000000047477f0]
Event: 71.629 Thread 0x000000001913f000 6013       3       javafx.scene.control.TextFormatter$Change::<init> (44 bytes)
Event: 71.629 Thread 0x000000001913f000 nmethod 6013 0x0000000004a05690 code [0x0000000004a057e0, 0x0000000004a059f0]
Event: 71.630 Thread 0x000000001913f000 6015       3       java.net.URI$Parser::parseHierarchical (180 bytes)
Event: 71.631 Thread 0x000000001913f000 nmethod 6015 0x000000000555d850 code [0x000000000555db80, 0x000000000555f3c8]

GC Heap History (10 events):
Event: 33.233 GC heap before
{Heap before GC invocations=24 (full 1):
 PSYoungGen      total 185344K, used 171717K [0x00000000d6000000, 0x00000000e2680000, 0x0000000100000000)
  eden space 168448K, 99% used [0x00000000d6000000,0x00000000e03b78e8,0x00000000e0480000)
  from space 16896K, 24% used [0x00000000e1600000,0x00000000e19f9b80,0x00000000e2680000)
  to   space 17408K, 0% used [0x00000000e0480000,0x00000000e0480000,0x00000000e1580000)
 ParOldGen       total 94720K, used 41529K [0x0000000082000000, 0x0000000087c80000, 0x00000000d6000000)
  object space 94720K, 43% used [0x0000000082000000,0x000000008488e768,0x0000000087c80000)
 Metaspace       used 29853K, capacity 30904K, committed 31232K, reserved 1077248K
  class space    used 3804K, capacity 4023K, committed 4096K, reserved 1048576K
Event: 33.236 GC heap after
Heap after GC invocations=24 (full 1):
 PSYoungGen      total 185856K, used 2996K [0x00000000d6000000, 0x00000000e2b80000, 0x0000000100000000)
  eden space 168448K, 0% used [0x00000000d6000000,0x00000000d6000000,0x00000000e0480000)
  from space 17408K, 17% used [0x00000000e0480000,0x00000000e076d020,0x00000000e1580000)
  to   space 17408K, 0% used [0x00000000e1a80000,0x00000000e1a80000,0x00000000e2b80000)
 ParOldGen       total 94720K, used 43004K [0x0000000082000000, 0x0000000087c80000, 0x00000000d6000000)
  object space 94720K, 45% used [0x0000000082000000,0x00000000849ff2d8,0x0000000087c80000)
 Metaspace       used 29853K, capacity 30904K, committed 31232K, reserved 1077248K
  class space    used 3804K, capacity 4023K, committed 4096K, reserved 1048576K
}
Event: 35.852 GC heap before
{Heap before GC invocations=25 (full 1):
 PSYoungGen      total 185856K, used 171444K [0x00000000d6000000, 0x00000000e2b80000, 0x0000000100000000)
  eden space 168448K, 100% used [0x00000000d6000000,0x00000000e0480000,0x00000000e0480000)
  from space 17408K, 17% used [0x00000000e0480000,0x00000000e076d020,0x00000000e1580000)
  to   space 17408K, 0% used [0x00000000e1a80000,0x00000000e1a80000,0x00000000e2b80000)
 ParOldGen       total 94720K, used 43004K [0x0000000082000000, 0x0000000087c80000, 0x00000000d6000000)
  object space 94720K, 45% used [0x0000000082000000,0x00000000849ff2d8,0x0000000087c80000)
 Metaspace       used 30068K, capacity 31124K, committed 31488K, reserved 1077248K
  class space    used 3806K, capacity 4027K, committed 4096K, reserved 1048576K
Event: 35.860 GC heap after
Heap after GC invocations=25 (full 1):
 PSYoungGen      total 189952K, used 7616K [0x00000000d6000000, 0x00000000e2a00000, 0x0000000100000000)
  eden space 174080K, 0% used [0x00000000d6000000,0x00000000d6000000,0x00000000e0a00000)
  from space 15872K, 47% used [0x00000000e1a80000,0x00000000e21f0040,0x00000000e2a00000)
  to   space 16384K, 0% used [0x00000000e0a00000,0x00000000e0a00000,0x00000000e1a00000)
 ParOldGen       total 94720K, used 44000K [0x0000000082000000, 0x0000000087c80000, 0x00000000d6000000)
  object space 94720K, 46% used [0x0000000082000000,0x0000000084af82e8,0x0000000087c80000)
 Metaspace       used 30068K, capacity 31124K, committed 31488K, reserved 1077248K
  class space    used 3806K, capacity 4027K, committed 4096K, reserved 1048576K
}
Event: 38.440 GC heap before
{Heap before GC invocations=26 (full 1):
 PSYoungGen      total 189952K, used 181413K [0x00000000d6000000, 0x00000000e2a00000, 0x0000000100000000)
  eden space 174080K, 99% used [0x00000000d6000000,0x00000000e09b93f8,0x00000000e0a00000)
  from space 15872K, 47% used [0x00000000e1a80000,0x00000000e21f0040,0x00000000e2a00000)
  to   space 16384K, 0% used [0x00000000e0a00000,0x00000000e0a00000,0x00000000e1a00000)
 ParOldGen       total 94720K, used 44000K [0x0000000082000000, 0x0000000087c80000, 0x00000000d6000000)
  object space 94720K, 46% used [0x0000000082000000,0x0000000084af82e8,0x0000000087c80000)
 Metaspace       used 30128K, capacity 31252K, committed 31488K, reserved 1077248K
  class space    used 3806K, capacity 4027K, committed 4096K, reserved 1048576K
Event: 38.446 GC heap after
Heap after GC invocations=26 (full 1):
 PSYoungGen      total 190464K, used 4704K [0x00000000d6000000, 0x00000000e2d00000, 0x0000000100000000)
  eden space 174080K, 0% used [0x00000000d6000000,0x00000000d6000000,0x00000000e0a00000)
  from space 16384K, 28% used [0x00000000e0a00000,0x00000000e0e98020,0x00000000e1a00000)
  to   space 15872K, 0% used [0x00000000e1d80000,0x00000000e1d80000,0x00000000e2d00000)
 ParOldGen       total 94720K, used 44024K [0x0000000082000000, 0x0000000087c80000, 0x00000000d6000000)
  object space 94720K, 46% used [0x0000000082000000,0x0000000084afe2e8,0x0000000087c80000)
 Metaspace       used 30128K, capacity 31252K, committed 31488K, reserved 1077248K
  class space    used 3806K, capacity 4027K, committed 4096K, reserved 1048576K
}
Event: 40.933 GC heap before
{Heap before GC invocations=27 (full 1):
 PSYoungGen      total 190464K, used 178349K [0x00000000d6000000, 0x00000000e2d00000, 0x0000000100000000)
  eden space 174080K, 99% used [0x00000000d6000000,0x00000000e0993658,0x00000000e0a00000)
  from space 16384K, 28% used [0x00000000e0a00000,0x00000000e0e98020,0x00000000e1a00000)
  to   space 15872K, 0% used [0x00000000e1d80000,0x00000000e1d80000,0x00000000e2d00000)
 ParOldGen       total 94720K, used 44024K [0x0000000082000000, 0x0000000087c80000, 0x00000000d6000000)
  object space 94720K, 46% used [0x0000000082000000,0x0000000084afe2e8,0x0000000087c80000)
 Metaspace       used 30197K, capacity 31252K, committed 31488K, reserved 1077248K
  class space    used 3806K, capacity 4027K, committed 4096K, reserved 1048576K
Event: 40.938 GC heap after
Heap after GC invocations=27 (full 1):
 PSYoungGen      total 194048K, used 3952K [0x00000000d6000000, 0x00000000e2d00000, 0x0000000100000000)
  eden space 178176K, 0% used [0x00000000d6000000,0x00000000d6000000,0x00000000e0e00000)
  from space 15872K, 24% used [0x00000000e1d80000,0x00000000e215c010,0x00000000e2d00000)
  to   space 15872K, 0% used [0x00000000e0e00000,0x00000000e0e00000,0x00000000e1d80000)
 ParOldGen       total 94720K, used 44056K [0x0000000082000000, 0x0000000087c80000, 0x00000000d6000000)
  object space 94720K, 46% used [0x0000000082000000,0x0000000084b062e8,0x0000000087c80000)
 Metaspace       used 30197K, capacity 31252K, committed 31488K, reserved 1077248K
  class space    used 3806K, capacity 4027K, committed 4096K, reserved 1048576K
}
Event: 43.363 GC heap before
{Heap before GC invocations=28 (full 1):
 PSYoungGen      total 194048K, used 181985K [0x00000000d6000000, 0x00000000e2d00000, 0x0000000100000000)
  eden space 178176K, 99% used [0x00000000d6000000,0x00000000e0ddc748,0x00000000e0e00000)
  from space 15872K, 24% used [0x00000000e1d80000,0x00000000e215c010,0x00000000e2d00000)
  to   space 15872K, 0% used [0x00000000e0e00000,0x00000000e0e00000,0x00000000e1d80000)
 ParOldGen       total 94720K, used 44056K [0x0000000082000000, 0x0000000087c80000, 0x00000000d6000000)
  object space 94720K, 46% used [0x0000000082000000,0x0000000084b062e8,0x0000000087c80000)
 Metaspace       used 30202K, capacity 31252K, committed 31488K, reserved 1077248K
  class space    used 3806K, capacity 4027K, committed 4096K, reserved 1048576K
Event: 43.364 GC heap after
Heap after GC invocations=28 (full 1):
 PSYoungGen      total 194048K, used 1936K [0x00000000d6000000, 0x00000000e3080000, 0x0000000100000000)
  eden space 178176K, 0% used [0x00000000d6000000,0x00000000d6000000,0x00000000e0e00000)
  from space 15872K, 12% used [0x00000000e0e00000,0x00000000e0fe4010,0x00000000e1d80000)
  to   space 15872K, 0% used [0x00000000e2100000,0x00000000e2100000,0x00000000e3080000)
 ParOldGen       total 94720K, used 44088K [0x0000000082000000, 0x0000000087c80000, 0x00000000d6000000)
  object space 94720K, 46% used [0x0000000082000000,0x0000000084b0e2e8,0x0000000087c80000)
 Metaspace       used 30202K, capacity 31252K, committed 31488K, reserved 1077248K
  class space    used 3806K, capacity 4027K, committed 4096K, reserved 1048576K
}

Deoptimization events (10 events):
Event: 70.421 Thread 0x00000000236d9000 Uncommon trap: reason=class_check action=maybe_recompile pc=0x0000000004aa6c7c method=java.util.Collections$SynchronizedMap.get(Ljava/lang/Object;)Ljava/lang/Object; @ 12
Event: 70.428 Thread 0x00000000236d9000 Uncommon trap: reason=class_check action=maybe_recompile pc=0x0000000004aa6c7c method=java.util.Collections$SynchronizedMap.get(Ljava/lang/Object;)Ljava/lang/Object; @ 12
Event: 70.478 Thread 0x00000000236d9000 Uncommon trap: reason=unstable_if action=reinterpret pc=0x000000000550818c method=java.util.WeakHashMap.put(Ljava/lang/Object;Ljava/lang/Object;)Ljava/lang/Object; @ 47
Event: 70.510 Thread 0x00000000236d9000 Uncommon trap: reason=class_check action=maybe_recompile pc=0x0000000004aa6c7c method=java.util.Collections$SynchronizedMap.get(Ljava/lang/Object;)Ljava/lang/Object; @ 12
Event: 70.511 Thread 0x00000000236d9000 Uncommon trap: reason=class_check action=maybe_recompile pc=0x0000000004aa6c7c method=java.util.Collections$SynchronizedMap.get(Ljava/lang/Object;)Ljava/lang/Object; @ 12
Event: 70.520 Thread 0x000000001b22b000 Uncommon trap: reason=unstable_if action=reinterpret pc=0x0000000005708c44 method=java.util.concurrent.LinkedBlockingDeque.linkLast(Ljava/util/concurrent/LinkedBlockingDeque$Node;)Z @ 32
Event: 70.522 Thread 0x000000001b1ae000 Uncommon trap: reason=unstable_if action=reinterpret pc=0x0000000004fd7660 method=java.util.concurrent.LinkedBlockingDeque.unlinkFirst()Ljava/lang/Object; @ 37
Event: 70.669 Thread 0x000000001aba2800 Uncommon trap: reason=unstable_if action=reinterpret pc=0x00000000056d2678 method=org.bytedeco.javacpp.Loader.findLibrary(Ljava/lang/Class;Lorg/bytedeco/javacpp/ClassProperties;Ljava/lang/String;Z)[Ljava/net/URL; @ 91
Event: 70.676 Thread 0x000000001aba2800 Uncommon trap: reason=unstable_if action=reinterpret pc=0x00000000051561ac method=sun.nio.fs.WindowsPath.compareTo(Ljava/nio/file/Path;)I @ 76
Event: 71.016 Thread 0x000000001aba2800 Uncommon trap: reason=unstable_if action=reinterpret pc=0x000000000499d368 method=java.lang.String.lastIndexOf([CII[CIII)I @ 118

Internal exceptions (10 events):
Event: 71.287 Thread 0x000000001aba2800 Exception <a 'sun/nio/fs/WindowsException'> (0x00000000df7cf1d0) thrown at [C:\re\workspace\8-2-build-windows-amd64-cygwin\jdk8u111\7883\hotspot\src\share\vm\prims\jni.cpp, line 709]
Event: 71.287 Thread 0x000000001aba2800 Exception <a 'sun/nio/fs/WindowsException'> (0x00000000df7d0498) thrown at [C:\re\workspace\8-2-build-windows-amd64-cygwin\jdk8u111\7883\hotspot\src\share\vm\prims\jni.cpp, line 709]
Event: 71.288 Thread 0x000000001aba2800 Exception <a 'sun/nio/fs/WindowsException'> (0x00000000df7d19e0) thrown at [C:\re\workspace\8-2-build-windows-amd64-cygwin\jdk8u111\7883\hotspot\src\share\vm\prims\jni.cpp, line 709]
Event: 71.288 Thread 0x000000001aba2800 Exception <a 'sun/nio/fs/WindowsException'> (0x00000000df7d2cf8) thrown at [C:\re\workspace\8-2-build-windows-amd64-cygwin\jdk8u111\7883\hotspot\src\share\vm\prims\jni.cpp, line 709]
Event: 71.288 Thread 0x000000001aba2800 Exception <a 'sun/nio/fs/WindowsException'> (0x00000000df7d3f98) thrown at [C:\re\workspace\8-2-build-windows-amd64-cygwin\jdk8u111\7883\hotspot\src\share\vm\prims\jni.cpp, line 709]
Event: 71.288 Thread 0x000000001aba2800 Exception <a 'sun/nio/fs/WindowsException'> (0x00000000df7d5288) thrown at [C:\re\workspace\8-2-build-windows-amd64-cygwin\jdk8u111\7883\hotspot\src\share\vm\prims\jni.cpp, line 709]
Event: 71.289 Thread 0x000000001aba2800 Exception <a 'sun/nio/fs/WindowsException'> (0x00000000df7d6550) thrown at [C:\re\workspace\8-2-build-windows-amd64-cygwin\jdk8u111\7883\hotspot\src\share\vm\prims\jni.cpp, line 709]
Event: 71.289 Thread 0x000000001aba2800 Exception <a 'sun/nio/fs/WindowsException'> (0x00000000df7d7938) thrown at [C:\re\workspace\8-2-build-windows-amd64-cygwin\jdk8u111\7883\hotspot\src\share\vm\prims\jni.cpp, line 709]
Event: 71.408 Thread 0x000000001aba2800 Exception <a 'java/lang/UnsatisfiedLinkError': cl.eye.CLCamera.CLEyeGetCameraCount()I> (0x00000000df8015e0) thrown at [C:\re\workspace\8-2-build-windows-amd64-cygwin\jdk8u111\7883\hotspot\src\share\vm\prims\nativeLookup.cpp, line 378]
Event: 71.408 Thread 0x000000001aba2800 Exception <a 'java/lang/reflect/InvocationTargetException'> (0x00000000df8017e8) thrown at [C:\re\workspace\8-2-build-windows-amd64-cygwin\jdk8u111\7883\hotspot\src\share\vm\runtime\reflection.cpp, line 1092]

Events (10 events):
Event: 71.540 loading class org/bytedeco/javacpp/videoInputLib$StringVector$Iterator
Event: 71.540 loading class org/bytedeco/javacpp/videoInputLib$StringVector$Iterator done
Event: 71.549 Thread 0x000000001913f000 flushing nmethod 0x0000000004d3f1d0
Event: 71.562 Thread 0x0000000019139800 flushing nmethod 0x0000000004d898d0
Event: 71.619 Thread 0x000000001aba0800 Thread added: 0x000000001aba0800
Event: 71.629 Thread 0x000000001913f000 flushing nmethod 0x0000000004fd5210
Event: 71.629 Thread 0x000000001913f000 flushing nmethod 0x0000000005092b50
Event: 71.629 Thread 0x000000001913f000 flushing nmethod 0x00000000050a0650
Event: 71.629 Thread 0x000000001913f000 flushing nmethod 0x00000000050ac050
Event: 71.629 Thread 0x000000001913f000 flushing nmethod 0x00000000050fdf90


Dynamic libraries:
0x00007ff738fe0000 - 0x00007ff739017000 	C:\Program Files\Java\jdk1.8.0_111\bin\javaw.exe
0x00007fff4b370000 - 0x00007fff4b550000 	C:\WINDOWS\SYSTEM32\ntdll.dll
0x00007fff492b0000 - 0x00007fff4935e000 	C:\WINDOWS\System32\KERNEL32.DLL
0x00007fff47910000 - 0x00007fff47b76000 	C:\WINDOWS\System32\KERNELBASE.dll
0x00007fff48ba0000 - 0x00007fff48c41000 	C:\WINDOWS\System32\ADVAPI32.dll
0x00007fff496c0000 - 0x00007fff4975d000 	C:\WINDOWS\System32\msvcrt.dll
0x00007fff48b40000 - 0x00007fff48b9b000 	C:\WINDOWS\System32\sechost.dll
0x00007fff49190000 - 0x00007fff492af000 	C:\WINDOWS\System32\RPCRT4.dll
0x00007fff489b0000 - 0x00007fff48b3f000 	C:\WINDOWS\System32\USER32.dll
0x00007fff47770000 - 0x00007fff47790000 	C:\WINDOWS\System32\win32u.dll
0x00007fff48d00000 - 0x00007fff48d28000 	C:\WINDOWS\System32\GDI32.dll
0x00007fff48320000 - 0x00007fff484b3000 	C:\WINDOWS\System32\gdi32full.dll
0x00007fff47870000 - 0x00007fff4790b000 	C:\WINDOWS\System32\msvcp_win.dll
0x00007fff48690000 - 0x00007fff48786000 	C:\WINDOWS\System32\ucrtbase.dll
0x00007fff35fb0000 - 0x00007fff36219000 	C:\WINDOWS\WinSxS\amd64_microsoft.windows.common-controls_6595b64144ccf1df_6.0.16299.309_none_15cfd4c4935e6b11\COMCTL32.dll
0x00007fff48d30000 - 0x00007fff49038000 	C:\WINDOWS\System32\combase.dll
0x00007fff477f0000 - 0x00007fff47862000 	C:\WINDOWS\System32\bcryptPrimitives.dll
0x00007fff493f0000 - 0x00007fff4941d000 	C:\WINDOWS\System32\IMM32.DLL
0x00000000509a0000 - 0x0000000050a72000 	C:\Program Files\Java\jdk1.8.0_111\jre\bin\msvcr100.dll
0x0000000050100000 - 0x000000005099a000 	C:\Program Files\Java\jdk1.8.0_111\jre\bin\server\jvm.dll
0x00007fff4b330000 - 0x00007fff4b338000 	C:\WINDOWS\System32\PSAPI.DLL
0x00007fff35170000 - 0x00007fff35179000 	C:\WINDOWS\SYSTEM32\WSOCK32.dll
0x00007fff49380000 - 0x00007fff493ec000 	C:\WINDOWS\System32\WS2_32.dll
0x00007fff457c0000 - 0x00007fff457e3000 	C:\WINDOWS\SYSTEM32\WINMM.dll
0x00007fff40c30000 - 0x00007fff40c3a000 	C:\WINDOWS\SYSTEM32\VERSION.dll
0x00007fff45790000 - 0x00007fff457ba000 	C:\WINDOWS\SYSTEM32\WINMMBASE.dll
0x00007fff482d0000 - 0x00007fff4831a000 	C:\WINDOWS\System32\cfgmgr32.dll
0x00000000500f0000 - 0x00000000500ff000 	C:\Program Files\Java\jdk1.8.0_111\jre\bin\verify.dll
0x00000000500c0000 - 0x00000000500e9000 	C:\Program Files\Java\jdk1.8.0_111\jre\bin\java.dll
0x00000000500a0000 - 0x00000000500b6000 	C:\Program Files\Java\jdk1.8.0_111\jre\bin\zip.dll
0x00007fff49bb0000 - 0x00007fff4afe6000 	C:\WINDOWS\System32\SHELL32.dll
0x00007fff48c50000 - 0x00007fff48cf6000 	C:\WINDOWS\System32\shcore.dll
0x00007fff47b80000 - 0x00007fff482c7000 	C:\WINDOWS\System32\windows.storage.dll
0x00007fff49120000 - 0x00007fff49171000 	C:\WINDOWS\System32\shlwapi.dll
0x00007fff47700000 - 0x00007fff47711000 	C:\WINDOWS\System32\kernel.appcore.dll
0x00007fff47720000 - 0x00007fff4776c000 	C:\WINDOWS\System32\powrprof.dll
0x00007fff476c0000 - 0x00007fff476db000 	C:\WINDOWS\System32\profapi.dll
0x00007fff28140000 - 0x00007fff2822f000 	C:\Program Files\Java\jdk1.8.0_111\jre\bin\msvcr120.dll
0x00007fff2ec80000 - 0x00007fff2ed26000 	C:\Program Files\Java\jdk1.8.0_111\jre\bin\msvcp120.dll
0x0000000077fd0000 - 0x0000000077ff2000 	C:\Program Files\Java\jdk1.8.0_111\jre\bin\prism_d3d.dll
0x00007fff14290000 - 0x00007fff14425000 	C:\WINDOWS\system32\d3d9.dll
0x00007fff45c60000 - 0x00007fff45c8a000 	C:\WINDOWS\SYSTEM32\dwmapi.dll
0x00007fff459a0000 - 0x00007fff45a35000 	C:\WINDOWS\system32\uxtheme.dll
0x00007ffef0460000 - 0x00007ffef4085000 	C:\WINDOWS\System32\DriverStore\FileRepository\igdlh64.inf_amd64_82548830eadb8221\igdumdim64.dll
0x00007fff49040000 - 0x00007fff49105000 	C:\WINDOWS\System32\OLEAUT32.dll
0x00007fff4aff0000 - 0x00007fff4b139000 	C:\WINDOWS\System32\ole32.dll
0x00007fff49760000 - 0x00007fff49bae000 	C:\WINDOWS\System32\SETUPAPI.dll
0x0000000077f80000 - 0x0000000077fc3000 	C:\Program Files\Java\jdk1.8.0_111\jre\bin\glass.dll
0x00007fff4b1a0000 - 0x00007fff4b2aa000 	C:\WINDOWS\System32\COMDLG32.dll
0x00007fff48840000 - 0x00007fff489a7000 	C:\WINDOWS\System32\MSCTF.dll
0x00007fff3e690000 - 0x00007fff3fc8e000 	C:\WINDOWS\System32\DriverStore\FileRepository\igdlh64.inf_amd64_82548830eadb8221\igc64.dll
0x00007fff461b0000 - 0x00007fff46201000 	C:\Users\Nicklas\.javacpp\cache\opencv-3.4.0-1.4-windows-x86_64.jar\org\bytedeco\javacpp\windows-x86_64\concrt140.dll
0x00007fff28ef0000 - 0x00007fff28f07000 	C:\Program Files\TortoiseSVN\bin\VCRUNTIME140.dll
0x00007fff28f10000 - 0x00007fff28fae000 	C:\Program Files\TortoiseSVN\bin\MSVCP140.dll
0x00007fff47130000 - 0x00007fff4713b000 	C:\WINDOWS\SYSTEM32\CRYPTBASE.DLL
0x00007fff2acd0000 - 0x00007fff2ad6d000 	C:\Users\Nicklas\.javacpp\cache\opencv-3.4.0-1.4-windows-x86_64.jar\org\bytedeco\javacpp\windows-x86_64\msvcp140.dll
0x00007fff458c0000 - 0x00007fff458d7000 	C:\Users\Nicklas\.javacpp\cache\opencv-3.4.0-1.4-windows-x86_64.jar\org\bytedeco\javacpp\windows-x86_64\vcruntime140.dll
0x000000001bc10000 - 0x000000001bc13000 	C:\Users\Nicklas\.javacpp\cache\opencv-3.4.0-1.4-windows-x86_64.jar\org\bytedeco\javacpp\windows-x86_64\api-ms-win-crt-locale-l1-1-0.dll
0x0000000022380000 - 0x0000000022384000 	C:\Users\Nicklas\.javacpp\cache\opencv-3.4.0-1.4-windows-x86_64.jar\org\bytedeco\javacpp\windows-x86_64\api-ms-win-crt-string-l1-1-0.dll
0x0000000022390000 - 0x0000000022394000 	C:\Users\Nicklas\.javacpp\cache\opencv-3.4.0-1.4-windows-x86_64.jar\org\bytedeco\javacpp\windows-x86_64\api-ms-win-crt-stdio-l1-1-0.dll
0x00000000223a0000 - 0x00000000223a5000 	C:\Users\Nicklas\.javacpp\cache\opencv-3.4.0-1.4-windows-x86_64.jar\org\bytedeco\javacpp\windows-x86_64\api-ms-win-crt-math-l1-1-0.dll
0x00000000223b0000 - 0x00000000223b3000 	C:\Users\Nicklas\.javacpp\cache\opencv-3.4.0-1.4-windows-x86_64.jar\org\bytedeco\javacpp\windows-x86_64\api-ms-win-crt-heap-l1-1-0.dll
0x00000000223c0000 - 0x00000000223c4000 	C:\Users\Nicklas\.javacpp\cache\opencv-3.4.0-1.4-windows-x86_64.jar\org\bytedeco\javacpp\windows-x86_64\api-ms-win-crt-runtime-l1-1-0.dll
0x00000000223d0000 - 0x00000000223d4000 	C:\Users\Nicklas\.javacpp\cache\opencv-3.4.0-1.4-windows-x86_64.jar\org\bytedeco\javacpp\windows-x86_64\api-ms-win-crt-convert-l1-1-0.dll
0x00000000223e0000 - 0x00000000223e3000 	C:\Users\Nicklas\.javacpp\cache\opencv-3.4.0-1.4-windows-x86_64.jar\org\bytedeco\javacpp\windows-x86_64\api-ms-win-crt-environment-l1-1-0.dll
0x00000000223f0000 - 0x00000000223f3000 	C:\Users\Nicklas\.javacpp\cache\opencv-3.4.0-1.4-windows-x86_64.jar\org\bytedeco\javacpp\windows-x86_64\api-ms-win-crt-time-l1-1-0.dll
0x0000000022400000 - 0x0000000022403000 	C:\Users\Nicklas\.javacpp\cache\opencv-3.4.0-1.4-windows-x86_64.jar\org\bytedeco\javacpp\windows-x86_64\api-ms-win-crt-filesystem-l1-1-0.dll
0x0000000023bf0000 - 0x0000000023bf3000 	C:\Users\Nicklas\.javacpp\cache\opencv-3.4.0-1.4-windows-x86_64.jar\org\bytedeco\javacpp\windows-x86_64\api-ms-win-crt-utility-l1-1-0.dll
0x0000000023c00000 - 0x0000000023c05000 	C:\Users\Nicklas\.javacpp\cache\opencv-3.4.0-1.4-windows-x86_64.jar\org\bytedeco\javacpp\windows-x86_64\api-ms-win-crt-multibyte-l1-1-0.dll
0x00007fff06840000 - 0x00007fff06b46000 	C:\Users\Nicklas\.javacpp\cache\opencv-3.4.0-1.4-windows-x86_64.jar\org\bytedeco\javacpp\windows-x86_64\opencv_core340.dll
0x00007fff06430000 - 0x00007fff0683c000 	C:\Users\Nicklas\.javacpp\cache\opencv-3.4.0-1.4-windows-x86_64.jar\org\bytedeco\javacpp\windows-x86_64\opencv_imgproc340.dll
0x00007ffef80c0000 - 0x00007ffef843b000 	C:\Users\Nicklas\.javacpp\cache\opencv-3.4.0-1.4-windows-x86_64.jar\org\bytedeco\javacpp\windows-x86_64\jniopencv_core.dll
0x0000000050080000 - 0x000000005009a000 	C:\Program Files\Java\jdk1.8.0_111\jre\bin\net.dll
0x00007fff46f50000 - 0x00007fff46fb6000 	C:\WINDOWS\system32\mswsock.dll
0x0000000050060000 - 0x0000000050071000 	C:\Program Files\Java\jdk1.8.0_111\jre\bin\nio.dll
0x0000000077de0000 - 0x0000000077f78000 	C:\Program Files\Java\jdk1.8.0_111\jre\bin\awt.dll
0x00007fff456d0000 - 0x00007fff45758000 	C:\WINDOWS\SYSTEM32\apphelp.dll
0x0000000050000000 - 0x0000000050014000 	C:\Program Files\Java\jdk1.8.0_111\jre\bin\javafx_font.dll
0x00007fff2ceb0000 - 0x00007fff2d1bf000 	C:\WINDOWS\SYSTEM32\dwrite.dll
0x00007fff49420000 - 0x00007fff494be000 	C:\WINDOWS\System32\clbcatq.dll
0x00007fff420d0000 - 0x00007fff4227b000 	C:\WINDOWS\SYSTEM32\WindowsCodecs.dll
0x00007fff2bdc0000 - 0x00007fff2be0f000 	C:\WINDOWS\system32\dataexchange.dll
0x00007fff43ee0000 - 0x00007fff441c2000 	C:\WINDOWS\system32\d3d11.dll
0x00007fff44f40000 - 0x00007fff45082000 	C:\WINDOWS\system32\dcomp.dll
0x00007fff46520000 - 0x00007fff465cf000 	C:\WINDOWS\system32\dxgi.dll
0x00007fff45d20000 - 0x00007fff45e9b000 	C:\WINDOWS\system32\twinapi.appcore.dll
0x00007fff45c90000 - 0x00007fff45cb0000 	C:\WINDOWS\system32\RMCLIENT.dll
0x00007fff47220000 - 0x00007fff47245000 	C:\WINDOWS\system32\bcrypt.dll
0x00007fff45880000 - 0x00007fff458b4000 	C:\Program Files\Common Files\Microsoft Shared\Ink\rtscom.dll
0x00007fff2f000000 - 0x00007fff2f098000 	C:\WINDOWS\System32\TextInputFramework.dll
0x00007fff41cb0000 - 0x00007fff41f9e000 	C:\WINDOWS\System32\CoreUIComponents.dll
0x00007fff446d0000 - 0x00007fff447ac000 	C:\WINDOWS\System32\CoreMessaging.dll
0x00007fff467f0000 - 0x00007fff46821000 	C:\WINDOWS\SYSTEM32\ntmarta.dll
0x00007fff43ac0000 - 0x00007fff43bf6000 	C:\WINDOWS\SYSTEM32\wintypes.dll
0x0000000077dc0000 - 0x0000000077dd1000 	C:\Program Files\Java\jdk1.8.0_111\jre\bin\prism_common.dll
0x00007fff447b0000 - 0x00007fff44d68000 	C:\WINDOWS\SYSTEM32\d2d1.dll
0x00007fff484c0000 - 0x00007fff4868e000 	C:\WINDOWS\System32\CRYPT32.dll
0x00007fff476e0000 - 0x00007fff476f2000 	C:\WINDOWS\System32\MSASN1.dll
0x00007fff178c0000 - 0x00007fff1802c000 	C:\WINDOWS\SYSTEM32\D3D10Warp.dll
0x00007fff475c0000 - 0x00007fff475e9000 	C:\WINDOWS\SYSTEM32\USERENV.dll
0x00007fff1aa10000 - 0x00007fff1ab65000 	C:\Users\Nicklas\.javacpp\cache\opencv-3.4.0-1.4-windows-x86_64.jar\org\bytedeco\javacpp\windows-x86_64\jniopencv_imgproc.dll
0x00007ffef7b20000 - 0x00007ffef7dec000 	C:\Users\Nicklas\.javacpp\cache\opencv-3.4.0-1.4-windows-x86_64.jar\org\bytedeco\javacpp\windows-x86_64\opencv_imgcodecs340.dll
0x00007fff42ef0000 - 0x00007fff42f24000 	C:\Users\Nicklas\.javacpp\cache\opencv-3.4.0-1.4-windows-x86_64.jar\org\bytedeco\javacpp\windows-x86_64\jniopencv_imgcodecs.dll
0x00007ffef73a0000 - 0x00007ffef7794000 	C:\Users\Nicklas\.javacpp\cache\opencv-3.4.0-1.4-windows-x86_64.jar\org\bytedeco\javacpp\windows-x86_64\opencv_dnn340.dll
0x00007fff2a740000 - 0x00007fff2a7b1000 	C:\Users\Nicklas\.javacpp\cache\opencv-3.4.0-1.4-windows-x86_64.jar\org\bytedeco\javacpp\windows-x86_64\jniopencv_dnn.dll
0x00007fff280a0000 - 0x00007fff28133000 	C:\Users\Nicklas\.javacpp\cache\opencv-3.4.0-1.4-windows-x86_64.jar\org\bytedeco\javacpp\windows-x86_64\opencv_objdetect340.dll
0x00007fff22330000 - 0x00007fff223a9000 	C:\Users\Nicklas\.javacpp\cache\opencv-3.4.0-1.4-windows-x86_64.jar\org\bytedeco\javacpp\windows-x86_64\jniopencv_objdetect.dll
0x00007fff06330000 - 0x00007fff0642c000 	C:\Users\Nicklas\.javacpp\cache\opencv-3.4.0-1.4-windows-x86_64.jar\org\bytedeco\javacpp\windows-x86_64\opencv_photo340.dll
0x00007fff36cc0000 - 0x00007fff36d13000 	C:\Users\Nicklas\.javacpp\cache\opencv-3.4.0-1.4-windows-x86_64.jar\org\bytedeco\javacpp\windows-x86_64\jniopencv_photo.dll
0x00007fff21ed0000 - 0x00007fff21f53000 	C:\Users\Nicklas\.javacpp\cache\opencv-3.4.0-1.4-windows-x86_64.jar\org\bytedeco\javacpp\windows-x86_64\opencv_video340.dll
0x00007fff409f0000 - 0x00007fff40a3d000 	C:\Users\Nicklas\.javacpp\cache\opencv-3.4.0-1.4-windows-x86_64.jar\org\bytedeco\javacpp\windows-x86_64\jniopencv_video.dll
0x00007fff45640000 - 0x00007fff4566b000 	C:\Users\Nicklas\.javacpp\cache\opencv-3.4.0-1.4-windows-x86_64.jar\org\bytedeco\javacpp\windows-x86_64\opencv_plot340.dll
0x00007ffef7160000 - 0x00007ffef7395000 	C:\Users\Nicklas\.javacpp\cache\opencv-3.4.0-1.4-windows-x86_64.jar\org\bytedeco\javacpp\windows-x86_64\opencv_tracking340.dll
0x00007fff1ee60000 - 0x00007fff1ef30000 	C:\Users\Nicklas\.javacpp\cache\opencv-3.4.0-1.4-windows-x86_64.jar\org\bytedeco\javacpp\windows-x86_64\opencv_face340.dll
0x00007fff43e20000 - 0x00007fff43e45000 	C:\Users\Nicklas\.javacpp\cache\opencv-3.4.0-1.4-windows-x86_64.jar\org\bytedeco\javacpp\windows-x86_64\jniopencv_face.dll
0x00007fff47110000 - 0x00007fff47127000 	C:\WINDOWS\SYSTEM32\CRYPTSP.dll
0x00007fff46b50000 - 0x00007fff46b83000 	C:\WINDOWS\system32\rsaenh.dll
0x00007fff46ce0000 - 0x00007fff46d19000 	C:\WINDOWS\SYSTEM32\IPHLPAPI.DLL
0x00007fff49110000 - 0x00007fff49118000 	C:\WINDOWS\System32\NSI.dll
0x00007fff42360000 - 0x00007fff42376000 	C:\WINDOWS\SYSTEM32\dhcpcsvc6.DLL
0x00007fff42320000 - 0x00007fff4233a000 	C:\WINDOWS\SYSTEM32\dhcpcsvc.DLL
0x00007fff2fb70000 - 0x00007fff2fbbb000 	C:\Users\Nicklas\.javacpp\cache\opencv-3.4.0-1.4-windows-x86_64.jar\org\bytedeco\javacpp\windows-x86_64\opencv_videoio340.dll
0x00007fff431c0000 - 0x00007fff431e9000 	C:\WINDOWS\SYSTEM32\MSVFW32.dll
0x00007fff45820000 - 0x00007fff4583f000 	C:\WINDOWS\SYSTEM32\AVIFIL32.dll
0x00007fff45610000 - 0x00007fff45628000 	C:\WINDOWS\SYSTEM32\AVICAP32.dll
0x00007fff42c10000 - 0x00007fff42c2c000 	C:\WINDOWS\SYSTEM32\MSACM32.dll
0x00007fff42f50000 - 0x00007fff42f6f000 	C:\Users\Nicklas\.javacpp\cache\opencv-3.4.0-1.4-windows-x86_64.jar\org\bytedeco\javacpp\windows-x86_64\jniopencv_videoio.dll
0x00007fff46d20000 - 0x00007fff46dd6000 	C:\WINDOWS\SYSTEM32\DNSAPI.dll

VM Arguments:
jvm_args: -Djava.library.path=C:\opencv\build\java\x64;C:\opencv\build\java\x64 -Dfile.encoding=Cp1252 
java_command: application.AppStart
java_class_path (initial): C:\Users\Nicklas\Workspace SilverSpin\FaceRecognizerJava\target\classes;C:\Users\Nicklas\Program\eclipse\plugins\org.eclipse.fx.ide.css.jfx8_2.4.0.201605112122.jar;C:\opencv\build\java\opencv-340.jar;C:\Users\Nicklas\.m2\repository\mysql\mysql-connector-java\5.1.14\mysql-connector-java-5.1.14.jar;C:\Users\Nicklas\.m2\repository\org\bytedeco\javacpp-presets\tesseract-platform\3.05.01-1.4\tesseract-platform-3.05.01-1.4.jar;C:\Users\Nicklas\.m2\repository\org\bytedeco\javacpp-presets\leptonica-platform\1.74.4-1.4\leptonica-platform-1.74.4-1.4.jar;C:\Users\Nicklas\.m2\repository\org\bytedeco\javacpp-presets\leptonica\1.74.4-1.4\leptonica-1.74.4-1.4.jar;C:\Users\Nicklas\.m2\repository\org\bytedeco\javacpp-presets\leptonica\1.74.4-1.4\leptonica-1.74.4-1.4-android-arm.jar;C:\Users\Nicklas\.m2\repository\org\bytedeco\javacpp-presets\leptonica\1.74.4-1.4\leptonica-1.74.4-1.4-android-x86.jar;C:\Users\Nicklas\.m2\repository\org\bytedeco\javacpp-presets\leptonica\1.74.4-1.4\leptonica-1.74.4-1.4-linux-x86.jar;C:\Users\Nicklas\.m2\repository\org\bytedeco\javacpp-presets\leptonica\1.74.4-1.4\leptonica-1.74.4-1.4-linux-x86_64.jar;C:\Users\Nicklas\.m2\repository\org\bytedeco\javacpp-presets\leptonica\1.74.4-1.4\leptonica-1.74.4-1.4-linux-armhf.jar;C:\Users\Nicklas\.m2\repository\org\bytedeco\javacpp-presets\leptonica\1.74.4-1.4\leptonica-1.74.4-1.4-linux-ppc64le.jar;C:\Users\Nicklas\.m2\repository\org\bytedeco\javacpp-presets\leptonica\1.74.4-1.4\leptonica-1.74.4-1.4-macosx-x86_64.jar;C:\Users\Nicklas\.m2\repository\org\bytedeco\javacpp-presets\leptonica\1.74.4-1.4\leptonica-1.74.4-1.4-windows-x86.jar;C:\Users\Nicklas\.m2\repository\org\bytedeco\javacpp-presets\leptonica\1.74.4-1.4\leptonica-1.74.4-1.4-windows-x86_64.jar;C:\Users\Nicklas\.m2\repository\org\bytedeco\javacpp-presets\tesseract\3.05.01-1.4\tesseract-3.05.01-1.4.jar;C:\Users\Nicklas\.m2\repository\org\bytedeco\javacpp-presets\tesseract\3.05.01-1.4\tesseract-3.05.01-1.4-android-arm.jar;C:\User
Launcher Type: SUN_STANDARD

Environment Variables:
PATH=C:\Users\Nicklas\AppData\Local\Microsoft\WindowsApps;C:\Users\Nicklas\AppData\Local\atom\bin;C:\Program Files\Java\jdk1.8.0_111\bin;C:\Program Files\TortoiseSVN\bin;C:\Users\Nicklas\Program\Git\cmd;C:\Users\Nicklas\Program\Git\mingw64\bin;C:\Users\Nicklas\Program\Git\usr\bin;C:\Gradle\gradle-3.5\bin;C:\WINDOWS\system32;C:\WINDOWS;C:\WINDOWS\System32\Wbem;C:\WINDOWS\System32\WindowsPowerShell\v1.0\;C:\Maven\apache-maven-3.5.2\bin;C:\HashiCorp\Vagrant\bin;C:\Users\Nicklas\AppData\Local\Microsoft\WindowsApps;C:\Users\Nicklas\AppData\Local\atom\bin;C:\Users\Nicklas\AppData\Local\Microsoft\WindowsApps;C:\Maven\apache-maven-3.5.2\bin;C:\Users\Nicklas\AppData\Local\GitHubDesktop\bin
USERNAME=Nicklas
OS=Windows_NT
PROCESSOR_IDENTIFIER=Intel64 Family 6 Model 78 Stepping 3, GenuineIntel



---------------  S Y S T E M  ---------------

OS: Windows 10.0 , 64 bit Build 16299 (10.0.16299.15)

CPU:total 4 (2 cores per cpu, 2 threads per core) family 6 model 78 stepping 3, cmov, cx8, fxsr, mmx, sse, sse2, sse3, ssse3, sse4.1, sse4.2, popcnt, avx, avx2, aes, clmul, erms, 3dnowpref, lzcnt, ht, tsc, tscinvbit, bmi1, bmi2, adx

Memory: 4k page, physical 8250276k(2891764k free), swap 12706724k(4567692k free)

vm_info: Java HotSpot(TM) 64-Bit Server VM (25.111-b14) for windows-amd64 JRE (1.8.0_111-b14), built on Sep 22 2016 19:24:05 by "java_re" with MS VC++ 10.0 (VS2010)

time: Thu Mar 22 08:59:35 2018
elapsed time: 71 seconds (0d 0h 1m 11s)

