#
# A fatal error has been detected by the Java Runtime Environment:
#
#  EXCEPTION_ACCESS_VIOLATION (0xc0000005) at pc=0x00007fff4b3bbe7b, pid=11484, tid=0x0000000000000a4c
#
# JRE version: Java(TM) SE Runtime Environment (8.0_111-b14) (build 1.8.0_111-b14)
# Java VM: Java HotSpot(TM) 64-Bit Server VM (25.111-b14 mixed mode windows-amd64 compressed oops)
# Problematic frame:
# C  [ntdll.dll+0x4be7b]
#
# Failed to write core dump. Minidumps are not enabled by default on client versions of Windows
#
# If you would like to submit a bug report, please visit:
#   http://bugreport.java.com/bugreport/crash.jsp
# The crash happened outside the Java Virtual Machine in native code.
# See problematic frame for where to report the bug.
#

---------------  T H R E A D  ---------------

Current thread (0x000000002396a000):  JavaThread "Thread-7" [_thread_in_native, id=2636, stack(0x0000000038360000,0x0000000038460000)]

siginfo: ExceptionCode=0xc0000005, writing address 0x0000000000000024

Registers:
RAX=0x0000000000000000, RBX=0x0000000031b34948, RCX=0x0000000031b34948, RDX=0xffffffffffffffff
RSP=0x000000003845eae0, RBP=0x000000003845eb50, RSI=0x0000000000000000, RDI=0x0000000000000000
R8 =0x0000000000000000, R9 =0x0000000000000000, R10=0x0000000000000000, R11=0x0000000000000246
R12=0x0000000000000000, R13=0x000000003845eea0, R14=0x0000000000000000, R15=0x0000000000000000
RIP=0x00007fff4b3bbe7b, EFLAGS=0x0000000000010213

Top of Stack: (sp=0x000000003845eae0)
0x000000003845eae0:   ffffffffffffffff 0000000031b34948
0x000000003845eaf0:   000000003845ec00 00007fff18ab9c40
0x000000003845eb00:   000000003845ec00 0000000000000001
0x000000003845eb10:   0000000000000000 00000000011eb000
0x000000003845eb20:   0000000000000000 0000000000000000
0x000000003845eb30:   000000003845ecd0 00000000000003d8
0x000000003845eb40:   000000001b9a46e0 00007fff47923b7f
0x000000003845eb50:   0000000000000000 0000000000000001
0x000000003845eb60:   000000003845eea0 0000000000000000
0x000000003845eb70:   0000000000000000 0000000031be6900
0x000000003845eb80:   0000000000000001 00007fff4b390c49
0x000000003845eb90:   0000000000000000 0000000031b34948
0x000000003845eba0:   00000000fffffffa 0000000000000000
0x000000003845ebb0:   0000000031fb2ec0 00007fff4b390b60
0x000000003845ebc0:   0000000031be6a68 0000000000000000
0x000000003845ebd0:   0000000031be6900 0000000000000000 

Instructions: (pc=0x00007fff4b3bbe7b)
0x00007fff4b3bbe5b:   0f 45 f6 48 39 73 18 0f 84 bb 01 00 00 48 83 3b
0x00007fff4b3bbe6b:   ff 0f 84 be 01 00 00 48 8b 03 48 83 f8 ff 74 03
0x00007fff4b3bbe7b:   ff 40 24 48 8b 7b 18 44 8b ee 48 89 7d c0 e8 02
0x00007fff4b3bbe8b:   ae fd ff 85 c0 0f 85 1a 14 07 00 b9 82 03 fe 7f 


Register to memory mapping:

RAX=0x0000000000000000 is an unknown value
RBX=0x0000000031b34948 is an unknown value
RCX=0x0000000031b34948 is an unknown value
RDX=0xffffffffffffffff is an unknown value
RSP=0x000000003845eae0 is pointing into the stack for thread: 0x000000002396a000
RBP=0x000000003845eb50 is pointing into the stack for thread: 0x000000002396a000
RSI=0x0000000000000000 is an unknown value
RDI=0x0000000000000000 is an unknown value
R8 =0x0000000000000000 is an unknown value
R9 =0x0000000000000000 is an unknown value
R10=0x0000000000000000 is an unknown value
R11=0x0000000000000246 is an unknown value
R12=0x0000000000000000 is an unknown value
R13=0x000000003845eea0 is pointing into the stack for thread: 0x000000002396a000
R14=0x0000000000000000 is an unknown value
R15=0x0000000000000000 is an unknown value


Stack: [0x0000000038360000,0x0000000038460000],  sp=0x000000003845eae0,  free space=1018k
Native frames: (J=compiled Java code, j=interpreted, Vv=VM code, C=native code)
C  [ntdll.dll+0x4be7b]
C  [ntdll.dll+0x20c49]
C  [ntdll.dll+0x20b60]
C  0x00007fff19692665
C  0x00007fff19698093
C  0x00000000057bfa9f

Java frames: (J=compiled Java code, j=interpreted, Vv=VM code)
J 3873  org.bytedeco.javacpp.videoInputLib$videoInput.getPixels(ILorg/bytedeco/javacpp/BytePointer;ZZ)Z (0 bytes) @ 0x00000000057bfa19 [0x00000000057bf9c0+0x59]
J 3870 C1 org.bytedeco.javacv.VideoInputFrameGrabber.grab()Lorg/bytedeco/javacv/Frame; (200 bytes) @ 0x00000000057bdf64 [0x00000000057bd700+0x864]
j  application.ObjectTracker.run()V+39
j  java.lang.Thread.run()V+11
v  ~StubRoutines::call_stub

---------------  P R O C E S S  ---------------

Java Threads: ( => current thread )
=>0x000000002396a000 JavaThread "Thread-7" [_thread_in_native, id=2636, stack(0x0000000038360000,0x0000000038460000)]
  0x0000000023969000 JavaThread "Prism Font Disposer" daemon [_thread_blocked, id=7672, stack(0x00000000297e0000,0x00000000298e0000)]
  0x0000000023074000 JavaThread "AWT-Windows" daemon [_thread_in_native, id=4476, stack(0x0000000025f30000,0x0000000026030000)]
  0x0000000023071800 JavaThread "Java2D Disposer" daemon [_thread_blocked, id=12788, stack(0x00000000249f0000,0x0000000024af0000)]
  0x0000000023e5b000 JavaThread "JavaCPP Deallocator" daemon [_thread_blocked, id=3624, stack(0x00000000248f0000,0x00000000249f0000)]
  0x0000000022c08000 JavaThread "Thread-3" daemon [_thread_in_native, id=12000, stack(0x00000000233b0000,0x00000000234b0000)]
  0x0000000022c3c000 JavaThread "JavaFX-Launcher" [_thread_blocked, id=11048, stack(0x00000000234b0000,0x00000000235b0000)]
  0x000000001bcf8000 JavaThread "JavaFX Application Thread" [_thread_in_native, id=11900, stack(0x000000001c300000,0x000000001c400000)]
  0x000000001bd28000 JavaThread "Thread-1" daemon [_thread_blocked, id=12528, stack(0x000000001c200000,0x000000001c300000)]
  0x000000001bce7800 JavaThread "QuantumRenderer-0" daemon [_thread_blocked, id=2704, stack(0x000000001bf30000,0x000000001c030000)]
  0x000000001b960800 JavaThread "Service Thread" daemon [_thread_blocked, id=4200, stack(0x000000001bd30000,0x000000001be30000)]
  0x0000000019eff000 JavaThread "C1 CompilerThread2" daemon [_thread_blocked, id=11324, stack(0x000000001b830000,0x000000001b930000)]
  0x0000000019efc000 JavaThread "C2 CompilerThread1" daemon [_thread_blocked, id=464, stack(0x000000001b730000,0x000000001b830000)]
  0x0000000019efa000 JavaThread "C2 CompilerThread0" daemon [_thread_blocked, id=11340, stack(0x000000001b630000,0x000000001b730000)]
  0x0000000019ef6800 JavaThread "Attach Listener" daemon [_thread_blocked, id=7924, stack(0x000000001b530000,0x000000001b630000)]
  0x0000000019ef5800 JavaThread "Signal Dispatcher" daemon [_thread_blocked, id=7664, stack(0x000000001b430000,0x000000001b530000)]
  0x0000000019ede800 JavaThread "Finalizer" daemon [_thread_blocked, id=11280, stack(0x000000001b140000,0x000000001b240000)]
  0x00000000053f7000 JavaThread "Reference Handler" daemon [_thread_blocked, id=12392, stack(0x000000001b040000,0x000000001b140000)]
  0x0000000005307000 JavaThread "main" [_thread_blocked, id=10640, stack(0x0000000005200000,0x0000000005300000)]

Other Threads:
  0x0000000019eb7000 VMThread [stack: 0x000000001af40000,0x000000001b040000] [id=11724]
  0x000000001b9c1000 WatcherThread [stack: 0x000000001be30000,0x000000001bf30000] [id=104]

VM state:not at safepoint (normal execution)

VM Mutex/Monitor currently owned by a thread: None

Heap:
 PSYoungGen      total 122880K, used 25930K [0x00000000d6000000, 0x00000000df400000, 0x0000000100000000)
  eden space 111616K, 13% used [0x00000000d6000000,0x00000000d6e54fd8,0x00000000dcd00000)
  from space 11264K, 99% used [0x00000000dcd00000,0x00000000dd7fd9b8,0x00000000dd800000)
  to   space 13824K, 0% used [0x00000000de680000,0x00000000de680000,0x00000000df400000)
 ParOldGen       total 94720K, used 33213K [0x0000000082000000, 0x0000000087c80000, 0x00000000d6000000)
  object space 94720K, 35% used [0x0000000082000000,0x000000008406f4c8,0x0000000087c80000)
 Metaspace       used 30964K, capacity 32038K, committed 32256K, reserved 1077248K
  class space    used 4081K, capacity 4330K, committed 4352K, reserved 1048576K

Card table byte_map: [0x00000000147c0000,0x0000000014bc0000] byte_map_base: 0x00000000143b0000

Marking Bits: (ParMarkBitMap*) 0x000000005091a6c0
 Begin Bits: [0x0000000015260000, 0x00000000171e0000)
 End Bits:   [0x00000000171e0000, 0x0000000019160000)

Polling page: 0x0000000000ff0000

CodeCache: size=245760Kb used=11547Kb max_used=12314Kb free=234212Kb
 bounds [0x0000000005400000, 0x0000000006020000, 0x0000000014400000]
 total_blobs=4512 nmethods=3541 adapters=883
 compilation: enabled

Compilation events (10 events):
Event: 24.338 Thread 0x0000000019eff000 4000       3       javafx.beans.property.ReadOnlyDoublePropertyBase::<init> (5 bytes)
Event: 24.338 Thread 0x0000000019eff000 nmethod 4000 0x0000000005afdc50 code [0x0000000005afddc0, 0x0000000005afe090]
Event: 24.338 Thread 0x0000000019eff000 4001       3       javafx.beans.property.ReadOnlyBooleanWrapper::fireValueChangedEvent (19 bytes)
Event: 24.338 Thread 0x0000000019eff000 nmethod 4001 0x000000000572c710 code [0x000000000572c8c0, 0x000000000572ce58]
Event: 24.343 Thread 0x0000000019eff000 4002       3       com.sun.javafx.css.SizeUnits::round (38 bytes)
Event: 24.344 Thread 0x0000000019eff000 nmethod 4002 0x0000000005db9d10 code [0x0000000005db9ea0, 0x0000000005dba0f0]
Event: 24.344 Thread 0x0000000019eff000 4003       3       com.sun.javafx.css.converters.EnumConverter::convert (7 bytes)
Event: 24.344 Thread 0x0000000019eff000 nmethod 4003 0x0000000005a7f390 code [0x0000000005a7f500, 0x0000000005a7f708]
Event: 24.346 Thread 0x0000000019eff000 4004       3       com.sun.prism.impl.BaseGraphics::setHasPreCullingBits (6 bytes)
Event: 24.346 Thread 0x0000000019eff000 nmethod 4004 0x00000000059a7c10 code [0x00000000059a7d60, 0x00000000059a7eb0]

GC Heap History (10 events):
Event: 4.689 GC heap before
{Heap before GC invocations=8 (full 1):
 PSYoungGen      total 91136K, used 86863K [0x00000000d6000000, 0x00000000dc300000, 0x0000000100000000)
  eden space 81920K, 100% used [0x00000000d6000000,0x00000000db000000,0x00000000db000000)
  from space 9216K, 53% used [0x00000000dba00000,0x00000000dbed3e20,0x00000000dc300000)
  to   space 9728K, 0% used [0x00000000db000000,0x00000000db000000,0x00000000db980000)
 ParOldGen       total 94720K, used 30751K [0x0000000082000000, 0x0000000087c80000, 0x00000000d6000000)
  object space 94720K, 32% used [0x0000000082000000,0x0000000083e07e60,0x0000000087c80000)
 Metaspace       used 24161K, capacity 25236K, committed 25472K, reserved 1071104K
  class space    used 3359K, capacity 3607K, committed 3712K, reserved 1048576K
Event: 4.692 GC heap after
Heap after GC invocations=8 (full 1):
 PSYoungGen      total 91648K, used 4640K [0x00000000d6000000, 0x00000000dd480000, 0x0000000100000000)
  eden space 81920K, 0% used [0x00000000d6000000,0x00000000d6000000,0x00000000db000000)
  from space 9728K, 47% used [0x00000000db000000,0x00000000db488020,0x00000000db980000)
  to   space 9216K, 0% used [0x00000000dcb80000,0x00000000dcb80000,0x00000000dd480000)
 ParOldGen       total 94720K, used 30759K [0x0000000082000000, 0x0000000087c80000, 0x00000000d6000000)
  object space 94720K, 32% used [0x0000000082000000,0x0000000083e09e60,0x0000000087c80000)
 Metaspace       used 24161K, capacity 25236K, committed 25472K, reserved 1071104K
  class space    used 3359K, capacity 3607K, committed 3712K, reserved 1048576K
}
Event: 6.114 GC heap before
{Heap before GC invocations=9 (full 1):
 PSYoungGen      total 91648K, used 86560K [0x00000000d6000000, 0x00000000dd480000, 0x0000000100000000)
  eden space 81920K, 100% used [0x00000000d6000000,0x00000000db000000,0x00000000db000000)
  from space 9728K, 47% used [0x00000000db000000,0x00000000db488020,0x00000000db980000)
  to   space 9216K, 0% used [0x00000000dcb80000,0x00000000dcb80000,0x00000000dd480000)
 ParOldGen       total 94720K, used 30759K [0x0000000082000000, 0x0000000087c80000, 0x00000000d6000000)
  object space 94720K, 32% used [0x0000000082000000,0x0000000083e09e60,0x0000000087c80000)
 Metaspace       used 27170K, capacity 28212K, committed 28544K, reserved 1073152K
  class space    used 3649K, capacity 3911K, committed 3968K, reserved 1048576K
Event: 6.120 GC heap after
Heap after GC invocations=9 (full 1):
 PSYoungGen      total 105984K, used 6703K [0x00000000d6000000, 0x00000000dd280000, 0x0000000100000000)
  eden space 98816K, 0% used [0x00000000d6000000,0x00000000d6000000,0x00000000dc080000)
  from space 7168K, 93% used [0x00000000dcb80000,0x00000000dd20bc50,0x00000000dd280000)
  to   space 9216K, 0% used [0x00000000dc080000,0x00000000dc080000,0x00000000dc980000)
 ParOldGen       total 94720K, used 30767K [0x0000000082000000, 0x0000000087c80000, 0x00000000d6000000)
  object space 94720K, 32% used [0x0000000082000000,0x0000000083e0be60,0x0000000087c80000)
 Metaspace       used 27170K, capacity 28212K, committed 28544K, reserved 1073152K
  class space    used 3649K, capacity 3911K, committed 3968K, reserved 1048576K
}
Event: 6.597 GC heap before
{Heap before GC invocations=10 (full 1):
 PSYoungGen      total 105984K, used 105519K [0x00000000d6000000, 0x00000000dd280000, 0x0000000100000000)
  eden space 98816K, 100% used [0x00000000d6000000,0x00000000dc080000,0x00000000dc080000)
  from space 7168K, 93% used [0x00000000dcb80000,0x00000000dd20bc50,0x00000000dd280000)
  to   space 9216K, 0% used [0x00000000dc080000,0x00000000dc080000,0x00000000dc980000)
 ParOldGen       total 94720K, used 30767K [0x0000000082000000, 0x0000000087c80000, 0x00000000d6000000)
  object space 94720K, 32% used [0x0000000082000000,0x0000000083e0be60,0x0000000087c80000)
 Metaspace       used 27562K, capacity 28692K, committed 28800K, reserved 1075200K
  class space    used 3688K, capacity 3943K, committed 3968K, reserved 1048576K
Event: 6.604 GC heap after
Heap after GC invocations=10 (full 1):
 PSYoungGen      total 108032K, used 9020K [0x00000000d6000000, 0x00000000de280000, 0x0000000100000000)
  eden space 98816K, 0% used [0x00000000d6000000,0x00000000d6000000,0x00000000dc080000)
  from space 9216K, 97% used [0x00000000dc080000,0x00000000dc94f2c0,0x00000000dc980000)
  to   space 10240K, 0% used [0x00000000dd880000,0x00000000dd880000,0x00000000de280000)
 ParOldGen       total 94720K, used 30767K [0x0000000082000000, 0x0000000087c80000, 0x00000000d6000000)
  object space 94720K, 32% used [0x0000000082000000,0x0000000083e0be60,0x0000000087c80000)
 Metaspace       used 27562K, capacity 28692K, committed 28800K, reserved 1075200K
  class space    used 3688K, capacity 3943K, committed 3968K, reserved 1048576K
}
Event: 7.877 GC heap before
{Heap before GC invocations=11 (full 1):
 PSYoungGen      total 108032K, used 107600K [0x00000000d6000000, 0x00000000de280000, 0x0000000100000000)
  eden space 98816K, 99% used [0x00000000d6000000,0x00000000dc044e80,0x00000000dc080000)
  from space 9216K, 97% used [0x00000000dc080000,0x00000000dc94f2c0,0x00000000dc980000)
  to   space 10240K, 0% used [0x00000000dd880000,0x00000000dd880000,0x00000000de280000)
 ParOldGen       total 94720K, used 30767K [0x0000000082000000, 0x0000000087c80000, 0x00000000d6000000)
  object space 94720K, 32% used [0x0000000082000000,0x0000000083e0be60,0x0000000087c80000)
 Metaspace       used 27940K, capacity 29014K, committed 29312K, reserved 1075200K
  class space    used 3704K, capacity 3944K, committed 3968K, reserved 1048576K
Event: 7.882 GC heap after
Heap after GC invocations=11 (full 1):
 PSYoungGen      total 121856K, used 9452K [0x00000000d6000000, 0x00000000de300000, 0x0000000100000000)
  eden space 111616K, 0% used [0x00000000d6000000,0x00000000d6000000,0x00000000dcd00000)
  from space 10240K, 92% used [0x00000000dd880000,0x00000000de1bb2e0,0x00000000de280000)
  to   space 11264K, 0% used [0x00000000dcd00000,0x00000000dcd00000,0x00000000dd800000)
 ParOldGen       total 94720K, used 30775K [0x0000000082000000, 0x0000000087c80000, 0x00000000d6000000)
  object space 94720K, 32% used [0x0000000082000000,0x0000000083e0de60,0x0000000087c80000)
 Metaspace       used 27940K, capacity 29014K, committed 29312K, reserved 1075200K
  class space    used 3704K, capacity 3944K, committed 3968K, reserved 1048576K
}
Event: 10.088 GC heap before
{Heap before GC invocations=12 (full 1):
 PSYoungGen      total 121856K, used 121068K [0x00000000d6000000, 0x00000000de300000, 0x0000000100000000)
  eden space 111616K, 100% used [0x00000000d6000000,0x00000000dcd00000,0x00000000dcd00000)
  from space 10240K, 92% used [0x00000000dd880000,0x00000000de1bb2e0,0x00000000de280000)
  to   space 11264K, 0% used [0x00000000dcd00000,0x00000000dcd00000,0x00000000dd800000)
 ParOldGen       total 94720K, used 30775K [0x0000000082000000, 0x0000000087c80000, 0x00000000d6000000)
  object space 94720K, 32% used [0x0000000082000000,0x0000000083e0de60,0x0000000087c80000)
 Metaspace       used 30350K, capacity 31394K, committed 31744K, reserved 1077248K
  class space    used 4037K, capacity 4266K, committed 4352K, reserved 1048576K
Event: 10.094 GC heap after
Heap after GC invocations=12 (full 1):
 PSYoungGen      total 122880K, used 11254K [0x00000000d6000000, 0x00000000df400000, 0x0000000100000000)
  eden space 111616K, 0% used [0x00000000d6000000,0x00000000d6000000,0x00000000dcd00000)
  from space 11264K, 99% used [0x00000000dcd00000,0x00000000dd7fd9b8,0x00000000dd800000)
  to   space 13824K, 0% used [0x00000000de680000,0x00000000de680000,0x00000000df400000)
 ParOldGen       total 94720K, used 33213K [0x0000000082000000, 0x0000000087c80000, 0x00000000d6000000)
  object space 94720K, 35% used [0x0000000082000000,0x000000008406f4c8,0x0000000087c80000)
 Metaspace       used 30350K, capacity 31394K, committed 31744K, reserved 1077248K
  class space    used 4037K, capacity 4266K, committed 4352K, reserved 1048576K
}

Deoptimization events (10 events):
Event: 10.007 Thread 0x000000002396a000 Uncommon trap: reason=predicate action=maybe_recompile pc=0x0000000005e23538 method=org.bytedeco.javacv.Java2DFrameConverter.flipCopyWithGamma(Ljava/nio/ByteBuffer;ILjava/nio/ByteBuffer;IZDZI)V @ 491
Event: 10.703 Thread 0x000000002396a000 Uncommon trap: reason=unstable_if action=reinterpret pc=0x0000000005b5f174 method=java.lang.ref.SoftReference.get()Ljava/lang/Object; @ 6
Event: 13.099 Thread 0x000000001bce7800 Uncommon trap: reason=null_check action=make_not_entrant pc=0x0000000005f50218 method=com.sun.prism.impl.BaseResourcePool$WeakLinkedList.getResource()Lcom/sun/prism/impl/ManagedResource; @ 7
Event: 13.099 Thread 0x000000001bce7800 Uncommon trap: reason=unstable_if action=reinterpret pc=0x0000000005f8bf3c method=com.sun.prism.impl.ManagedResource._isgone(Lcom/sun/prism/impl/ManagedResource;)Z @ 1
Event: 20.342 Thread 0x000000001bce7800 Uncommon trap: reason=class_check action=maybe_recompile pc=0x000000000574e458 method=com.sun.prism.d3d.D3DContext.updateShaderTransform(Lcom/sun/prism/ps/Shader;Lcom/sun/javafx/geom/transform/BaseTransform;)V @ 5
Event: 20.342 Thread 0x000000001bce7800 Uncommon trap: reason=class_check action=maybe_recompile pc=0x000000000574e6b0 method=com.sun.prism.impl.ps.BaseShaderContext.checkState(Lcom/sun/prism/impl/ps/BaseShaderGraphics;ILcom/sun/javafx/geom/transform/BaseTransform;Lcom/sun/prism/ps/Shader;)V @ 
Event: 20.343 Thread 0x000000001bce7800 Uncommon trap: reason=class_check action=maybe_recompile pc=0x000000000574e458 method=com.sun.prism.d3d.D3DContext.updateShaderTransform(Lcom/sun/prism/ps/Shader;Lcom/sun/javafx/geom/transform/BaseTransform;)V @ 5
Event: 20.343 Thread 0x000000001bce7800 Uncommon trap: reason=class_check action=maybe_recompile pc=0x000000000574e458 method=com.sun.prism.d3d.D3DContext.updateShaderTransform(Lcom/sun/prism/ps/Shader;Lcom/sun/javafx/geom/transform/BaseTransform;)V @ 5
Event: 20.343 Thread 0x000000001bce7800 Uncommon trap: reason=class_check action=maybe_recompile pc=0x000000000574e6b0 method=com.sun.prism.impl.ps.BaseShaderContext.checkState(Lcom/sun/prism/impl/ps/BaseShaderGraphics;ILcom/sun/javafx/geom/transform/BaseTransform;Lcom/sun/prism/ps/Shader;)V @ 
Event: 20.343 Thread 0x000000001bce7800 Uncommon trap: reason=class_check action=maybe_recompile pc=0x000000000574e458 method=com.sun.prism.d3d.D3DContext.updateShaderTransform(Lcom/sun/prism/ps/Shader;Lcom/sun/javafx/geom/transform/BaseTransform;)V @ 5

Internal exceptions (10 events):
Event: 9.434 Thread 0x000000002396a000 Exception <a 'sun/nio/fs/WindowsException'> (0x00000000dc0cd8e0) thrown at [C:\re\workspace\8-2-build-windows-amd64-cygwin\jdk8u111\7883\hotspot\src\share\vm\prims\jni.cpp, line 709]
Event: 9.434 Thread 0x000000002396a000 Exception <a 'sun/nio/fs/WindowsException'> (0x00000000dc0cebf8) thrown at [C:\re\workspace\8-2-build-windows-amd64-cygwin\jdk8u111\7883\hotspot\src\share\vm\prims\jni.cpp, line 709]
Event: 9.434 Thread 0x000000002396a000 Exception <a 'sun/nio/fs/WindowsException'> (0x00000000dc0cfee8) thrown at [C:\re\workspace\8-2-build-windows-amd64-cygwin\jdk8u111\7883\hotspot\src\share\vm\prims\jni.cpp, line 709]
Event: 9.435 Thread 0x000000002396a000 Exception <a 'sun/nio/fs/WindowsException'> (0x00000000dc0d11b0) thrown at [C:\re\workspace\8-2-build-windows-amd64-cygwin\jdk8u111\7883\hotspot\src\share\vm\prims\jni.cpp, line 709]
Event: 9.435 Thread 0x000000002396a000 Exception <a 'sun/nio/fs/WindowsException'> (0x00000000dc0d24a0) thrown at [C:\re\workspace\8-2-build-windows-amd64-cygwin\jdk8u111\7883\hotspot\src\share\vm\prims\jni.cpp, line 709]
Event: 9.541 Thread 0x000000002396a000 Exception <a 'java/lang/UnsatisfiedLinkError': cl.eye.CLCamera.CLEyeGetCameraCount()I> (0x00000000dc0fc2e8) thrown at [C:\re\workspace\8-2-build-windows-amd64-cygwin\jdk8u111\7883\hotspot\src\share\vm\prims\nativeLookup.cpp, line 378]
Event: 9.541 Thread 0x000000002396a000 Exception <a 'java/lang/reflect/InvocationTargetException'> (0x00000000dc0fc4f0) thrown at [C:\re\workspace\8-2-build-windows-amd64-cygwin\jdk8u111\7883\hotspot\src\share\vm\runtime\reflection.cpp, line 1092]
Event: 10.713 Thread 0x000000002396a000 Exception <a 'sun/java2d/InvalidPipeException': bounds changed> (0x00000000d6b0d140) thrown at [C:\re\workspace\8-2-build-windows-amd64-cygwin\jdk8u111\7883\hotspot\src\share\vm\prims\jni.cpp, line 735]
Event: 13.099 Thread 0x000000001bce7800 Implicit null exception at 0x0000000005f501d4 to 0x0000000005f5020d
Event: 13.099 Thread 0x000000001bce7800 Implicit null exception at 0x0000000005f8beac to 0x0000000005f8bf2d

Events (10 events):
Event: 20.343 Thread 0x000000001bce7800 DEOPT UNPACKING pc=0x000000000544582a sp=0x000000001c02c108 mode 2
Event: 20.343 Thread 0x000000001bce7800 Uncommon trap: trap_request=0xffffffde fr.pc=0x000000000574e458
Event: 20.343 Thread 0x000000001bce7800 DEOPT PACKING pc=0x000000000574e458 sp=0x000000001c02bf90
Event: 20.343 Thread 0x000000001bce7800 DEOPT UNPACKING pc=0x000000000544582a sp=0x000000001c02bf18 mode 2
Event: 20.343 Thread 0x000000001bce7800 Uncommon trap: trap_request=0xffffffde fr.pc=0x000000000574e6b0
Event: 20.343 Thread 0x000000001bce7800 DEOPT PACKING pc=0x000000000574e6b0 sp=0x000000001c02c730
Event: 20.343 Thread 0x000000001bce7800 DEOPT UNPACKING pc=0x000000000544582a sp=0x000000001c02c720 mode 2
Event: 20.343 Thread 0x000000001bce7800 Uncommon trap: trap_request=0xffffffde fr.pc=0x000000000574e458
Event: 20.343 Thread 0x000000001bce7800 DEOPT PACKING pc=0x000000000574e458 sp=0x000000001c02c180
Event: 20.343 Thread 0x000000001bce7800 DEOPT UNPACKING pc=0x000000000544582a sp=0x000000001c02c108 mode 2


Dynamic libraries:
0x00007ff738fe0000 - 0x00007ff739017000 	C:\Program Files\Java\jdk1.8.0_111\bin\javaw.exe
0x00007fff4b370000 - 0x00007fff4b550000 	C:\WINDOWS\SYSTEM32\ntdll.dll
0x00007fff492b0000 - 0x00007fff4935e000 	C:\WINDOWS\System32\KERNEL32.DLL
0x00007fff47910000 - 0x00007fff47b76000 	C:\WINDOWS\System32\KERNELBASE.dll
0x00007fff48ba0000 - 0x00007fff48c41000 	C:\WINDOWS\System32\ADVAPI32.dll
0x00007fff496c0000 - 0x00007fff4975d000 	C:\WINDOWS\System32\msvcrt.dll
0x00007fff48b40000 - 0x00007fff48b9b000 	C:\WINDOWS\System32\sechost.dll
0x00007fff49190000 - 0x00007fff492af000 	C:\WINDOWS\System32\RPCRT4.dll
0x00007fff489b0000 - 0x00007fff48b3f000 	C:\WINDOWS\System32\USER32.dll
0x00007fff47770000 - 0x00007fff47790000 	C:\WINDOWS\System32\win32u.dll
0x00007fff48d00000 - 0x00007fff48d28000 	C:\WINDOWS\System32\GDI32.dll
0x00007fff48320000 - 0x00007fff484b3000 	C:\WINDOWS\System32\gdi32full.dll
0x00007fff47870000 - 0x00007fff4790b000 	C:\WINDOWS\System32\msvcp_win.dll
0x00007fff48690000 - 0x00007fff48786000 	C:\WINDOWS\System32\ucrtbase.dll
0x00007fff35fb0000 - 0x00007fff36219000 	C:\WINDOWS\WinSxS\amd64_microsoft.windows.common-controls_6595b64144ccf1df_6.0.16299.309_none_15cfd4c4935e6b11\COMCTL32.dll
0x00007fff48d30000 - 0x00007fff49038000 	C:\WINDOWS\System32\combase.dll
0x00007fff477f0000 - 0x00007fff47862000 	C:\WINDOWS\System32\bcryptPrimitives.dll
0x00007fff493f0000 - 0x00007fff4941d000 	C:\WINDOWS\System32\IMM32.DLL
0x00000000509a0000 - 0x0000000050a72000 	C:\Program Files\Java\jdk1.8.0_111\jre\bin\msvcr100.dll
0x0000000050100000 - 0x000000005099a000 	C:\Program Files\Java\jdk1.8.0_111\jre\bin\server\jvm.dll
0x00007fff4b330000 - 0x00007fff4b338000 	C:\WINDOWS\System32\PSAPI.DLL
0x00007fff457c0000 - 0x00007fff457e3000 	C:\WINDOWS\SYSTEM32\WINMM.dll
0x00007fff40c30000 - 0x00007fff40c3a000 	C:\WINDOWS\SYSTEM32\VERSION.dll
0x00007fff45790000 - 0x00007fff457ba000 	C:\WINDOWS\SYSTEM32\winmmbase.dll
0x00007fff482d0000 - 0x00007fff4831a000 	C:\WINDOWS\System32\cfgmgr32.dll
0x00007fff35170000 - 0x00007fff35179000 	C:\WINDOWS\SYSTEM32\WSOCK32.dll
0x00007fff49380000 - 0x00007fff493ec000 	C:\WINDOWS\System32\WS2_32.dll
0x00000000500f0000 - 0x00000000500ff000 	C:\Program Files\Java\jdk1.8.0_111\jre\bin\verify.dll
0x00000000500c0000 - 0x00000000500e9000 	C:\Program Files\Java\jdk1.8.0_111\jre\bin\java.dll
0x00000000500a0000 - 0x00000000500b6000 	C:\Program Files\Java\jdk1.8.0_111\jre\bin\zip.dll
0x00007fff49bb0000 - 0x00007fff4afe6000 	C:\WINDOWS\System32\SHELL32.dll
0x00007fff48c50000 - 0x00007fff48cf6000 	C:\WINDOWS\System32\shcore.dll
0x00007fff47b80000 - 0x00007fff482c7000 	C:\WINDOWS\System32\windows.storage.dll
0x00007fff49120000 - 0x00007fff49171000 	C:\WINDOWS\System32\shlwapi.dll
0x00007fff47700000 - 0x00007fff47711000 	C:\WINDOWS\System32\kernel.appcore.dll
0x00007fff47720000 - 0x00007fff4776c000 	C:\WINDOWS\System32\powrprof.dll
0x00007fff476c0000 - 0x00007fff476db000 	C:\WINDOWS\System32\profapi.dll
0x00007fff21310000 - 0x00007fff213ff000 	C:\Program Files\Java\jdk1.8.0_111\jre\bin\msvcr120.dll
0x00007fff2ec80000 - 0x00007fff2ed26000 	C:\Program Files\Java\jdk1.8.0_111\jre\bin\msvcp120.dll
0x0000000077fd0000 - 0x0000000077ff2000 	C:\Program Files\Java\jdk1.8.0_111\jre\bin\prism_d3d.dll
0x00007fff14290000 - 0x00007fff14425000 	C:\WINDOWS\system32\d3d9.dll
0x00007fff45c60000 - 0x00007fff45c8a000 	C:\WINDOWS\SYSTEM32\dwmapi.dll
0x00007fff459a0000 - 0x00007fff45a35000 	C:\WINDOWS\system32\uxtheme.dll
0x00007ffef0460000 - 0x00007ffef4085000 	C:\WINDOWS\System32\DriverStore\FileRepository\igdlh64.inf_amd64_82548830eadb8221\igdumdim64.dll
0x00007fff49040000 - 0x00007fff49105000 	C:\WINDOWS\System32\OLEAUT32.dll
0x00007fff4aff0000 - 0x00007fff4b139000 	C:\WINDOWS\System32\ole32.dll
0x00007fff49760000 - 0x00007fff49bae000 	C:\WINDOWS\System32\SETUPAPI.dll
0x0000000077f80000 - 0x0000000077fc3000 	C:\Program Files\Java\jdk1.8.0_111\jre\bin\glass.dll
0x00007fff4b1a0000 - 0x00007fff4b2aa000 	C:\WINDOWS\System32\COMDLG32.dll
0x00007fff48840000 - 0x00007fff489a7000 	C:\WINDOWS\System32\MSCTF.dll
0x00007fff3e690000 - 0x00007fff3fc8e000 	C:\WINDOWS\System32\DriverStore\FileRepository\igdlh64.inf_amd64_82548830eadb8221\igc64.dll
0x00007fff2fb60000 - 0x00007fff2fbb1000 	C:\Users\Nicklas\.javacpp\cache\opencv-3.4.0-1.4-windows-x86_64.jar\org\bytedeco\javacpp\windows-x86_64\concrt140.dll
0x00007fff28f10000 - 0x00007fff28fae000 	C:\Program Files\TortoiseSVN\bin\MSVCP140.dll
0x00007fff28ef0000 - 0x00007fff28f07000 	C:\Program Files\TortoiseSVN\bin\VCRUNTIME140.dll
0x00007fff47130000 - 0x00007fff4713b000 	C:\WINDOWS\SYSTEM32\CRYPTBASE.DLL
0x00007fff2acd0000 - 0x00007fff2ad6d000 	C:\Users\Nicklas\.javacpp\cache\opencv-3.4.0-1.4-windows-x86_64.jar\org\bytedeco\javacpp\windows-x86_64\msvcp140.dll
0x00007fff461d0000 - 0x00007fff461e7000 	C:\Users\Nicklas\.javacpp\cache\opencv-3.4.0-1.4-windows-x86_64.jar\org\bytedeco\javacpp\windows-x86_64\vcruntime140.dll
0x0000000005160000 - 0x0000000005163000 	C:\Users\Nicklas\.javacpp\cache\opencv-3.4.0-1.4-windows-x86_64.jar\org\bytedeco\javacpp\windows-x86_64\api-ms-win-crt-locale-l1-1-0.dll
0x0000000005170000 - 0x0000000005174000 	C:\Users\Nicklas\.javacpp\cache\opencv-3.4.0-1.4-windows-x86_64.jar\org\bytedeco\javacpp\windows-x86_64\api-ms-win-crt-string-l1-1-0.dll
0x0000000005180000 - 0x0000000005184000 	C:\Users\Nicklas\.javacpp\cache\opencv-3.4.0-1.4-windows-x86_64.jar\org\bytedeco\javacpp\windows-x86_64\api-ms-win-crt-stdio-l1-1-0.dll
0x00000000051a0000 - 0x00000000051a5000 	C:\Users\Nicklas\.javacpp\cache\opencv-3.4.0-1.4-windows-x86_64.jar\org\bytedeco\javacpp\windows-x86_64\api-ms-win-crt-math-l1-1-0.dll
0x00000000051b0000 - 0x00000000051b3000 	C:\Users\Nicklas\.javacpp\cache\opencv-3.4.0-1.4-windows-x86_64.jar\org\bytedeco\javacpp\windows-x86_64\api-ms-win-crt-heap-l1-1-0.dll
0x00000000051c0000 - 0x00000000051c4000 	C:\Users\Nicklas\.javacpp\cache\opencv-3.4.0-1.4-windows-x86_64.jar\org\bytedeco\javacpp\windows-x86_64\api-ms-win-crt-runtime-l1-1-0.dll
0x00000000051d0000 - 0x00000000051d4000 	C:\Users\Nicklas\.javacpp\cache\opencv-3.4.0-1.4-windows-x86_64.jar\org\bytedeco\javacpp\windows-x86_64\api-ms-win-crt-convert-l1-1-0.dll
0x00000000051e0000 - 0x00000000051e3000 	C:\Users\Nicklas\.javacpp\cache\opencv-3.4.0-1.4-windows-x86_64.jar\org\bytedeco\javacpp\windows-x86_64\api-ms-win-crt-environment-l1-1-0.dll
0x0000000022790000 - 0x0000000022793000 	C:\Users\Nicklas\.javacpp\cache\opencv-3.4.0-1.4-windows-x86_64.jar\org\bytedeco\javacpp\windows-x86_64\api-ms-win-crt-time-l1-1-0.dll
0x0000000024780000 - 0x0000000024783000 	C:\Users\Nicklas\.javacpp\cache\opencv-3.4.0-1.4-windows-x86_64.jar\org\bytedeco\javacpp\windows-x86_64\api-ms-win-crt-filesystem-l1-1-0.dll
0x0000000024790000 - 0x0000000024793000 	C:\Users\Nicklas\.javacpp\cache\opencv-3.4.0-1.4-windows-x86_64.jar\org\bytedeco\javacpp\windows-x86_64\api-ms-win-crt-utility-l1-1-0.dll
0x00000000247a0000 - 0x00000000247a5000 	C:\Users\Nicklas\.javacpp\cache\opencv-3.4.0-1.4-windows-x86_64.jar\org\bytedeco\javacpp\windows-x86_64\api-ms-win-crt-multibyte-l1-1-0.dll
0x00007fff19770000 - 0x00007fff19a76000 	C:\Users\Nicklas\.javacpp\cache\opencv-3.4.0-1.4-windows-x86_64.jar\org\bytedeco\javacpp\windows-x86_64\opencv_core340.dll
0x00007fff18970000 - 0x00007fff18d7c000 	C:\Users\Nicklas\.javacpp\cache\opencv-3.4.0-1.4-windows-x86_64.jar\org\bytedeco\javacpp\windows-x86_64\opencv_imgproc340.dll
0x00007fff185f0000 - 0x00007fff1896b000 	C:\Users\Nicklas\.javacpp\cache\opencv-3.4.0-1.4-windows-x86_64.jar\org\bytedeco\javacpp\windows-x86_64\jniopencv_core.dll
0x0000000050080000 - 0x000000005009a000 	C:\Program Files\Java\jdk1.8.0_111\jre\bin\net.dll
0x00007fff46f50000 - 0x00007fff46fb6000 	C:\WINDOWS\system32\mswsock.dll
0x0000000050060000 - 0x0000000050071000 	C:\Program Files\Java\jdk1.8.0_111\jre\bin\nio.dll
0x0000000077de0000 - 0x0000000077f78000 	C:\Program Files\Java\jdk1.8.0_111\jre\bin\awt.dll
0x00007fff456d0000 - 0x00007fff45758000 	C:\WINDOWS\SYSTEM32\apphelp.dll
0x0000000050000000 - 0x0000000050014000 	C:\Program Files\Java\jdk1.8.0_111\jre\bin\javafx_font.dll
0x00007fff2ceb0000 - 0x00007fff2d1bf000 	C:\WINDOWS\SYSTEM32\dwrite.dll
0x00007fff49420000 - 0x00007fff494be000 	C:\WINDOWS\System32\clbcatq.dll
0x00007fff420d0000 - 0x00007fff4227b000 	C:\WINDOWS\SYSTEM32\WindowsCodecs.dll
0x00007fff2bdc0000 - 0x00007fff2be0f000 	C:\WINDOWS\system32\dataexchange.dll
0x00007fff44f40000 - 0x00007fff45082000 	C:\WINDOWS\system32\dcomp.dll
0x00007fff43ee0000 - 0x00007fff441c2000 	C:\WINDOWS\system32\d3d11.dll
0x00007fff46520000 - 0x00007fff465cf000 	C:\WINDOWS\system32\dxgi.dll
0x00007fff45d20000 - 0x00007fff45e9b000 	C:\WINDOWS\system32\twinapi.appcore.dll
0x00007fff45c90000 - 0x00007fff45cb0000 	C:\WINDOWS\system32\RMCLIENT.dll
0x00007fff47220000 - 0x00007fff47245000 	C:\WINDOWS\system32\bcrypt.dll
0x00007fff40a00000 - 0x00007fff40a34000 	C:\Program Files\Common Files\Microsoft Shared\Ink\rtscom.dll
0x00007fff2f000000 - 0x00007fff2f098000 	C:\WINDOWS\System32\TextInputFramework.dll
0x00007fff41cb0000 - 0x00007fff41f9e000 	C:\WINDOWS\System32\CoreUIComponents.dll
0x00007fff446d0000 - 0x00007fff447ac000 	C:\WINDOWS\System32\CoreMessaging.dll
0x00007fff467f0000 - 0x00007fff46821000 	C:\WINDOWS\SYSTEM32\ntmarta.dll
0x00007fff43ac0000 - 0x00007fff43bf6000 	C:\WINDOWS\SYSTEM32\wintypes.dll
0x0000000077dc0000 - 0x0000000077dd1000 	C:\Program Files\Java\jdk1.8.0_111\jre\bin\prism_common.dll
0x00007fff447b0000 - 0x00007fff44d68000 	C:\WINDOWS\SYSTEM32\d2d1.dll
0x00007fff484c0000 - 0x00007fff4868e000 	C:\WINDOWS\System32\CRYPT32.dll
0x00007fff476e0000 - 0x00007fff476f2000 	C:\WINDOWS\System32\MSASN1.dll
0x00007fff178c0000 - 0x00007fff1802c000 	C:\WINDOWS\SYSTEM32\D3D10Warp.dll
0x00007fff475c0000 - 0x00007fff475e9000 	C:\WINDOWS\SYSTEM32\USERENV.dll
0x00007fff18490000 - 0x00007fff185e5000 	C:\Users\Nicklas\.javacpp\cache\opencv-3.4.0-1.4-windows-x86_64.jar\org\bytedeco\javacpp\windows-x86_64\jniopencv_imgproc.dll
0x00007fff17150000 - 0x00007fff1741c000 	C:\Users\Nicklas\.javacpp\cache\opencv-3.4.0-1.4-windows-x86_64.jar\org\bytedeco\javacpp\windows-x86_64\opencv_imgcodecs340.dll
0x00007fff36ce0000 - 0x00007fff36d14000 	C:\Users\Nicklas\.javacpp\cache\opencv-3.4.0-1.4-windows-x86_64.jar\org\bytedeco\javacpp\windows-x86_64\jniopencv_imgcodecs.dll
0x00007fff07f90000 - 0x00007fff08384000 	C:\Users\Nicklas\.javacpp\cache\opencv-3.4.0-1.4-windows-x86_64.jar\org\bytedeco\javacpp\windows-x86_64\opencv_dnn340.dll
0x00007fff2a740000 - 0x00007fff2a7b1000 	C:\Users\Nicklas\.javacpp\cache\opencv-3.4.0-1.4-windows-x86_64.jar\org\bytedeco\javacpp\windows-x86_64\jniopencv_dnn.dll
0x00007fff21ec0000 - 0x00007fff21f53000 	C:\Users\Nicklas\.javacpp\cache\opencv-3.4.0-1.4-windows-x86_64.jar\org\bytedeco\javacpp\windows-x86_64\opencv_objdetect340.dll
0x00007fff1eeb0000 - 0x00007fff1ef29000 	C:\Users\Nicklas\.javacpp\cache\opencv-3.4.0-1.4-windows-x86_64.jar\org\bytedeco\javacpp\windows-x86_64\jniopencv_objdetect.dll
0x00007fff1a960000 - 0x00007fff1aa5c000 	C:\Users\Nicklas\.javacpp\cache\opencv-3.4.0-1.4-windows-x86_64.jar\org\bytedeco\javacpp\windows-x86_64\opencv_photo340.dll
0x00007fff22350000 - 0x00007fff223a3000 	C:\Users\Nicklas\.javacpp\cache\opencv-3.4.0-1.4-windows-x86_64.jar\org\bytedeco\javacpp\windows-x86_64\jniopencv_photo.dll
0x00007fff196e0000 - 0x00007fff19763000 	C:\Users\Nicklas\.javacpp\cache\opencv-3.4.0-1.4-windows-x86_64.jar\org\bytedeco\javacpp\windows-x86_64\opencv_video340.dll
0x00007fff1ee60000 - 0x00007fff1eead000 	C:\Users\Nicklas\.javacpp\cache\opencv-3.4.0-1.4-windows-x86_64.jar\org\bytedeco\javacpp\windows-x86_64\jniopencv_video.dll
0x00007fff45880000 - 0x00007fff458ab000 	C:\Users\Nicklas\.javacpp\cache\opencv-3.4.0-1.4-windows-x86_64.jar\org\bytedeco\javacpp\windows-x86_64\opencv_plot340.dll
0x00007fff16f10000 - 0x00007fff17145000 	C:\Users\Nicklas\.javacpp\cache\opencv-3.4.0-1.4-windows-x86_64.jar\org\bytedeco\javacpp\windows-x86_64\opencv_tracking340.dll
0x00007fff07ec0000 - 0x00007fff07f90000 	C:\Users\Nicklas\.javacpp\cache\opencv-3.4.0-1.4-windows-x86_64.jar\org\bytedeco\javacpp\windows-x86_64\opencv_face340.dll
0x00007fff45530000 - 0x00007fff45555000 	C:\Users\Nicklas\.javacpp\cache\opencv-3.4.0-1.4-windows-x86_64.jar\org\bytedeco\javacpp\windows-x86_64\jniopencv_face.dll
0x00007fff47110000 - 0x00007fff47127000 	C:\WINDOWS\SYSTEM32\CRYPTSP.dll
0x00007fff46b50000 - 0x00007fff46b83000 	C:\WINDOWS\system32\rsaenh.dll
0x00007fff46ce0000 - 0x00007fff46d19000 	C:\WINDOWS\SYSTEM32\IPHLPAPI.DLL
0x00007fff49110000 - 0x00007fff49118000 	C:\WINDOWS\System32\NSI.dll
0x00007fff42360000 - 0x00007fff42376000 	C:\WINDOWS\SYSTEM32\dhcpcsvc6.DLL
0x00007fff42320000 - 0x00007fff4233a000 	C:\WINDOWS\SYSTEM32\dhcpcsvc.DLL
0x00007fff1dd80000 - 0x00007fff1ddcb000 	C:\Users\Nicklas\.javacpp\cache\opencv-3.4.0-1.4-windows-x86_64.jar\org\bytedeco\javacpp\windows-x86_64\opencv_videoio340.dll
0x00007fff45820000 - 0x00007fff45838000 	C:\WINDOWS\SYSTEM32\AVICAP32.dll
0x00007fff461b0000 - 0x00007fff461cf000 	C:\WINDOWS\SYSTEM32\AVIFIL32.dll
0x00007fff43e20000 - 0x00007fff43e49000 	C:\WINDOWS\SYSTEM32\MSVFW32.dll
0x00007fff42c10000 - 0x00007fff42c2c000 	C:\WINDOWS\SYSTEM32\MSACM32.dll
0x00007fff45610000 - 0x00007fff4562f000 	C:\Users\Nicklas\.javacpp\cache\opencv-3.4.0-1.4-windows-x86_64.jar\org\bytedeco\javacpp\windows-x86_64\jniopencv_videoio.dll
0x00007fff46d20000 - 0x00007fff46dd6000 	C:\WINDOWS\SYSTEM32\DNSAPI.dll

VM Arguments:
jvm_args: -Djava.library.path=C:\opencv\build\java\x64;C:\opencv\build\java\x64 -Dfile.encoding=Cp1252 
java_command: application.AppStart
java_class_path (initial): C:\Users\Nicklas\Workspace SilverSpin\FaceRecognizerJava\target\classes;C:\Users\Nicklas\Program\eclipse\plugins\org.eclipse.fx.ide.css.jfx8_2.4.0.201605112122.jar;C:\opencv\build\java\opencv-340.jar;C:\Users\Nicklas\.m2\repository\mysql\mysql-connector-java\5.1.14\mysql-connector-java-5.1.14.jar;C:\Users\Nicklas\.m2\repository\org\bytedeco\javacpp-presets\tesseract-platform\3.05.01-1.4\tesseract-platform-3.05.01-1.4.jar;C:\Users\Nicklas\.m2\repository\org\bytedeco\javacpp-presets\leptonica-platform\1.74.4-1.4\leptonica-platform-1.74.4-1.4.jar;C:\Users\Nicklas\.m2\repository\org\bytedeco\javacpp-presets\leptonica\1.74.4-1.4\leptonica-1.74.4-1.4.jar;C:\Users\Nicklas\.m2\repository\org\bytedeco\javacpp-presets\leptonica\1.74.4-1.4\leptonica-1.74.4-1.4-android-arm.jar;C:\Users\Nicklas\.m2\repository\org\bytedeco\javacpp-presets\leptonica\1.74.4-1.4\leptonica-1.74.4-1.4-android-x86.jar;C:\Users\Nicklas\.m2\repository\org\bytedeco\javacpp-presets\leptonica\1.74.4-1.4\leptonica-1.74.4-1.4-linux-x86.jar;C:\Users\Nicklas\.m2\repository\org\bytedeco\javacpp-presets\leptonica\1.74.4-1.4\leptonica-1.74.4-1.4-linux-x86_64.jar;C:\Users\Nicklas\.m2\repository\org\bytedeco\javacpp-presets\leptonica\1.74.4-1.4\leptonica-1.74.4-1.4-linux-armhf.jar;C:\Users\Nicklas\.m2\repository\org\bytedeco\javacpp-presets\leptonica\1.74.4-1.4\leptonica-1.74.4-1.4-linux-ppc64le.jar;C:\Users\Nicklas\.m2\repository\org\bytedeco\javacpp-presets\leptonica\1.74.4-1.4\leptonica-1.74.4-1.4-macosx-x86_64.jar;C:\Users\Nicklas\.m2\repository\org\bytedeco\javacpp-presets\leptonica\1.74.4-1.4\leptonica-1.74.4-1.4-windows-x86.jar;C:\Users\Nicklas\.m2\repository\org\bytedeco\javacpp-presets\leptonica\1.74.4-1.4\leptonica-1.74.4-1.4-windows-x86_64.jar;C:\Users\Nicklas\.m2\repository\org\bytedeco\javacpp-presets\tesseract\3.05.01-1.4\tesseract-3.05.01-1.4.jar;C:\Users\Nicklas\.m2\repository\org\bytedeco\javacpp-presets\tesseract\3.05.01-1.4\tesseract-3.05.01-1.4-android-arm.jar;C:\User
Launcher Type: SUN_STANDARD

Environment Variables:
PATH=C:\Users\Nicklas\AppData\Local\Microsoft\WindowsApps;C:\Users\Nicklas\AppData\Local\atom\bin;C:\Program Files\Java\jdk1.8.0_111\bin;C:\Program Files\TortoiseSVN\bin;C:\Users\Nicklas\Program\Git\cmd;C:\Users\Nicklas\Program\Git\mingw64\bin;C:\Users\Nicklas\Program\Git\usr\bin;C:\Gradle\gradle-3.5\bin;C:\WINDOWS\system32;C:\WINDOWS;C:\WINDOWS\System32\Wbem;C:\WINDOWS\System32\WindowsPowerShell\v1.0\;C:\Maven\apache-maven-3.5.2\bin;C:\HashiCorp\Vagrant\bin;C:\Users\Nicklas\AppData\Local\Microsoft\WindowsApps;C:\Users\Nicklas\AppData\Local\atom\bin;C:\Users\Nicklas\AppData\Local\Microsoft\WindowsApps;C:\Maven\apache-maven-3.5.2\bin;C:\Users\Nicklas\AppData\Local\GitHubDesktop\bin
USERNAME=Nicklas
OS=Windows_NT
PROCESSOR_IDENTIFIER=Intel64 Family 6 Model 78 Stepping 3, GenuineIntel



---------------  S Y S T E M  ---------------

OS: Windows 10.0 , 64 bit Build 16299 (10.0.16299.15)

CPU:total 4 (2 cores per cpu, 2 threads per core) family 6 model 78 stepping 3, cmov, cx8, fxsr, mmx, sse, sse2, sse3, ssse3, sse4.1, sse4.2, popcnt, avx, avx2, aes, clmul, erms, 3dnowpref, lzcnt, ht, tsc, tscinvbit, bmi1, bmi2, adx

Memory: 4k page, physical 8250276k(2787460k free), swap 12706724k(4529504k free)

vm_info: Java HotSpot(TM) 64-Bit Server VM (25.111-b14) for windows-amd64 JRE (1.8.0_111-b14), built on Sep 22 2016 19:24:05 by "java_re" with MS VC++ 10.0 (VS2010)

time: Thu Mar 22 11:05:49 2018
elapsed time: 24 seconds (0d 0h 0m 24s)

