#
# A fatal error has been detected by the Java Runtime Environment:
#
#  EXCEPTION_ACCESS_VIOLATION (0xc0000005) at pc=0x00007fff4b3bbe7b, pid=2108, tid=0x0000000000001794
#
# JRE version: Java(TM) SE Runtime Environment (8.0_111-b14) (build 1.8.0_111-b14)
# Java VM: Java HotSpot(TM) 64-Bit Server VM (25.111-b14 mixed mode windows-amd64 compressed oops)
# Problematic frame:
# C  [ntdll.dll+0x4be7b]
#
# Failed to write core dump. Minidumps are not enabled by default on client versions of Windows
#
# If you would like to submit a bug report, please visit:
#   http://bugreport.java.com/bugreport/crash.jsp
# The crash happened outside the Java Virtual Machine in native code.
# See problematic frame for where to report the bug.
#

---------------  T H R E A D  ---------------

Current thread (0x00000000232ff800):  JavaThread "Thread-7" [_thread_in_native, id=6036, stack(0x00000000363f0000,0x00000000364f0000)]

siginfo: ExceptionCode=0xc0000005, writing address 0x0000000000000024

Registers:
RAX=0x0000000000000000, RBX=0x00000000312b5858, RCX=0x00000000312b5858, RDX=0xffffffffffffffff
RSP=0x00000000364eebc0, RBP=0x00000000364eec30, RSI=0x0000000000000000, RDI=0x0000000000000000
R8 =0x0000000000000000, R9 =0x0000000000000000, R10=0x0000000000000000, R11=0x0000000000000246
R12=0x0000000000000000, R13=0x00000000364eef80, R14=0x0000000000000000, R15=0x0000000000000000
RIP=0x00007fff4b3bbe7b, EFLAGS=0x0000000000010213

Top of Stack: (sp=0x00000000364eebc0)
0x00000000364eebc0:   ffffffffffffffff 00000000312b5858
0x00000000364eebd0:   00000000364eece0 00007fff18ab9c40
0x00000000364eebe0:   00000000364eece0 0000000000000001
0x00000000364eebf0:   0000000000000000 0000000001042000
0x00000000364eec00:   0000000000000000 0000000000000000
0x00000000364eec10:   00000000364eedb0 00000000000003d8
0x00000000364eec20:   000000001b875530 00007fff47923b7f
0x00000000364eec30:   0000000000000000 0000000000000001
0x00000000364eec40:   00000000364eef80 0000000000000000
0x00000000364eec50:   0000000000000000 000000002ebe1500
0x00000000364eec60:   0000000000000001 00007fff4b390c49
0x00000000364eec70:   0000000000000000 00000000312b5858
0x00000000364eec80:   00000000fffffffa 0000000000000000
0x00000000364eec90:   0000000031ef1e80 00007fff4b390b60
0x00000000364eeca0:   000000002ebe15b8 0000000000000000
0x00000000364eecb0:   000000002ebe1500 0000000000000000 

Instructions: (pc=0x00007fff4b3bbe7b)
0x00007fff4b3bbe5b:   0f 45 f6 48 39 73 18 0f 84 bb 01 00 00 48 83 3b
0x00007fff4b3bbe6b:   ff 0f 84 be 01 00 00 48 8b 03 48 83 f8 ff 74 03
0x00007fff4b3bbe7b:   ff 40 24 48 8b 7b 18 44 8b ee 48 89 7d c0 e8 02
0x00007fff4b3bbe8b:   ae fd ff 85 c0 0f 85 1a 14 07 00 b9 82 03 fe 7f 


Register to memory mapping:

RAX=0x0000000000000000 is an unknown value
RBX=0x00000000312b5858 is an unknown value
RCX=0x00000000312b5858 is an unknown value
RDX=0xffffffffffffffff is an unknown value
RSP=0x00000000364eebc0 is pointing into the stack for thread: 0x00000000232ff800
RBP=0x00000000364eec30 is pointing into the stack for thread: 0x00000000232ff800
RSI=0x0000000000000000 is an unknown value
RDI=0x0000000000000000 is an unknown value
R8 =0x0000000000000000 is an unknown value
R9 =0x0000000000000000 is an unknown value
R10=0x0000000000000000 is an unknown value
R11=0x0000000000000246 is an unknown value
R12=0x0000000000000000 is an unknown value
R13=0x00000000364eef80 is pointing into the stack for thread: 0x00000000232ff800
R14=0x0000000000000000 is an unknown value
R15=0x0000000000000000 is an unknown value


Stack: [0x00000000363f0000,0x00000000364f0000],  sp=0x00000000364eebc0,  free space=1018k
Native frames: (J=compiled Java code, j=interpreted, Vv=VM code, C=native code)
C  [ntdll.dll+0x4be7b]
C  [ntdll.dll+0x20c49]
C  [ntdll.dll+0x20b60]
C  0x00007fff19f72665
C  0x00007fff19f78093
C  0x000000000563f01f

Java frames: (J=compiled Java code, j=interpreted, Vv=VM code)
J 3812  org.bytedeco.javacpp.videoInputLib$videoInput.getPixels(ILorg/bytedeco/javacpp/BytePointer;ZZ)Z (0 bytes) @ 0x000000000563ef99 [0x000000000563ef40+0x59]
J 3809 C1 org.bytedeco.javacv.VideoInputFrameGrabber.grab()Lorg/bytedeco/javacv/Frame; (200 bytes) @ 0x000000000581df24 [0x000000000581d6c0+0x864]
j  application.ObjectTracker.run()V+39
j  java.lang.Thread.run()V+11
v  ~StubRoutines::call_stub

---------------  P R O C E S S  ---------------

Java Threads: ( => current thread )
  0x00000000232fc800 JavaThread "Thread-8" [_thread_in_native, id=11032, stack(0x0000000046ef0000,0x0000000046ff0000)]
=>0x00000000232ff800 JavaThread "Thread-7" [_thread_in_native, id=6036, stack(0x00000000363f0000,0x00000000364f0000)]
  0x00000000232ff000 JavaThread "AWT-EventQueue-0" [_thread_blocked, id=11672, stack(0x00000000362f0000,0x00000000363f0000)]
  0x00000000232fc000 JavaThread "AWT-Shutdown" [_thread_blocked, id=1528, stack(0x00000000361f0000,0x00000000362f0000)]
  0x00000000232fe000 JavaThread "Prism Font Disposer" daemon [_thread_blocked, id=10788, stack(0x0000000028790000,0x0000000028890000)]
  0x0000000023b37800 JavaThread "AWT-Windows" daemon [_thread_in_native, id=5588, stack(0x0000000024e70000,0x0000000024f70000)]
  0x0000000023e1e800 JavaThread "Java2D Disposer" daemon [_thread_blocked, id=8296, stack(0x0000000024c70000,0x0000000024d70000)]
  0x0000000022f1b800 JavaThread "JavaCPP Deallocator" daemon [_thread_blocked, id=9964, stack(0x0000000024830000,0x0000000024930000)]
  0x0000000022bc1800 JavaThread "Thread-3" daemon [_thread_in_native, id=10868, stack(0x0000000023360000,0x0000000023460000)]
  0x000000001bbfa000 JavaThread "JavaFX-Launcher" [_thread_blocked, id=10236, stack(0x0000000023460000,0x0000000023560000)]
  0x000000001bbec800 JavaThread "JavaFX Application Thread" [_thread_in_native, id=1228, stack(0x000000001c1e0000,0x000000001c2e0000)]
  0x000000001bbdd800 JavaThread "Thread-1" daemon [_thread_blocked, id=4500, stack(0x000000001c0e0000,0x000000001c1e0000)]
  0x000000001bbc6000 JavaThread "QuantumRenderer-0" daemon [_thread_blocked, id=7684, stack(0x000000001be10000,0x000000001bf10000)]
  0x0000000019dee000 JavaThread "Service Thread" daemon [_thread_blocked, id=2660, stack(0x000000001bc10000,0x000000001bd10000)]
  0x0000000019d9c800 JavaThread "C1 CompilerThread2" daemon [_thread_blocked, id=12076, stack(0x000000001b710000,0x000000001b810000)]
  0x0000000019d98800 JavaThread "C2 CompilerThread1" daemon [_thread_blocked, id=4356, stack(0x000000001b610000,0x000000001b710000)]
  0x0000000019d96800 JavaThread "C2 CompilerThread0" daemon [_thread_blocked, id=7264, stack(0x000000001b510000,0x000000001b610000)]
  0x0000000019d93000 JavaThread "Attach Listener" daemon [_thread_blocked, id=9856, stack(0x000000001b410000,0x000000001b510000)]
  0x0000000019d92000 JavaThread "Signal Dispatcher" daemon [_thread_blocked, id=12204, stack(0x000000001b310000,0x000000001b410000)]
  0x0000000019d7e800 JavaThread "Finalizer" daemon [_thread_blocked, id=324, stack(0x000000001b020000,0x000000001b120000)]
  0x0000000005297000 JavaThread "Reference Handler" daemon [_thread_blocked, id=10176, stack(0x000000001af20000,0x000000001b020000)]
  0x00000000051a7000 JavaThread "main" [_thread_blocked, id=4384, stack(0x0000000005000000,0x0000000005100000)]

Other Threads:
  0x0000000019d57000 VMThread [stack: 0x000000001ae20000,0x000000001af20000] [id=8060]
  0x000000001b89f000 WatcherThread [stack: 0x000000001bd10000,0x000000001be10000] [id=8956]

VM state:not at safepoint (normal execution)

VM Mutex/Monitor currently owned by a thread: None

Heap:
 PSYoungGen      total 125952K, used 80771K [0x00000000d6000000, 0x00000000de700000, 0x0000000100000000)
  eden space 116736K, 61% used [0x00000000d6000000,0x00000000da60b120,0x00000000dd200000)
  from space 9216K, 98% used [0x00000000dde00000,0x00000000de6d5d60,0x00000000de700000)
  to   space 10752K, 0% used [0x00000000dd200000,0x00000000dd200000,0x00000000ddc80000)
 ParOldGen       total 93696K, used 34222K [0x0000000082000000, 0x0000000087b80000, 0x00000000d6000000)
  object space 93696K, 36% used [0x0000000082000000,0x000000008416b858,0x0000000087b80000)
 Metaspace       used 31126K, capacity 32190K, committed 32512K, reserved 1077248K
  class space    used 4088K, capacity 4340K, committed 4352K, reserved 1048576K

Card table byte_map: [0x0000000014660000,0x0000000014a60000] byte_map_base: 0x0000000014250000

Marking Bits: (ParMarkBitMap*) 0x000000005091a6c0
 Begin Bits: [0x0000000015100000, 0x0000000017080000)
 End Bits:   [0x0000000017080000, 0x0000000019000000)

Polling page: 0x0000000004e20000

CodeCache: size=245760Kb used=11966Kb max_used=12521Kb free=233793Kb
 bounds [0x00000000052a0000, 0x0000000005ef0000, 0x00000000142a0000]
 total_blobs=4610 nmethods=3636 adapters=885
 compilation: enabled

Compilation events (10 events):
Event: 38.187 Thread 0x0000000019d9c800 4078       3       com.sun.javafx.geom.transform.AffineBase::concatenate (1433 bytes)
Event: 38.189 Thread 0x0000000019d9c800 nmethod 4078 0x00000000054b5890 code [0x00000000054b5bc0, 0x00000000054b7a28]
Event: 38.313 Thread 0x0000000019d9c800 4079       1       javafx.scene.Scene$MouseHandler::access$7700 (5 bytes)
Event: 38.313 Thread 0x0000000019d9c800 nmethod 4079 0x00000000059f5210 code [0x00000000059f5360, 0x00000000059f5450]
Event: 38.314 Thread 0x0000000019d9c800 4080       1       com.sun.prism.d3d.D3DResourceFactory::getMaximumTextureSize (5 bytes)
Event: 38.314 Thread 0x0000000019d9c800 nmethod 4080 0x0000000005a06110 code [0x0000000005a06260, 0x0000000005a06370]
Event: 38.314 Thread 0x0000000019d96800 4081       4       com.sun.prism.impl.ps.BaseShaderContext::checkState (208 bytes)
Event: 38.343 Thread 0x0000000019d96800 nmethod 4081 0x00000000055befd0 code [0x00000000055bf340, 0x00000000055c0c10]
Event: 38.376 Thread 0x0000000019d9c800 4082       3       java.util.WeakHashMap::putAll (133 bytes)
Event: 38.377 Thread 0x0000000019d9c800 nmethod 4082 0x0000000005a2f1d0 code [0x0000000005a2f420, 0x0000000005a2ffc8]

GC Heap History (10 events):
Event: 4.386 GC heap before
{Heap before GC invocations=7 (full 1):
 PSYoungGen      total 70656K, used 70196K [0x00000000d6000000, 0x00000000dc600000, 0x0000000100000000)
  eden space 65536K, 100% used [0x00000000d6000000,0x00000000da000000,0x00000000da000000)
  from space 5120K, 91% used [0x00000000da000000,0x00000000da48d140,0x00000000da500000)
  to   space 10240K, 0% used [0x00000000dbc00000,0x00000000dbc00000,0x00000000dc600000)
 ParOldGen       total 93696K, used 30758K [0x0000000082000000, 0x0000000087b80000, 0x00000000d6000000)
  object space 93696K, 32% used [0x0000000082000000,0x0000000083e09828,0x0000000087b80000)
 Metaspace       used 23902K, capacity 24940K, committed 25088K, reserved 1071104K
  class space    used 3331K, capacity 3553K, committed 3584K, reserved 1048576K
Event: 4.389 GC heap after
Heap after GC invocations=7 (full 1):
 PSYoungGen      total 93184K, used 4924K [0x00000000d6000000, 0x00000000dc500000, 0x0000000100000000)
  eden space 83968K, 0% used [0x00000000d6000000,0x00000000d6000000,0x00000000db200000)
  from space 9216K, 53% used [0x00000000dbc00000,0x00000000dc0cf3a0,0x00000000dc500000)
  to   space 9728K, 0% used [0x00000000db200000,0x00000000db200000,0x00000000dbb80000)
 ParOldGen       total 93696K, used 30766K [0x0000000082000000, 0x0000000087b80000, 0x00000000d6000000)
  object space 93696K, 32% used [0x0000000082000000,0x0000000083e0b828,0x0000000087b80000)
 Metaspace       used 23902K, capacity 24940K, committed 25088K, reserved 1071104K
  class space    used 3331K, capacity 3553K, committed 3584K, reserved 1048576K
}
Event: 4.992 GC heap before
{Heap before GC invocations=8 (full 1):
 PSYoungGen      total 93184K, used 88892K [0x00000000d6000000, 0x00000000dc500000, 0x0000000100000000)
  eden space 83968K, 100% used [0x00000000d6000000,0x00000000db200000,0x00000000db200000)
  from space 9216K, 53% used [0x00000000dbc00000,0x00000000dc0cf3a0,0x00000000dc500000)
  to   space 9728K, 0% used [0x00000000db200000,0x00000000db200000,0x00000000dbb80000)
 ParOldGen       total 93696K, used 30766K [0x0000000082000000, 0x0000000087b80000, 0x00000000d6000000)
  object space 93696K, 32% used [0x0000000082000000,0x0000000083e0b828,0x0000000087b80000)
 Metaspace       used 24190K, capacity 25260K, committed 25472K, reserved 1071104K
  class space    used 3366K, capacity 3617K, committed 3712K, reserved 1048576K
Event: 4.996 GC heap after
Heap after GC invocations=8 (full 1):
 PSYoungGen      total 93696K, used 4645K [0x00000000d6000000, 0x00000000dd900000, 0x0000000100000000)
  eden space 83968K, 0% used [0x00000000d6000000,0x00000000d6000000,0x00000000db200000)
  from space 9728K, 47% used [0x00000000db200000,0x00000000db689520,0x00000000dbb80000)
  to   space 9216K, 0% used [0x00000000dd000000,0x00000000dd000000,0x00000000dd900000)
 ParOldGen       total 93696K, used 30774K [0x0000000082000000, 0x0000000087b80000, 0x00000000d6000000)
  object space 93696K, 32% used [0x0000000082000000,0x0000000083e0d828,0x0000000087b80000)
 Metaspace       used 24190K, capacity 25260K, committed 25472K, reserved 1071104K
  class space    used 3366K, capacity 3617K, committed 3712K, reserved 1048576K
}
Event: 6.389 GC heap before
{Heap before GC invocations=9 (full 1):
 PSYoungGen      total 93696K, used 88613K [0x00000000d6000000, 0x00000000dd900000, 0x0000000100000000)
  eden space 83968K, 100% used [0x00000000d6000000,0x00000000db200000,0x00000000db200000)
  from space 9728K, 47% used [0x00000000db200000,0x00000000db689520,0x00000000dbb80000)
  to   space 9216K, 0% used [0x00000000dd000000,0x00000000dd000000,0x00000000dd900000)
 ParOldGen       total 93696K, used 30774K [0x0000000082000000, 0x0000000087b80000, 0x00000000d6000000)
  object space 93696K, 32% used [0x0000000082000000,0x0000000083e0d828,0x0000000087b80000)
 Metaspace       used 27190K, capacity 28300K, committed 28544K, reserved 1073152K
  class space    used 3656K, capacity 3921K, committed 3968K, reserved 1048576K
Event: 6.394 GC heap after
Heap after GC invocations=9 (full 1):
 PSYoungGen      total 109568K, used 6650K [0x00000000d6000000, 0x00000000dd680000, 0x0000000100000000)
  eden space 102912K, 0% used [0x00000000d6000000,0x00000000d6000000,0x00000000dc480000)
  from space 6656K, 99% used [0x00000000dd000000,0x00000000dd67e8a0,0x00000000dd680000)
  to   space 9216K, 0% used [0x00000000dc480000,0x00000000dc480000,0x00000000dcd80000)
 ParOldGen       total 93696K, used 30782K [0x0000000082000000, 0x0000000087b80000, 0x00000000d6000000)
  object space 93696K, 32% used [0x0000000082000000,0x0000000083e0f828,0x0000000087b80000)
 Metaspace       used 27190K, capacity 28300K, committed 28544K, reserved 1073152K
  class space    used 3656K, capacity 3921K, committed 3968K, reserved 1048576K
}
Event: 6.919 GC heap before
{Heap before GC invocations=10 (full 1):
 PSYoungGen      total 109568K, used 109466K [0x00000000d6000000, 0x00000000dd680000, 0x0000000100000000)
  eden space 102912K, 99% used [0x00000000d6000000,0x00000000dc468058,0x00000000dc480000)
  from space 6656K, 99% used [0x00000000dd000000,0x00000000dd67e8a0,0x00000000dd680000)
  to   space 9216K, 0% used [0x00000000dc480000,0x00000000dc480000,0x00000000dcd80000)
 ParOldGen       total 93696K, used 30782K [0x0000000082000000, 0x0000000087b80000, 0x00000000d6000000)
  object space 93696K, 32% used [0x0000000082000000,0x0000000083e0f828,0x0000000087b80000)
 Metaspace       used 27763K, capacity 28908K, committed 29056K, reserved 1075200K
  class space    used 3710K, capacity 3953K, committed 3968K, reserved 1048576K
Event: 6.925 GC heap after
Heap after GC invocations=10 (full 1):
 PSYoungGen      total 112128K, used 8348K [0x00000000d6000000, 0x00000000de800000, 0x0000000100000000)
  eden space 102912K, 0% used [0x00000000d6000000,0x00000000d6000000,0x00000000dc480000)
  from space 9216K, 90% used [0x00000000dc480000,0x00000000dcca72c0,0x00000000dcd80000)
  to   space 10240K, 0% used [0x00000000dde00000,0x00000000dde00000,0x00000000de800000)
 ParOldGen       total 93696K, used 34214K [0x0000000082000000, 0x0000000087b80000, 0x00000000d6000000)
  object space 93696K, 36% used [0x0000000082000000,0x0000000084169858,0x0000000087b80000)
 Metaspace       used 27763K, capacity 28908K, committed 29056K, reserved 1075200K
  class space    used 3710K, capacity 3953K, committed 3968K, reserved 1048576K
}
Event: 8.289 GC heap before
{Heap before GC invocations=11 (full 1):
 PSYoungGen      total 112128K, used 110914K [0x00000000d6000000, 0x00000000de800000, 0x0000000100000000)
  eden space 102912K, 99% used [0x00000000d6000000,0x00000000dc429788,0x00000000dc480000)
  from space 9216K, 90% used [0x00000000dc480000,0x00000000dcca72c0,0x00000000dcd80000)
  to   space 10240K, 0% used [0x00000000dde00000,0x00000000dde00000,0x00000000de800000)
 ParOldGen       total 93696K, used 34214K [0x0000000082000000, 0x0000000087b80000, 0x00000000d6000000)
  object space 93696K, 36% used [0x0000000082000000,0x0000000084169858,0x0000000087b80000)
 Metaspace       used 28032K, capacity 29102K, committed 29312K, reserved 1075200K
  class space    used 3711K, capacity 3954K, committed 3968K, reserved 1048576K
Event: 8.294 GC heap after
Heap after GC invocations=11 (full 1):
 PSYoungGen      total 125952K, used 9047K [0x00000000d6000000, 0x00000000de700000, 0x0000000100000000)
  eden space 116736K, 0% used [0x00000000d6000000,0x00000000d6000000,0x00000000dd200000)
  from space 9216K, 98% used [0x00000000dde00000,0x00000000de6d5d60,0x00000000de700000)
  to   space 10752K, 0% used [0x00000000dd200000,0x00000000dd200000,0x00000000ddc80000)
 ParOldGen       total 93696K, used 34222K [0x0000000082000000, 0x0000000087b80000, 0x00000000d6000000)
  object space 93696K, 36% used [0x0000000082000000,0x000000008416b858,0x0000000087b80000)
 Metaspace       used 28032K, capacity 29102K, committed 29312K, reserved 1075200K
  class space    used 3711K, capacity 3954K, committed 3968K, reserved 1048576K
}

Deoptimization events (10 events):
Event: 5.543 Thread 0x000000001bbec800 Uncommon trap: reason=unstable_if action=reinterpret pc=0x00000000056302c8 method=sun.nio.cs.UTF_8$Decoder.decode([BII[C)I @ 30
Event: 5.680 Thread 0x000000001bbc6000 Uncommon trap: reason=unstable_if action=reinterpret pc=0x0000000005c22e44 method=com.sun.javafx.geom.RectBounds.isEmpty()Z @ 21
Event: 6.866 Thread 0x0000000023301000 Uncommon trap: reason=unstable_if action=reinterpret pc=0x0000000005ca9c24 method=org.bytedeco.javacv.Java2DFrameConverter.flipCopyWithGamma(Ljava/nio/ByteBuffer;ILjava/nio/ByteBuffer;IZDZI)V @ 50
Event: 6.894 Thread 0x0000000023301000 Uncommon trap: reason=unstable_if action=reinterpret pc=0x0000000005cc5948 method=com.sun.javafx.image.impl.IntTo4ByteSameConverter.doConvert([III[BIIII)V @ 29
Event: 7.946 Thread 0x000000001bbc6000 Uncommon trap: reason=unstable_if action=reinterpret pc=0x0000000005db73bc method=com.sun.prism.d3d.D3DTextureResource.isValid()Z @ 4
Event: 8.591 Thread 0x000000001bbec800 Uncommon trap: reason=unstable_if action=reinterpret pc=0x00000000054b4498 method=java.lang.AbstractStringBuilder.append(Ljava/lang/String;)Ljava/lang/AbstractStringBuilder; @ 1
Event: 8.801 Thread 0x00000000232ff800 Uncommon trap: reason=unstable_if action=reinterpret pc=0x0000000005cbd86c method=sun.nio.fs.WindowsPath.compareTo(Ljava/nio/file/Path;)I @ 76
Event: 8.933 Thread 0x00000000232ff800 Uncommon trap: reason=unstable_if action=reinterpret pc=0x0000000005633b68 method=java.lang.String.lastIndexOf([CII[CIII)I @ 118
Event: 9.740 Thread 0x00000000232ff800 Uncommon trap: reason=predicate action=maybe_recompile pc=0x0000000005cc69b8 method=org.bytedeco.javacv.Java2DFrameConverter.flipCopyWithGamma(Ljava/nio/ByteBuffer;ILjava/nio/ByteBuffer;IZDZI)V @ 491
Event: 10.199 Thread 0x00000000232ff800 Uncommon trap: reason=unstable_if action=reinterpret pc=0x00000000059f8b74 method=java.lang.ref.SoftReference.get()Ljava/lang/Object; @ 6

Internal exceptions (10 events):
Event: 9.170 Thread 0x00000000232ff800 Exception <a 'sun/nio/fs/WindowsException'> (0x00000000d8cc0d48) thrown at [C:\re\workspace\8-2-build-windows-amd64-cygwin\jdk8u111\7883\hotspot\src\share\vm\prims\jni.cpp, line 709]
Event: 9.170 Thread 0x00000000232ff800 Exception <a 'sun/nio/fs/WindowsException'> (0x00000000d8cc2010) thrown at [C:\re\workspace\8-2-build-windows-amd64-cygwin\jdk8u111\7883\hotspot\src\share\vm\prims\jni.cpp, line 709]
Event: 9.171 Thread 0x00000000232ff800 Exception <a 'sun/nio/fs/WindowsException'> (0x00000000d8cc3328) thrown at [C:\re\workspace\8-2-build-windows-amd64-cygwin\jdk8u111\7883\hotspot\src\share\vm\prims\jni.cpp, line 709]
Event: 9.171 Thread 0x00000000232ff800 Exception <a 'sun/nio/fs/WindowsException'> (0x00000000d8cc45c8) thrown at [C:\re\workspace\8-2-build-windows-amd64-cygwin\jdk8u111\7883\hotspot\src\share\vm\prims\jni.cpp, line 709]
Event: 9.172 Thread 0x00000000232ff800 Exception <a 'sun/nio/fs/WindowsException'> (0x00000000d8cc58b8) thrown at [C:\re\workspace\8-2-build-windows-amd64-cygwin\jdk8u111\7883\hotspot\src\share\vm\prims\jni.cpp, line 709]
Event: 9.172 Thread 0x00000000232ff800 Exception <a 'sun/nio/fs/WindowsException'> (0x00000000d8cc6b80) thrown at [C:\re\workspace\8-2-build-windows-amd64-cygwin\jdk8u111\7883\hotspot\src\share\vm\prims\jni.cpp, line 709]
Event: 9.172 Thread 0x00000000232ff800 Exception <a 'sun/nio/fs/WindowsException'> (0x00000000d8cc7e70) thrown at [C:\re\workspace\8-2-build-windows-amd64-cygwin\jdk8u111\7883\hotspot\src\share\vm\prims\jni.cpp, line 709]
Event: 9.279 Thread 0x00000000232ff800 Exception <a 'java/lang/UnsatisfiedLinkError': cl.eye.CLCamera.CLEyeGetCameraCount()I> (0x00000000d8cf1cb8) thrown at [C:\re\workspace\8-2-build-windows-amd64-cygwin\jdk8u111\7883\hotspot\src\share\vm\prims\nativeLookup.cpp, line 378]
Event: 9.279 Thread 0x00000000232ff800 Exception <a 'java/lang/reflect/InvocationTargetException'> (0x00000000d8cf1ec0) thrown at [C:\re\workspace\8-2-build-windows-amd64-cygwin\jdk8u111\7883\hotspot\src\share\vm\runtime\reflection.cpp, line 1092]
Event: 10.210 Thread 0x00000000232ff800 Exception <a 'sun/java2d/InvalidPipeException': bounds changed> (0x00000000da1d9d58) thrown at [C:\re\workspace\8-2-build-windows-amd64-cygwin\jdk8u111\7883\hotspot\src\share\vm\prims\jni.cpp, line 735]

Events (10 events):
Event: 37.636 Thread 0x0000000019d98800 flushing nmethod 0x0000000005c42a90
Event: 37.636 Thread 0x0000000019d98800 flushing nmethod 0x0000000005c42dd0
Event: 37.636 Thread 0x0000000019d98800 flushing nmethod 0x0000000005c4a890
Event: 37.636 Thread 0x0000000019d98800 flushing nmethod 0x0000000005c4ac50
Event: 37.636 Thread 0x0000000019d98800 flushing nmethod 0x0000000005c4b350
Event: 37.636 Thread 0x0000000019d98800 flushing nmethod 0x0000000005c5a410
Event: 37.636 Thread 0x0000000019d98800 flushing nmethod 0x0000000005ca6b50
Event: 37.731 Thread 0x0000000019d9c800 flushing nmethod 0x0000000005cbd550
Event: 37.731 Thread 0x0000000019d9c800 flushing nmethod 0x0000000005cc0350
Event: 37.789 Thread 0x0000000019d9c800 flushing nmethod 0x0000000005db71d0


Dynamic libraries:
0x00007ff738fe0000 - 0x00007ff739017000 	C:\Program Files\Java\jdk1.8.0_111\bin\javaw.exe
0x00007fff4b370000 - 0x00007fff4b550000 	C:\WINDOWS\SYSTEM32\ntdll.dll
0x00007fff492b0000 - 0x00007fff4935e000 	C:\WINDOWS\System32\KERNEL32.DLL
0x00007fff47910000 - 0x00007fff47b76000 	C:\WINDOWS\System32\KERNELBASE.dll
0x00007fff48ba0000 - 0x00007fff48c41000 	C:\WINDOWS\System32\ADVAPI32.dll
0x00007fff496c0000 - 0x00007fff4975d000 	C:\WINDOWS\System32\msvcrt.dll
0x00007fff48b40000 - 0x00007fff48b9b000 	C:\WINDOWS\System32\sechost.dll
0x00007fff49190000 - 0x00007fff492af000 	C:\WINDOWS\System32\RPCRT4.dll
0x00007fff489b0000 - 0x00007fff48b3f000 	C:\WINDOWS\System32\USER32.dll
0x00007fff47770000 - 0x00007fff47790000 	C:\WINDOWS\System32\win32u.dll
0x00007fff48d00000 - 0x00007fff48d28000 	C:\WINDOWS\System32\GDI32.dll
0x00007fff48320000 - 0x00007fff484b3000 	C:\WINDOWS\System32\gdi32full.dll
0x00007fff47870000 - 0x00007fff4790b000 	C:\WINDOWS\System32\msvcp_win.dll
0x00007fff48690000 - 0x00007fff48786000 	C:\WINDOWS\System32\ucrtbase.dll
0x00007fff35fb0000 - 0x00007fff36219000 	C:\WINDOWS\WinSxS\amd64_microsoft.windows.common-controls_6595b64144ccf1df_6.0.16299.309_none_15cfd4c4935e6b11\COMCTL32.dll
0x00007fff48d30000 - 0x00007fff49038000 	C:\WINDOWS\System32\combase.dll
0x00007fff477f0000 - 0x00007fff47862000 	C:\WINDOWS\System32\bcryptPrimitives.dll
0x00007fff493f0000 - 0x00007fff4941d000 	C:\WINDOWS\System32\IMM32.DLL
0x00000000509a0000 - 0x0000000050a72000 	C:\Program Files\Java\jdk1.8.0_111\jre\bin\msvcr100.dll
0x0000000050100000 - 0x000000005099a000 	C:\Program Files\Java\jdk1.8.0_111\jre\bin\server\jvm.dll
0x00007fff4b330000 - 0x00007fff4b338000 	C:\WINDOWS\System32\PSAPI.DLL
0x00007fff35170000 - 0x00007fff35179000 	C:\WINDOWS\SYSTEM32\WSOCK32.dll
0x00007fff49380000 - 0x00007fff493ec000 	C:\WINDOWS\System32\WS2_32.dll
0x00007fff457c0000 - 0x00007fff457e3000 	C:\WINDOWS\SYSTEM32\WINMM.dll
0x00007fff40c30000 - 0x00007fff40c3a000 	C:\WINDOWS\SYSTEM32\VERSION.dll
0x00007fff45790000 - 0x00007fff457ba000 	C:\WINDOWS\SYSTEM32\WINMMBASE.dll
0x00007fff482d0000 - 0x00007fff4831a000 	C:\WINDOWS\System32\cfgmgr32.dll
0x00000000500f0000 - 0x00000000500ff000 	C:\Program Files\Java\jdk1.8.0_111\jre\bin\verify.dll
0x00000000500c0000 - 0x00000000500e9000 	C:\Program Files\Java\jdk1.8.0_111\jre\bin\java.dll
0x00000000500a0000 - 0x00000000500b6000 	C:\Program Files\Java\jdk1.8.0_111\jre\bin\zip.dll
0x00007fff49bb0000 - 0x00007fff4afe6000 	C:\WINDOWS\System32\SHELL32.dll
0x00007fff48c50000 - 0x00007fff48cf6000 	C:\WINDOWS\System32\shcore.dll
0x00007fff47b80000 - 0x00007fff482c7000 	C:\WINDOWS\System32\windows.storage.dll
0x00007fff49120000 - 0x00007fff49171000 	C:\WINDOWS\System32\shlwapi.dll
0x00007fff47700000 - 0x00007fff47711000 	C:\WINDOWS\System32\kernel.appcore.dll
0x00007fff47720000 - 0x00007fff4776c000 	C:\WINDOWS\System32\powrprof.dll
0x00007fff476c0000 - 0x00007fff476db000 	C:\WINDOWS\System32\profapi.dll
0x00007fff21310000 - 0x00007fff213ff000 	C:\Program Files\Java\jdk1.8.0_111\jre\bin\msvcr120.dll
0x00007fff2ec80000 - 0x00007fff2ed26000 	C:\Program Files\Java\jdk1.8.0_111\jre\bin\msvcp120.dll
0x0000000077fd0000 - 0x0000000077ff2000 	C:\Program Files\Java\jdk1.8.0_111\jre\bin\prism_d3d.dll
0x00007fff14290000 - 0x00007fff14425000 	C:\WINDOWS\system32\d3d9.dll
0x00007fff45c60000 - 0x00007fff45c8a000 	C:\WINDOWS\SYSTEM32\dwmapi.dll
0x00007fff459a0000 - 0x00007fff45a35000 	C:\WINDOWS\system32\uxtheme.dll
0x00007ffef0460000 - 0x00007ffef4085000 	C:\WINDOWS\System32\DriverStore\FileRepository\igdlh64.inf_amd64_82548830eadb8221\igdumdim64.dll
0x00007fff49040000 - 0x00007fff49105000 	C:\WINDOWS\System32\OLEAUT32.dll
0x00007fff4aff0000 - 0x00007fff4b139000 	C:\WINDOWS\System32\ole32.dll
0x00007fff49760000 - 0x00007fff49bae000 	C:\WINDOWS\System32\SETUPAPI.dll
0x0000000077f80000 - 0x0000000077fc3000 	C:\Program Files\Java\jdk1.8.0_111\jre\bin\glass.dll
0x00007fff4b1a0000 - 0x00007fff4b2aa000 	C:\WINDOWS\System32\COMDLG32.dll
0x00007fff48840000 - 0x00007fff489a7000 	C:\WINDOWS\System32\MSCTF.dll
0x00007fff3e690000 - 0x00007fff3fc8e000 	C:\WINDOWS\System32\DriverStore\FileRepository\igdlh64.inf_amd64_82548830eadb8221\igc64.dll
0x00007fff2fb60000 - 0x00007fff2fbb1000 	C:\Users\Nicklas\.javacpp\cache\opencv-3.4.0-1.4-windows-x86_64.jar\org\bytedeco\javacpp\windows-x86_64\concrt140.dll
0x00007fff28f10000 - 0x00007fff28fae000 	C:\Program Files\TortoiseSVN\bin\MSVCP140.dll
0x00007fff28ef0000 - 0x00007fff28f07000 	C:\Program Files\TortoiseSVN\bin\VCRUNTIME140.dll
0x00007fff47130000 - 0x00007fff4713b000 	C:\WINDOWS\SYSTEM32\CRYPTBASE.DLL
0x00007fff2acd0000 - 0x00007fff2ad6d000 	C:\Users\Nicklas\.javacpp\cache\opencv-3.4.0-1.4-windows-x86_64.jar\org\bytedeco\javacpp\windows-x86_64\msvcp140.dll
0x00007fff46400000 - 0x00007fff46417000 	C:\Users\Nicklas\.javacpp\cache\opencv-3.4.0-1.4-windows-x86_64.jar\org\bytedeco\javacpp\windows-x86_64\vcruntime140.dll
0x0000000005110000 - 0x0000000005113000 	C:\Users\Nicklas\.javacpp\cache\opencv-3.4.0-1.4-windows-x86_64.jar\org\bytedeco\javacpp\windows-x86_64\api-ms-win-crt-locale-l1-1-0.dll
0x0000000005120000 - 0x0000000005124000 	C:\Users\Nicklas\.javacpp\cache\opencv-3.4.0-1.4-windows-x86_64.jar\org\bytedeco\javacpp\windows-x86_64\api-ms-win-crt-string-l1-1-0.dll
0x0000000005130000 - 0x0000000005134000 	C:\Users\Nicklas\.javacpp\cache\opencv-3.4.0-1.4-windows-x86_64.jar\org\bytedeco\javacpp\windows-x86_64\api-ms-win-crt-stdio-l1-1-0.dll
0x0000000005140000 - 0x0000000005145000 	C:\Users\Nicklas\.javacpp\cache\opencv-3.4.0-1.4-windows-x86_64.jar\org\bytedeco\javacpp\windows-x86_64\api-ms-win-crt-math-l1-1-0.dll
0x0000000005150000 - 0x0000000005153000 	C:\Users\Nicklas\.javacpp\cache\opencv-3.4.0-1.4-windows-x86_64.jar\org\bytedeco\javacpp\windows-x86_64\api-ms-win-crt-heap-l1-1-0.dll
0x0000000005160000 - 0x0000000005164000 	C:\Users\Nicklas\.javacpp\cache\opencv-3.4.0-1.4-windows-x86_64.jar\org\bytedeco\javacpp\windows-x86_64\api-ms-win-crt-runtime-l1-1-0.dll
0x0000000005170000 - 0x0000000005174000 	C:\Users\Nicklas\.javacpp\cache\opencv-3.4.0-1.4-windows-x86_64.jar\org\bytedeco\javacpp\windows-x86_64\api-ms-win-crt-convert-l1-1-0.dll
0x0000000005180000 - 0x0000000005183000 	C:\Users\Nicklas\.javacpp\cache\opencv-3.4.0-1.4-windows-x86_64.jar\org\bytedeco\javacpp\windows-x86_64\api-ms-win-crt-environment-l1-1-0.dll
0x0000000022570000 - 0x0000000022573000 	C:\Users\Nicklas\.javacpp\cache\opencv-3.4.0-1.4-windows-x86_64.jar\org\bytedeco\javacpp\windows-x86_64\api-ms-win-crt-time-l1-1-0.dll
0x0000000022580000 - 0x0000000022583000 	C:\Users\Nicklas\.javacpp\cache\opencv-3.4.0-1.4-windows-x86_64.jar\org\bytedeco\javacpp\windows-x86_64\api-ms-win-crt-filesystem-l1-1-0.dll
0x0000000022590000 - 0x0000000022593000 	C:\Users\Nicklas\.javacpp\cache\opencv-3.4.0-1.4-windows-x86_64.jar\org\bytedeco\javacpp\windows-x86_64\api-ms-win-crt-utility-l1-1-0.dll
0x00000000225a0000 - 0x00000000225a5000 	C:\Users\Nicklas\.javacpp\cache\opencv-3.4.0-1.4-windows-x86_64.jar\org\bytedeco\javacpp\windows-x86_64\api-ms-win-crt-multibyte-l1-1-0.dll
0x00007fff19770000 - 0x00007fff19a76000 	C:\Users\Nicklas\.javacpp\cache\opencv-3.4.0-1.4-windows-x86_64.jar\org\bytedeco\javacpp\windows-x86_64\opencv_core340.dll
0x00007fff18970000 - 0x00007fff18d7c000 	C:\Users\Nicklas\.javacpp\cache\opencv-3.4.0-1.4-windows-x86_64.jar\org\bytedeco\javacpp\windows-x86_64\opencv_imgproc340.dll
0x00007fff185f0000 - 0x00007fff1896b000 	C:\Users\Nicklas\.javacpp\cache\opencv-3.4.0-1.4-windows-x86_64.jar\org\bytedeco\javacpp\windows-x86_64\jniopencv_core.dll
0x0000000050080000 - 0x000000005009a000 	C:\Program Files\Java\jdk1.8.0_111\jre\bin\net.dll
0x00007fff46f50000 - 0x00007fff46fb6000 	C:\WINDOWS\system32\mswsock.dll
0x0000000050060000 - 0x0000000050071000 	C:\Program Files\Java\jdk1.8.0_111\jre\bin\nio.dll
0x0000000077de0000 - 0x0000000077f78000 	C:\Program Files\Java\jdk1.8.0_111\jre\bin\awt.dll
0x00007fff456d0000 - 0x00007fff45758000 	C:\WINDOWS\SYSTEM32\apphelp.dll
0x0000000050000000 - 0x0000000050014000 	C:\Program Files\Java\jdk1.8.0_111\jre\bin\javafx_font.dll
0x00007fff2ceb0000 - 0x00007fff2d1bf000 	C:\WINDOWS\SYSTEM32\dwrite.dll
0x00007fff49420000 - 0x00007fff494be000 	C:\WINDOWS\System32\clbcatq.dll
0x00007fff420d0000 - 0x00007fff4227b000 	C:\WINDOWS\SYSTEM32\WindowsCodecs.dll
0x00007fff2bdc0000 - 0x00007fff2be0f000 	C:\WINDOWS\system32\dataexchange.dll
0x00007fff44f40000 - 0x00007fff45082000 	C:\WINDOWS\system32\dcomp.dll
0x00007fff43ee0000 - 0x00007fff441c2000 	C:\WINDOWS\system32\d3d11.dll
0x00007fff46520000 - 0x00007fff465cf000 	C:\WINDOWS\system32\dxgi.dll
0x00007fff45d20000 - 0x00007fff45e9b000 	C:\WINDOWS\system32\twinapi.appcore.dll
0x00007fff45c90000 - 0x00007fff45cb0000 	C:\WINDOWS\system32\RMCLIENT.dll
0x00007fff47220000 - 0x00007fff47245000 	C:\WINDOWS\system32\bcrypt.dll
0x00007fff461b0000 - 0x00007fff461e4000 	C:\Program Files\Common Files\Microsoft Shared\Ink\rtscom.dll
0x00007fff2f000000 - 0x00007fff2f098000 	C:\WINDOWS\System32\TextInputFramework.dll
0x00007fff41cb0000 - 0x00007fff41f9e000 	C:\WINDOWS\System32\CoreUIComponents.dll
0x00007fff446d0000 - 0x00007fff447ac000 	C:\WINDOWS\System32\CoreMessaging.dll
0x00007fff467f0000 - 0x00007fff46821000 	C:\WINDOWS\SYSTEM32\ntmarta.dll
0x00007fff43ac0000 - 0x00007fff43bf6000 	C:\WINDOWS\SYSTEM32\wintypes.dll
0x0000000077dc0000 - 0x0000000077dd1000 	C:\Program Files\Java\jdk1.8.0_111\jre\bin\prism_common.dll
0x00007fff447b0000 - 0x00007fff44d68000 	C:\WINDOWS\SYSTEM32\d2d1.dll
0x00007fff484c0000 - 0x00007fff4868e000 	C:\WINDOWS\System32\CRYPT32.dll
0x00007fff476e0000 - 0x00007fff476f2000 	C:\WINDOWS\System32\MSASN1.dll
0x00007fff178c0000 - 0x00007fff1802c000 	C:\WINDOWS\SYSTEM32\D3D10Warp.dll
0x00007fff475c0000 - 0x00007fff475e9000 	C:\WINDOWS\SYSTEM32\USERENV.dll
0x00007fff18490000 - 0x00007fff185e5000 	C:\Users\Nicklas\.javacpp\cache\opencv-3.4.0-1.4-windows-x86_64.jar\org\bytedeco\javacpp\windows-x86_64\jniopencv_imgproc.dll
0x00007fff17150000 - 0x00007fff1741c000 	C:\Users\Nicklas\.javacpp\cache\opencv-3.4.0-1.4-windows-x86_64.jar\org\bytedeco\javacpp\windows-x86_64\opencv_imgcodecs340.dll
0x00007fff40a00000 - 0x00007fff40a34000 	C:\Users\Nicklas\.javacpp\cache\opencv-3.4.0-1.4-windows-x86_64.jar\org\bytedeco\javacpp\windows-x86_64\jniopencv_imgcodecs.dll
0x00007fff07f90000 - 0x00007fff08384000 	C:\Users\Nicklas\.javacpp\cache\opencv-3.4.0-1.4-windows-x86_64.jar\org\bytedeco\javacpp\windows-x86_64\opencv_dnn340.dll
0x00007fff2a740000 - 0x00007fff2a7b1000 	C:\Users\Nicklas\.javacpp\cache\opencv-3.4.0-1.4-windows-x86_64.jar\org\bytedeco\javacpp\windows-x86_64\jniopencv_dnn.dll
0x00007fff21ec0000 - 0x00007fff21f53000 	C:\Users\Nicklas\.javacpp\cache\opencv-3.4.0-1.4-windows-x86_64.jar\org\bytedeco\javacpp\windows-x86_64\opencv_objdetect340.dll
0x00007fff1eeb0000 - 0x00007fff1ef29000 	C:\Users\Nicklas\.javacpp\cache\opencv-3.4.0-1.4-windows-x86_64.jar\org\bytedeco\javacpp\windows-x86_64\jniopencv_objdetect.dll
0x00007fff1a960000 - 0x00007fff1aa5c000 	C:\Users\Nicklas\.javacpp\cache\opencv-3.4.0-1.4-windows-x86_64.jar\org\bytedeco\javacpp\windows-x86_64\opencv_photo340.dll
0x00007fff22350000 - 0x00007fff223a3000 	C:\Users\Nicklas\.javacpp\cache\opencv-3.4.0-1.4-windows-x86_64.jar\org\bytedeco\javacpp\windows-x86_64\jniopencv_photo.dll
0x00007fff196e0000 - 0x00007fff19763000 	C:\Users\Nicklas\.javacpp\cache\opencv-3.4.0-1.4-windows-x86_64.jar\org\bytedeco\javacpp\windows-x86_64\opencv_video340.dll
0x00007fff1ee60000 - 0x00007fff1eead000 	C:\Users\Nicklas\.javacpp\cache\opencv-3.4.0-1.4-windows-x86_64.jar\org\bytedeco\javacpp\windows-x86_64\jniopencv_video.dll
0x00007fff45530000 - 0x00007fff4555b000 	C:\Users\Nicklas\.javacpp\cache\opencv-3.4.0-1.4-windows-x86_64.jar\org\bytedeco\javacpp\windows-x86_64\opencv_plot340.dll
0x00007fff16f10000 - 0x00007fff17145000 	C:\Users\Nicklas\.javacpp\cache\opencv-3.4.0-1.4-windows-x86_64.jar\org\bytedeco\javacpp\windows-x86_64\opencv_tracking340.dll
0x00007fff07ec0000 - 0x00007fff07f90000 	C:\Users\Nicklas\.javacpp\cache\opencv-3.4.0-1.4-windows-x86_64.jar\org\bytedeco\javacpp\windows-x86_64\opencv_face340.dll
0x00007fff43e20000 - 0x00007fff43e45000 	C:\Users\Nicklas\.javacpp\cache\opencv-3.4.0-1.4-windows-x86_64.jar\org\bytedeco\javacpp\windows-x86_64\jniopencv_face.dll
0x00007fff47110000 - 0x00007fff47127000 	C:\WINDOWS\SYSTEM32\CRYPTSP.dll
0x00007fff46b50000 - 0x00007fff46b83000 	C:\WINDOWS\system32\rsaenh.dll
0x00007fff46ce0000 - 0x00007fff46d19000 	C:\WINDOWS\SYSTEM32\IPHLPAPI.DLL
0x00007fff49110000 - 0x00007fff49118000 	C:\WINDOWS\System32\NSI.dll
0x00007fff42360000 - 0x00007fff42376000 	C:\WINDOWS\SYSTEM32\dhcpcsvc6.DLL
0x00007fff42320000 - 0x00007fff4233a000 	C:\WINDOWS\SYSTEM32\dhcpcsvc.DLL
0x00007fff1dd80000 - 0x00007fff1ddcb000 	C:\Users\Nicklas\.javacpp\cache\opencv-3.4.0-1.4-windows-x86_64.jar\org\bytedeco\javacpp\windows-x86_64\opencv_videoio340.dll
0x00007fff431c0000 - 0x00007fff431e9000 	C:\WINDOWS\SYSTEM32\MSVFW32.dll
0x00007fff458e0000 - 0x00007fff458ff000 	C:\WINDOWS\SYSTEM32\AVIFIL32.dll
0x00007fff42c10000 - 0x00007fff42c2c000 	C:\WINDOWS\SYSTEM32\MSACM32.dll
0x00007fff45820000 - 0x00007fff45838000 	C:\WINDOWS\SYSTEM32\AVICAP32.dll
0x00007fff45610000 - 0x00007fff4562f000 	C:\Users\Nicklas\.javacpp\cache\opencv-3.4.0-1.4-windows-x86_64.jar\org\bytedeco\javacpp\windows-x86_64\jniopencv_videoio.dll
0x00007fff46d20000 - 0x00007fff46dd6000 	C:\WINDOWS\SYSTEM32\DNSAPI.dll

VM Arguments:
jvm_args: -Djava.library.path=C:\opencv\build\java\x64;C:\opencv\build\java\x64 -Dfile.encoding=Cp1252 
java_command: application.AppStart
java_class_path (initial): C:\Users\Nicklas\Workspace SilverSpin\FaceRecognizerJava\target\classes;C:\Users\Nicklas\Program\eclipse\plugins\org.eclipse.fx.ide.css.jfx8_2.4.0.201605112122.jar;C:\opencv\build\java\opencv-340.jar;C:\Users\Nicklas\.m2\repository\mysql\mysql-connector-java\5.1.14\mysql-connector-java-5.1.14.jar;C:\Users\Nicklas\.m2\repository\org\bytedeco\javacpp-presets\tesseract-platform\3.05.01-1.4\tesseract-platform-3.05.01-1.4.jar;C:\Users\Nicklas\.m2\repository\org\bytedeco\javacpp-presets\leptonica-platform\1.74.4-1.4\leptonica-platform-1.74.4-1.4.jar;C:\Users\Nicklas\.m2\repository\org\bytedeco\javacpp-presets\leptonica\1.74.4-1.4\leptonica-1.74.4-1.4.jar;C:\Users\Nicklas\.m2\repository\org\bytedeco\javacpp-presets\leptonica\1.74.4-1.4\leptonica-1.74.4-1.4-android-arm.jar;C:\Users\Nicklas\.m2\repository\org\bytedeco\javacpp-presets\leptonica\1.74.4-1.4\leptonica-1.74.4-1.4-android-x86.jar;C:\Users\Nicklas\.m2\repository\org\bytedeco\javacpp-presets\leptonica\1.74.4-1.4\leptonica-1.74.4-1.4-linux-x86.jar;C:\Users\Nicklas\.m2\repository\org\bytedeco\javacpp-presets\leptonica\1.74.4-1.4\leptonica-1.74.4-1.4-linux-x86_64.jar;C:\Users\Nicklas\.m2\repository\org\bytedeco\javacpp-presets\leptonica\1.74.4-1.4\leptonica-1.74.4-1.4-linux-armhf.jar;C:\Users\Nicklas\.m2\repository\org\bytedeco\javacpp-presets\leptonica\1.74.4-1.4\leptonica-1.74.4-1.4-linux-ppc64le.jar;C:\Users\Nicklas\.m2\repository\org\bytedeco\javacpp-presets\leptonica\1.74.4-1.4\leptonica-1.74.4-1.4-macosx-x86_64.jar;C:\Users\Nicklas\.m2\repository\org\bytedeco\javacpp-presets\leptonica\1.74.4-1.4\leptonica-1.74.4-1.4-windows-x86.jar;C:\Users\Nicklas\.m2\repository\org\bytedeco\javacpp-presets\leptonica\1.74.4-1.4\leptonica-1.74.4-1.4-windows-x86_64.jar;C:\Users\Nicklas\.m2\repository\org\bytedeco\javacpp-presets\tesseract\3.05.01-1.4\tesseract-3.05.01-1.4.jar;C:\Users\Nicklas\.m2\repository\org\bytedeco\javacpp-presets\tesseract\3.05.01-1.4\tesseract-3.05.01-1.4-android-arm.jar;C:\User
Launcher Type: SUN_STANDARD

Environment Variables:
PATH=C:\Users\Nicklas\AppData\Local\Microsoft\WindowsApps;C:\Users\Nicklas\AppData\Local\atom\bin;C:\Program Files\Java\jdk1.8.0_111\bin;C:\Program Files\TortoiseSVN\bin;C:\Users\Nicklas\Program\Git\cmd;C:\Users\Nicklas\Program\Git\mingw64\bin;C:\Users\Nicklas\Program\Git\usr\bin;C:\Gradle\gradle-3.5\bin;C:\WINDOWS\system32;C:\WINDOWS;C:\WINDOWS\System32\Wbem;C:\WINDOWS\System32\WindowsPowerShell\v1.0\;C:\Maven\apache-maven-3.5.2\bin;C:\HashiCorp\Vagrant\bin;C:\Users\Nicklas\AppData\Local\Microsoft\WindowsApps;C:\Users\Nicklas\AppData\Local\atom\bin;C:\Users\Nicklas\AppData\Local\Microsoft\WindowsApps;C:\Maven\apache-maven-3.5.2\bin;C:\Users\Nicklas\AppData\Local\GitHubDesktop\bin
USERNAME=Nicklas
OS=Windows_NT
PROCESSOR_IDENTIFIER=Intel64 Family 6 Model 78 Stepping 3, GenuineIntel



---------------  S Y S T E M  ---------------

OS: Windows 10.0 , 64 bit Build 16299 (10.0.16299.15)

CPU:total 4 (2 cores per cpu, 2 threads per core) family 6 model 78 stepping 3, cmov, cx8, fxsr, mmx, sse, sse2, sse3, ssse3, sse4.1, sse4.2, popcnt, avx, avx2, aes, clmul, erms, 3dnowpref, lzcnt, ht, tsc, tscinvbit, bmi1, bmi2, adx

Memory: 4k page, physical 8250276k(2653232k free), swap 12706724k(4439576k free)

vm_info: Java HotSpot(TM) 64-Bit Server VM (25.111-b14) for windows-amd64 JRE (1.8.0_111-b14), built on Sep 22 2016 19:24:05 by "java_re" with MS VC++ 10.0 (VS2010)

time: Thu Mar 22 10:54:03 2018
elapsed time: 38 seconds (0d 0h 0m 38s)

