#
# A fatal error has been detected by the Java Runtime Environment:
#
#  EXCEPTION_ACCESS_VIOLATION (0xc0000005) at pc=0x00007fff4b3bbe7b, pid=9112, tid=0x00000000000029d0
#
# JRE version: Java(TM) SE Runtime Environment (8.0_111-b14) (build 1.8.0_111-b14)
# Java VM: Java HotSpot(TM) 64-Bit Server VM (25.111-b14 mixed mode windows-amd64 compressed oops)
# Problematic frame:
# C  [ntdll.dll+0x4be7b]
#
# Failed to write core dump. Minidumps are not enabled by default on client versions of Windows
#
# If you would like to submit a bug report, please visit:
#   http://bugreport.java.com/bugreport/crash.jsp
# The crash happened outside the Java Virtual Machine in native code.
# See problematic frame for where to report the bug.
#

---------------  T H R E A D  ---------------

Current thread (0x000000001bb93000):  JavaThread "Thread-7" [_thread_in_native, id=10704, stack(0x000000003a1e0000,0x000000003a2e0000)]

siginfo: ExceptionCode=0xc0000005, writing address 0x0000000000000024

Registers:
RAX=0x0000000000000000, RBX=0x0000000023133598, RCX=0x0000000023133598, RDX=0xffffffffffffffff
RSP=0x000000003a2df250, RBP=0x000000003a2df2c0, RSI=0x0000000000000000, RDI=0x0000000000000000
R8 =0x0000000000000000, R9 =0x0000000000000000, R10=0x0000000000000000, R11=0x0000000000000246
R12=0x0000000000000000, R13=0x000000003a2df610, R14=0x0000000000000000, R15=0x0000000000000000
RIP=0x00007fff4b3bbe7b, EFLAGS=0x0000000000010213

Top of Stack: (sp=0x000000003a2df250)
0x000000003a2df250:   ffffffffffffffff 0000000023133598
0x000000003a2df260:   000000003a2df360 0000000000000001
0x000000003a2df270:   0000000000000000 000000002eaeea30
0x000000003a2df280:   0000000000000000 0000000000f62000
0x000000003a2df290:   000000001b99b3a0 000000001bb931f8
0x000000003a2df2a0:   00000000506f52e8 0000000005311e30
0x000000003a2df2b0:   000000002eaeb7c0 00007fff47923b7f
0x000000003a2df2c0:   0000000000000000 0000000000000001
0x000000003a2df2d0:   000000003a2df610 0000000000000000
0x000000003a2df2e0:   0000000000000000 00000000318f5b00
0x000000003a2df2f0:   0000000000000001 00007fff4b390c49
0x000000003a2df300:   0000000000000000 0000000023133598
0x000000003a2df310:   00000000fffffffa 0000000000000000
0x000000003a2df320:   0000000031030e80 00007fff4b390b60
0x000000003a2df330:   00000000318f5bc8 0000000000000000
0x000000003a2df340:   00000000318f5b00 0000000000000000 

Instructions: (pc=0x00007fff4b3bbe7b)
0x00007fff4b3bbe5b:   0f 45 f6 48 39 73 18 0f 84 bb 01 00 00 48 83 3b
0x00007fff4b3bbe6b:   ff 0f 84 be 01 00 00 48 8b 03 48 83 f8 ff 74 03
0x00007fff4b3bbe7b:   ff 40 24 48 8b 7b 18 44 8b ee 48 89 7d c0 e8 02
0x00007fff4b3bbe8b:   ae fd ff 85 c0 0f 85 1a 14 07 00 b9 82 03 fe 7f 


Register to memory mapping:

RAX=0x0000000000000000 is an unknown value
RBX=0x0000000023133598 is an unknown value
RCX=0x0000000023133598 is an unknown value
RDX=0xffffffffffffffff is an unknown value
RSP=0x000000003a2df250 is pointing into the stack for thread: 0x000000001bb93000
RBP=0x000000003a2df2c0 is pointing into the stack for thread: 0x000000001bb93000
RSI=0x0000000000000000 is an unknown value
RDI=0x0000000000000000 is an unknown value
R8 =0x0000000000000000 is an unknown value
R9 =0x0000000000000000 is an unknown value
R10=0x0000000000000000 is an unknown value
R11=0x0000000000000246 is an unknown value
R12=0x0000000000000000 is an unknown value
R13=0x000000003a2df610 is pointing into the stack for thread: 0x000000001bb93000
R14=0x0000000000000000 is an unknown value
R15=0x0000000000000000 is an unknown value


Stack: [0x000000003a1e0000,0x000000003a2e0000],  sp=0x000000003a2df250,  free space=1020k
Native frames: (J=compiled Java code, j=interpreted, Vv=VM code, C=native code)
C  [ntdll.dll+0x4be7b]
C  [ntdll.dll+0x20c49]
C  [ntdll.dll+0x20b60]
C  0x00007fff19692665
C  0x00007fff19698093
C  0x00000000058f809f

Java frames: (J=compiled Java code, j=interpreted, Vv=VM code)
J 3983  org.bytedeco.javacpp.videoInputLib$videoInput.getPixels(ILorg/bytedeco/javacpp/BytePointer;ZZ)Z (0 bytes) @ 0x00000000058f8019 [0x00000000058f7fc0+0x59]
J 3980 C1 org.bytedeco.javacv.VideoInputFrameGrabber.grab()Lorg/bytedeco/javacv/Frame; (200 bytes) @ 0x000000000566f364 [0x000000000566eb00+0x864]
j  application.ObjectTracker.run()V+39
j  java.lang.Thread.run()V+11
v  ~StubRoutines::call_stub

---------------  P R O C E S S  ---------------

Java Threads: ( => current thread )
=>0x000000001bb93000 JavaThread "Thread-7" [_thread_in_native, id=10704, stack(0x000000003a1e0000,0x000000003a2e0000)]
  0x000000001bb92800 JavaThread "AWT-EventQueue-0" [_thread_blocked, id=10224, stack(0x000000003a0e0000,0x000000003a1e0000)]
  0x000000001bb94800 JavaThread "AWT-Shutdown" [_thread_blocked, id=12508, stack(0x0000000039fe0000,0x000000003a0e0000)]
  0x000000001bb94000 JavaThread "Prism Font Disposer" daemon [_thread_blocked, id=5124, stack(0x0000000028590000,0x0000000028690000)]
  0x00000000235ea800 JavaThread "AWT-Windows" daemon [_thread_in_native, id=2308, stack(0x0000000024d10000,0x0000000024e10000)]
  0x000000001beab000 JavaThread "Java2D Disposer" daemon [_thread_blocked, id=1356, stack(0x0000000024b10000,0x0000000024c10000)]
  0x000000001c31b800 JavaThread "JavaCPP Deallocator" daemon [_thread_blocked, id=12460, stack(0x00000000246d0000,0x00000000247d0000)]
  0x000000001beda000 JavaThread "Thread-3" daemon [_thread_in_native, id=11688, stack(0x00000000231d0000,0x00000000232d0000)]
  0x000000001beb7000 JavaThread "JavaFX-Launcher" [_thread_blocked, id=2008, stack(0x00000000232d0000,0x00000000233d0000)]
  0x000000001be1a800 JavaThread "JavaFX Application Thread" [_thread_in_native, id=10672, stack(0x000000001c900000,0x000000001ca00000)]
  0x000000001be0d800 JavaThread "Thread-1" daemon [_thread_blocked, id=11508, stack(0x000000001c800000,0x000000001c900000)]
  0x000000001bbe2800 JavaThread "QuantumRenderer-0" daemon [_thread_in_native, id=12900, stack(0x000000001c600000,0x000000001c700000)]
  0x000000001b841000 JavaThread "Service Thread" daemon [_thread_blocked, id=9468, stack(0x000000001bc00000,0x000000001bd00000)]
  0x0000000019ecb000 JavaThread "C1 CompilerThread2" daemon [_thread_in_native, id=8060, stack(0x000000001b700000,0x000000001b800000)]
  0x0000000019ebc000 JavaThread "C2 CompilerThread1" daemon [_thread_blocked, id=9640, stack(0x000000001b600000,0x000000001b700000)]
  0x0000000019eb9800 JavaThread "C2 CompilerThread0" daemon [_thread_blocked, id=11932, stack(0x000000001b500000,0x000000001b600000)]
  0x0000000019eb6000 JavaThread "Attach Listener" daemon [_thread_blocked, id=8708, stack(0x000000001b400000,0x000000001b500000)]
  0x0000000019eb4800 JavaThread "Signal Dispatcher" daemon [_thread_blocked, id=3136, stack(0x000000001b300000,0x000000001b400000)]
  0x0000000019ea0000 JavaThread "Finalizer" daemon [_thread_blocked, id=12012, stack(0x000000001b100000,0x000000001b200000)]
  0x00000000053b5800 JavaThread "Reference Handler" daemon [_thread_blocked, id=9916, stack(0x000000001b000000,0x000000001b100000)]
  0x00000000052c7000 JavaThread "main" [_thread_blocked, id=11708, stack(0x0000000005110000,0x0000000005210000)]

Other Threads:
  0x0000000019e78000 VMThread [stack: 0x000000001af00000,0x000000001b000000] [id=2488]
  0x000000001b884000 WatcherThread [stack: 0x000000001bd00000,0x000000001be00000] [id=5412]

VM state:not at safepoint (normal execution)

VM Mutex/Monitor currently owned by a thread: None

Heap:
 PSYoungGen      total 123904K, used 74805K [0x00000000d6000000, 0x00000000df180000, 0x0000000100000000)
  eden space 112640K, 58% used [0x00000000d6000000,0x00000000da0a16e8,0x00000000dce00000)
  from space 11264K, 76% used [0x00000000dce00000,0x00000000dd66bd48,0x00000000dd900000)
  to   space 11264K, 0% used [0x00000000de680000,0x00000000de680000,0x00000000df180000)
 ParOldGen       total 94720K, used 30791K [0x0000000082000000, 0x0000000087c80000, 0x00000000d6000000)
  object space 94720K, 32% used [0x0000000082000000,0x0000000083e11ed0,0x0000000087c80000)
 Metaspace       used 30898K, capacity 31970K, committed 32256K, reserved 1077248K
  class space    used 4065K, capacity 4298K, committed 4352K, reserved 1048576K

Card table byte_map: [0x0000000014780000,0x0000000014b80000] byte_map_base: 0x0000000014370000

Marking Bits: (ParMarkBitMap*) 0x000000005091a6c0
 Begin Bits: [0x0000000015220000, 0x00000000171a0000)
 End Bits:   [0x00000000171a0000, 0x0000000019120000)

Polling page: 0x0000000000dc0000

CodeCache: size=245760Kb used=11548Kb max_used=12104Kb free=234211Kb
 bounds [0x00000000053c0000, 0x0000000005fe0000, 0x00000000143c0000]
 total_blobs=4513 nmethods=3546 adapters=878
 compilation: enabled

Compilation events (10 events):
Event: 20.823 Thread 0x0000000019ecb000 3996       3       java.lang.Object::wait (6 bytes)
Event: 20.823 Thread 0x0000000019ecb000 nmethod 3996 0x0000000005606190 code [0x0000000005606300, 0x0000000005606508]
Event: 20.878 Thread 0x0000000019ecb000 3997       3       java.util.concurrent.locks.LockSupport::park (23 bytes)
Event: 20.879 Thread 0x0000000019ecb000 nmethod 3997 0x0000000005e2e390 code [0x0000000005e2e500, 0x0000000005e2e848]
Event: 20.894 Thread 0x0000000019ecb000 3999       3       com.sun.javafx.tk.Toolkit::runPulse (26 bytes)
Event: 20.898 Thread 0x0000000019ecb000 nmethod 3999 0x00000000057d3710 code [0x00000000057d38e0, 0x00000000057d3fb8]
Event: 20.898 Thread 0x0000000019ecb000 4000       3       com.sun.javafx.tk.Toolkit$$Lambda$264/933440013::get$Lambda (9 bytes)
Event: 20.898 Thread 0x0000000019ecb000 nmethod 4000 0x00000000057d3250 code [0x00000000057d33c0, 0x00000000057d3610]
Event: 20.898 Thread 0x0000000019ecb000 4001       1       javafx.scene.Scene::isFocusDirty (5 bytes)
Event: 20.898 Thread 0x0000000019ecb000 nmethod 4001 0x000000000556d910 code [0x000000000556da60, 0x000000000556db70]

GC Heap History (10 events):
Event: 5.042 GC heap before
{Heap before GC invocations=8 (full 1):
 PSYoungGen      total 92160K, used 88939K [0x00000000d6000000, 0x00000000dc500000, 0x0000000100000000)
  eden space 81920K, 100% used [0x00000000d6000000,0x00000000db000000,0x00000000db000000)
  from space 10240K, 68% used [0x00000000dba00000,0x00000000dc0dafa0,0x00000000dc400000)
  to   space 10240K, 0% used [0x00000000db000000,0x00000000db000000,0x00000000dba00000)
 ParOldGen       total 94720K, used 30751K [0x0000000082000000, 0x0000000087c80000, 0x00000000d6000000)
  object space 94720K, 32% used [0x0000000082000000,0x0000000083e07ed0,0x0000000087c80000)
 Metaspace       used 24181K, capacity 25236K, committed 25472K, reserved 1071104K
  class space    used 3359K, capacity 3607K, committed 3712K, reserved 1048576K
Event: 5.046 GC heap after
Heap after GC invocations=8 (full 1):
 PSYoungGen      total 92160K, used 6720K [0x00000000d6000000, 0x00000000dd800000, 0x0000000100000000)
  eden space 81920K, 0% used [0x00000000d6000000,0x00000000d6000000,0x00000000db000000)
  from space 10240K, 65% used [0x00000000db000000,0x00000000db690030,0x00000000dba00000)
  to   space 10240K, 0% used [0x00000000dce00000,0x00000000dce00000,0x00000000dd800000)
 ParOldGen       total 94720K, used 30759K [0x0000000082000000, 0x0000000087c80000, 0x00000000d6000000)
  object space 94720K, 32% used [0x0000000082000000,0x0000000083e09ed0,0x0000000087c80000)
 Metaspace       used 24181K, capacity 25236K, committed 25472K, reserved 1071104K
  class space    used 3359K, capacity 3607K, committed 3712K, reserved 1048576K
}
Event: 6.443 GC heap before
{Heap before GC invocations=9 (full 1):
 PSYoungGen      total 92160K, used 88640K [0x00000000d6000000, 0x00000000dd800000, 0x0000000100000000)
  eden space 81920K, 100% used [0x00000000d6000000,0x00000000db000000,0x00000000db000000)
  from space 10240K, 65% used [0x00000000db000000,0x00000000db690030,0x00000000dba00000)
  to   space 10240K, 0% used [0x00000000dce00000,0x00000000dce00000,0x00000000dd800000)
 ParOldGen       total 94720K, used 30759K [0x0000000082000000, 0x0000000087c80000, 0x00000000d6000000)
  object space 94720K, 32% used [0x0000000082000000,0x0000000083e09ed0,0x0000000087c80000)
 Metaspace       used 27288K, capacity 28340K, committed 28544K, reserved 1073152K
  class space    used 3649K, capacity 3911K, committed 3968K, reserved 1048576K
Event: 6.448 GC heap after
Heap after GC invocations=9 (full 1):
 PSYoungGen      total 107520K, used 6740K [0x00000000d6000000, 0x00000000dd580000, 0x0000000100000000)
  eden space 99840K, 0% used [0x00000000d6000000,0x00000000d6000000,0x00000000dc180000)
  from space 7680K, 87% used [0x00000000dce00000,0x00000000dd495030,0x00000000dd580000)
  to   space 10240K, 0% used [0x00000000dc180000,0x00000000dc180000,0x00000000dcb80000)
 ParOldGen       total 94720K, used 30767K [0x0000000082000000, 0x0000000087c80000, 0x00000000d6000000)
  object space 94720K, 32% used [0x0000000082000000,0x0000000083e0bed0,0x0000000087c80000)
 Metaspace       used 27288K, capacity 28340K, committed 28544K, reserved 1073152K
  class space    used 3649K, capacity 3911K, committed 3968K, reserved 1048576K
}
Event: 6.943 GC heap before
{Heap before GC invocations=10 (full 1):
 PSYoungGen      total 107520K, used 106580K [0x00000000d6000000, 0x00000000dd580000, 0x0000000100000000)
  eden space 99840K, 100% used [0x00000000d6000000,0x00000000dc180000,0x00000000dc180000)
  from space 7680K, 87% used [0x00000000dce00000,0x00000000dd495030,0x00000000dd580000)
  to   space 10240K, 0% used [0x00000000dc180000,0x00000000dc180000,0x00000000dcb80000)
 ParOldGen       total 94720K, used 30767K [0x0000000082000000, 0x0000000087c80000, 0x00000000d6000000)
  object space 94720K, 32% used [0x0000000082000000,0x0000000083e0bed0,0x0000000087c80000)
 Metaspace       used 27705K, capacity 28820K, committed 29056K, reserved 1075200K
  class space    used 3688K, capacity 3943K, committed 3968K, reserved 1048576K
Event: 6.948 GC heap after
Heap after GC invocations=10 (full 1):
 PSYoungGen      total 110080K, used 6991K [0x00000000d6000000, 0x00000000de300000, 0x0000000100000000)
  eden space 99840K, 0% used [0x00000000d6000000,0x00000000d6000000,0x00000000dc180000)
  from space 10240K, 68% used [0x00000000dc180000,0x00000000dc853d30,0x00000000dcb80000)
  to   space 10240K, 0% used [0x00000000dd900000,0x00000000dd900000,0x00000000de300000)
 ParOldGen       total 94720K, used 30775K [0x0000000082000000, 0x0000000087c80000, 0x00000000d6000000)
  object space 94720K, 32% used [0x0000000082000000,0x0000000083e0ded0,0x0000000087c80000)
 Metaspace       used 27705K, capacity 28820K, committed 29056K, reserved 1075200K
  class space    used 3688K, capacity 3943K, committed 3968K, reserved 1048576K
}
Event: 8.229 GC heap before
{Heap before GC invocations=11 (full 1):
 PSYoungGen      total 110080K, used 105917K [0x00000000d6000000, 0x00000000de300000, 0x0000000100000000)
  eden space 99840K, 99% used [0x00000000d6000000,0x00000000dc09b9c8,0x00000000dc180000)
  from space 10240K, 68% used [0x00000000dc180000,0x00000000dc853d30,0x00000000dcb80000)
  to   space 10240K, 0% used [0x00000000dd900000,0x00000000dd900000,0x00000000de300000)
 ParOldGen       total 94720K, used 30775K [0x0000000082000000, 0x0000000087c80000, 0x00000000d6000000)
  object space 94720K, 32% used [0x0000000082000000,0x0000000083e0ded0,0x0000000087c80000)
 Metaspace       used 27994K, capacity 29078K, committed 29312K, reserved 1075200K
  class space    used 3704K, capacity 3944K, committed 3968K, reserved 1048576K
Event: 8.235 GC heap after
Heap after GC invocations=11 (full 1):
 PSYoungGen      total 122880K, used 9407K [0x00000000d6000000, 0x00000000de400000, 0x0000000100000000)
  eden space 112640K, 0% used [0x00000000d6000000,0x00000000d6000000,0x00000000dce00000)
  from space 10240K, 91% used [0x00000000dd900000,0x00000000de22fd60,0x00000000de300000)
  to   space 11264K, 0% used [0x00000000dce00000,0x00000000dce00000,0x00000000dd900000)
 ParOldGen       total 94720K, used 30783K [0x0000000082000000, 0x0000000087c80000, 0x00000000d6000000)
  object space 94720K, 32% used [0x0000000082000000,0x0000000083e0fed0,0x0000000087c80000)
 Metaspace       used 27994K, capacity 29078K, committed 29312K, reserved 1075200K
  class space    used 3704K, capacity 3944K, committed 3968K, reserved 1048576K
}
Event: 10.194 GC heap before
{Heap before GC invocations=12 (full 1):
 PSYoungGen      total 122880K, used 122047K [0x00000000d6000000, 0x00000000de400000, 0x0000000100000000)
  eden space 112640K, 100% used [0x00000000d6000000,0x00000000dce00000,0x00000000dce00000)
  from space 10240K, 91% used [0x00000000dd900000,0x00000000de22fd60,0x00000000de300000)
  to   space 11264K, 0% used [0x00000000dce00000,0x00000000dce00000,0x00000000dd900000)
 ParOldGen       total 94720K, used 30783K [0x0000000082000000, 0x0000000087c80000, 0x00000000d6000000)
  object space 94720K, 32% used [0x0000000082000000,0x0000000083e0fed0,0x0000000087c80000)
 Metaspace       used 29790K, capacity 30878K, committed 31104K, reserved 1077248K
  class space    used 3932K, capacity 4170K, committed 4224K, reserved 1048576K
Event: 10.206 GC heap after
Heap after GC invocations=12 (full 1):
 PSYoungGen      total 123904K, used 8623K [0x00000000d6000000, 0x00000000df180000, 0x0000000100000000)
  eden space 112640K, 0% used [0x00000000d6000000,0x00000000d6000000,0x00000000dce00000)
  from space 11264K, 76% used [0x00000000dce00000,0x00000000dd66bd48,0x00000000dd900000)
  to   space 11264K, 0% used [0x00000000de680000,0x00000000de680000,0x00000000df180000)
 ParOldGen       total 94720K, used 30791K [0x0000000082000000, 0x0000000087c80000, 0x00000000d6000000)
  object space 94720K, 32% used [0x0000000082000000,0x0000000083e11ed0,0x0000000087c80000)
 Metaspace       used 29790K, capacity 30878K, committed 31104K, reserved 1077248K
  class space    used 3932K, capacity 4170K, committed 4224K, reserved 1048576K
}

Deoptimization events (10 events):
Event: 9.617 Thread 0x000000001bbe2800 Uncommon trap: reason=unstable_if action=reinterpret pc=0x0000000005ecbd3c method=com.sun.prism.d3d.D3DTextureResource.isValid()Z @ 4
Event: 9.994 Thread 0x000000001be1a800 Uncommon trap: reason=unstable_if action=reinterpret pc=0x00000000055ccb98 method=java.lang.AbstractStringBuilder.append(Ljava/lang/String;)Ljava/lang/AbstractStringBuilder; @ 1
Event: 10.217 Thread 0x000000001bb93000 Uncommon trap: reason=unstable_if action=reinterpret pc=0x0000000005e2c26c method=sun.nio.fs.WindowsPath.compareTo(Ljava/nio/file/Path;)I @ 76
Event: 10.391 Thread 0x000000001bb93000 Uncommon trap: reason=unstable_if action=reinterpret pc=0x0000000005759f68 method=java.lang.String.lastIndexOf([CII[CIII)I @ 118
Event: 11.222 Thread 0x000000001bb93000 Uncommon trap: reason=predicate action=maybe_recompile pc=0x0000000005e33db8 method=org.bytedeco.javacv.Java2DFrameConverter.flipCopyWithGamma(Ljava/nio/ByteBuffer;ILjava/nio/ByteBuffer;IZDZI)V @ 491
Event: 11.222 Thread 0x000000001bb93000 Uncommon trap: reason=unstable_if action=reinterpret pc=0x0000000005e113ec method=org.bytedeco.javacv.Java2DFrameConverter.flipCopyWithGamma(Ljava/nio/ByteBuffer;ILjava/nio/ByteBuffer;IZDZI)V @ 505
Event: 14.655 Thread 0x000000001bb93000 Uncommon trap: reason=unstable_if action=reinterpret pc=0x0000000005b0e974 method=java.lang.ref.SoftReference.get()Ljava/lang/Object; @ 6
Event: 18.228 Thread 0x000000001bbe2800 Uncommon trap: reason=null_check action=make_not_entrant pc=0x0000000005f04218 method=com.sun.prism.impl.BaseResourcePool$WeakLinkedList.getResource()Lcom/sun/prism/impl/ManagedResource; @ 7
Event: 18.228 Thread 0x000000001bbe2800 Uncommon trap: reason=unstable_if action=reinterpret pc=0x0000000005f053b0 method=com.sun.prism.impl.ManagedResource._isgone(Lcom/sun/prism/impl/ManagedResource;)Z @ 1
Event: 18.467 Thread 0x000000001bbe2800 Uncommon trap: reason=unstable_if action=reinterpret pc=0x0000000005f8c2d4 method=com.sun.scenario.effect.impl.ImagePool.checkOut(Lcom/sun/scenario/effect/impl/Renderer;II)Lcom/sun/scenario/effect/impl/PoolFilterable; @ 5

Internal exceptions (10 events):
Event: 10.649 Thread 0x000000001bb93000 Exception <a 'sun/nio/fs/WindowsException'> (0x00000000d8726d58) thrown at [C:\re\workspace\8-2-build-windows-amd64-cygwin\jdk8u111\7883\hotspot\src\share\vm\prims\jni.cpp, line 709]
Event: 10.649 Thread 0x000000001bb93000 Exception <a 'sun/nio/fs/WindowsException'> (0x00000000d8727ff8) thrown at [C:\re\workspace\8-2-build-windows-amd64-cygwin\jdk8u111\7883\hotspot\src\share\vm\prims\jni.cpp, line 709]
Event: 10.649 Thread 0x000000001bb93000 Exception <a 'sun/nio/fs/WindowsException'> (0x00000000d87292e8) thrown at [C:\re\workspace\8-2-build-windows-amd64-cygwin\jdk8u111\7883\hotspot\src\share\vm\prims\jni.cpp, line 709]
Event: 10.650 Thread 0x000000001bb93000 Exception <a 'sun/nio/fs/WindowsException'> (0x00000000d872a5b0) thrown at [C:\re\workspace\8-2-build-windows-amd64-cygwin\jdk8u111\7883\hotspot\src\share\vm\prims\jni.cpp, line 709]
Event: 10.650 Thread 0x000000001bb93000 Exception <a 'sun/nio/fs/WindowsException'> (0x00000000d872b8a0) thrown at [C:\re\workspace\8-2-build-windows-amd64-cygwin\jdk8u111\7883\hotspot\src\share\vm\prims\jni.cpp, line 709]
Event: 10.757 Thread 0x000000001bb93000 Exception <a 'java/lang/UnsatisfiedLinkError': cl.eye.CLCamera.CLEyeGetCameraCount()I> (0x00000000d891ca60) thrown at [C:\re\workspace\8-2-build-windows-amd64-cygwin\jdk8u111\7883\hotspot\src\share\vm\prims\nativeLookup.cpp, line 378]
Event: 10.757 Thread 0x000000001bb93000 Exception <a 'java/lang/reflect/InvocationTargetException'> (0x00000000d891cc68) thrown at [C:\re\workspace\8-2-build-windows-amd64-cygwin\jdk8u111\7883\hotspot\src\share\vm\runtime\reflection.cpp, line 1092]
Event: 14.667 Thread 0x000000001bb93000 Exception <a 'sun/java2d/InvalidPipeException': bounds changed> (0x00000000d9f210a0) thrown at [C:\re\workspace\8-2-build-windows-amd64-cygwin\jdk8u111\7883\hotspot\src\share\vm\prims\jni.cpp, line 735]
Event: 18.228 Thread 0x000000001bbe2800 Implicit null exception at 0x0000000005f041d4 to 0x0000000005f0420d
Event: 18.228 Thread 0x000000001bbe2800 Implicit null exception at 0x0000000005f0532c to 0x0000000005f053a1

Events (10 events):
Event: 14.663 loading class sun/font/T2KFontScaler$1 done
Event: 18.228 Thread 0x000000001bbe2800 Uncommon trap: trap_request=0xfffffff4 fr.pc=0x0000000005f04218
Event: 18.228 Thread 0x000000001bbe2800 DEOPT PACKING pc=0x0000000005f04218 sp=0x000000001c6ff060
Event: 18.228 Thread 0x000000001bbe2800 DEOPT UNPACKING pc=0x000000000540582a sp=0x000000001c6feff8 mode 2
Event: 18.228 Thread 0x000000001bbe2800 Uncommon trap: trap_request=0xffffff65 fr.pc=0x0000000005f053b0
Event: 18.228 Thread 0x000000001bbe2800 DEOPT PACKING pc=0x0000000005f053b0 sp=0x000000001c6ff050
Event: 18.228 Thread 0x000000001bbe2800 DEOPT UNPACKING pc=0x000000000540582a sp=0x000000001c6feff8 mode 2
Event: 18.467 Thread 0x000000001bbe2800 Uncommon trap: trap_request=0xffffff65 fr.pc=0x0000000005f8c2d4
Event: 18.467 Thread 0x000000001bbe2800 DEOPT PACKING pc=0x0000000005f8c2d4 sp=0x000000001c6fcbe0
Event: 18.467 Thread 0x000000001bbe2800 DEOPT UNPACKING pc=0x000000000540582a sp=0x000000001c6fcb90 mode 2


Dynamic libraries:
0x00007ff738fe0000 - 0x00007ff739017000 	C:\Program Files\Java\jdk1.8.0_111\bin\javaw.exe
0x00007fff4b370000 - 0x00007fff4b550000 	C:\WINDOWS\SYSTEM32\ntdll.dll
0x00007fff492b0000 - 0x00007fff4935e000 	C:\WINDOWS\System32\KERNEL32.DLL
0x00007fff47910000 - 0x00007fff47b76000 	C:\WINDOWS\System32\KERNELBASE.dll
0x00007fff48ba0000 - 0x00007fff48c41000 	C:\WINDOWS\System32\ADVAPI32.dll
0x00007fff496c0000 - 0x00007fff4975d000 	C:\WINDOWS\System32\msvcrt.dll
0x00007fff48b40000 - 0x00007fff48b9b000 	C:\WINDOWS\System32\sechost.dll
0x00007fff49190000 - 0x00007fff492af000 	C:\WINDOWS\System32\RPCRT4.dll
0x00007fff489b0000 - 0x00007fff48b3f000 	C:\WINDOWS\System32\USER32.dll
0x00007fff47770000 - 0x00007fff47790000 	C:\WINDOWS\System32\win32u.dll
0x00007fff48d00000 - 0x00007fff48d28000 	C:\WINDOWS\System32\GDI32.dll
0x00007fff48320000 - 0x00007fff484b3000 	C:\WINDOWS\System32\gdi32full.dll
0x00007fff47870000 - 0x00007fff4790b000 	C:\WINDOWS\System32\msvcp_win.dll
0x00007fff48690000 - 0x00007fff48786000 	C:\WINDOWS\System32\ucrtbase.dll
0x00007fff35fb0000 - 0x00007fff36219000 	C:\WINDOWS\WinSxS\amd64_microsoft.windows.common-controls_6595b64144ccf1df_6.0.16299.309_none_15cfd4c4935e6b11\COMCTL32.dll
0x00007fff48d30000 - 0x00007fff49038000 	C:\WINDOWS\System32\combase.dll
0x00007fff477f0000 - 0x00007fff47862000 	C:\WINDOWS\System32\bcryptPrimitives.dll
0x00007fff493f0000 - 0x00007fff4941d000 	C:\WINDOWS\System32\IMM32.DLL
0x00000000509a0000 - 0x0000000050a72000 	C:\Program Files\Java\jdk1.8.0_111\jre\bin\msvcr100.dll
0x0000000050100000 - 0x000000005099a000 	C:\Program Files\Java\jdk1.8.0_111\jre\bin\server\jvm.dll
0x00007fff4b330000 - 0x00007fff4b338000 	C:\WINDOWS\System32\PSAPI.DLL
0x00007fff35170000 - 0x00007fff35179000 	C:\WINDOWS\SYSTEM32\WSOCK32.dll
0x00007fff49380000 - 0x00007fff493ec000 	C:\WINDOWS\System32\WS2_32.dll
0x00007fff457c0000 - 0x00007fff457e3000 	C:\WINDOWS\SYSTEM32\WINMM.dll
0x00007fff40c30000 - 0x00007fff40c3a000 	C:\WINDOWS\SYSTEM32\VERSION.dll
0x00007fff45790000 - 0x00007fff457ba000 	C:\WINDOWS\SYSTEM32\WINMMBASE.dll
0x00007fff482d0000 - 0x00007fff4831a000 	C:\WINDOWS\System32\cfgmgr32.dll
0x00000000500f0000 - 0x00000000500ff000 	C:\Program Files\Java\jdk1.8.0_111\jre\bin\verify.dll
0x00000000500c0000 - 0x00000000500e9000 	C:\Program Files\Java\jdk1.8.0_111\jre\bin\java.dll
0x00000000500a0000 - 0x00000000500b6000 	C:\Program Files\Java\jdk1.8.0_111\jre\bin\zip.dll
0x00007fff49bb0000 - 0x00007fff4afe6000 	C:\WINDOWS\System32\SHELL32.dll
0x00007fff48c50000 - 0x00007fff48cf6000 	C:\WINDOWS\System32\shcore.dll
0x00007fff47b80000 - 0x00007fff482c7000 	C:\WINDOWS\System32\windows.storage.dll
0x00007fff49120000 - 0x00007fff49171000 	C:\WINDOWS\System32\shlwapi.dll
0x00007fff47700000 - 0x00007fff47711000 	C:\WINDOWS\System32\kernel.appcore.dll
0x00007fff47720000 - 0x00007fff4776c000 	C:\WINDOWS\System32\powrprof.dll
0x00007fff476c0000 - 0x00007fff476db000 	C:\WINDOWS\System32\profapi.dll
0x00007fff21310000 - 0x00007fff213ff000 	C:\Program Files\Java\jdk1.8.0_111\jre\bin\msvcr120.dll
0x00007fff2ec80000 - 0x00007fff2ed26000 	C:\Program Files\Java\jdk1.8.0_111\jre\bin\msvcp120.dll
0x0000000077fd0000 - 0x0000000077ff2000 	C:\Program Files\Java\jdk1.8.0_111\jre\bin\prism_d3d.dll
0x00007fff14290000 - 0x00007fff14425000 	C:\WINDOWS\system32\d3d9.dll
0x00007fff45c60000 - 0x00007fff45c8a000 	C:\WINDOWS\SYSTEM32\dwmapi.dll
0x00007fff459a0000 - 0x00007fff45a35000 	C:\WINDOWS\system32\uxtheme.dll
0x00007ffef0460000 - 0x00007ffef4085000 	C:\WINDOWS\System32\DriverStore\FileRepository\igdlh64.inf_amd64_82548830eadb8221\igdumdim64.dll
0x00007fff49040000 - 0x00007fff49105000 	C:\WINDOWS\System32\OLEAUT32.dll
0x00007fff4aff0000 - 0x00007fff4b139000 	C:\WINDOWS\System32\ole32.dll
0x00007fff49760000 - 0x00007fff49bae000 	C:\WINDOWS\System32\SETUPAPI.dll
0x0000000077f80000 - 0x0000000077fc3000 	C:\Program Files\Java\jdk1.8.0_111\jre\bin\glass.dll
0x00007fff4b1a0000 - 0x00007fff4b2aa000 	C:\WINDOWS\System32\COMDLG32.dll
0x00007fff48840000 - 0x00007fff489a7000 	C:\WINDOWS\System32\MSCTF.dll
0x00007fff3e690000 - 0x00007fff3fc8e000 	C:\WINDOWS\System32\DriverStore\FileRepository\igdlh64.inf_amd64_82548830eadb8221\igc64.dll
0x00007fff2fb60000 - 0x00007fff2fbb1000 	C:\Users\Nicklas\.javacpp\cache\opencv-3.4.0-1.4-windows-x86_64.jar\org\bytedeco\javacpp\windows-x86_64\concrt140.dll
0x00007fff28f10000 - 0x00007fff28fae000 	C:\Program Files\TortoiseSVN\bin\MSVCP140.dll
0x00007fff28ef0000 - 0x00007fff28f07000 	C:\Program Files\TortoiseSVN\bin\VCRUNTIME140.dll
0x00007fff47130000 - 0x00007fff4713b000 	C:\WINDOWS\SYSTEM32\CRYPTBASE.DLL
0x00007fff2acd0000 - 0x00007fff2ad6d000 	C:\Users\Nicklas\.javacpp\cache\opencv-3.4.0-1.4-windows-x86_64.jar\org\bytedeco\javacpp\windows-x86_64\msvcp140.dll
0x00007fff461d0000 - 0x00007fff461e7000 	C:\Users\Nicklas\.javacpp\cache\opencv-3.4.0-1.4-windows-x86_64.jar\org\bytedeco\javacpp\windows-x86_64\vcruntime140.dll
0x0000000003290000 - 0x0000000003293000 	C:\Users\Nicklas\.javacpp\cache\opencv-3.4.0-1.4-windows-x86_64.jar\org\bytedeco\javacpp\windows-x86_64\api-ms-win-crt-locale-l1-1-0.dll
0x0000000005210000 - 0x0000000005214000 	C:\Users\Nicklas\.javacpp\cache\opencv-3.4.0-1.4-windows-x86_64.jar\org\bytedeco\javacpp\windows-x86_64\api-ms-win-crt-string-l1-1-0.dll
0x0000000005220000 - 0x0000000005224000 	C:\Users\Nicklas\.javacpp\cache\opencv-3.4.0-1.4-windows-x86_64.jar\org\bytedeco\javacpp\windows-x86_64\api-ms-win-crt-stdio-l1-1-0.dll
0x0000000005230000 - 0x0000000005235000 	C:\Users\Nicklas\.javacpp\cache\opencv-3.4.0-1.4-windows-x86_64.jar\org\bytedeco\javacpp\windows-x86_64\api-ms-win-crt-math-l1-1-0.dll
0x0000000005240000 - 0x0000000005243000 	C:\Users\Nicklas\.javacpp\cache\opencv-3.4.0-1.4-windows-x86_64.jar\org\bytedeco\javacpp\windows-x86_64\api-ms-win-crt-heap-l1-1-0.dll
0x0000000005250000 - 0x0000000005254000 	C:\Users\Nicklas\.javacpp\cache\opencv-3.4.0-1.4-windows-x86_64.jar\org\bytedeco\javacpp\windows-x86_64\api-ms-win-crt-runtime-l1-1-0.dll
0x0000000005260000 - 0x0000000005264000 	C:\Users\Nicklas\.javacpp\cache\opencv-3.4.0-1.4-windows-x86_64.jar\org\bytedeco\javacpp\windows-x86_64\api-ms-win-crt-convert-l1-1-0.dll
0x0000000005270000 - 0x0000000005273000 	C:\Users\Nicklas\.javacpp\cache\opencv-3.4.0-1.4-windows-x86_64.jar\org\bytedeco\javacpp\windows-x86_64\api-ms-win-crt-environment-l1-1-0.dll
0x0000000005280000 - 0x0000000005283000 	C:\Users\Nicklas\.javacpp\cache\opencv-3.4.0-1.4-windows-x86_64.jar\org\bytedeco\javacpp\windows-x86_64\api-ms-win-crt-time-l1-1-0.dll
0x0000000005290000 - 0x0000000005293000 	C:\Users\Nicklas\.javacpp\cache\opencv-3.4.0-1.4-windows-x86_64.jar\org\bytedeco\javacpp\windows-x86_64\api-ms-win-crt-filesystem-l1-1-0.dll
0x00000000052a0000 - 0x00000000052a3000 	C:\Users\Nicklas\.javacpp\cache\opencv-3.4.0-1.4-windows-x86_64.jar\org\bytedeco\javacpp\windows-x86_64\api-ms-win-crt-utility-l1-1-0.dll
0x0000000022da0000 - 0x0000000022da5000 	C:\Users\Nicklas\.javacpp\cache\opencv-3.4.0-1.4-windows-x86_64.jar\org\bytedeco\javacpp\windows-x86_64\api-ms-win-crt-multibyte-l1-1-0.dll
0x00007fff19770000 - 0x00007fff19a76000 	C:\Users\Nicklas\.javacpp\cache\opencv-3.4.0-1.4-windows-x86_64.jar\org\bytedeco\javacpp\windows-x86_64\opencv_core340.dll
0x00007fff18970000 - 0x00007fff18d7c000 	C:\Users\Nicklas\.javacpp\cache\opencv-3.4.0-1.4-windows-x86_64.jar\org\bytedeco\javacpp\windows-x86_64\opencv_imgproc340.dll
0x00007fff185f0000 - 0x00007fff1896b000 	C:\Users\Nicklas\.javacpp\cache\opencv-3.4.0-1.4-windows-x86_64.jar\org\bytedeco\javacpp\windows-x86_64\jniopencv_core.dll
0x0000000050080000 - 0x000000005009a000 	C:\Program Files\Java\jdk1.8.0_111\jre\bin\net.dll
0x00007fff46f50000 - 0x00007fff46fb6000 	C:\WINDOWS\system32\mswsock.dll
0x0000000050060000 - 0x0000000050071000 	C:\Program Files\Java\jdk1.8.0_111\jre\bin\nio.dll
0x0000000077de0000 - 0x0000000077f78000 	C:\Program Files\Java\jdk1.8.0_111\jre\bin\awt.dll
0x00007fff456d0000 - 0x00007fff45758000 	C:\WINDOWS\SYSTEM32\apphelp.dll
0x0000000050000000 - 0x0000000050014000 	C:\Program Files\Java\jdk1.8.0_111\jre\bin\javafx_font.dll
0x00007fff2ceb0000 - 0x00007fff2d1bf000 	C:\WINDOWS\SYSTEM32\dwrite.dll
0x00007fff49420000 - 0x00007fff494be000 	C:\WINDOWS\System32\clbcatq.dll
0x00007fff420d0000 - 0x00007fff4227b000 	C:\WINDOWS\SYSTEM32\WindowsCodecs.dll
0x00007fff2bdc0000 - 0x00007fff2be0f000 	C:\WINDOWS\system32\dataexchange.dll
0x00007fff43ee0000 - 0x00007fff441c2000 	C:\WINDOWS\system32\d3d11.dll
0x00007fff44f40000 - 0x00007fff45082000 	C:\WINDOWS\system32\dcomp.dll
0x00007fff46520000 - 0x00007fff465cf000 	C:\WINDOWS\system32\dxgi.dll
0x00007fff45d20000 - 0x00007fff45e9b000 	C:\WINDOWS\system32\twinapi.appcore.dll
0x00007fff45c90000 - 0x00007fff45cb0000 	C:\WINDOWS\system32\RMCLIENT.dll
0x00007fff47220000 - 0x00007fff47245000 	C:\WINDOWS\system32\bcrypt.dll
0x00007fff40a00000 - 0x00007fff40a34000 	C:\Program Files\Common Files\Microsoft Shared\Ink\rtscom.dll
0x00007fff2f000000 - 0x00007fff2f098000 	C:\WINDOWS\System32\TextInputFramework.dll
0x00007fff41cb0000 - 0x00007fff41f9e000 	C:\WINDOWS\System32\CoreUIComponents.dll
0x00007fff446d0000 - 0x00007fff447ac000 	C:\WINDOWS\System32\CoreMessaging.dll
0x00007fff467f0000 - 0x00007fff46821000 	C:\WINDOWS\SYSTEM32\ntmarta.dll
0x00007fff43ac0000 - 0x00007fff43bf6000 	C:\WINDOWS\SYSTEM32\wintypes.dll
0x0000000077dc0000 - 0x0000000077dd1000 	C:\Program Files\Java\jdk1.8.0_111\jre\bin\prism_common.dll
0x00007fff447b0000 - 0x00007fff44d68000 	C:\WINDOWS\SYSTEM32\d2d1.dll
0x00007fff484c0000 - 0x00007fff4868e000 	C:\WINDOWS\System32\CRYPT32.dll
0x00007fff476e0000 - 0x00007fff476f2000 	C:\WINDOWS\System32\MSASN1.dll
0x00007fff178c0000 - 0x00007fff1802c000 	C:\WINDOWS\SYSTEM32\D3D10Warp.dll
0x00007fff475c0000 - 0x00007fff475e9000 	C:\WINDOWS\SYSTEM32\USERENV.dll
0x00007fff18490000 - 0x00007fff185e5000 	C:\Users\Nicklas\.javacpp\cache\opencv-3.4.0-1.4-windows-x86_64.jar\org\bytedeco\javacpp\windows-x86_64\jniopencv_imgproc.dll
0x00007fff17150000 - 0x00007fff1741c000 	C:\Users\Nicklas\.javacpp\cache\opencv-3.4.0-1.4-windows-x86_64.jar\org\bytedeco\javacpp\windows-x86_64\opencv_imgcodecs340.dll
0x00007fff36ce0000 - 0x00007fff36d14000 	C:\Users\Nicklas\.javacpp\cache\opencv-3.4.0-1.4-windows-x86_64.jar\org\bytedeco\javacpp\windows-x86_64\jniopencv_imgcodecs.dll
0x00007fff07f90000 - 0x00007fff08384000 	C:\Users\Nicklas\.javacpp\cache\opencv-3.4.0-1.4-windows-x86_64.jar\org\bytedeco\javacpp\windows-x86_64\opencv_dnn340.dll
0x00007fff2a740000 - 0x00007fff2a7b1000 	C:\Users\Nicklas\.javacpp\cache\opencv-3.4.0-1.4-windows-x86_64.jar\org\bytedeco\javacpp\windows-x86_64\jniopencv_dnn.dll
0x00007fff21ec0000 - 0x00007fff21f53000 	C:\Users\Nicklas\.javacpp\cache\opencv-3.4.0-1.4-windows-x86_64.jar\org\bytedeco\javacpp\windows-x86_64\opencv_objdetect340.dll
0x00007fff1eeb0000 - 0x00007fff1ef29000 	C:\Users\Nicklas\.javacpp\cache\opencv-3.4.0-1.4-windows-x86_64.jar\org\bytedeco\javacpp\windows-x86_64\jniopencv_objdetect.dll
0x00007fff1a960000 - 0x00007fff1aa5c000 	C:\Users\Nicklas\.javacpp\cache\opencv-3.4.0-1.4-windows-x86_64.jar\org\bytedeco\javacpp\windows-x86_64\opencv_photo340.dll
0x00007fff22350000 - 0x00007fff223a3000 	C:\Users\Nicklas\.javacpp\cache\opencv-3.4.0-1.4-windows-x86_64.jar\org\bytedeco\javacpp\windows-x86_64\jniopencv_photo.dll
0x00007fff196e0000 - 0x00007fff19763000 	C:\Users\Nicklas\.javacpp\cache\opencv-3.4.0-1.4-windows-x86_64.jar\org\bytedeco\javacpp\windows-x86_64\opencv_video340.dll
0x00007fff1ee60000 - 0x00007fff1eead000 	C:\Users\Nicklas\.javacpp\cache\opencv-3.4.0-1.4-windows-x86_64.jar\org\bytedeco\javacpp\windows-x86_64\jniopencv_video.dll
0x00007fff45880000 - 0x00007fff458ab000 	C:\Users\Nicklas\.javacpp\cache\opencv-3.4.0-1.4-windows-x86_64.jar\org\bytedeco\javacpp\windows-x86_64\opencv_plot340.dll
0x00007fff16f10000 - 0x00007fff17145000 	C:\Users\Nicklas\.javacpp\cache\opencv-3.4.0-1.4-windows-x86_64.jar\org\bytedeco\javacpp\windows-x86_64\opencv_tracking340.dll
0x00007fff07ec0000 - 0x00007fff07f90000 	C:\Users\Nicklas\.javacpp\cache\opencv-3.4.0-1.4-windows-x86_64.jar\org\bytedeco\javacpp\windows-x86_64\opencv_face340.dll
0x00007fff45530000 - 0x00007fff45555000 	C:\Users\Nicklas\.javacpp\cache\opencv-3.4.0-1.4-windows-x86_64.jar\org\bytedeco\javacpp\windows-x86_64\jniopencv_face.dll
0x00007fff47110000 - 0x00007fff47127000 	C:\WINDOWS\SYSTEM32\CRYPTSP.dll
0x00007fff46b50000 - 0x00007fff46b83000 	C:\WINDOWS\system32\rsaenh.dll
0x00007fff46ce0000 - 0x00007fff46d19000 	C:\WINDOWS\SYSTEM32\IPHLPAPI.DLL
0x00007fff49110000 - 0x00007fff49118000 	C:\WINDOWS\System32\NSI.dll
0x00007fff42360000 - 0x00007fff42376000 	C:\WINDOWS\SYSTEM32\dhcpcsvc6.DLL
0x00007fff42320000 - 0x00007fff4233a000 	C:\WINDOWS\SYSTEM32\dhcpcsvc.DLL
0x00007fff1dd80000 - 0x00007fff1ddcb000 	C:\Users\Nicklas\.javacpp\cache\opencv-3.4.0-1.4-windows-x86_64.jar\org\bytedeco\javacpp\windows-x86_64\opencv_videoio340.dll
0x00007fff43e20000 - 0x00007fff43e49000 	C:\WINDOWS\SYSTEM32\MSVFW32.dll
0x00007fff461b0000 - 0x00007fff461cf000 	C:\WINDOWS\SYSTEM32\AVIFIL32.dll
0x00007fff45820000 - 0x00007fff45838000 	C:\WINDOWS\SYSTEM32\AVICAP32.dll
0x00007fff42c10000 - 0x00007fff42c2c000 	C:\WINDOWS\SYSTEM32\MSACM32.dll
0x00007fff45610000 - 0x00007fff4562f000 	C:\Users\Nicklas\.javacpp\cache\opencv-3.4.0-1.4-windows-x86_64.jar\org\bytedeco\javacpp\windows-x86_64\jniopencv_videoio.dll
0x00007fff46d20000 - 0x00007fff46dd6000 	C:\WINDOWS\SYSTEM32\DNSAPI.dll

VM Arguments:
jvm_args: -Djava.library.path=C:\opencv\build\java\x64;C:\opencv\build\java\x64 -Dfile.encoding=Cp1252 
java_command: application.AppStart
java_class_path (initial): C:\Users\Nicklas\Workspace SilverSpin\FaceRecognizerJava\target\classes;C:\Users\Nicklas\Program\eclipse\plugins\org.eclipse.fx.ide.css.jfx8_2.4.0.201605112122.jar;C:\opencv\build\java\opencv-340.jar;C:\Users\Nicklas\.m2\repository\mysql\mysql-connector-java\5.1.14\mysql-connector-java-5.1.14.jar;C:\Users\Nicklas\.m2\repository\org\bytedeco\javacpp-presets\tesseract-platform\3.05.01-1.4\tesseract-platform-3.05.01-1.4.jar;C:\Users\Nicklas\.m2\repository\org\bytedeco\javacpp-presets\leptonica-platform\1.74.4-1.4\leptonica-platform-1.74.4-1.4.jar;C:\Users\Nicklas\.m2\repository\org\bytedeco\javacpp-presets\leptonica\1.74.4-1.4\leptonica-1.74.4-1.4.jar;C:\Users\Nicklas\.m2\repository\org\bytedeco\javacpp-presets\leptonica\1.74.4-1.4\leptonica-1.74.4-1.4-android-arm.jar;C:\Users\Nicklas\.m2\repository\org\bytedeco\javacpp-presets\leptonica\1.74.4-1.4\leptonica-1.74.4-1.4-android-x86.jar;C:\Users\Nicklas\.m2\repository\org\bytedeco\javacpp-presets\leptonica\1.74.4-1.4\leptonica-1.74.4-1.4-linux-x86.jar;C:\Users\Nicklas\.m2\repository\org\bytedeco\javacpp-presets\leptonica\1.74.4-1.4\leptonica-1.74.4-1.4-linux-x86_64.jar;C:\Users\Nicklas\.m2\repository\org\bytedeco\javacpp-presets\leptonica\1.74.4-1.4\leptonica-1.74.4-1.4-linux-armhf.jar;C:\Users\Nicklas\.m2\repository\org\bytedeco\javacpp-presets\leptonica\1.74.4-1.4\leptonica-1.74.4-1.4-linux-ppc64le.jar;C:\Users\Nicklas\.m2\repository\org\bytedeco\javacpp-presets\leptonica\1.74.4-1.4\leptonica-1.74.4-1.4-macosx-x86_64.jar;C:\Users\Nicklas\.m2\repository\org\bytedeco\javacpp-presets\leptonica\1.74.4-1.4\leptonica-1.74.4-1.4-windows-x86.jar;C:\Users\Nicklas\.m2\repository\org\bytedeco\javacpp-presets\leptonica\1.74.4-1.4\leptonica-1.74.4-1.4-windows-x86_64.jar;C:\Users\Nicklas\.m2\repository\org\bytedeco\javacpp-presets\tesseract\3.05.01-1.4\tesseract-3.05.01-1.4.jar;C:\Users\Nicklas\.m2\repository\org\bytedeco\javacpp-presets\tesseract\3.05.01-1.4\tesseract-3.05.01-1.4-android-arm.jar;C:\User
Launcher Type: SUN_STANDARD

Environment Variables:
PATH=C:\Users\Nicklas\AppData\Local\Microsoft\WindowsApps;C:\Users\Nicklas\AppData\Local\atom\bin;C:\Program Files\Java\jdk1.8.0_111\bin;C:\Program Files\TortoiseSVN\bin;C:\Users\Nicklas\Program\Git\cmd;C:\Users\Nicklas\Program\Git\mingw64\bin;C:\Users\Nicklas\Program\Git\usr\bin;C:\Gradle\gradle-3.5\bin;C:\WINDOWS\system32;C:\WINDOWS;C:\WINDOWS\System32\Wbem;C:\WINDOWS\System32\WindowsPowerShell\v1.0\;C:\Maven\apache-maven-3.5.2\bin;C:\HashiCorp\Vagrant\bin;C:\Users\Nicklas\AppData\Local\Microsoft\WindowsApps;C:\Users\Nicklas\AppData\Local\atom\bin;C:\Users\Nicklas\AppData\Local\Microsoft\WindowsApps;C:\Maven\apache-maven-3.5.2\bin;C:\Users\Nicklas\AppData\Local\GitHubDesktop\bin
USERNAME=Nicklas
OS=Windows_NT
PROCESSOR_IDENTIFIER=Intel64 Family 6 Model 78 Stepping 3, GenuineIntel



---------------  S Y S T E M  ---------------

OS: Windows 10.0 , 64 bit Build 16299 (10.0.16299.15)

CPU:total 4 (2 cores per cpu, 2 threads per core) family 6 model 78 stepping 3, cmov, cx8, fxsr, mmx, sse, sse2, sse3, ssse3, sse4.1, sse4.2, popcnt, avx, avx2, aes, clmul, erms, 3dnowpref, lzcnt, ht, tsc, tscinvbit, bmi1, bmi2, adx

Memory: 4k page, physical 8250276k(2792796k free), swap 12706724k(4505672k free)

vm_info: Java HotSpot(TM) 64-Bit Server VM (25.111-b14) for windows-amd64 JRE (1.8.0_111-b14), built on Sep 22 2016 19:24:05 by "java_re" with MS VC++ 10.0 (VS2010)

time: Thu Mar 22 11:06:36 2018
elapsed time: 21 seconds (0d 0h 0m 21s)

