#
# A fatal error has been detected by the Java Runtime Environment:
#
#  EXCEPTION_UNCAUGHT_CXX_EXCEPTION (0xe06d7363) at pc=0x00007fff47924008, pid=11452, tid=0x0000000000002ea4
#
# JRE version: Java(TM) SE Runtime Environment (8.0_111-b14) (build 1.8.0_111-b14)
# Java VM: Java HotSpot(TM) 64-Bit Server VM (25.111-b14 mixed mode windows-amd64 compressed oops)
# Problematic frame:
# C  [KERNELBASE.dll+0x14008]
#
# Failed to write core dump. Minidumps are not enabled by default on client versions of Windows
#
# If you would like to submit a bug report, please visit:
#   http://bugreport.java.com/bugreport/crash.jsp
# The crash happened outside the Java Virtual Machine in native code.
# See problematic frame for where to report the bug.
#

---------------  T H R E A D  ---------------

Current thread (0x0000000023a18000):  JavaThread "Thread-5" [_thread_in_native, id=11940, stack(0x0000000033ae0000,0x0000000033be0000)]

siginfo: ExceptionCode=0xe06d7363, ExceptionInformation=0x0000000019930520 0x0000000033bdd130 0x00007fff19c539a8 0x00007fff199a0000 

Registers:
RAX=0x00000000ffffff29, RBX=0x0000000033bde200, RCX=0x000000000000000a, RDX=0x00007fff486df27d
RSP=0x0000000033bdcf90, RBP=0x0000000033bdd0d0, RSI=0x00007fff19c539a8, RDI=0x000000000000006e
R8 =0x00007fff486a4274, R9 =0x000000000000000a, R10=0x00007fff48775510, R11=0x0000000033bdcfc8
R12=0x00000000ffffff29, R13=0x0000000000000000, R14=0x0000000033bdd130, R15=0x0000000033bde3a8
RIP=0x00007fff47924008, EFLAGS=0x0000000000000202

Top of Stack: (sp=0x0000000033bdcf90)
0x0000000033bdcf90:   00000000344f8328 0000000033bde200
0x0000000033bdcfa0:   00007fff19c539a8 000000000000006e
0x0000000033bdcfb0:   00000001e06d7363 0000000000000000
0x0000000033bdcfc0:   00007fff47924008 00007fff00000004
0x0000000033bdcfd0:   0000000019930520 0000000033bdd130
0x0000000033bdcfe0:   00007fff19c539a8 00007fff199a0000
0x0000000033bdcff0:   00000000ffffff29 000000000000006e
0x0000000033bdd000:   00007fff19c539a8 0000000033bdd0f0
0x0000000033bdd010:   0000000033bdd0d0 00007fff4b3ec66f
0x0000000033bdd020:   0000000000000000 00007fff00000000
0x0000000033bdd030:   00007fff48775510 0000000000000004
0x0000000033bdd040:   00007fff19c80000 00007fff199a0000
0x0000000033bdd050:   0000457ac6619554 00007fff48775510
0x0000000033bdd060:   0000000033bde200 00007fff28ef4572
0x0000000033bdd070:   0000000033bdd0a8 0000000033bdd0b0
0x0000000033bdd080:   0000000033bdd0b8 00007fff486a41c9 

Instructions: (pc=0x00007fff47924008)
0x00007fff47923fe8:   49 8b d1 44 0f 47 c0 44 89 44 24 38 49 c1 e0 03
0x00007fff47923ff8:   e8 1a 17 07 00 48 8d 4c 24 20 ff 15 e8 4a 16 00
0x00007fff47924008:   48 8b 8c 24 c0 00 00 00 48 33 cc e8 a8 e6 06 00
0x00007fff47924018:   48 81 c4 d8 00 00 00 c3 83 64 24 38 00 eb d6 cc 


Register to memory mapping:

RAX=0x00000000ffffff29 is an unallocated location in the heap
RBX=0x0000000033bde200 is pointing into the stack for thread: 0x0000000023a18000
RCX=0x000000000000000a is an unknown value
RDX=0x00007fff486df27d is an unknown value
RSP=0x0000000033bdcf90 is pointing into the stack for thread: 0x0000000023a18000
RBP=0x0000000033bdd0d0 is pointing into the stack for thread: 0x0000000023a18000
RSI=0x00007fff19c539a8 is an unknown value
RDI=0x000000000000006e is an unknown value
R8 =0x00007fff486a4274 is an unknown value
R9 =0x000000000000000a is an unknown value
R10=0x00007fff48775510 is an unknown value
R11=0x0000000033bdcfc8 is pointing into the stack for thread: 0x0000000023a18000
R12=0x00000000ffffff29 is an unallocated location in the heap
R13=0x0000000000000000 is an unknown value
R14=0x0000000033bdd130 is pointing into the stack for thread: 0x0000000023a18000
R15=0x0000000033bde3a8 is pointing into the stack for thread: 0x0000000023a18000


Stack: [0x0000000033ae0000,0x0000000033be0000],  sp=0x0000000033bdcf90,  free space=1011k
Native frames: (J=compiled Java code, j=interpreted, Vv=VM code, C=native code)
C  [KERNELBASE.dll+0x14008]
C  [VCRUNTIME140.dll+0x4572]
C  [opencv_core340.dll+0x1b862e]
C  [opencv_core340.dll+0x1b877a]
C  [opencv_imgproc340.dll+0x41566]
C  [opencv_imgproc340.dll+0x515c4]
C  [jniopencv_imgproc.dll+0xa995d]
C  0x00000000060d5f71

Java frames: (J=compiled Java code, j=interpreted, Vv=VM code)
J 4501  org.bytedeco.javacpp.opencv_imgproc.cvCvtColor(Lorg/bytedeco/javacpp/helper/opencv_core$CvArr;Lorg/bytedeco/javacpp/helper/opencv_core$CvArr;I)V (0 bytes) @ 0x00000000060d5eeb [0x00000000060d5e80+0x6b]
j  application.FaceDetector.run()V+295
j  java.lang.Thread.run()V+11
v  ~StubRoutines::call_stub

---------------  P R O C E S S  ---------------

Java Threads: ( => current thread )
  0x0000000023a19800 JavaThread "AWT-EventQueue-0" [_thread_blocked, id=10948, stack(0x00000000394b0000,0x00000000395b0000)]
  0x0000000023a19000 JavaThread "AWT-Shutdown" [_thread_blocked, id=1436, stack(0x00000000393b0000,0x00000000394b0000)]
  0x0000000023a15000 JavaThread "Thread-6" [_thread_in_Java, id=11952, stack(0x00000000392b0000,0x00000000393b0000)]
=>0x0000000023a18000 JavaThread "Thread-5" [_thread_in_native, id=11940, stack(0x0000000033ae0000,0x0000000033be0000)]
  0x00000000244b6000 JavaThread "Prism Font Disposer" daemon [_thread_blocked, id=11460, stack(0x000000002a000000,0x000000002a100000)]
  0x0000000023e0a800 JavaThread "AWT-Windows" daemon [_thread_in_native, id=10380, stack(0x00000000272c0000,0x00000000273c0000)]
  0x000000002587d000 JavaThread "Java2D Disposer" daemon [_thread_blocked, id=10972, stack(0x0000000025890000,0x0000000025990000)]
  0x0000000023141800 JavaThread "JavaCPP Deallocator" daemon [_thread_blocked, id=11116, stack(0x00000000247c0000,0x00000000248c0000)]
  0x0000000022bb6800 JavaThread "Thread-3" daemon [_thread_in_native, id=7616, stack(0x00000000233a0000,0x00000000234a0000)]
  0x0000000022ba9800 JavaThread "JavaFX-Launcher" [_thread_blocked, id=11236, stack(0x00000000234a0000,0x00000000235a0000)]
  0x000000001b9db000 JavaThread "JavaFX Application Thread" [_thread_in_native, id=4000, stack(0x000000001c250000,0x000000001c350000)]
  0x000000001b9cd800 JavaThread "Thread-1" daemon [_thread_blocked, id=9852, stack(0x000000001c150000,0x000000001c250000)]
  0x000000001b992800 JavaThread "QuantumRenderer-0" daemon [_thread_blocked, id=11752, stack(0x000000001be60000,0x000000001bf60000)]
  0x000000001b69c000 JavaThread "Service Thread" daemon [_thread_blocked, id=5016, stack(0x000000001bc60000,0x000000001bd60000)]
  0x0000000019e7c800 JavaThread "C1 CompilerThread2" daemon [_thread_blocked, id=12852, stack(0x000000001bb60000,0x000000001bc60000)]
  0x0000000019e79000 JavaThread "C2 CompilerThread1" daemon [_thread_blocked, id=10076, stack(0x000000001ba60000,0x000000001bb60000)]
  0x0000000019e26800 JavaThread "C2 CompilerThread0" daemon [_thread_blocked, id=12508, stack(0x000000001b560000,0x000000001b660000)]
  0x0000000019e23000 JavaThread "Attach Listener" daemon [_thread_blocked, id=11692, stack(0x000000001b460000,0x000000001b560000)]
  0x0000000019e22000 JavaThread "Signal Dispatcher" daemon [_thread_blocked, id=4812, stack(0x000000001b360000,0x000000001b460000)]
  0x0000000019e0e800 JavaThread "Finalizer" daemon [_thread_blocked, id=11868, stack(0x000000001b070000,0x000000001b170000)]
  0x0000000005327000 JavaThread "Reference Handler" daemon [_thread_blocked, id=8020, stack(0x000000001af70000,0x000000001b070000)]
  0x0000000005237000 JavaThread "main" [_thread_blocked, id=10632, stack(0x0000000005100000,0x0000000005200000)]

Other Threads:
  0x0000000019de7000 VMThread [stack: 0x000000001ae70000,0x000000001af70000] [id=7852]
  0x000000001b6a2000 WatcherThread [stack: 0x000000001bd60000,0x000000001be60000] [id=11328]

VM state:not at safepoint (normal execution)

VM Mutex/Monitor currently owned by a thread: None

Heap:
 PSYoungGen      total 358912K, used 76904K [0x00000000d6000000, 0x00000000ed580000, 0x0000000100000000)
  eden space 336384K, 18% used [0x00000000d6000000,0x00000000d9d8c008,0x00000000ea880000)
  from space 22528K, 61% used [0x00000000ebf80000,0x00000000ecd0e310,0x00000000ed580000)
  to   space 23040K, 0% used [0x00000000ea880000,0x00000000ea880000,0x00000000ebf00000)
 ParOldGen       total 99328K, used 37599K [0x0000000082000000, 0x0000000088100000, 0x00000000d6000000)
  object space 99328K, 37% used [0x0000000082000000,0x00000000844b7cd0,0x0000000088100000)
 Metaspace       used 30814K, capacity 31908K, committed 32128K, reserved 1077248K
  class space    used 3992K, capacity 4213K, committed 4224K, reserved 1048576K

Card table byte_map: [0x00000000146f0000,0x0000000014af0000] byte_map_base: 0x00000000142e0000

Marking Bits: (ParMarkBitMap*) 0x000000005091a6c0
 Begin Bits: [0x0000000015190000, 0x0000000017110000)
 End Bits:   [0x0000000017110000, 0x0000000019090000)

Polling page: 0x0000000000fc0000

CodeCache: size=245760Kb used=14396Kb max_used=14425Kb free=231363Kb
 bounds [0x0000000005330000, 0x0000000006170000, 0x0000000014330000]
 total_blobs=5286 nmethods=4315 adapters=882
 compilation: enabled

Compilation events (10 events):
Event: 18.808 Thread 0x0000000019e7c800 nmethod 4655 0x000000000614b810 code [0x000000000614b9c0, 0x000000000614c0d8]
Event: 18.808 Thread 0x0000000019e7c800 4656       3       javafx.scene.Scene::doLayoutPass (14 bytes)
Event: 18.808 Thread 0x0000000019e7c800 nmethod 4656 0x000000000614afd0 code [0x000000000614b160, 0x000000000614b698]
Event: 18.818 Thread 0x0000000019e26800 nmethod 4654 0x000000000614de10 code [0x000000000614e020, 0x000000000614f750]
Event: 18.823 Thread 0x0000000019e7c800 4657   !   3       com.sun.javafx.tk.quantum.QuantumToolkit::pulse (164 bytes)
Event: 18.824 Thread 0x0000000019e7c800 nmethod 4657 0x000000000545e6d0 code [0x000000000545e8c0, 0x000000000545f298]
Event: 18.824 Thread 0x0000000019e7c800 4658   !   3       com.sun.javafx.tk.Toolkit::firePulse (279 bytes)
Event: 18.827 Thread 0x0000000019e7c800 nmethod 4658 0x0000000006151950 code [0x0000000006151f60, 0x0000000006155da8]
Event: 18.827 Thread 0x0000000019e7c800 4659   !   3       javafx.scene.Scene$ScenePulseListener::pulse (397 bytes)
Event: 18.832 Thread 0x0000000019e7c800 nmethod 4659 0x0000000006157d90 code [0x00000000061583c0, 0x000000000615c688]

GC Heap History (10 events):
Event: 11.190 GC heap before
{Heap before GC invocations=9 (full 1):
 PSYoungGen      total 211968K, used 195808K [0x00000000d6000000, 0x00000000e8800000, 0x0000000100000000)
  eden space 188416K, 99% used [0x00000000d6000000,0x00000000e16ec020,0x00000000e1800000)
  from space 23552K, 36% used [0x00000000e1800000,0x00000000e204c1d8,0x00000000e2f00000)
  to   space 21504K, 0% used [0x00000000e7300000,0x00000000e7300000,0x00000000e8800000)
 ParOldGen       total 99328K, used 32753K [0x0000000082000000, 0x0000000088100000, 0x00000000d6000000)
  object space 99328K, 32% used [0x0000000082000000,0x0000000083ffc648,0x0000000088100000)
 Metaspace       used 30144K, capacity 31200K, committed 31360K, reserved 1077248K
  class space    used 3982K, capacity 4213K, committed 4224K, reserved 1048576K
Event: 11.198 GC heap after
Heap after GC invocations=9 (full 1):
 PSYoungGen      total 266240K, used 12696K [0x00000000d6000000, 0x00000000e8100000, 0x0000000100000000)
  eden space 251904K, 0% used [0x00000000d6000000,0x00000000d6000000,0x00000000e5600000)
  from space 14336K, 88% used [0x00000000e7300000,0x00000000e7f66310,0x00000000e8100000)
  to   space 22016K, 0% used [0x00000000e5600000,0x00000000e5600000,0x00000000e6b80000)
 ParOldGen       total 99328K, used 32761K [0x0000000082000000, 0x0000000088100000, 0x00000000d6000000)
  object space 99328K, 32% used [0x0000000082000000,0x0000000083ffe648,0x0000000088100000)
 Metaspace       used 30144K, capacity 31200K, committed 31360K, reserved 1077248K
  class space    used 3982K, capacity 4213K, committed 4224K, reserved 1048576K
}
Event: 12.880 GC heap before
{Heap before GC invocations=10 (full 1):
 PSYoungGen      total 266240K, used 263817K [0x00000000d6000000, 0x00000000e8100000, 0x0000000100000000)
  eden space 251904K, 99% used [0x00000000d6000000,0x00000000e553c350,0x00000000e5600000)
  from space 14336K, 88% used [0x00000000e7300000,0x00000000e7f66310,0x00000000e8100000)
  to   space 22016K, 0% used [0x00000000e5600000,0x00000000e5600000,0x00000000e6b80000)
 ParOldGen       total 99328K, used 33961K [0x0000000082000000, 0x0000000088100000, 0x00000000d6000000)
  object space 99328K, 34% used [0x0000000082000000,0x000000008412a658,0x0000000088100000)
 Metaspace       used 30379K, capacity 31456K, committed 31616K, reserved 1077248K
  class space    used 3991K, capacity 4213K, committed 4224K, reserved 1048576K
Event: 12.887 GC heap after
Heap after GC invocations=10 (full 1):
 PSYoungGen      total 273920K, used 12651K [0x00000000d6000000, 0x00000000ead80000, 0x0000000100000000)
  eden space 251904K, 0% used [0x00000000d6000000,0x00000000d6000000,0x00000000e5600000)
  from space 22016K, 57% used [0x00000000e5600000,0x00000000e625ad90,0x00000000e6b80000)
  to   space 22016K, 0% used [0x00000000e9800000,0x00000000e9800000,0x00000000ead80000)
 ParOldGen       total 99328K, used 33969K [0x0000000082000000, 0x0000000088100000, 0x00000000d6000000)
  object space 99328K, 34% used [0x0000000082000000,0x000000008412c658,0x0000000088100000)
 Metaspace       used 30379K, capacity 31456K, committed 31616K, reserved 1077248K
  class space    used 3991K, capacity 4213K, committed 4224K, reserved 1048576K
}
Event: 14.566 GC heap before
{Heap before GC invocations=11 (full 1):
 PSYoungGen      total 273920K, used 264555K [0x00000000d6000000, 0x00000000ead80000, 0x0000000100000000)
  eden space 251904K, 100% used [0x00000000d6000000,0x00000000e5600000,0x00000000e5600000)
  from space 22016K, 57% used [0x00000000e5600000,0x00000000e625ad90,0x00000000e6b80000)
  to   space 22016K, 0% used [0x00000000e9800000,0x00000000e9800000,0x00000000ead80000)
 ParOldGen       total 99328K, used 36372K [0x0000000082000000, 0x0000000088100000, 0x00000000d6000000)
  object space 99328K, 36% used [0x0000000082000000,0x0000000084385160,0x0000000088100000)
 Metaspace       used 30429K, capacity 31456K, committed 31616K, reserved 1077248K
  class space    used 3991K, capacity 4213K, committed 4224K, reserved 1048576K
Event: 14.573 GC heap after
Heap after GC invocations=11 (full 1):
 PSYoungGen      total 311296K, used 13864K [0x00000000d6000000, 0x00000000ea980000, 0x0000000100000000)
  eden space 293376K, 0% used [0x00000000d6000000,0x00000000d6000000,0x00000000e7e80000)
  from space 17920K, 77% used [0x00000000e9800000,0x00000000ea58a320,0x00000000ea980000)
  to   space 22016K, 0% used [0x00000000e7e80000,0x00000000e7e80000,0x00000000e9400000)
 ParOldGen       total 99328K, used 36380K [0x0000000082000000, 0x0000000088100000, 0x00000000d6000000)
  object space 99328K, 36% used [0x0000000082000000,0x0000000084387160,0x0000000088100000)
 Metaspace       used 30429K, capacity 31456K, committed 31616K, reserved 1077248K
  class space    used 3991K, capacity 4213K, committed 4224K, reserved 1048576K
}
Event: 16.559 GC heap before
{Heap before GC invocations=12 (full 1):
 PSYoungGen      total 311296K, used 307138K [0x00000000d6000000, 0x00000000ea980000, 0x0000000100000000)
  eden space 293376K, 99% used [0x00000000d6000000,0x00000000e7e66810,0x00000000e7e80000)
  from space 17920K, 77% used [0x00000000e9800000,0x00000000ea58a320,0x00000000ea980000)
  to   space 22016K, 0% used [0x00000000e7e80000,0x00000000e7e80000,0x00000000e9400000)
 ParOldGen       total 99328K, used 37580K [0x0000000082000000, 0x0000000088100000, 0x00000000d6000000)
  object space 99328K, 37% used [0x0000000082000000,0x00000000844b3170,0x0000000088100000)
 Metaspace       used 30656K, capacity 31712K, committed 31872K, reserved 1077248K
  class space    used 3991K, capacity 4213K, committed 4224K, reserved 1048576K
Event: 16.567 GC heap after
Heap after GC invocations=12 (full 1):
 PSYoungGen      total 315392K, used 15064K [0x00000000d6000000, 0x00000000ed600000, 0x0000000100000000)
  eden space 293376K, 0% used [0x00000000d6000000,0x00000000d6000000,0x00000000e7e80000)
  from space 22016K, 68% used [0x00000000e7e80000,0x00000000e8d36330,0x00000000e9400000)
  to   space 23040K, 0% used [0x00000000ebf80000,0x00000000ebf80000,0x00000000ed600000)
 ParOldGen       total 99328K, used 37588K [0x0000000082000000, 0x0000000088100000, 0x00000000d6000000)
  object space 99328K, 37% used [0x0000000082000000,0x00000000844b5170,0x0000000088100000)
 Metaspace       used 30656K, capacity 31712K, committed 31872K, reserved 1077248K
  class space    used 3991K, capacity 4213K, committed 4224K, reserved 1048576K
}
Event: 18.478 GC heap before
{Heap before GC invocations=13 (full 1):
 PSYoungGen      total 315392K, used 308440K [0x00000000d6000000, 0x00000000ed600000, 0x0000000100000000)
  eden space 293376K, 100% used [0x00000000d6000000,0x00000000e7e80000,0x00000000e7e80000)
  from space 22016K, 68% used [0x00000000e7e80000,0x00000000e8d36330,0x00000000e9400000)
  to   space 23040K, 0% used [0x00000000ebf80000,0x00000000ebf80000,0x00000000ed600000)
 ParOldGen       total 99328K, used 37591K [0x0000000082000000, 0x0000000088100000, 0x00000000d6000000)
  object space 99328K, 37% used [0x0000000082000000,0x00000000844b5cd0,0x0000000088100000)
 Metaspace       used 30777K, capacity 31908K, committed 32128K, reserved 1077248K
  class space    used 3992K, capacity 4213K, committed 4224K, reserved 1048576K
Event: 18.489 GC heap after
Heap after GC invocations=13 (full 1):
 PSYoungGen      total 358912K, used 13880K [0x00000000d6000000, 0x00000000ed580000, 0x0000000100000000)
  eden space 336384K, 0% used [0x00000000d6000000,0x00000000d6000000,0x00000000ea880000)
  from space 22528K, 61% used [0x00000000ebf80000,0x00000000ecd0e310,0x00000000ed580000)
  to   space 23040K, 0% used [0x00000000ea880000,0x00000000ea880000,0x00000000ebf00000)
 ParOldGen       total 99328K, used 37599K [0x0000000082000000, 0x0000000088100000, 0x00000000d6000000)
  object space 99328K, 37% used [0x0000000082000000,0x00000000844b7cd0,0x0000000088100000)
 Metaspace       used 30777K, capacity 31908K, committed 32128K, reserved 1077248K
  class space    used 3992K, capacity 4213K, committed 4224K, reserved 1048576K
}

Deoptimization events (10 events):
Event: 10.578 Thread 0x000000001b9db000 Uncommon trap: reason=null_check action=make_not_entrant pc=0x0000000005e0ec90 method=javafx.scene.Node$MiscProperties.getClip()Ljavafx/scene/Node; @ 20
Event: 10.585 Thread 0x000000001b9db000 Uncommon trap: reason=null_check action=make_not_entrant pc=0x0000000005f2b35c method=javafx.scene.Node$MiscProperties.getClip()Ljavafx/scene/Node; @ 20
Event: 10.709 Thread 0x0000000023a15000 Uncommon trap: reason=predicate action=maybe_recompile pc=0x0000000005da8c78 method=org.bytedeco.javacv.Java2DFrameConverter.flipCopyWithGamma(Ljava/nio/ByteBuffer;ILjava/nio/ByteBuffer;IZDZI)V @ 491
Event: 10.809 Thread 0x0000000023a15000 Uncommon trap: reason=bimorphic action=maybe_recompile pc=0x0000000005f413f0 method=java.util.ArrayList.remove(Ljava/lang/Object;)Z @ 56
Event: 10.810 Thread 0x0000000023a15000 Uncommon trap: reason=bimorphic action=maybe_recompile pc=0x0000000005f413f0 method=java.util.ArrayList.remove(Ljava/lang/Object;)Z @ 56
Event: 10.810 Thread 0x0000000023a15000 Uncommon trap: reason=bimorphic action=maybe_recompile pc=0x0000000005f413f0 method=java.util.ArrayList.remove(Ljava/lang/Object;)Z @ 56
Event: 10.811 Thread 0x0000000023a15000 Uncommon trap: reason=bimorphic action=maybe_recompile pc=0x0000000005f413f0 method=java.util.ArrayList.remove(Ljava/lang/Object;)Z @ 56
Event: 10.842 Thread 0x0000000023a15000 Uncommon trap: reason=unstable_if action=reinterpret pc=0x0000000005a7a134 method=java.lang.ref.SoftReference.get()Ljava/lang/Object; @ 6
Event: 11.211 Thread 0x000000001b992800 Uncommon trap: reason=null_check action=make_not_entrant pc=0x0000000005eb2f98 method=com.sun.prism.impl.BaseResourcePool$WeakLinkedList.getResource()Lcom/sun/prism/impl/ManagedResource; @ 7
Event: 11.211 Thread 0x000000001b992800 Uncommon trap: reason=unstable_if action=reinterpret pc=0x0000000005ed50fc method=com.sun.prism.impl.ManagedResource._isgone(Lcom/sun/prism/impl/ManagedResource;)Z @ 1

Internal exceptions (10 events):
Event: 6.574 Thread 0x000000001b9db000 Exception <a 'java/security/PrivilegedActionException'> (0x00000000dd3827a8) thrown at [C:\re\workspace\8-2-build-windows-amd64-cygwin\jdk8u111\7883\hotspot\src\share\vm\prims\jvm.cpp, line 1386]
Event: 6.574 Thread 0x000000001b9db000 Exception <a 'java/security/PrivilegedActionException'> (0x00000000dd39b550) thrown at [C:\re\workspace\8-2-build-windows-amd64-cygwin\jdk8u111\7883\hotspot\src\share\vm\prims\jvm.cpp, line 1386]
Event: 6.574 Thread 0x000000001b9db000 Exception <a 'java/security/PrivilegedActionException'> (0x00000000dd39bb30) thrown at [C:\re\workspace\8-2-build-windows-amd64-cygwin\jdk8u111\7883\hotspot\src\share\vm\prims\jvm.cpp, line 1386]
Event: 6.576 Thread 0x000000001b9db000 Exception <a 'java/security/PrivilegedActionException'> (0x00000000dd3b4408) thrown at [C:\re\workspace\8-2-build-windows-amd64-cygwin\jdk8u111\7883\hotspot\src\share\vm\prims\jvm.cpp, line 1386]
Event: 6.576 Thread 0x000000001b9db000 Exception <a 'java/security/PrivilegedActionException'> (0x00000000dd3b49e8) thrown at [C:\re\workspace\8-2-build-windows-amd64-cygwin\jdk8u111\7883\hotspot\src\share\vm\prims\jvm.cpp, line 1386]
Event: 9.752 Thread 0x000000001b992800 Implicit null exception at 0x0000000005e4d510 to 0x0000000005e4d569
Event: 10.578 Thread 0x000000001b9db000 Implicit null exception at 0x0000000005e0e535 to 0x0000000005e0ec81
Event: 10.585 Thread 0x000000001b9db000 Implicit null exception at 0x0000000005f2b307 to 0x0000000005f2b351
Event: 11.211 Thread 0x000000001b992800 Implicit null exception at 0x0000000005eb2f54 to 0x0000000005eb2f8d
Event: 11.211 Thread 0x000000001b992800 Implicit null exception at 0x0000000005ed506c to 0x0000000005ed50ed

Events (10 events):
Event: 18.819 Thread 0x0000000019e26800 flushing nmethod 0x000000000547e890
Event: 18.819 Thread 0x0000000019e26800 flushing nmethod 0x00000000054b68d0
Event: 18.824 Thread 0x0000000019e7c800 flushing nmethod 0x00000000054e4410
Event: 18.824 Thread 0x0000000019e7c800 flushing nmethod 0x000000000550f2d0
Event: 18.824 Thread 0x0000000019e7c800 flushing nmethod 0x000000000553d110
Event: 18.824 Thread 0x0000000019e7c800 flushing nmethod 0x0000000005540090
Event: 18.827 Thread 0x0000000019e7c800 flushing nmethod 0x000000000556e190
Event: 18.827 Thread 0x0000000019e7c800 flushing nmethod 0x00000000055983d0
Event: 18.827 Thread 0x0000000019e7c800 flushing nmethod 0x000000000561ab50
Event: 18.827 Thread 0x0000000019e7c800 flushing nmethod 0x0000000005621950


Dynamic libraries:
0x00007ff738fe0000 - 0x00007ff739017000 	C:\Program Files\Java\jdk1.8.0_111\bin\javaw.exe
0x00007fff4b370000 - 0x00007fff4b550000 	C:\WINDOWS\SYSTEM32\ntdll.dll
0x00007fff492b0000 - 0x00007fff4935e000 	C:\WINDOWS\System32\KERNEL32.DLL
0x00007fff47910000 - 0x00007fff47b76000 	C:\WINDOWS\System32\KERNELBASE.dll
0x00007fff48ba0000 - 0x00007fff48c41000 	C:\WINDOWS\System32\ADVAPI32.dll
0x00007fff496c0000 - 0x00007fff4975d000 	C:\WINDOWS\System32\msvcrt.dll
0x00007fff48b40000 - 0x00007fff48b9b000 	C:\WINDOWS\System32\sechost.dll
0x00007fff49190000 - 0x00007fff492af000 	C:\WINDOWS\System32\RPCRT4.dll
0x00007fff489b0000 - 0x00007fff48b3f000 	C:\WINDOWS\System32\USER32.dll
0x00007fff47770000 - 0x00007fff47790000 	C:\WINDOWS\System32\win32u.dll
0x00007fff48d00000 - 0x00007fff48d28000 	C:\WINDOWS\System32\GDI32.dll
0x00007fff48320000 - 0x00007fff484b3000 	C:\WINDOWS\System32\gdi32full.dll
0x00007fff47870000 - 0x00007fff4790b000 	C:\WINDOWS\System32\msvcp_win.dll
0x00007fff48690000 - 0x00007fff48786000 	C:\WINDOWS\System32\ucrtbase.dll
0x00007fff35fb0000 - 0x00007fff36219000 	C:\WINDOWS\WinSxS\amd64_microsoft.windows.common-controls_6595b64144ccf1df_6.0.16299.309_none_15cfd4c4935e6b11\COMCTL32.dll
0x00007fff48d30000 - 0x00007fff49038000 	C:\WINDOWS\System32\combase.dll
0x00007fff477f0000 - 0x00007fff47862000 	C:\WINDOWS\System32\bcryptPrimitives.dll
0x00007fff493f0000 - 0x00007fff4941d000 	C:\WINDOWS\System32\IMM32.DLL
0x00000000509a0000 - 0x0000000050a72000 	C:\Program Files\Java\jdk1.8.0_111\jre\bin\msvcr100.dll
0x0000000050100000 - 0x000000005099a000 	C:\Program Files\Java\jdk1.8.0_111\jre\bin\server\jvm.dll
0x00007fff4b330000 - 0x00007fff4b338000 	C:\WINDOWS\System32\PSAPI.DLL
0x00007fff35170000 - 0x00007fff35179000 	C:\WINDOWS\SYSTEM32\WSOCK32.dll
0x00007fff457c0000 - 0x00007fff457e3000 	C:\WINDOWS\SYSTEM32\WINMM.dll
0x00007fff49380000 - 0x00007fff493ec000 	C:\WINDOWS\System32\WS2_32.dll
0x00007fff40c30000 - 0x00007fff40c3a000 	C:\WINDOWS\SYSTEM32\VERSION.dll
0x00007fff45790000 - 0x00007fff457ba000 	C:\WINDOWS\SYSTEM32\winmmbase.dll
0x00007fff482d0000 - 0x00007fff4831a000 	C:\WINDOWS\System32\cfgmgr32.dll
0x00000000500f0000 - 0x00000000500ff000 	C:\Program Files\Java\jdk1.8.0_111\jre\bin\verify.dll
0x00000000500c0000 - 0x00000000500e9000 	C:\Program Files\Java\jdk1.8.0_111\jre\bin\java.dll
0x00000000500a0000 - 0x00000000500b6000 	C:\Program Files\Java\jdk1.8.0_111\jre\bin\zip.dll
0x00007fff49bb0000 - 0x00007fff4afe6000 	C:\WINDOWS\System32\SHELL32.dll
0x00007fff48c50000 - 0x00007fff48cf6000 	C:\WINDOWS\System32\shcore.dll
0x00007fff47b80000 - 0x00007fff482c7000 	C:\WINDOWS\System32\windows.storage.dll
0x00007fff49120000 - 0x00007fff49171000 	C:\WINDOWS\System32\shlwapi.dll
0x00007fff47700000 - 0x00007fff47711000 	C:\WINDOWS\System32\kernel.appcore.dll
0x00007fff47720000 - 0x00007fff4776c000 	C:\WINDOWS\System32\powrprof.dll
0x00007fff476c0000 - 0x00007fff476db000 	C:\WINDOWS\System32\profapi.dll
0x00007fff21310000 - 0x00007fff213ff000 	C:\Program Files\Java\jdk1.8.0_111\jre\bin\msvcr120.dll
0x00007fff2acc0000 - 0x00007fff2ad66000 	C:\Program Files\Java\jdk1.8.0_111\jre\bin\msvcp120.dll
0x0000000050000000 - 0x0000000050022000 	C:\Program Files\Java\jdk1.8.0_111\jre\bin\prism_d3d.dll
0x00007fff14290000 - 0x00007fff14425000 	C:\WINDOWS\system32\d3d9.dll
0x00007fff45c60000 - 0x00007fff45c8a000 	C:\WINDOWS\SYSTEM32\dwmapi.dll
0x00007fff459a0000 - 0x00007fff45a35000 	C:\WINDOWS\system32\uxtheme.dll
0x00007ffef0460000 - 0x00007ffef4085000 	C:\WINDOWS\System32\DriverStore\FileRepository\igdlh64.inf_amd64_82548830eadb8221\igdumdim64.dll
0x00007fff49040000 - 0x00007fff49105000 	C:\WINDOWS\System32\OLEAUT32.dll
0x00007fff4aff0000 - 0x00007fff4b139000 	C:\WINDOWS\System32\ole32.dll
0x00007fff49760000 - 0x00007fff49bae000 	C:\WINDOWS\System32\SETUPAPI.dll
0x0000000077fb0000 - 0x0000000077ff3000 	C:\Program Files\Java\jdk1.8.0_111\jre\bin\glass.dll
0x00007fff4b1a0000 - 0x00007fff4b2aa000 	C:\WINDOWS\System32\COMDLG32.dll
0x00007fff48840000 - 0x00007fff489a7000 	C:\WINDOWS\System32\MSCTF.dll
0x00007fff3e690000 - 0x00007fff3fc8e000 	C:\WINDOWS\System32\DriverStore\FileRepository\igdlh64.inf_amd64_82548830eadb8221\igc64.dll
0x00007fff2fb60000 - 0x00007fff2fbb1000 	C:\Users\Nicklas\.javacpp\cache\opencv-3.4.0-1.4-windows-x86_64.jar\org\bytedeco\javacpp\windows-x86_64\concrt140.dll
0x00007fff28f10000 - 0x00007fff28fae000 	C:\Program Files\TortoiseSVN\bin\MSVCP140.dll
0x00007fff28ef0000 - 0x00007fff28f07000 	C:\Program Files\TortoiseSVN\bin\VCRUNTIME140.dll
0x00007fff47130000 - 0x00007fff4713b000 	C:\WINDOWS\SYSTEM32\CRYPTBASE.DLL
0x00007fff2a720000 - 0x00007fff2a7bd000 	C:\Users\Nicklas\.javacpp\cache\opencv-3.4.0-1.4-windows-x86_64.jar\org\bytedeco\javacpp\windows-x86_64\msvcp140.dll
0x00007fff45820000 - 0x00007fff45837000 	C:\Users\Nicklas\.javacpp\cache\opencv-3.4.0-1.4-windows-x86_64.jar\org\bytedeco\javacpp\windows-x86_64\vcruntime140.dll
0x0000000022600000 - 0x0000000022603000 	C:\Users\Nicklas\.javacpp\cache\opencv-3.4.0-1.4-windows-x86_64.jar\org\bytedeco\javacpp\windows-x86_64\api-ms-win-crt-locale-l1-1-0.dll
0x0000000022610000 - 0x0000000022614000 	C:\Users\Nicklas\.javacpp\cache\opencv-3.4.0-1.4-windows-x86_64.jar\org\bytedeco\javacpp\windows-x86_64\api-ms-win-crt-string-l1-1-0.dll
0x0000000022620000 - 0x0000000022624000 	C:\Users\Nicklas\.javacpp\cache\opencv-3.4.0-1.4-windows-x86_64.jar\org\bytedeco\javacpp\windows-x86_64\api-ms-win-crt-stdio-l1-1-0.dll
0x0000000022630000 - 0x0000000022635000 	C:\Users\Nicklas\.javacpp\cache\opencv-3.4.0-1.4-windows-x86_64.jar\org\bytedeco\javacpp\windows-x86_64\api-ms-win-crt-math-l1-1-0.dll
0x0000000022640000 - 0x0000000022643000 	C:\Users\Nicklas\.javacpp\cache\opencv-3.4.0-1.4-windows-x86_64.jar\org\bytedeco\javacpp\windows-x86_64\api-ms-win-crt-heap-l1-1-0.dll
0x0000000022650000 - 0x0000000022654000 	C:\Users\Nicklas\.javacpp\cache\opencv-3.4.0-1.4-windows-x86_64.jar\org\bytedeco\javacpp\windows-x86_64\api-ms-win-crt-runtime-l1-1-0.dll
0x0000000022660000 - 0x0000000022664000 	C:\Users\Nicklas\.javacpp\cache\opencv-3.4.0-1.4-windows-x86_64.jar\org\bytedeco\javacpp\windows-x86_64\api-ms-win-crt-convert-l1-1-0.dll
0x0000000022670000 - 0x0000000022673000 	C:\Users\Nicklas\.javacpp\cache\opencv-3.4.0-1.4-windows-x86_64.jar\org\bytedeco\javacpp\windows-x86_64\api-ms-win-crt-environment-l1-1-0.dll
0x0000000022680000 - 0x0000000022683000 	C:\Users\Nicklas\.javacpp\cache\opencv-3.4.0-1.4-windows-x86_64.jar\org\bytedeco\javacpp\windows-x86_64\api-ms-win-crt-time-l1-1-0.dll
0x0000000024770000 - 0x0000000024773000 	C:\Users\Nicklas\.javacpp\cache\opencv-3.4.0-1.4-windows-x86_64.jar\org\bytedeco\javacpp\windows-x86_64\api-ms-win-crt-filesystem-l1-1-0.dll
0x0000000024780000 - 0x0000000024783000 	C:\Users\Nicklas\.javacpp\cache\opencv-3.4.0-1.4-windows-x86_64.jar\org\bytedeco\javacpp\windows-x86_64\api-ms-win-crt-utility-l1-1-0.dll
0x0000000024790000 - 0x0000000024795000 	C:\Users\Nicklas\.javacpp\cache\opencv-3.4.0-1.4-windows-x86_64.jar\org\bytedeco\javacpp\windows-x86_64\api-ms-win-crt-multibyte-l1-1-0.dll
0x00007fff199a0000 - 0x00007fff19ca6000 	C:\Users\Nicklas\.javacpp\cache\opencv-3.4.0-1.4-windows-x86_64.jar\org\bytedeco\javacpp\windows-x86_64\opencv_core340.dll
0x00007fff19590000 - 0x00007fff1999c000 	C:\Users\Nicklas\.javacpp\cache\opencv-3.4.0-1.4-windows-x86_64.jar\org\bytedeco\javacpp\windows-x86_64\opencv_imgproc340.dll
0x00007fff19210000 - 0x00007fff1958b000 	C:\Users\Nicklas\.javacpp\cache\opencv-3.4.0-1.4-windows-x86_64.jar\org\bytedeco\javacpp\windows-x86_64\jniopencv_core.dll
0x0000000050080000 - 0x000000005009a000 	C:\Program Files\Java\jdk1.8.0_111\jre\bin\net.dll
0x00007fff46f50000 - 0x00007fff46fb6000 	C:\WINDOWS\system32\mswsock.dll
0x0000000050060000 - 0x0000000050071000 	C:\Program Files\Java\jdk1.8.0_111\jre\bin\nio.dll
0x0000000077e10000 - 0x0000000077fa8000 	C:\Program Files\Java\jdk1.8.0_111\jre\bin\awt.dll
0x00007fff456d0000 - 0x00007fff45758000 	C:\WINDOWS\SYSTEM32\apphelp.dll
0x0000000077df0000 - 0x0000000077e04000 	C:\Program Files\Java\jdk1.8.0_111\jre\bin\javafx_font.dll
0x00007fff2ceb0000 - 0x00007fff2d1bf000 	C:\WINDOWS\SYSTEM32\dwrite.dll
0x00007fff49420000 - 0x00007fff494be000 	C:\WINDOWS\System32\clbcatq.dll
0x00007fff420d0000 - 0x00007fff4227b000 	C:\WINDOWS\SYSTEM32\WindowsCodecs.dll
0x00007fff2bdc0000 - 0x00007fff2be0f000 	C:\WINDOWS\system32\dataexchange.dll
0x00007fff43ee0000 - 0x00007fff441c2000 	C:\WINDOWS\system32\d3d11.dll
0x00007fff44f40000 - 0x00007fff45082000 	C:\WINDOWS\system32\dcomp.dll
0x00007fff46520000 - 0x00007fff465cf000 	C:\WINDOWS\system32\dxgi.dll
0x00007fff45d20000 - 0x00007fff45e9b000 	C:\WINDOWS\system32\twinapi.appcore.dll
0x00007fff45c90000 - 0x00007fff45cb0000 	C:\WINDOWS\system32\RMCLIENT.dll
0x00007fff47220000 - 0x00007fff47245000 	C:\WINDOWS\system32\bcrypt.dll
0x00007fff40a00000 - 0x00007fff40a34000 	C:\Program Files\Common Files\Microsoft Shared\Ink\rtscom.dll
0x00007fff2f000000 - 0x00007fff2f098000 	C:\WINDOWS\System32\TextInputFramework.dll
0x00007fff41cb0000 - 0x00007fff41f9e000 	C:\WINDOWS\System32\CoreUIComponents.dll
0x00007fff446d0000 - 0x00007fff447ac000 	C:\WINDOWS\System32\CoreMessaging.dll
0x00007fff43ac0000 - 0x00007fff43bf6000 	C:\WINDOWS\SYSTEM32\wintypes.dll
0x00007fff467f0000 - 0x00007fff46821000 	C:\WINDOWS\SYSTEM32\ntmarta.dll
0x0000000077dd0000 - 0x0000000077de1000 	C:\Program Files\Java\jdk1.8.0_111\jre\bin\prism_common.dll
0x00007fff447b0000 - 0x00007fff44d68000 	C:\WINDOWS\SYSTEM32\d2d1.dll
0x00007fff484c0000 - 0x00007fff4868e000 	C:\WINDOWS\System32\CRYPT32.dll
0x00007fff476e0000 - 0x00007fff476f2000 	C:\WINDOWS\System32\MSASN1.dll
0x00007fff178c0000 - 0x00007fff1802c000 	C:\WINDOWS\SYSTEM32\D3D10Warp.dll
0x00007fff475c0000 - 0x00007fff475e9000 	C:\WINDOWS\SYSTEM32\USERENV.dll
0x00007fff1aa10000 - 0x00007fff1ab65000 	C:\Users\Nicklas\.javacpp\cache\opencv-3.4.0-1.4-windows-x86_64.jar\org\bytedeco\javacpp\windows-x86_64\jniopencv_imgproc.dll
0x00007fff18f40000 - 0x00007fff1920c000 	C:\Users\Nicklas\.javacpp\cache\opencv-3.4.0-1.4-windows-x86_64.jar\org\bytedeco\javacpp\windows-x86_64\opencv_imgcodecs340.dll
0x00007fff28a10000 - 0x00007fff28a44000 	C:\Users\Nicklas\.javacpp\cache\opencv-3.4.0-1.4-windows-x86_64.jar\org\bytedeco\javacpp\windows-x86_64\jniopencv_imgcodecs.dll
0x00007fff18b40000 - 0x00007fff18f34000 	C:\Users\Nicklas\.javacpp\cache\opencv-3.4.0-1.4-windows-x86_64.jar\org\bytedeco\javacpp\windows-x86_64\opencv_dnn340.dll
0x00007fff22330000 - 0x00007fff223a1000 	C:\Users\Nicklas\.javacpp\cache\opencv-3.4.0-1.4-windows-x86_64.jar\org\bytedeco\javacpp\windows-x86_64\jniopencv_dnn.dll
0x00007fff21ec0000 - 0x00007fff21f53000 	C:\Users\Nicklas\.javacpp\cache\opencv-3.4.0-1.4-windows-x86_64.jar\org\bytedeco\javacpp\windows-x86_64\opencv_objdetect340.dll
0x00007fff21680000 - 0x00007fff216f9000 	C:\Users\Nicklas\.javacpp\cache\opencv-3.4.0-1.4-windows-x86_64.jar\org\bytedeco\javacpp\windows-x86_64\jniopencv_objdetect.dll
0x00007fff18a40000 - 0x00007fff18b3c000 	C:\Users\Nicklas\.javacpp\cache\opencv-3.4.0-1.4-windows-x86_64.jar\org\bytedeco\javacpp\windows-x86_64\opencv_photo340.dll
0x00007fff1eed0000 - 0x00007fff1ef23000 	C:\Users\Nicklas\.javacpp\cache\opencv-3.4.0-1.4-windows-x86_64.jar\org\bytedeco\javacpp\windows-x86_64\jniopencv_photo.dll
0x00007fff1a980000 - 0x00007fff1aa03000 	C:\Users\Nicklas\.javacpp\cache\opencv-3.4.0-1.4-windows-x86_64.jar\org\bytedeco\javacpp\windows-x86_64\opencv_video340.dll
0x00007fff1ee80000 - 0x00007fff1eecd000 	C:\Users\Nicklas\.javacpp\cache\opencv-3.4.0-1.4-windows-x86_64.jar\org\bytedeco\javacpp\windows-x86_64\jniopencv_video.dll
0x00007fff45530000 - 0x00007fff4555b000 	C:\Users\Nicklas\.javacpp\cache\opencv-3.4.0-1.4-windows-x86_64.jar\org\bytedeco\javacpp\windows-x86_64\opencv_plot340.dll
0x00007fff18800000 - 0x00007fff18a35000 	C:\Users\Nicklas\.javacpp\cache\opencv-3.4.0-1.4-windows-x86_64.jar\org\bytedeco\javacpp\windows-x86_64\opencv_tracking340.dll
0x00007fff18730000 - 0x00007fff18800000 	C:\Users\Nicklas\.javacpp\cache\opencv-3.4.0-1.4-windows-x86_64.jar\org\bytedeco\javacpp\windows-x86_64\opencv_face340.dll
0x00007fff43e20000 - 0x00007fff43e45000 	C:\Users\Nicklas\.javacpp\cache\opencv-3.4.0-1.4-windows-x86_64.jar\org\bytedeco\javacpp\windows-x86_64\jniopencv_face.dll
0x00007fff47110000 - 0x00007fff47127000 	C:\WINDOWS\SYSTEM32\CRYPTSP.dll
0x00007fff46b50000 - 0x00007fff46b83000 	C:\WINDOWS\system32\rsaenh.dll
0x00007fff46ce0000 - 0x00007fff46d19000 	C:\WINDOWS\SYSTEM32\IPHLPAPI.DLL
0x00007fff49110000 - 0x00007fff49118000 	C:\WINDOWS\System32\NSI.dll
0x00007fff42360000 - 0x00007fff42376000 	C:\WINDOWS\SYSTEM32\dhcpcsvc6.DLL
0x00007fff42320000 - 0x00007fff4233a000 	C:\WINDOWS\SYSTEM32\dhcpcsvc.DLL
0x00007fff1dd80000 - 0x00007fff1ddcb000 	C:\Users\Nicklas\.javacpp\cache\opencv-3.4.0-1.4-windows-x86_64.jar\org\bytedeco\javacpp\windows-x86_64\opencv_videoio340.dll
0x00007fff431c0000 - 0x00007fff431e9000 	C:\WINDOWS\SYSTEM32\MSVFW32.dll
0x00007fff45610000 - 0x00007fff4562f000 	C:\WINDOWS\SYSTEM32\AVIFIL32.dll
0x00007fff42f50000 - 0x00007fff42f68000 	C:\WINDOWS\SYSTEM32\AVICAP32.dll
0x00007fff42c10000 - 0x00007fff42c2c000 	C:\WINDOWS\SYSTEM32\MSACM32.dll
0x00007fff3af20000 - 0x00007fff3af3f000 	C:\Users\Nicklas\.javacpp\cache\opencv-3.4.0-1.4-windows-x86_64.jar\org\bytedeco\javacpp\windows-x86_64\jniopencv_videoio.dll
0x00007fff46d20000 - 0x00007fff46dd6000 	C:\WINDOWS\SYSTEM32\DNSAPI.dll

VM Arguments:
jvm_args: -Djava.library.path=C:\opencv\build\java\x64;C:\opencv\build\java\x64 -Dfile.encoding=Cp1252 
java_command: application.AppStart
java_class_path (initial): C:\Users\Nicklas\Workspace SilverSpin\FaceRecognizerJava\target\classes;C:\Users\Nicklas\Program\eclipse\plugins\org.eclipse.fx.ide.css.jfx8_2.4.0.201605112122.jar;C:\opencv\build\java\opencv-340.jar;C:\Users\Nicklas\.m2\repository\mysql\mysql-connector-java\5.1.14\mysql-connector-java-5.1.14.jar;C:\Users\Nicklas\.m2\repository\org\bytedeco\javacpp-presets\tesseract-platform\3.05.01-1.4\tesseract-platform-3.05.01-1.4.jar;C:\Users\Nicklas\.m2\repository\org\bytedeco\javacpp-presets\leptonica-platform\1.74.4-1.4\leptonica-platform-1.74.4-1.4.jar;C:\Users\Nicklas\.m2\repository\org\bytedeco\javacpp-presets\leptonica\1.74.4-1.4\leptonica-1.74.4-1.4.jar;C:\Users\Nicklas\.m2\repository\org\bytedeco\javacpp-presets\leptonica\1.74.4-1.4\leptonica-1.74.4-1.4-android-arm.jar;C:\Users\Nicklas\.m2\repository\org\bytedeco\javacpp-presets\leptonica\1.74.4-1.4\leptonica-1.74.4-1.4-android-x86.jar;C:\Users\Nicklas\.m2\repository\org\bytedeco\javacpp-presets\leptonica\1.74.4-1.4\leptonica-1.74.4-1.4-linux-x86.jar;C:\Users\Nicklas\.m2\repository\org\bytedeco\javacpp-presets\leptonica\1.74.4-1.4\leptonica-1.74.4-1.4-linux-x86_64.jar;C:\Users\Nicklas\.m2\repository\org\bytedeco\javacpp-presets\leptonica\1.74.4-1.4\leptonica-1.74.4-1.4-linux-armhf.jar;C:\Users\Nicklas\.m2\repository\org\bytedeco\javacpp-presets\leptonica\1.74.4-1.4\leptonica-1.74.4-1.4-linux-ppc64le.jar;C:\Users\Nicklas\.m2\repository\org\bytedeco\javacpp-presets\leptonica\1.74.4-1.4\leptonica-1.74.4-1.4-macosx-x86_64.jar;C:\Users\Nicklas\.m2\repository\org\bytedeco\javacpp-presets\leptonica\1.74.4-1.4\leptonica-1.74.4-1.4-windows-x86.jar;C:\Users\Nicklas\.m2\repository\org\bytedeco\javacpp-presets\leptonica\1.74.4-1.4\leptonica-1.74.4-1.4-windows-x86_64.jar;C:\Users\Nicklas\.m2\repository\org\bytedeco\javacpp-presets\tesseract\3.05.01-1.4\tesseract-3.05.01-1.4.jar;C:\Users\Nicklas\.m2\repository\org\bytedeco\javacpp-presets\tesseract\3.05.01-1.4\tesseract-3.05.01-1.4-android-arm.jar;C:\User
Launcher Type: SUN_STANDARD

Environment Variables:
PATH=C:\Users\Nicklas\AppData\Local\Microsoft\WindowsApps;C:\Users\Nicklas\AppData\Local\atom\bin;C:\Program Files\Java\jdk1.8.0_111\bin;C:\Program Files\TortoiseSVN\bin;C:\Users\Nicklas\Program\Git\cmd;C:\Users\Nicklas\Program\Git\mingw64\bin;C:\Users\Nicklas\Program\Git\usr\bin;C:\Gradle\gradle-3.5\bin;C:\WINDOWS\system32;C:\WINDOWS;C:\WINDOWS\System32\Wbem;C:\WINDOWS\System32\WindowsPowerShell\v1.0\;C:\Maven\apache-maven-3.5.2\bin;C:\HashiCorp\Vagrant\bin;C:\Users\Nicklas\AppData\Local\Microsoft\WindowsApps;C:\Users\Nicklas\AppData\Local\atom\bin;C:\Users\Nicklas\AppData\Local\Microsoft\WindowsApps;C:\Maven\apache-maven-3.5.2\bin;C:\Users\Nicklas\AppData\Local\GitHubDesktop\bin
USERNAME=Nicklas
OS=Windows_NT
PROCESSOR_IDENTIFIER=Intel64 Family 6 Model 78 Stepping 3, GenuineIntel



---------------  S Y S T E M  ---------------

OS: Windows 10.0 , 64 bit Build 16299 (10.0.16299.15)

CPU:total 4 (2 cores per cpu, 2 threads per core) family 6 model 78 stepping 3, cmov, cx8, fxsr, mmx, sse, sse2, sse3, ssse3, sse4.1, sse4.2, popcnt, avx, avx2, aes, clmul, erms, 3dnowpref, lzcnt, ht, tsc, tscinvbit, bmi1, bmi2, adx

Memory: 4k page, physical 8250276k(3317800k free), swap 12706724k(5070228k free)

vm_info: Java HotSpot(TM) 64-Bit Server VM (25.111-b14) for windows-amd64 JRE (1.8.0_111-b14), built on Sep 22 2016 19:24:05 by "java_re" with MS VC++ 10.0 (VS2010)

time: Thu Mar 22 10:24:30 2018
elapsed time: 18 seconds (0d 0h 0m 18s)

