#
# A fatal error has been detected by the Java Runtime Environment:
#
#  EXCEPTION_ACCESS_VIOLATION (0xc0000005) at pc=0x00007fff4b3bbe7b, pid=3784, tid=0x0000000000001038
#
# JRE version: Java(TM) SE Runtime Environment (8.0_111-b14) (build 1.8.0_111-b14)
# Java VM: Java HotSpot(TM) 64-Bit Server VM (25.111-b14 mixed mode windows-amd64 compressed oops)
# Problematic frame:
# C  [ntdll.dll+0x4be7b]
#
# Failed to write core dump. Minidumps are not enabled by default on client versions of Windows
#
# If you would like to submit a bug report, please visit:
#   http://bugreport.java.com/bugreport/crash.jsp
# The crash happened outside the Java Virtual Machine in native code.
# See problematic frame for where to report the bug.
#

---------------  T H R E A D  ---------------

Current thread (0x00000000240a9800):  JavaThread "Thread-7" [_thread_in_native, id=4152, stack(0x0000000038090000,0x0000000038190000)]

siginfo: ExceptionCode=0xc0000005, writing address 0x0000000000000024

Registers:
RAX=0x0000000000000000, RBX=0x0000000022fbb038, RCX=0x0000000022fbb038, RDX=0xffffffffffffffff
RSP=0x000000003818f280, RBP=0x000000003818f2f0, RSI=0x0000000000000000, RDI=0x0000000000000000
R8 =0x0000000000000000, R9 =0x0000000000000000, R10=0x0000000000000000, R11=0x0000000000000246
R12=0x0000000000000000, R13=0x000000003818f640, R14=0x0000000000000000, R15=0x0000000000000000
RIP=0x00007fff4b3bbe7b, EFLAGS=0x0000000000010213

Top of Stack: (sp=0x000000003818f280)
0x000000003818f280:   ffffffffffffffff 0000000022fbb038
0x000000003818f290:   000000003818f3a0 00007fff18ab9c40
0x000000003818f2a0:   000000003818f3a0 0000000000000001
0x000000003818f2b0:   0000000000000000 0000000000d5f000
0x000000003818f2c0:   0000000000000000 0000000000000000
0x000000003818f2d0:   000000003818f470 00000000000003d8
0x000000003818f2e0:   000000001b599c40 00007fff47923b7f
0x000000003818f2f0:   0000000000000000 0000000000000001
0x000000003818f300:   000000003818f640 0000000000000000
0x000000003818f310:   0000000000000000 0000000031835d00
0x000000003818f320:   0000000000000001 00007fff4b390c49
0x000000003818f330:   0000000000000000 0000000022fbb038
0x000000003818f340:   00000000fffffffa 0000000000000000
0x000000003818f350:   0000000030fd3000 00007fff4b390b60
0x000000003818f360:   0000000031835da8 0000000000000000
0x000000003818f370:   0000000031835d00 0000000000000000 

Instructions: (pc=0x00007fff4b3bbe7b)
0x00007fff4b3bbe5b:   0f 45 f6 48 39 73 18 0f 84 bb 01 00 00 48 83 3b
0x00007fff4b3bbe6b:   ff 0f 84 be 01 00 00 48 8b 03 48 83 f8 ff 74 03
0x00007fff4b3bbe7b:   ff 40 24 48 8b 7b 18 44 8b ee 48 89 7d c0 e8 02
0x00007fff4b3bbe8b:   ae fd ff 85 c0 0f 85 1a 14 07 00 b9 82 03 fe 7f 


Register to memory mapping:

RAX=0x0000000000000000 is an unknown value
RBX=0x0000000022fbb038 is an unknown value
RCX=0x0000000022fbb038 is an unknown value
RDX=0xffffffffffffffff is an unknown value
RSP=0x000000003818f280 is pointing into the stack for thread: 0x00000000240a9800
RBP=0x000000003818f2f0 is pointing into the stack for thread: 0x00000000240a9800
RSI=0x0000000000000000 is an unknown value
RDI=0x0000000000000000 is an unknown value
R8 =0x0000000000000000 is an unknown value
R9 =0x0000000000000000 is an unknown value
R10=0x0000000000000000 is an unknown value
R11=0x0000000000000246 is an unknown value
R12=0x0000000000000000 is an unknown value
R13=0x000000003818f640 is pointing into the stack for thread: 0x00000000240a9800
R14=0x0000000000000000 is an unknown value
R15=0x0000000000000000 is an unknown value


Stack: [0x0000000038090000,0x0000000038190000],  sp=0x000000003818f280,  free space=1020k
Native frames: (J=compiled Java code, j=interpreted, Vv=VM code, C=native code)
C  [ntdll.dll+0x4be7b]
C  [ntdll.dll+0x20c49]
C  [ntdll.dll+0x20b60]
C  0x00007fff19692665
C  0x00007fff19698093
C  0x00000000053cd71f

Java frames: (J=compiled Java code, j=interpreted, Vv=VM code)
J 3850  org.bytedeco.javacpp.videoInputLib$videoInput.getPixels(ILorg/bytedeco/javacpp/BytePointer;ZZ)Z (0 bytes) @ 0x00000000053cd699 [0x00000000053cd640+0x59]
J 3847 C1 org.bytedeco.javacv.VideoInputFrameGrabber.grab()Lorg/bytedeco/javacv/Frame; (200 bytes) @ 0x0000000005592624 [0x0000000005591dc0+0x864]
j  application.ObjectTracker.run()V+39
j  java.lang.Thread.run()V+11
v  ~StubRoutines::call_stub

---------------  P R O C E S S  ---------------

Java Threads: ( => current thread )
  0x00000000240a9000 JavaThread "Thread-8" [_thread_in_native, id=9644, stack(0x0000000040510000,0x0000000040610000)]
=>0x00000000240a9800 JavaThread "Thread-7" [_thread_in_native, id=4152, stack(0x0000000038090000,0x0000000038190000)]
  0x00000000240aa800 JavaThread "Prism Font Disposer" daemon [_thread_blocked, id=3988, stack(0x0000000028b70000,0x0000000028c70000)]
  0x0000000023bf6800 JavaThread "AWT-Windows" daemon [_thread_in_native, id=11964, stack(0x0000000025b50000,0x0000000025c50000)]
  0x0000000023bf5000 JavaThread "Java2D Disposer" daemon [_thread_blocked, id=12456, stack(0x0000000025950000,0x0000000025a50000)]
  0x000000002424d000 JavaThread "JavaCPP Deallocator" daemon [_thread_blocked, id=6096, stack(0x0000000024540000,0x0000000024640000)]
  0x000000001bbe1000 JavaThread "Thread-3" daemon [_thread_in_native, id=3400, stack(0x0000000022fd0000,0x00000000230d0000)]
  0x000000001bbce000 JavaThread "JavaFX-Launcher" [_thread_blocked, id=1588, stack(0x00000000230d0000,0x00000000231d0000)]
  0x000000001b918800 JavaThread "JavaFX Application Thread" [_thread_in_native, id=7892, stack(0x000000001c720000,0x000000001c820000)]
  0x000000001b911800 JavaThread "Thread-1" daemon [_thread_blocked, id=9012, stack(0x000000001c620000,0x000000001c720000)]
  0x000000001bb40800 JavaThread "QuantumRenderer-0" daemon [_thread_blocked, id=4892, stack(0x000000001c340000,0x000000001c440000)]
  0x0000000019b4a800 JavaThread "Service Thread" daemon [_thread_blocked, id=11924, stack(0x000000001b940000,0x000000001ba40000)]
  0x0000000019b00000 JavaThread "C1 CompilerThread2" daemon [_thread_blocked, id=3776, stack(0x000000001b440000,0x000000001b540000)]
  0x0000000019af9000 JavaThread "C2 CompilerThread1" daemon [_thread_blocked, id=5684, stack(0x000000001b340000,0x000000001b440000)]
  0x0000000019af6800 JavaThread "C2 CompilerThread0" daemon [_thread_blocked, id=11792, stack(0x000000001b240000,0x000000001b340000)]
  0x0000000019af3000 JavaThread "Attach Listener" daemon [_thread_blocked, id=11760, stack(0x000000001b140000,0x000000001b240000)]
  0x0000000019af1800 JavaThread "Signal Dispatcher" daemon [_thread_blocked, id=10904, stack(0x000000001b040000,0x000000001b140000)]
  0x0000000019ae0000 JavaThread "Finalizer" daemon [_thread_blocked, id=13128, stack(0x000000001ad50000,0x000000001ae50000)]
  0x0000000004ff5800 JavaThread "Reference Handler" daemon [_thread_blocked, id=6664, stack(0x000000001ac50000,0x000000001ad50000)]
  0x0000000004f07000 JavaThread "main" [_thread_blocked, id=1648, stack(0x0000000004d60000,0x0000000004e60000)]

Other Threads:
  0x0000000019ab8000 VMThread [stack: 0x000000001ab50000,0x000000001ac50000] [id=6200]
  0x000000001b5d2800 WatcherThread [stack: 0x000000001ba40000,0x000000001bb40000] [id=12588]

VM state:not at safepoint (normal execution)

VM Mutex/Monitor currently owned by a thread: None

Heap:
 PSYoungGen      total 92672K, used 84752K [0x00000000d6000000, 0x00000000dc500000, 0x0000000100000000)
  eden space 82944K, 92% used [0x00000000d6000000,0x00000000daab8dc0,0x00000000db100000)
  from space 9728K, 84% used [0x00000000dbb00000,0x00000000dc30b2c0,0x00000000dc480000)
  to   space 10240K, 0% used [0x00000000db100000,0x00000000db100000,0x00000000dbb00000)
 ParOldGen       total 94720K, used 30804K [0x0000000082000000, 0x0000000087c80000, 0x00000000d6000000)
  object space 94720K, 32% used [0x0000000082000000,0x0000000083e15158,0x0000000087c80000)
 Metaspace       used 30999K, capacity 32074K, committed 32256K, reserved 1077248K
  class space    used 4088K, capacity 4340K, committed 4352K, reserved 1048576K

Card table byte_map: [0x00000000143c0000,0x00000000147c0000] byte_map_base: 0x0000000013fb0000

Marking Bits: (ParMarkBitMap*) 0x000000005091a6c0
 Begin Bits: [0x0000000014e60000, 0x0000000016de0000)
 End Bits:   [0x0000000016de0000, 0x0000000018d60000)

Polling page: 0x0000000002f40000

CodeCache: size=245760Kb used=12393Kb max_used=12623Kb free=233366Kb
 bounds [0x0000000005000000, 0x0000000005c60000, 0x0000000014000000]
 total_blobs=4678 nmethods=3704 adapters=885
 compilation: enabled

Compilation events (10 events):
Event: 24.786 Thread 0x0000000019b00000 nmethod 3988 0x0000000005211490 code [0x0000000005211640, 0x0000000005211ed8]
Event: 24.786 Thread 0x0000000019b00000 3989       3       javafx.scene.layout.BackgroundPosition::equals (128 bytes)
Event: 24.786 Thread 0x0000000019b00000 nmethod 3989 0x0000000005210a90 code [0x0000000005210c40, 0x0000000005211358]
Event: 24.786 Thread 0x0000000019b00000 3991       3       com.sun.scenario.effect.impl.prism.ps.PPSDrawable::createGraphics (13 bytes)
Event: 24.786 Thread 0x0000000019af9000 nmethod 3990 0x00000000053bbc10 code [0x00000000053bbd80, 0x00000000053bbf58]
Event: 24.786 Thread 0x0000000019b00000 nmethod 3991 0x0000000005210510 code [0x0000000005210680, 0x00000000052109a8]
Event: 24.787 Thread 0x0000000019af6800 3992       4       com.sun.scenario.effect.impl.state.BoxRenderState::validateWeights (477 bytes)
Event: 24.809 Thread 0x0000000019af6800 nmethod 3992 0x000000000522ed90 code [0x000000000522ef60, 0x000000000522fbf8]
Event: 24.885 Thread 0x0000000019b00000 3994       3       javafx.event.Event::fireEvent (35 bytes)
Event: 24.885 Thread 0x0000000019b00000 nmethod 3994 0x00000000053bb5d0 code [0x00000000053bb760, 0x00000000053bbaa8]

GC Heap History (10 events):
Event: 5.156 GC heap before
{Heap before GC invocations=11 (full 1):
 PSYoungGen      total 62976K, used 58866K [0x00000000d6000000, 0x00000000daf80000, 0x0000000100000000)
  eden space 54272K, 100% used [0x00000000d6000000,0x00000000d9500000,0x00000000d9500000)
  from space 8704K, 52% used [0x00000000d9500000,0x00000000d997caa0,0x00000000d9d80000)
  to   space 8704K, 0% used [0x00000000da700000,0x00000000da700000,0x00000000daf80000)
 ParOldGen       total 94720K, used 30772K [0x0000000082000000, 0x0000000087c80000, 0x00000000d6000000)
  object space 94720K, 32% used [0x0000000082000000,0x0000000083e0d158,0x0000000087c80000)
 Metaspace       used 25330K, capacity 26348K, committed 26496K, reserved 1073152K
  class space    used 3457K, capacity 3681K, committed 3712K, reserved 1048576K
Event: 5.160 GC heap after
Heap after GC invocations=11 (full 1):
 PSYoungGen      total 70656K, used 5401K [0x00000000d6000000, 0x00000000dae00000, 0x0000000100000000)
  eden space 63488K, 0% used [0x00000000d6000000,0x00000000d6000000,0x00000000d9e00000)
  from space 7168K, 75% used [0x00000000da700000,0x00000000dac465f8,0x00000000dae00000)
  to   space 8192K, 0% used [0x00000000d9e00000,0x00000000d9e00000,0x00000000da600000)
 ParOldGen       total 94720K, used 30772K [0x0000000082000000, 0x0000000087c80000, 0x00000000d6000000)
  object space 94720K, 32% used [0x0000000082000000,0x0000000083e0d158,0x0000000087c80000)
 Metaspace       used 25330K, capacity 26348K, committed 26496K, reserved 1073152K
  class space    used 3457K, capacity 3681K, committed 3712K, reserved 1048576K
}
Event: 6.299 GC heap before
{Heap before GC invocations=12 (full 1):
 PSYoungGen      total 70656K, used 68889K [0x00000000d6000000, 0x00000000dae00000, 0x0000000100000000)
  eden space 63488K, 100% used [0x00000000d6000000,0x00000000d9e00000,0x00000000d9e00000)
  from space 7168K, 75% used [0x00000000da700000,0x00000000dac465f8,0x00000000dae00000)
  to   space 8192K, 0% used [0x00000000d9e00000,0x00000000d9e00000,0x00000000da600000)
 ParOldGen       total 94720K, used 30772K [0x0000000082000000, 0x0000000087c80000, 0x00000000d6000000)
  object space 94720K, 32% used [0x0000000082000000,0x0000000083e0d158,0x0000000087c80000)
 Metaspace       used 27289K, capacity 28364K, committed 28544K, reserved 1073152K
  class space    used 3659K, capacity 3921K, committed 3968K, reserved 1048576K
Event: 6.303 GC heap after
Heap after GC invocations=12 (full 1):
 PSYoungGen      total 71680K, used 6334K [0x00000000d6000000, 0x00000000db780000, 0x0000000100000000)
  eden space 63488K, 0% used [0x00000000d6000000,0x00000000d6000000,0x00000000d9e00000)
  from space 8192K, 77% used [0x00000000d9e00000,0x00000000da42f958,0x00000000da600000)
  to   space 8192K, 0% used [0x00000000daf80000,0x00000000daf80000,0x00000000db780000)
 ParOldGen       total 94720K, used 30780K [0x0000000082000000, 0x0000000087c80000, 0x00000000d6000000)
  object space 94720K, 32% used [0x0000000082000000,0x0000000083e0f158,0x0000000087c80000)
 Metaspace       used 27289K, capacity 28364K, committed 28544K, reserved 1073152K
  class space    used 3659K, capacity 3921K, committed 3968K, reserved 1048576K
}
Event: 6.616 GC heap before
{Heap before GC invocations=13 (full 1):
 PSYoungGen      total 71680K, used 69822K [0x00000000d6000000, 0x00000000db780000, 0x0000000100000000)
  eden space 63488K, 100% used [0x00000000d6000000,0x00000000d9e00000,0x00000000d9e00000)
  from space 8192K, 77% used [0x00000000d9e00000,0x00000000da42f958,0x00000000da600000)
  to   space 8192K, 0% used [0x00000000daf80000,0x00000000daf80000,0x00000000db780000)
 ParOldGen       total 94720K, used 30780K [0x0000000082000000, 0x0000000087c80000, 0x00000000d6000000)
  object space 94720K, 32% used [0x0000000082000000,0x0000000083e0f158,0x0000000087c80000)
 Metaspace       used 27665K, capacity 28780K, committed 29056K, reserved 1075200K
  class space    used 3695K, capacity 3953K, committed 3968K, reserved 1048576K
Event: 6.620 GC heap after
Heap after GC invocations=13 (full 1):
 PSYoungGen      total 80896K, used 6991K [0x00000000d6000000, 0x00000000db980000, 0x0000000100000000)
  eden space 72704K, 0% used [0x00000000d6000000,0x00000000d6000000,0x00000000da700000)
  from space 8192K, 85% used [0x00000000daf80000,0x00000000db653d30,0x00000000db780000)
  to   space 8704K, 0% used [0x00000000da700000,0x00000000da700000,0x00000000daf80000)
 ParOldGen       total 94720K, used 30788K [0x0000000082000000, 0x0000000087c80000, 0x00000000d6000000)
  object space 94720K, 32% used [0x0000000082000000,0x0000000083e11158,0x0000000087c80000)
 Metaspace       used 27665K, capacity 28780K, committed 29056K, reserved 1075200K
  class space    used 3695K, capacity 3953K, committed 3968K, reserved 1048576K
}
Event: 7.451 GC heap before
{Heap before GC invocations=14 (full 1):
 PSYoungGen      total 80896K, used 79031K [0x00000000d6000000, 0x00000000db980000, 0x0000000100000000)
  eden space 72704K, 99% used [0x00000000d6000000,0x00000000da65a058,0x00000000da700000)
  from space 8192K, 85% used [0x00000000daf80000,0x00000000db653d30,0x00000000db780000)
  to   space 8704K, 0% used [0x00000000da700000,0x00000000da700000,0x00000000daf80000)
 ParOldGen       total 94720K, used 30788K [0x0000000082000000, 0x0000000087c80000, 0x00000000d6000000)
  object space 94720K, 32% used [0x0000000082000000,0x0000000083e11158,0x0000000087c80000)
 Metaspace       used 27943K, capacity 29038K, committed 29312K, reserved 1075200K
  class space    used 3711K, capacity 3954K, committed 3968K, reserved 1048576K
Event: 7.455 GC heap after
Heap after GC invocations=14 (full 1):
 PSYoungGen      total 81408K, used 8207K [0x00000000d6000000, 0x00000000dc480000, 0x0000000100000000)
  eden space 72704K, 0% used [0x00000000d6000000,0x00000000d6000000,0x00000000da700000)
  from space 8704K, 94% used [0x00000000da700000,0x00000000daf03d50,0x00000000daf80000)
  to   space 9728K, 0% used [0x00000000dbb00000,0x00000000dbb00000,0x00000000dc480000)
 ParOldGen       total 94720K, used 30796K [0x0000000082000000, 0x0000000087c80000, 0x00000000d6000000)
  object space 94720K, 32% used [0x0000000082000000,0x0000000083e13158,0x0000000087c80000)
 Metaspace       used 27943K, capacity 29038K, committed 29312K, reserved 1075200K
  class space    used 3711K, capacity 3954K, committed 3968K, reserved 1048576K
}
Event: 8.415 GC heap before
{Heap before GC invocations=15 (full 1):
 PSYoungGen      total 81408K, used 80324K [0x00000000d6000000, 0x00000000dc480000, 0x0000000100000000)
  eden space 72704K, 99% used [0x00000000d6000000,0x00000000da66d4f8,0x00000000da700000)
  from space 8704K, 94% used [0x00000000da700000,0x00000000daf03d50,0x00000000daf80000)
  to   space 9728K, 0% used [0x00000000dbb00000,0x00000000dbb00000,0x00000000dc480000)
 ParOldGen       total 94720K, used 30796K [0x0000000082000000, 0x0000000087c80000, 0x00000000d6000000)
  object space 94720K, 32% used [0x0000000082000000,0x0000000083e13158,0x0000000087c80000)
 Metaspace       used 28062K, capacity 29178K, committed 29312K, reserved 1075200K
  class space    used 3711K, capacity 3954K, committed 3968K, reserved 1048576K
Event: 8.421 GC heap after
Heap after GC invocations=15 (full 1):
 PSYoungGen      total 92672K, used 8236K [0x00000000d6000000, 0x00000000dc500000, 0x0000000100000000)
  eden space 82944K, 0% used [0x00000000d6000000,0x00000000d6000000,0x00000000db100000)
  from space 9728K, 84% used [0x00000000dbb00000,0x00000000dc30b2c0,0x00000000dc480000)
  to   space 10240K, 0% used [0x00000000db100000,0x00000000db100000,0x00000000dbb00000)
 ParOldGen       total 94720K, used 30804K [0x0000000082000000, 0x0000000087c80000, 0x00000000d6000000)
  object space 94720K, 32% used [0x0000000082000000,0x0000000083e15158,0x0000000087c80000)
 Metaspace       used 28062K, capacity 29178K, committed 29312K, reserved 1075200K
  class space    used 3711K, capacity 3954K, committed 3968K, reserved 1048576K
}

Deoptimization events (10 events):
Event: 5.437 Thread 0x000000001b918800 Uncommon trap: reason=unstable_if action=reinterpret pc=0x000000000597fcd8 method=com.sun.javafx.iio.common.SmoothMinifier.putSourceScanline([BI)Z @ 419
Event: 6.705 Thread 0x00000000240ab000 Uncommon trap: reason=unstable_if action=reinterpret pc=0x0000000005a613c8 method=com.sun.javafx.image.impl.IntTo4ByteSameConverter.doConvert([III[BIIII)V @ 29
Event: 7.588 Thread 0x000000001bb40800 Uncommon trap: reason=unstable_if action=reinterpret pc=0x0000000005b1c63c method=com.sun.prism.d3d.D3DTextureResource.isValid()Z @ 4
Event: 8.431 Thread 0x000000001bb40800 Uncommon trap: reason=null_check action=make_not_entrant pc=0x0000000005b8f0d8 method=com.sun.prism.impl.BaseResourcePool$WeakLinkedList.getResource()Lcom/sun/prism/impl/ManagedResource; @ 7
Event: 9.034 Thread 0x00000000240a9800 Uncommon trap: reason=unstable_if action=reinterpret pc=0x0000000005a5d36c method=sun.nio.fs.WindowsPath.compareTo(Ljava/nio/file/Path;)I @ 76
Event: 9.153 Thread 0x00000000240a9800 Uncommon trap: reason=unstable_if action=reinterpret pc=0x000000000539ada8 method=java.lang.String.lastIndexOf([CII[CIII)I @ 118
Event: 9.958 Thread 0x00000000240a9800 Uncommon trap: reason=predicate action=maybe_recompile pc=0x0000000005a68db8 method=org.bytedeco.javacv.Java2DFrameConverter.flipCopyWithGamma(Ljava/nio/ByteBuffer;ILjava/nio/ByteBuffer;IZDZI)V @ 491
Event: 9.958 Thread 0x00000000240a9800 Uncommon trap: reason=unstable_if action=reinterpret pc=0x0000000005a4952c method=org.bytedeco.javacv.Java2DFrameConverter.flipCopyWithGamma(Ljava/nio/ByteBuffer;ILjava/nio/ByteBuffer;IZDZI)V @ 505
Event: 13.167 Thread 0x00000000240a9800 Uncommon trap: reason=unstable_if action=reinterpret pc=0x000000000574a674 method=java.lang.ref.SoftReference.get()Ljava/lang/Object; @ 6
Event: 24.857 Thread 0x00000000240a6800 Uncommon trap: reason=predicate action=maybe_recompile pc=0x0000000005285bd4 method=java.util.ArrayList.remove(Ljava/lang/Object;)Z @ 49

Internal exceptions (10 events):
Event: 9.377 Thread 0x00000000240a9800 Exception <a 'sun/nio/fs/WindowsException'> (0x00000000d92f7770) thrown at [C:\re\workspace\8-2-build-windows-amd64-cygwin\jdk8u111\7883\hotspot\src\share\vm\prims\jni.cpp, line 709]
Event: 9.377 Thread 0x00000000240a9800 Exception <a 'sun/nio/fs/WindowsException'> (0x00000000d92f8a38) thrown at [C:\re\workspace\8-2-build-windows-amd64-cygwin\jdk8u111\7883\hotspot\src\share\vm\prims\jni.cpp, line 709]
Event: 9.377 Thread 0x00000000240a9800 Exception <a 'sun/nio/fs/WindowsException'> (0x00000000d92f9d50) thrown at [C:\re\workspace\8-2-build-windows-amd64-cygwin\jdk8u111\7883\hotspot\src\share\vm\prims\jni.cpp, line 709]
Event: 9.378 Thread 0x00000000240a9800 Exception <a 'sun/nio/fs/WindowsException'> (0x00000000d92faff0) thrown at [C:\re\workspace\8-2-build-windows-amd64-cygwin\jdk8u111\7883\hotspot\src\share\vm\prims\jni.cpp, line 709]
Event: 9.378 Thread 0x00000000240a9800 Exception <a 'sun/nio/fs/WindowsException'> (0x00000000d92fc2e0) thrown at [C:\re\workspace\8-2-build-windows-amd64-cygwin\jdk8u111\7883\hotspot\src\share\vm\prims\jni.cpp, line 709]
Event: 9.379 Thread 0x00000000240a9800 Exception <a 'sun/nio/fs/WindowsException'> (0x00000000d92fd5a8) thrown at [C:\re\workspace\8-2-build-windows-amd64-cygwin\jdk8u111\7883\hotspot\src\share\vm\prims\jni.cpp, line 709]
Event: 9.379 Thread 0x00000000240a9800 Exception <a 'sun/nio/fs/WindowsException'> (0x00000000d92fe898) thrown at [C:\re\workspace\8-2-build-windows-amd64-cygwin\jdk8u111\7883\hotspot\src\share\vm\prims\jni.cpp, line 709]
Event: 9.484 Thread 0x00000000240a9800 Exception <a 'java/lang/UnsatisfiedLinkError': cl.eye.CLCamera.CLEyeGetCameraCount()I> (0x00000000d93286f8) thrown at [C:\re\workspace\8-2-build-windows-amd64-cygwin\jdk8u111\7883\hotspot\src\share\vm\prims\nativeLookup.cpp, line 378]
Event: 9.485 Thread 0x00000000240a9800 Exception <a 'java/lang/reflect/InvocationTargetException'> (0x00000000d9328900) thrown at [C:\re\workspace\8-2-build-windows-amd64-cygwin\jdk8u111\7883\hotspot\src\share\vm\runtime\reflection.cpp, line 1092]
Event: 13.178 Thread 0x00000000240a9800 Exception <a 'sun/java2d/InvalidPipeException': bounds changed> (0x00000000da82cb98) thrown at [C:\re\workspace\8-2-build-windows-amd64-cygwin\jdk8u111\7883\hotspot\src\share\vm\prims\jni.cpp, line 735]

Events (10 events):
Event: 23.544 Executing VM operation: RevokeBias done
Event: 24.787 Thread 0x000000001bb40800 DEOPT PACKING pc=0x0000000005ad23c9 sp=0x000000001c43da50
Event: 24.787 Thread 0x000000001bb40800 DEOPT UNPACKING pc=0x000000000504787f sp=0x000000001c43d7e8 mode 0
Event: 24.857 Executing VM operation: RevokeBias
Event: 24.857 Executing VM operation: RevokeBias done
Event: 24.857 Thread 0x00000000240ac000 Thread exited: 0x00000000240ac000
Event: 24.857 Thread 0x00000000240a6800 Uncommon trap: trap_request=0xffffff86 fr.pc=0x0000000005285bd4
Event: 24.857 Thread 0x00000000240a6800 DEOPT PACKING pc=0x0000000005285bd4 sp=0x000000003808f550
Event: 24.857 Thread 0x00000000240a6800 DEOPT UNPACKING pc=0x000000000504582a sp=0x000000003808f528 mode 2
Event: 24.857 Thread 0x00000000240a6800 Thread exited: 0x00000000240a6800


Dynamic libraries:
0x00007ff738fe0000 - 0x00007ff739017000 	C:\Program Files\Java\jdk1.8.0_111\bin\javaw.exe
0x00007fff4b370000 - 0x00007fff4b550000 	C:\WINDOWS\SYSTEM32\ntdll.dll
0x00007fff492b0000 - 0x00007fff4935e000 	C:\WINDOWS\System32\KERNEL32.DLL
0x00007fff47910000 - 0x00007fff47b76000 	C:\WINDOWS\System32\KERNELBASE.dll
0x00007fff48ba0000 - 0x00007fff48c41000 	C:\WINDOWS\System32\ADVAPI32.dll
0x00007fff496c0000 - 0x00007fff4975d000 	C:\WINDOWS\System32\msvcrt.dll
0x00007fff48b40000 - 0x00007fff48b9b000 	C:\WINDOWS\System32\sechost.dll
0x00007fff49190000 - 0x00007fff492af000 	C:\WINDOWS\System32\RPCRT4.dll
0x00007fff489b0000 - 0x00007fff48b3f000 	C:\WINDOWS\System32\USER32.dll
0x00007fff47770000 - 0x00007fff47790000 	C:\WINDOWS\System32\win32u.dll
0x00007fff48d00000 - 0x00007fff48d28000 	C:\WINDOWS\System32\GDI32.dll
0x00007fff48320000 - 0x00007fff484b3000 	C:\WINDOWS\System32\gdi32full.dll
0x00007fff47870000 - 0x00007fff4790b000 	C:\WINDOWS\System32\msvcp_win.dll
0x00007fff48690000 - 0x00007fff48786000 	C:\WINDOWS\System32\ucrtbase.dll
0x00007fff35fb0000 - 0x00007fff36219000 	C:\WINDOWS\WinSxS\amd64_microsoft.windows.common-controls_6595b64144ccf1df_6.0.16299.309_none_15cfd4c4935e6b11\COMCTL32.dll
0x00007fff48d30000 - 0x00007fff49038000 	C:\WINDOWS\System32\combase.dll
0x00007fff477f0000 - 0x00007fff47862000 	C:\WINDOWS\System32\bcryptPrimitives.dll
0x00007fff493f0000 - 0x00007fff4941d000 	C:\WINDOWS\System32\IMM32.DLL
0x00000000509a0000 - 0x0000000050a72000 	C:\Program Files\Java\jdk1.8.0_111\jre\bin\msvcr100.dll
0x0000000050100000 - 0x000000005099a000 	C:\Program Files\Java\jdk1.8.0_111\jre\bin\server\jvm.dll
0x00007fff4b330000 - 0x00007fff4b338000 	C:\WINDOWS\System32\PSAPI.DLL
0x00007fff457c0000 - 0x00007fff457e3000 	C:\WINDOWS\SYSTEM32\WINMM.dll
0x00007fff35170000 - 0x00007fff35179000 	C:\WINDOWS\SYSTEM32\WSOCK32.dll
0x00007fff49380000 - 0x00007fff493ec000 	C:\WINDOWS\System32\WS2_32.dll
0x00007fff45790000 - 0x00007fff457ba000 	C:\WINDOWS\SYSTEM32\WINMMBASE.dll
0x00007fff40c30000 - 0x00007fff40c3a000 	C:\WINDOWS\SYSTEM32\VERSION.dll
0x00007fff482d0000 - 0x00007fff4831a000 	C:\WINDOWS\System32\cfgmgr32.dll
0x00000000500f0000 - 0x00000000500ff000 	C:\Program Files\Java\jdk1.8.0_111\jre\bin\verify.dll
0x00000000500c0000 - 0x00000000500e9000 	C:\Program Files\Java\jdk1.8.0_111\jre\bin\java.dll
0x00000000500a0000 - 0x00000000500b6000 	C:\Program Files\Java\jdk1.8.0_111\jre\bin\zip.dll
0x00007fff49bb0000 - 0x00007fff4afe6000 	C:\WINDOWS\System32\SHELL32.dll
0x00007fff48c50000 - 0x00007fff48cf6000 	C:\WINDOWS\System32\shcore.dll
0x00007fff47b80000 - 0x00007fff482c7000 	C:\WINDOWS\System32\windows.storage.dll
0x00007fff49120000 - 0x00007fff49171000 	C:\WINDOWS\System32\shlwapi.dll
0x00007fff47700000 - 0x00007fff47711000 	C:\WINDOWS\System32\kernel.appcore.dll
0x00007fff47720000 - 0x00007fff4776c000 	C:\WINDOWS\System32\powrprof.dll
0x00007fff476c0000 - 0x00007fff476db000 	C:\WINDOWS\System32\profapi.dll
0x00007fff21310000 - 0x00007fff213ff000 	C:\Program Files\Java\jdk1.8.0_111\jre\bin\msvcr120.dll
0x00007fff2ec80000 - 0x00007fff2ed26000 	C:\Program Files\Java\jdk1.8.0_111\jre\bin\msvcp120.dll
0x0000000077fd0000 - 0x0000000077ff2000 	C:\Program Files\Java\jdk1.8.0_111\jre\bin\prism_d3d.dll
0x00007fff14290000 - 0x00007fff14425000 	C:\WINDOWS\system32\d3d9.dll
0x00007fff45c60000 - 0x00007fff45c8a000 	C:\WINDOWS\SYSTEM32\dwmapi.dll
0x00007fff459a0000 - 0x00007fff45a35000 	C:\WINDOWS\system32\uxtheme.dll
0x00007ffef0460000 - 0x00007ffef4085000 	C:\WINDOWS\System32\DriverStore\FileRepository\igdlh64.inf_amd64_82548830eadb8221\igdumdim64.dll
0x00007fff49040000 - 0x00007fff49105000 	C:\WINDOWS\System32\OLEAUT32.dll
0x00007fff4aff0000 - 0x00007fff4b139000 	C:\WINDOWS\System32\ole32.dll
0x00007fff49760000 - 0x00007fff49bae000 	C:\WINDOWS\System32\SETUPAPI.dll
0x0000000077f80000 - 0x0000000077fc3000 	C:\Program Files\Java\jdk1.8.0_111\jre\bin\glass.dll
0x00007fff4b1a0000 - 0x00007fff4b2aa000 	C:\WINDOWS\System32\COMDLG32.dll
0x00007fff48840000 - 0x00007fff489a7000 	C:\WINDOWS\System32\MSCTF.dll
0x00007fff3e690000 - 0x00007fff3fc8e000 	C:\WINDOWS\System32\DriverStore\FileRepository\igdlh64.inf_amd64_82548830eadb8221\igc64.dll
0x00007fff2fb60000 - 0x00007fff2fbb1000 	C:\Users\Nicklas\.javacpp\cache\opencv-3.4.0-1.4-windows-x86_64.jar\org\bytedeco\javacpp\windows-x86_64\concrt140.dll
0x00007fff28f10000 - 0x00007fff28fae000 	C:\Program Files\TortoiseSVN\bin\MSVCP140.dll
0x00007fff28ef0000 - 0x00007fff28f07000 	C:\Program Files\TortoiseSVN\bin\VCRUNTIME140.dll
0x00007fff47130000 - 0x00007fff4713b000 	C:\WINDOWS\SYSTEM32\CRYPTBASE.DLL
0x00007fff2acd0000 - 0x00007fff2ad6d000 	C:\Users\Nicklas\.javacpp\cache\opencv-3.4.0-1.4-windows-x86_64.jar\org\bytedeco\javacpp\windows-x86_64\msvcp140.dll
0x00007fff461b0000 - 0x00007fff461c7000 	C:\Users\Nicklas\.javacpp\cache\opencv-3.4.0-1.4-windows-x86_64.jar\org\bytedeco\javacpp\windows-x86_64\vcruntime140.dll
0x0000000004eb0000 - 0x0000000004eb3000 	C:\Users\Nicklas\.javacpp\cache\opencv-3.4.0-1.4-windows-x86_64.jar\org\bytedeco\javacpp\windows-x86_64\api-ms-win-crt-locale-l1-1-0.dll
0x0000000004ec0000 - 0x0000000004ec4000 	C:\Users\Nicklas\.javacpp\cache\opencv-3.4.0-1.4-windows-x86_64.jar\org\bytedeco\javacpp\windows-x86_64\api-ms-win-crt-string-l1-1-0.dll
0x0000000004ed0000 - 0x0000000004ed4000 	C:\Users\Nicklas\.javacpp\cache\opencv-3.4.0-1.4-windows-x86_64.jar\org\bytedeco\javacpp\windows-x86_64\api-ms-win-crt-stdio-l1-1-0.dll
0x0000000004ee0000 - 0x0000000004ee5000 	C:\Users\Nicklas\.javacpp\cache\opencv-3.4.0-1.4-windows-x86_64.jar\org\bytedeco\javacpp\windows-x86_64\api-ms-win-crt-math-l1-1-0.dll
0x000000001c500000 - 0x000000001c503000 	C:\Users\Nicklas\.javacpp\cache\opencv-3.4.0-1.4-windows-x86_64.jar\org\bytedeco\javacpp\windows-x86_64\api-ms-win-crt-heap-l1-1-0.dll
0x0000000022bb0000 - 0x0000000022bb4000 	C:\Users\Nicklas\.javacpp\cache\opencv-3.4.0-1.4-windows-x86_64.jar\org\bytedeco\javacpp\windows-x86_64\api-ms-win-crt-runtime-l1-1-0.dll
0x00000000243a0000 - 0x00000000243a4000 	C:\Users\Nicklas\.javacpp\cache\opencv-3.4.0-1.4-windows-x86_64.jar\org\bytedeco\javacpp\windows-x86_64\api-ms-win-crt-convert-l1-1-0.dll
0x00000000243b0000 - 0x00000000243b3000 	C:\Users\Nicklas\.javacpp\cache\opencv-3.4.0-1.4-windows-x86_64.jar\org\bytedeco\javacpp\windows-x86_64\api-ms-win-crt-environment-l1-1-0.dll
0x00000000243c0000 - 0x00000000243c3000 	C:\Users\Nicklas\.javacpp\cache\opencv-3.4.0-1.4-windows-x86_64.jar\org\bytedeco\javacpp\windows-x86_64\api-ms-win-crt-time-l1-1-0.dll
0x00000000243d0000 - 0x00000000243d3000 	C:\Users\Nicklas\.javacpp\cache\opencv-3.4.0-1.4-windows-x86_64.jar\org\bytedeco\javacpp\windows-x86_64\api-ms-win-crt-filesystem-l1-1-0.dll
0x00000000243e0000 - 0x00000000243e3000 	C:\Users\Nicklas\.javacpp\cache\opencv-3.4.0-1.4-windows-x86_64.jar\org\bytedeco\javacpp\windows-x86_64\api-ms-win-crt-utility-l1-1-0.dll
0x00000000243f0000 - 0x00000000243f5000 	C:\Users\Nicklas\.javacpp\cache\opencv-3.4.0-1.4-windows-x86_64.jar\org\bytedeco\javacpp\windows-x86_64\api-ms-win-crt-multibyte-l1-1-0.dll
0x00007fff19770000 - 0x00007fff19a76000 	C:\Users\Nicklas\.javacpp\cache\opencv-3.4.0-1.4-windows-x86_64.jar\org\bytedeco\javacpp\windows-x86_64\opencv_core340.dll
0x00007fff18970000 - 0x00007fff18d7c000 	C:\Users\Nicklas\.javacpp\cache\opencv-3.4.0-1.4-windows-x86_64.jar\org\bytedeco\javacpp\windows-x86_64\opencv_imgproc340.dll
0x00007fff185f0000 - 0x00007fff1896b000 	C:\Users\Nicklas\.javacpp\cache\opencv-3.4.0-1.4-windows-x86_64.jar\org\bytedeco\javacpp\windows-x86_64\jniopencv_core.dll
0x0000000050080000 - 0x000000005009a000 	C:\Program Files\Java\jdk1.8.0_111\jre\bin\net.dll
0x00007fff46f50000 - 0x00007fff46fb6000 	C:\WINDOWS\system32\mswsock.dll
0x0000000050060000 - 0x0000000050071000 	C:\Program Files\Java\jdk1.8.0_111\jre\bin\nio.dll
0x0000000077de0000 - 0x0000000077f78000 	C:\Program Files\Java\jdk1.8.0_111\jre\bin\awt.dll
0x00007fff456d0000 - 0x00007fff45758000 	C:\WINDOWS\SYSTEM32\apphelp.dll
0x0000000050000000 - 0x0000000050014000 	C:\Program Files\Java\jdk1.8.0_111\jre\bin\javafx_font.dll
0x00007fff2ceb0000 - 0x00007fff2d1bf000 	C:\WINDOWS\SYSTEM32\dwrite.dll
0x00007fff49420000 - 0x00007fff494be000 	C:\WINDOWS\System32\clbcatq.dll
0x00007fff420d0000 - 0x00007fff4227b000 	C:\WINDOWS\SYSTEM32\WindowsCodecs.dll
0x00007fff2bdc0000 - 0x00007fff2be0f000 	C:\WINDOWS\system32\dataexchange.dll
0x00007fff44f40000 - 0x00007fff45082000 	C:\WINDOWS\system32\dcomp.dll
0x00007fff43ee0000 - 0x00007fff441c2000 	C:\WINDOWS\system32\d3d11.dll
0x00007fff46520000 - 0x00007fff465cf000 	C:\WINDOWS\system32\dxgi.dll
0x00007fff45d20000 - 0x00007fff45e9b000 	C:\WINDOWS\system32\twinapi.appcore.dll
0x00007fff45c90000 - 0x00007fff45cb0000 	C:\WINDOWS\system32\RMCLIENT.dll
0x00007fff47220000 - 0x00007fff47245000 	C:\WINDOWS\system32\bcrypt.dll
0x00007fff40a00000 - 0x00007fff40a34000 	C:\Program Files\Common Files\Microsoft Shared\Ink\rtscom.dll
0x00007fff2f000000 - 0x00007fff2f098000 	C:\WINDOWS\System32\TextInputFramework.dll
0x00007fff41cb0000 - 0x00007fff41f9e000 	C:\WINDOWS\System32\CoreUIComponents.dll
0x00007fff446d0000 - 0x00007fff447ac000 	C:\WINDOWS\System32\CoreMessaging.dll
0x00007fff467f0000 - 0x00007fff46821000 	C:\WINDOWS\SYSTEM32\ntmarta.dll
0x00007fff43ac0000 - 0x00007fff43bf6000 	C:\WINDOWS\SYSTEM32\wintypes.dll
0x0000000077dc0000 - 0x0000000077dd1000 	C:\Program Files\Java\jdk1.8.0_111\jre\bin\prism_common.dll
0x00007fff447b0000 - 0x00007fff44d68000 	C:\WINDOWS\SYSTEM32\d2d1.dll
0x00007fff484c0000 - 0x00007fff4868e000 	C:\WINDOWS\System32\CRYPT32.dll
0x00007fff476e0000 - 0x00007fff476f2000 	C:\WINDOWS\System32\MSASN1.dll
0x00007fff178c0000 - 0x00007fff1802c000 	C:\WINDOWS\SYSTEM32\D3D10Warp.dll
0x00007fff475c0000 - 0x00007fff475e9000 	C:\WINDOWS\SYSTEM32\USERENV.dll
0x00007fff18490000 - 0x00007fff185e5000 	C:\Users\Nicklas\.javacpp\cache\opencv-3.4.0-1.4-windows-x86_64.jar\org\bytedeco\javacpp\windows-x86_64\jniopencv_imgproc.dll
0x00007fff17150000 - 0x00007fff1741c000 	C:\Users\Nicklas\.javacpp\cache\opencv-3.4.0-1.4-windows-x86_64.jar\org\bytedeco\javacpp\windows-x86_64\opencv_imgcodecs340.dll
0x00007fff36ce0000 - 0x00007fff36d14000 	C:\Users\Nicklas\.javacpp\cache\opencv-3.4.0-1.4-windows-x86_64.jar\org\bytedeco\javacpp\windows-x86_64\jniopencv_imgcodecs.dll
0x00007fff07f90000 - 0x00007fff08384000 	C:\Users\Nicklas\.javacpp\cache\opencv-3.4.0-1.4-windows-x86_64.jar\org\bytedeco\javacpp\windows-x86_64\opencv_dnn340.dll
0x00007fff2a740000 - 0x00007fff2a7b1000 	C:\Users\Nicklas\.javacpp\cache\opencv-3.4.0-1.4-windows-x86_64.jar\org\bytedeco\javacpp\windows-x86_64\jniopencv_dnn.dll
0x00007fff21ec0000 - 0x00007fff21f53000 	C:\Users\Nicklas\.javacpp\cache\opencv-3.4.0-1.4-windows-x86_64.jar\org\bytedeco\javacpp\windows-x86_64\opencv_objdetect340.dll
0x00007fff1eeb0000 - 0x00007fff1ef29000 	C:\Users\Nicklas\.javacpp\cache\opencv-3.4.0-1.4-windows-x86_64.jar\org\bytedeco\javacpp\windows-x86_64\jniopencv_objdetect.dll
0x00007fff1a960000 - 0x00007fff1aa5c000 	C:\Users\Nicklas\.javacpp\cache\opencv-3.4.0-1.4-windows-x86_64.jar\org\bytedeco\javacpp\windows-x86_64\opencv_photo340.dll
0x00007fff22350000 - 0x00007fff223a3000 	C:\Users\Nicklas\.javacpp\cache\opencv-3.4.0-1.4-windows-x86_64.jar\org\bytedeco\javacpp\windows-x86_64\jniopencv_photo.dll
0x00007fff196e0000 - 0x00007fff19763000 	C:\Users\Nicklas\.javacpp\cache\opencv-3.4.0-1.4-windows-x86_64.jar\org\bytedeco\javacpp\windows-x86_64\opencv_video340.dll
0x00007fff1ee60000 - 0x00007fff1eead000 	C:\Users\Nicklas\.javacpp\cache\opencv-3.4.0-1.4-windows-x86_64.jar\org\bytedeco\javacpp\windows-x86_64\jniopencv_video.dll
0x00007fff45880000 - 0x00007fff458ab000 	C:\Users\Nicklas\.javacpp\cache\opencv-3.4.0-1.4-windows-x86_64.jar\org\bytedeco\javacpp\windows-x86_64\opencv_plot340.dll
0x00007fff16f10000 - 0x00007fff17145000 	C:\Users\Nicklas\.javacpp\cache\opencv-3.4.0-1.4-windows-x86_64.jar\org\bytedeco\javacpp\windows-x86_64\opencv_tracking340.dll
0x00007fff07ec0000 - 0x00007fff07f90000 	C:\Users\Nicklas\.javacpp\cache\opencv-3.4.0-1.4-windows-x86_64.jar\org\bytedeco\javacpp\windows-x86_64\opencv_face340.dll
0x00007fff45530000 - 0x00007fff45555000 	C:\Users\Nicklas\.javacpp\cache\opencv-3.4.0-1.4-windows-x86_64.jar\org\bytedeco\javacpp\windows-x86_64\jniopencv_face.dll
0x00007fff47110000 - 0x00007fff47127000 	C:\WINDOWS\SYSTEM32\CRYPTSP.dll
0x00007fff46b50000 - 0x00007fff46b83000 	C:\WINDOWS\system32\rsaenh.dll
0x00007fff46ce0000 - 0x00007fff46d19000 	C:\WINDOWS\SYSTEM32\IPHLPAPI.DLL
0x00007fff49110000 - 0x00007fff49118000 	C:\WINDOWS\System32\NSI.dll
0x00007fff42360000 - 0x00007fff42376000 	C:\WINDOWS\SYSTEM32\dhcpcsvc6.DLL
0x00007fff42320000 - 0x00007fff4233a000 	C:\WINDOWS\SYSTEM32\dhcpcsvc.DLL
0x00007fff1dd80000 - 0x00007fff1ddcb000 	C:\Users\Nicklas\.javacpp\cache\opencv-3.4.0-1.4-windows-x86_64.jar\org\bytedeco\javacpp\windows-x86_64\opencv_videoio340.dll
0x00007fff43e20000 - 0x00007fff43e49000 	C:\WINDOWS\SYSTEM32\MSVFW32.dll
0x00007fff45820000 - 0x00007fff45838000 	C:\WINDOWS\SYSTEM32\AVICAP32.dll
0x00007fff45610000 - 0x00007fff4562f000 	C:\WINDOWS\SYSTEM32\AVIFIL32.dll
0x00007fff42c10000 - 0x00007fff42c2c000 	C:\WINDOWS\SYSTEM32\MSACM32.dll
0x00007fff431d0000 - 0x00007fff431ef000 	C:\Users\Nicklas\.javacpp\cache\opencv-3.4.0-1.4-windows-x86_64.jar\org\bytedeco\javacpp\windows-x86_64\jniopencv_videoio.dll
0x00007fff46d20000 - 0x00007fff46dd6000 	C:\WINDOWS\SYSTEM32\DNSAPI.dll

VM Arguments:
jvm_args: -Djava.library.path=C:\opencv\build\java\x64;C:\opencv\build\java\x64 -Dfile.encoding=Cp1252 
java_command: application.AppStart
java_class_path (initial): C:\Users\Nicklas\Workspace SilverSpin\FaceRecognizerJava\target\classes;C:\Users\Nicklas\Program\eclipse\plugins\org.eclipse.fx.ide.css.jfx8_2.4.0.201605112122.jar;C:\opencv\build\java\opencv-340.jar;C:\Users\Nicklas\.m2\repository\mysql\mysql-connector-java\5.1.14\mysql-connector-java-5.1.14.jar;C:\Users\Nicklas\.m2\repository\org\bytedeco\javacpp-presets\tesseract-platform\3.05.01-1.4\tesseract-platform-3.05.01-1.4.jar;C:\Users\Nicklas\.m2\repository\org\bytedeco\javacpp-presets\leptonica-platform\1.74.4-1.4\leptonica-platform-1.74.4-1.4.jar;C:\Users\Nicklas\.m2\repository\org\bytedeco\javacpp-presets\leptonica\1.74.4-1.4\leptonica-1.74.4-1.4.jar;C:\Users\Nicklas\.m2\repository\org\bytedeco\javacpp-presets\leptonica\1.74.4-1.4\leptonica-1.74.4-1.4-android-arm.jar;C:\Users\Nicklas\.m2\repository\org\bytedeco\javacpp-presets\leptonica\1.74.4-1.4\leptonica-1.74.4-1.4-android-x86.jar;C:\Users\Nicklas\.m2\repository\org\bytedeco\javacpp-presets\leptonica\1.74.4-1.4\leptonica-1.74.4-1.4-linux-x86.jar;C:\Users\Nicklas\.m2\repository\org\bytedeco\javacpp-presets\leptonica\1.74.4-1.4\leptonica-1.74.4-1.4-linux-x86_64.jar;C:\Users\Nicklas\.m2\repository\org\bytedeco\javacpp-presets\leptonica\1.74.4-1.4\leptonica-1.74.4-1.4-linux-armhf.jar;C:\Users\Nicklas\.m2\repository\org\bytedeco\javacpp-presets\leptonica\1.74.4-1.4\leptonica-1.74.4-1.4-linux-ppc64le.jar;C:\Users\Nicklas\.m2\repository\org\bytedeco\javacpp-presets\leptonica\1.74.4-1.4\leptonica-1.74.4-1.4-macosx-x86_64.jar;C:\Users\Nicklas\.m2\repository\org\bytedeco\javacpp-presets\leptonica\1.74.4-1.4\leptonica-1.74.4-1.4-windows-x86.jar;C:\Users\Nicklas\.m2\repository\org\bytedeco\javacpp-presets\leptonica\1.74.4-1.4\leptonica-1.74.4-1.4-windows-x86_64.jar;C:\Users\Nicklas\.m2\repository\org\bytedeco\javacpp-presets\tesseract\3.05.01-1.4\tesseract-3.05.01-1.4.jar;C:\Users\Nicklas\.m2\repository\org\bytedeco\javacpp-presets\tesseract\3.05.01-1.4\tesseract-3.05.01-1.4-android-arm.jar;C:\User
Launcher Type: SUN_STANDARD

Environment Variables:
PATH=C:\Users\Nicklas\AppData\Local\Microsoft\WindowsApps;C:\Users\Nicklas\AppData\Local\atom\bin;C:\Program Files\Java\jdk1.8.0_111\bin;C:\Program Files\TortoiseSVN\bin;C:\Users\Nicklas\Program\Git\cmd;C:\Users\Nicklas\Program\Git\mingw64\bin;C:\Users\Nicklas\Program\Git\usr\bin;C:\Gradle\gradle-3.5\bin;C:\WINDOWS\system32;C:\WINDOWS;C:\WINDOWS\System32\Wbem;C:\WINDOWS\System32\WindowsPowerShell\v1.0\;C:\Maven\apache-maven-3.5.2\bin;C:\HashiCorp\Vagrant\bin;C:\Users\Nicklas\AppData\Local\Microsoft\WindowsApps;C:\Users\Nicklas\AppData\Local\atom\bin;C:\Users\Nicklas\AppData\Local\Microsoft\WindowsApps;C:\Maven\apache-maven-3.5.2\bin;C:\Users\Nicklas\AppData\Local\GitHubDesktop\bin
USERNAME=Nicklas
OS=Windows_NT
PROCESSOR_IDENTIFIER=Intel64 Family 6 Model 78 Stepping 3, GenuineIntel



---------------  S Y S T E M  ---------------

OS: Windows 10.0 , 64 bit Build 16299 (10.0.16299.15)

CPU:total 4 (2 cores per cpu, 2 threads per core) family 6 model 78 stepping 3, cmov, cx8, fxsr, mmx, sse, sse2, sse3, ssse3, sse4.1, sse4.2, popcnt, avx, avx2, aes, clmul, erms, 3dnowpref, lzcnt, ht, tsc, tscinvbit, bmi1, bmi2, adx

Memory: 4k page, physical 8250276k(3087872k free), swap 12706724k(4545908k free)

vm_info: Java HotSpot(TM) 64-Bit Server VM (25.111-b14) for windows-amd64 JRE (1.8.0_111-b14), built on Sep 22 2016 19:24:05 by "java_re" with MS VC++ 10.0 (VS2010)

time: Thu Mar 22 11:08:42 2018
elapsed time: 25 seconds (0d 0h 0m 25s)

