#
# A fatal error has been detected by the Java Runtime Environment:
#
#  EXCEPTION_ACCESS_VIOLATION (0xc0000005) at pc=0x00007fff4b3bbe7b, pid=7980, tid=0x0000000000001468
#
# JRE version: Java(TM) SE Runtime Environment (8.0_111-b14) (build 1.8.0_111-b14)
# Java VM: Java HotSpot(TM) 64-Bit Server VM (25.111-b14 mixed mode windows-amd64 compressed oops)
# Problematic frame:
# C  [ntdll.dll+0x4be7b]
#
# Failed to write core dump. Minidumps are not enabled by default on client versions of Windows
#
# If you would like to submit a bug report, please visit:
#   http://bugreport.java.com/bugreport/crash.jsp
# The crash happened outside the Java Virtual Machine in native code.
# See problematic frame for where to report the bug.
#

---------------  T H R E A D  ---------------

Current thread (0x00000000230e2000):  JavaThread "Thread-5" [_thread_in_native, id=5224, stack(0x00000000312a0000,0x00000000313a0000)]

siginfo: ExceptionCode=0xc0000005, writing address 0x0000000000000024

Registers:
RAX=0x0000000000000000, RBX=0x000000002e4de518, RCX=0x000000002e4de518, RDX=0xffffffffffffffff
RSP=0x000000003139f070, RBP=0x000000003139f0e0, RSI=0x0000000000000000, RDI=0x0000000000000000
R8 =0x0000000000000000, R9 =0x0000000000000000, R10=0x0000000000000000, R11=0x0000000000000246
R12=0x0000000000000000, R13=0x000000003099d008, R14=0x0000000000000000, R15=0x00000000230e2000
RIP=0x00007fff4b3bbe7b, EFLAGS=0x0000000000010213

Top of Stack: (sp=0x000000003139f070)
0x000000003139f070:   ffffffffffffffff 000000002e4de518
0x000000003139f080:   00000000dc92b7d8 00000000dc934698
0x000000003139f090:   0000000030e6af60 0000000000000000
0x000000003139f0a0:   000000002432cdb1 0000000000818000
0x000000003139f0b0:   000000000000000c 00007fff4b3a2c1e
0x000000003139f0c0:   0000000002c90000 0000000000000000
0x000000003139f0d0:   00000000e501e105 00007fff47923b7f
0x000000003139f0e0:   00000000230e2000 0000000000000001
0x000000003139f0f0:   000000003099d008 0000000000000000
0x000000003139f100:   0000000000000000 000000003139f400
0x000000003139f110:   0000000000000001 00007fff4b390c49
0x000000003139f120:   0000000000000000 000000002e4de518
0x000000003139f130:   00000000fffffffa 0000000000000000
0x000000003139f140:   0000000031910040 00007fff4b390b60
0x000000003139f150:   00007fff1ddc3e70 0000000000000000
0x000000003139f160:   000000003139f400 00007fff1ddc3e70 

Instructions: (pc=0x00007fff4b3bbe7b)
0x00007fff4b3bbe5b:   0f 45 f6 48 39 73 18 0f 84 bb 01 00 00 48 83 3b
0x00007fff4b3bbe6b:   ff 0f 84 be 01 00 00 48 8b 03 48 83 f8 ff 74 03
0x00007fff4b3bbe7b:   ff 40 24 48 8b 7b 18 44 8b ee 48 89 7d c0 e8 02
0x00007fff4b3bbe8b:   ae fd ff 85 c0 0f 85 1a 14 07 00 b9 82 03 fe 7f 


Register to memory mapping:

RAX=0x0000000000000000 is an unknown value
RBX=0x000000002e4de518 is an unknown value
RCX=0x000000002e4de518 is an unknown value
RDX=0xffffffffffffffff is an unknown value
RSP=0x000000003139f070 is pointing into the stack for thread: 0x00000000230e2000
RBP=0x000000003139f0e0 is pointing into the stack for thread: 0x00000000230e2000
RSI=0x0000000000000000 is an unknown value
RDI=0x0000000000000000 is an unknown value
R8 =0x0000000000000000 is an unknown value
R9 =0x0000000000000000 is an unknown value
R10=0x0000000000000000 is an unknown value
R11=0x0000000000000246 is an unknown value
R12=0x0000000000000000 is an unknown value
R13=0x000000003099d008 is pointing into metadata
R14=0x0000000000000000 is an unknown value
R15=0x00000000230e2000 is a thread


Stack: [0x00000000312a0000,0x00000000313a0000],  sp=0x000000003139f070,  free space=1020k
Native frames: (J=compiled Java code, j=interpreted, Vv=VM code, C=native code)
C  [ntdll.dll+0x4be7b]
C  [ntdll.dll+0x20c49]
C  [ntdll.dll+0x20b60]
C  [opencv_videoio340.dll+0xf8b8]
C  [opencv_videoio340.dll+0x10a8b]
C  [opencv_videoio340.dll+0x38d6]
C  [jniopencv_videoio.dll+0x6bf4]
C  0x0000000004d77f74

Java frames: (J=compiled Java code, j=interpreted, Vv=VM code)
j  org.bytedeco.javacpp.opencv_videoio$VideoCapture.retrieve(Lorg/bytedeco/javacpp/opencv_core$Mat;)Z+0
j  org.bytedeco.javacv.OpenCVFrameGrabber.grab()Lorg/bytedeco/javacv/Frame;+8
j  application.FaceDetector.run()V+941
j  java.lang.Thread.run()V+11
v  ~StubRoutines::call_stub

---------------  P R O C E S S  ---------------

Java Threads: ( => current thread )
  0x00000000230e3800 JavaThread "Thread-8" [_thread_in_native, id=11844, stack(0x000000003b130000,0x000000003b230000)]
  0x00000000230e2800 JavaThread "AWT-EventQueue-0" [_thread_blocked, id=7580, stack(0x0000000033560000,0x0000000033660000)]
  0x00000000230e8800 JavaThread "AWT-Shutdown" [_thread_blocked, id=4636, stack(0x0000000033460000,0x0000000033560000)]
=>0x00000000230e2000 JavaThread "Thread-5" [_thread_in_native, id=5224, stack(0x00000000312a0000,0x00000000313a0000)]
  0x000000002323c800 JavaThread "Prism Font Disposer" daemon [_thread_blocked, id=2608, stack(0x0000000027ff0000,0x00000000280f0000)]
  0x00000000230fe000 JavaThread "AWT-Windows" daemon [_thread_in_native, id=9724, stack(0x00000000247a0000,0x00000000248a0000)]
  0x0000000023476800 JavaThread "Java2D Disposer" daemon [_thread_blocked, id=7876, stack(0x00000000245a0000,0x00000000246a0000)]
  0x00000000235e6000 JavaThread "JavaCPP Deallocator" daemon [_thread_blocked, id=10044, stack(0x0000000024160000,0x0000000024260000)]
  0x0000000022521000 JavaThread "Thread-3" daemon [_thread_in_native, id=10012, stack(0x0000000022c70000,0x0000000022d70000)]
  0x00000000224e8000 JavaThread "JavaFX-Launcher" [_thread_blocked, id=10980, stack(0x0000000022d70000,0x0000000022e70000)]
  0x000000001b67e800 JavaThread "JavaFX Application Thread" [_thread_in_native, id=1172, stack(0x000000001bbd0000,0x000000001bcd0000)]
  0x000000001b671800 JavaThread "Thread-1" daemon [_thread_blocked, id=10472, stack(0x000000001bad0000,0x000000001bbd0000)]
  0x000000001b633000 JavaThread "QuantumRenderer-0" daemon [_thread_blocked, id=11580, stack(0x000000001b8a0000,0x000000001b9a0000)]
  0x00000000198aa800 JavaThread "Service Thread" daemon [_thread_blocked, id=11988, stack(0x000000001b6a0000,0x000000001b7a0000)]
  0x0000000019860000 JavaThread "C1 CompilerThread2" daemon [_thread_blocked, id=7676, stack(0x000000001b1a0000,0x000000001b2a0000)]
  0x0000000019859000 JavaThread "C2 CompilerThread1" daemon [_thread_blocked, id=9920, stack(0x000000001b0a0000,0x000000001b1a0000)]
  0x0000000019856800 JavaThread "C2 CompilerThread0" daemon [_thread_blocked, id=11848, stack(0x000000001afa0000,0x000000001b0a0000)]
  0x0000000019853000 JavaThread "Attach Listener" daemon [_thread_blocked, id=11600, stack(0x000000001aea0000,0x000000001afa0000)]
  0x0000000019852000 JavaThread "Signal Dispatcher" daemon [_thread_blocked, id=10076, stack(0x000000001ada0000,0x000000001aea0000)]
  0x000000001983e800 JavaThread "Finalizer" daemon [_thread_in_native, id=11256, stack(0x000000001aab0000,0x000000001abb0000)]
  0x0000000004d57000 JavaThread "Reference Handler" daemon [_thread_blocked, id=5476, stack(0x000000001a9b0000,0x000000001aab0000)]
  0x0000000004c67000 JavaThread "main" [_thread_blocked, id=11520, stack(0x0000000004a90000,0x0000000004b90000)]

Other Threads:
  0x0000000019817000 VMThread [stack: 0x000000001a8b0000,0x000000001a9b0000] [id=12716]
  0x000000001b330800 WatcherThread [stack: 0x000000001b7a0000,0x000000001b8a0000] [id=6796]

VM state:not at safepoint (normal execution)

VM Mutex/Monitor currently owned by a thread: None

Heap:
 PSYoungGen      total 117248K, used 14592K [0x00000000d6000000, 0x00000000de700000, 0x0000000100000000)
  eden space 102912K, 5% used [0x00000000d6000000,0x00000000d65c4d50,0x00000000dc480000)
  from space 14336K, 60% used [0x00000000dc480000,0x00000000dccfb2c0,0x00000000dd280000)
  to   space 13824K, 0% used [0x00000000dd980000,0x00000000dd980000,0x00000000de700000)
 ParOldGen       total 94720K, used 32047K [0x0000000082000000, 0x0000000087c80000, 0x00000000d6000000)
  object space 94720K, 33% used [0x0000000082000000,0x0000000083f4be90,0x0000000087c80000)
 Metaspace       used 30662K, capacity 31788K, committed 32000K, reserved 1077248K
  class space    used 4022K, capacity 4275K, committed 4352K, reserved 1048576K

Card table byte_map: [0x0000000014120000,0x0000000014520000] byte_map_base: 0x0000000013d10000

Marking Bits: (ParMarkBitMap*) 0x000000005091a6c0
 Begin Bits: [0x0000000014bc0000, 0x0000000016b40000)
 End Bits:   [0x0000000016b40000, 0x0000000018ac0000)

Polling page: 0x0000000002be0000

CodeCache: size=245760Kb used=12797Kb max_used=13482Kb free=232962Kb
 bounds [0x0000000004d60000, 0x0000000005aa0000, 0x0000000013d60000]
 total_blobs=4752 nmethods=3797 adapters=866
 compilation: enabled

Compilation events (10 events):
Event: 14.523 Thread 0x0000000019860000 nmethod 4144 0x000000000529b390 code [0x000000000529b500, 0x000000000529b7e8]
Event: 14.523 Thread 0x0000000019860000 4146       3       com.sun.prism.d3d.D3DTextureData::dispose (34 bytes)
Event: 14.524 Thread 0x0000000019860000 nmethod 4146 0x0000000004ebbb90 code [0x0000000004ebbd20, 0x0000000004ebc088]
Event: 14.524 Thread 0x0000000019860000 4147       3       com.sun.prism.d3d.D3DResource$D3DRecord::dispose (41 bytes)
Event: 14.525 Thread 0x0000000019860000 nmethod 4147 0x0000000004f32e50 code [0x0000000004f32fe0, 0x0000000004f33358]
Event: 14.528 Thread 0x0000000019856800 nmethod 4141 0x00000000052a96d0 code [0x00000000052a9880, 0x00000000052aa1f0]
Event: 14.636 Thread 0x0000000019860000 4148       1       com.sun.scenario.animation.AnimationPulse::getEnabled (5 bytes)
Event: 14.636 Thread 0x0000000019860000 nmethod 4148 0x00000000052a9390 code [0x00000000052a94e0, 0x00000000052a95f0]
Event: 14.636 Thread 0x0000000019860000 4149       1       com.sun.scenario.animation.AbstractMasterTimer::access$500 (5 bytes)
Event: 14.636 Thread 0x0000000019860000 nmethod 4149 0x00000000052bb7d0 code [0x00000000052bb920, 0x00000000052bba10]

GC Heap History (10 events):
Event: 9.394 GC heap before
{Heap before GC invocations=16 (full 1):
 PSYoungGen      total 95744K, used 93823K [0x00000000d6000000, 0x00000000dc880000, 0x0000000100000000)
  eden space 85504K, 99% used [0x00000000d6000000,0x00000000db328ac8,0x00000000db380000)
  from space 10240K, 84% used [0x00000000dbe80000,0x00000000dc6f72d0,0x00000000dc880000)
  to   space 10752K, 0% used [0x00000000db380000,0x00000000db380000,0x00000000dbe00000)
 ParOldGen       total 94720K, used 30807K [0x0000000082000000, 0x0000000087c80000, 0x00000000d6000000)
  object space 94720K, 32% used [0x0000000082000000,0x0000000083e15e80,0x0000000087c80000)
 Metaspace       used 30335K, capacity 31470K, committed 31744K, reserved 1077248K
  class space    used 4017K, capacity 4266K, committed 4352K, reserved 1048576K
Event: 9.399 GC heap after
Heap after GC invocations=16 (full 1):
 PSYoungGen      total 96256K, used 8655K [0x00000000d6000000, 0x00000000dd500000, 0x0000000100000000)
  eden space 85504K, 0% used [0x00000000d6000000,0x00000000d6000000,0x00000000db380000)
  from space 10752K, 80% used [0x00000000db380000,0x00000000dbbf3d50,0x00000000dbe00000)
  to   space 11264K, 0% used [0x00000000dca00000,0x00000000dca00000,0x00000000dd500000)
 ParOldGen       total 94720K, used 30815K [0x0000000082000000, 0x0000000087c80000, 0x00000000d6000000)
  object space 94720K, 32% used [0x0000000082000000,0x0000000083e17e80,0x0000000087c80000)
 Metaspace       used 30335K, capacity 31470K, committed 31744K, reserved 1077248K
  class space    used 4017K, capacity 4266K, committed 4352K, reserved 1048576K
}
Event: 10.536 GC heap before
{Heap before GC invocations=17 (full 1):
 PSYoungGen      total 96256K, used 93201K [0x00000000d6000000, 0x00000000dd500000, 0x0000000100000000)
  eden space 85504K, 98% used [0x00000000d6000000,0x00000000db2906c0,0x00000000db380000)
  from space 10752K, 80% used [0x00000000db380000,0x00000000dbbf3d50,0x00000000dbe00000)
  to   space 11264K, 0% used [0x00000000dca00000,0x00000000dca00000,0x00000000dd500000)
 ParOldGen       total 94720K, used 30815K [0x0000000082000000, 0x0000000087c80000, 0x00000000d6000000)
  object space 94720K, 32% used [0x0000000082000000,0x0000000083e17e80,0x0000000087c80000)
 Metaspace       used 30449K, capacity 31534K, committed 31744K, reserved 1077248K
  class space    used 4017K, capacity 4266K, committed 4352K, reserved 1048576K
Event: 10.542 GC heap after
Heap after GC invocations=17 (full 1):
 PSYoungGen      total 108032K, used 9868K [0x00000000d6000000, 0x00000000dd580000, 0x0000000100000000)
  eden space 96768K, 0% used [0x00000000d6000000,0x00000000d6000000,0x00000000dbe80000)
  from space 11264K, 87% used [0x00000000dca00000,0x00000000dd3a32e0,0x00000000dd500000)
  to   space 11776K, 0% used [0x00000000dbe80000,0x00000000dbe80000,0x00000000dca00000)
 ParOldGen       total 94720K, used 30823K [0x0000000082000000, 0x0000000087c80000, 0x00000000d6000000)
  object space 94720K, 32% used [0x0000000082000000,0x0000000083e19e80,0x0000000087c80000)
 Metaspace       used 30449K, capacity 31534K, committed 31744K, reserved 1077248K
  class space    used 4017K, capacity 4266K, committed 4352K, reserved 1048576K
}
Event: 11.832 GC heap before
{Heap before GC invocations=18 (full 1):
 PSYoungGen      total 108032K, used 106297K [0x00000000d6000000, 0x00000000dd580000, 0x0000000100000000)
  eden space 96768K, 99% used [0x00000000d6000000,0x00000000dbe2b1a8,0x00000000dbe80000)
  from space 11264K, 87% used [0x00000000dca00000,0x00000000dd3a32e0,0x00000000dd500000)
  to   space 11776K, 0% used [0x00000000dbe80000,0x00000000dbe80000,0x00000000dca00000)
 ParOldGen       total 94720K, used 30823K [0x0000000082000000, 0x0000000087c80000, 0x00000000d6000000)
  object space 94720K, 32% used [0x0000000082000000,0x0000000083e19e80,0x0000000087c80000)
 Metaspace       used 30514K, capacity 31614K, committed 31744K, reserved 1077248K
  class space    used 4017K, capacity 4266K, committed 4352K, reserved 1048576K
Event: 11.837 GC heap after
Heap after GC invocations=18 (full 1):
 PSYoungGen      total 108544K, used 9887K [0x00000000d6000000, 0x00000000ddf00000, 0x0000000100000000)
  eden space 96768K, 0% used [0x00000000d6000000,0x00000000d6000000,0x00000000dbe80000)
  from space 11776K, 83% used [0x00000000dbe80000,0x00000000dc827d60,0x00000000dca00000)
  to   space 12800K, 0% used [0x00000000dd280000,0x00000000dd280000,0x00000000ddf00000)
 ParOldGen       total 94720K, used 30831K [0x0000000082000000, 0x0000000087c80000, 0x00000000d6000000)
  object space 94720K, 32% used [0x0000000082000000,0x0000000083e1be80,0x0000000087c80000)
 Metaspace       used 30514K, capacity 31614K, committed 31744K, reserved 1077248K
  class space    used 4017K, capacity 4266K, committed 4352K, reserved 1048576K
}
Event: 13.111 GC heap before
{Heap before GC invocations=19 (full 1):
 PSYoungGen      total 108544K, used 106223K [0x00000000d6000000, 0x00000000ddf00000, 0x0000000100000000)
  eden space 96768K, 99% used [0x00000000d6000000,0x00000000dbe14240,0x00000000dbe80000)
  from space 11776K, 83% used [0x00000000dbe80000,0x00000000dc827d60,0x00000000dca00000)
  to   space 12800K, 0% used [0x00000000dd280000,0x00000000dd280000,0x00000000ddf00000)
 ParOldGen       total 94720K, used 30831K [0x0000000082000000, 0x0000000087c80000, 0x00000000d6000000)
  object space 94720K, 32% used [0x0000000082000000,0x0000000083e1be80,0x0000000087c80000)
 Metaspace       used 30544K, capacity 31614K, committed 31744K, reserved 1077248K
  class space    used 4017K, capacity 4266K, committed 4352K, reserved 1048576K
Event: 13.119 GC heap after
Heap after GC invocations=19 (full 1):
 PSYoungGen      total 115712K, used 12300K [0x00000000d6000000, 0x00000000de200000, 0x0000000100000000)
  eden space 102912K, 0% used [0x00000000d6000000,0x00000000d6000000,0x00000000dc480000)
  from space 12800K, 96% used [0x00000000dd280000,0x00000000dde83300,0x00000000ddf00000)
  to   space 14336K, 0% used [0x00000000dc480000,0x00000000dc480000,0x00000000dd280000)
 ParOldGen       total 94720K, used 30839K [0x0000000082000000, 0x0000000087c80000, 0x00000000d6000000)
  object space 94720K, 32% used [0x0000000082000000,0x0000000083e1de80,0x0000000087c80000)
 Metaspace       used 30544K, capacity 31614K, committed 31744K, reserved 1077248K
  class space    used 4017K, capacity 4266K, committed 4352K, reserved 1048576K
}
Event: 14.513 GC heap before
{Heap before GC invocations=20 (full 1):
 PSYoungGen      total 115712K, used 114912K [0x00000000d6000000, 0x00000000de200000, 0x0000000100000000)
  eden space 102912K, 99% used [0x00000000d6000000,0x00000000dc434e30,0x00000000dc480000)
  from space 12800K, 96% used [0x00000000dd280000,0x00000000dde83300,0x00000000ddf00000)
  to   space 14336K, 0% used [0x00000000dc480000,0x00000000dc480000,0x00000000dd280000)
 ParOldGen       total 94720K, used 32039K [0x0000000082000000, 0x0000000087c80000, 0x00000000d6000000)
  object space 94720K, 33% used [0x0000000082000000,0x0000000083f49e90,0x0000000087c80000)
 Metaspace       used 30625K, capacity 31750K, committed 32000K, reserved 1077248K
  class space    used 4017K, capacity 4266K, committed 4352K, reserved 1048576K
Event: 14.518 GC heap after
Heap after GC invocations=20 (full 1):
 PSYoungGen      total 117248K, used 8684K [0x00000000d6000000, 0x00000000de700000, 0x0000000100000000)
  eden space 102912K, 0% used [0x00000000d6000000,0x00000000d6000000,0x00000000dc480000)
  from space 14336K, 60% used [0x00000000dc480000,0x00000000dccfb2c0,0x00000000dd280000)
  to   space 13824K, 0% used [0x00000000dd980000,0x00000000dd980000,0x00000000de700000)
 ParOldGen       total 94720K, used 32047K [0x0000000082000000, 0x0000000087c80000, 0x00000000d6000000)
  object space 94720K, 33% used [0x0000000082000000,0x0000000083f4be90,0x0000000087c80000)
 Metaspace       used 30625K, capacity 31750K, committed 32000K, reserved 1077248K
  class space    used 4017K, capacity 4266K, committed 4352K, reserved 1048576K
}

Deoptimization events (10 events):
Event: 5.468 Thread 0x000000001b67e800 Uncommon trap: reason=unstable_if action=reinterpret pc=0x0000000005695150 method=com.sun.javafx.iio.common.SmoothMinifier.putSourceScanline([BI)Z @ 523
Event: 5.540 Thread 0x000000001b633000 Uncommon trap: reason=unstable_if action=reinterpret pc=0x00000000056a5184 method=com.sun.javafx.geom.RectBounds.isEmpty()Z @ 21
Event: 6.380 Thread 0x000000001b67e800 Uncommon trap: reason=unstable_if action=reinterpret pc=0x0000000004f89658 method=java.lang.AbstractStringBuilder.append(Ljava/lang/String;)Ljava/lang/AbstractStringBuilder; @ 1
Event: 6.520 Thread 0x00000000230e3800 Uncommon trap: reason=unstable_if action=reinterpret pc=0x000000000553b3c8 method=java.io.WinNTFileSystem.normalizePrefix(Ljava/lang/String;ILjava/lang/StringBuffer;)I @ 102
Event: 6.520 Thread 0x00000000230e3800 Uncommon trap: reason=unstable_if action=reinterpret pc=0x000000000554ba44 method=java.io.WinNTFileSystem.normalizePrefix(Ljava/lang/String;ILjava/lang/StringBuffer;)I @ 102
Event: 6.657 Thread 0x00000000230e3800 Uncommon trap: reason=unstable_if action=reinterpret pc=0x00000000050f6fa8 method=java.lang.String.lastIndexOf([CII[CIII)I @ 118
Event: 6.938 Thread 0x00000000230e2000 Uncommon trap: reason=unstable_if action=reinterpret pc=0x0000000004e61c64 method=org.bytedeco.javacv.Java2DFrameConverter.flipCopyWithGamma(Ljava/nio/ByteBuffer;ILjava/nio/ByteBuffer;IZDZI)V @ 50
Event: 9.116 Thread 0x000000001b633000 Uncommon trap: reason=unstable_if action=reinterpret pc=0x00000000058e0afc method=com.sun.prism.d3d.D3DTextureResource.isValid()Z @ 4
Event: 12.192 Thread 0x000000001b633000 Uncommon trap: reason=unstable_if action=reinterpret pc=0x0000000005a48988 method=com.sun.scenario.effect.impl.ImagePool.checkOut(Lcom/sun/scenario/effect/impl/Renderer;II)Lcom/sun/scenario/effect/impl/PoolFilterable; @ 1
Event: 14.510 Thread 0x000000001b633000 Uncommon trap: reason=unstable_if action=reinterpret pc=0x0000000004f24d7c method=com.sun.javafx.sg.prism.NGNode.markCullRegions(Lcom/sun/javafx/geom/DirtyRegionContainer;ILcom/sun/javafx/geom/transform/BaseTransform;Lcom/sun/javafx/geom/transform/General

Internal exceptions (10 events):
Event: 7.006 Thread 0x00000000230e3800 Exception <a 'sun/nio/fs/WindowsException'> (0x00000000d93480e8) thrown at [C:\re\workspace\8-2-build-windows-amd64-cygwin\jdk8u111\7883\hotspot\src\share\vm\prims\jni.cpp, line 709]
Event: 7.007 Thread 0x00000000230e3800 Exception <a 'sun/nio/fs/WindowsException'> (0x00000000d93493b0) thrown at [C:\re\workspace\8-2-build-windows-amd64-cygwin\jdk8u111\7883\hotspot\src\share\vm\prims\jni.cpp, line 709]
Event: 7.007 Thread 0x00000000230e3800 Exception <a 'sun/nio/fs/WindowsException'> (0x00000000d934a6c8) thrown at [C:\re\workspace\8-2-build-windows-amd64-cygwin\jdk8u111\7883\hotspot\src\share\vm\prims\jni.cpp, line 709]
Event: 7.007 Thread 0x00000000230e3800 Exception <a 'sun/nio/fs/WindowsException'> (0x00000000d934b968) thrown at [C:\re\workspace\8-2-build-windows-amd64-cygwin\jdk8u111\7883\hotspot\src\share\vm\prims\jni.cpp, line 709]
Event: 7.008 Thread 0x00000000230e3800 Exception <a 'sun/nio/fs/WindowsException'> (0x00000000d934cc58) thrown at [C:\re\workspace\8-2-build-windows-amd64-cygwin\jdk8u111\7883\hotspot\src\share\vm\prims\jni.cpp, line 709]
Event: 7.021 Thread 0x00000000230e3800 Exception <a 'sun/nio/fs/WindowsException'> (0x00000000d934df20) thrown at [C:\re\workspace\8-2-build-windows-amd64-cygwin\jdk8u111\7883\hotspot\src\share\vm\prims\jni.cpp, line 709]
Event: 7.021 Thread 0x00000000230e3800 Exception <a 'sun/nio/fs/WindowsException'> (0x00000000d934f210) thrown at [C:\re\workspace\8-2-build-windows-amd64-cygwin\jdk8u111\7883\hotspot\src\share\vm\prims\jni.cpp, line 709]
Event: 7.132 Thread 0x00000000230e3800 Exception <a 'java/lang/UnsatisfiedLinkError': cl.eye.CLCamera.CLEyeGetCameraCount()I> (0x00000000d9379058) thrown at [C:\re\workspace\8-2-build-windows-amd64-cygwin\jdk8u111\7883\hotspot\src\share\vm\prims\nativeLookup.cpp, line 378]
Event: 7.132 Thread 0x00000000230e3800 Exception <a 'java/lang/reflect/InvocationTargetException'> (0x00000000d9379260) thrown at [C:\re\workspace\8-2-build-windows-amd64-cygwin\jdk8u111\7883\hotspot\src\share\vm\runtime\reflection.cpp, line 1092]
Event: 9.116 Thread 0x000000001b633000 Implicit null exception at 0x00000000058e0a90 to 0x00000000058e0ae9

Events (10 events):
Event: 14.528 Thread 0x0000000019856800 flushing nmethod 0x0000000004eaa390
Event: 14.528 Thread 0x0000000019856800 flushing nmethod 0x0000000004ed8590
Event: 14.636 Thread 0x0000000019860000 flushing nmethod 0x0000000004efc850
Event: 14.636 Thread 0x0000000019860000 flushing nmethod 0x0000000004f35710
Event: 14.636 Thread 0x0000000019860000 flushing nmethod 0x0000000004f66d10
Event: 14.636 Thread 0x0000000019860000 flushing nmethod 0x0000000004f6a0d0
Event: 14.636 Thread 0x0000000019860000 flushing nmethod 0x0000000004f995d0
Event: 14.636 Thread 0x0000000019860000 flushing nmethod 0x0000000004fba9d0
Event: 14.636 Thread 0x0000000019860000 flushing nmethod 0x000000000500cb10
Event: 14.636 Thread 0x0000000019860000 flushing nmethod 0x0000000005016190


Dynamic libraries:
0x00007ff738fe0000 - 0x00007ff739017000 	C:\Program Files\Java\jdk1.8.0_111\bin\javaw.exe
0x00007fff4b370000 - 0x00007fff4b550000 	C:\WINDOWS\SYSTEM32\ntdll.dll
0x00007fff492b0000 - 0x00007fff4935e000 	C:\WINDOWS\System32\KERNEL32.DLL
0x00007fff47910000 - 0x00007fff47b76000 	C:\WINDOWS\System32\KERNELBASE.dll
0x00007fff48ba0000 - 0x00007fff48c41000 	C:\WINDOWS\System32\ADVAPI32.dll
0x00007fff496c0000 - 0x00007fff4975d000 	C:\WINDOWS\System32\msvcrt.dll
0x00007fff48b40000 - 0x00007fff48b9b000 	C:\WINDOWS\System32\sechost.dll
0x00007fff49190000 - 0x00007fff492af000 	C:\WINDOWS\System32\RPCRT4.dll
0x00007fff489b0000 - 0x00007fff48b3f000 	C:\WINDOWS\System32\USER32.dll
0x00007fff47770000 - 0x00007fff47790000 	C:\WINDOWS\System32\win32u.dll
0x00007fff48d00000 - 0x00007fff48d28000 	C:\WINDOWS\System32\GDI32.dll
0x00007fff48320000 - 0x00007fff484b3000 	C:\WINDOWS\System32\gdi32full.dll
0x00007fff47870000 - 0x00007fff4790b000 	C:\WINDOWS\System32\msvcp_win.dll
0x00007fff48690000 - 0x00007fff48786000 	C:\WINDOWS\System32\ucrtbase.dll
0x00007fff35fb0000 - 0x00007fff36219000 	C:\WINDOWS\WinSxS\amd64_microsoft.windows.common-controls_6595b64144ccf1df_6.0.16299.309_none_15cfd4c4935e6b11\COMCTL32.dll
0x00007fff48d30000 - 0x00007fff49038000 	C:\WINDOWS\System32\combase.dll
0x00007fff477f0000 - 0x00007fff47862000 	C:\WINDOWS\System32\bcryptPrimitives.dll
0x00007fff493f0000 - 0x00007fff4941d000 	C:\WINDOWS\System32\IMM32.DLL
0x00000000509a0000 - 0x0000000050a72000 	C:\Program Files\Java\jdk1.8.0_111\jre\bin\msvcr100.dll
0x0000000050100000 - 0x000000005099a000 	C:\Program Files\Java\jdk1.8.0_111\jre\bin\server\jvm.dll
0x00007fff4b330000 - 0x00007fff4b338000 	C:\WINDOWS\System32\PSAPI.DLL
0x00007fff457c0000 - 0x00007fff457e3000 	C:\WINDOWS\SYSTEM32\WINMM.dll
0x00007fff40c30000 - 0x00007fff40c3a000 	C:\WINDOWS\SYSTEM32\VERSION.dll
0x00007fff35170000 - 0x00007fff35179000 	C:\WINDOWS\SYSTEM32\WSOCK32.dll
0x00007fff49380000 - 0x00007fff493ec000 	C:\WINDOWS\System32\WS2_32.dll
0x00007fff45790000 - 0x00007fff457ba000 	C:\WINDOWS\SYSTEM32\winmmbase.dll
0x00007fff482d0000 - 0x00007fff4831a000 	C:\WINDOWS\System32\cfgmgr32.dll
0x00000000500f0000 - 0x00000000500ff000 	C:\Program Files\Java\jdk1.8.0_111\jre\bin\verify.dll
0x00000000500c0000 - 0x00000000500e9000 	C:\Program Files\Java\jdk1.8.0_111\jre\bin\java.dll
0x00000000500a0000 - 0x00000000500b6000 	C:\Program Files\Java\jdk1.8.0_111\jre\bin\zip.dll
0x00007fff49bb0000 - 0x00007fff4afe6000 	C:\WINDOWS\System32\SHELL32.dll
0x00007fff48c50000 - 0x00007fff48cf6000 	C:\WINDOWS\System32\shcore.dll
0x00007fff47b80000 - 0x00007fff482c7000 	C:\WINDOWS\System32\windows.storage.dll
0x00007fff49120000 - 0x00007fff49171000 	C:\WINDOWS\System32\shlwapi.dll
0x00007fff47700000 - 0x00007fff47711000 	C:\WINDOWS\System32\kernel.appcore.dll
0x00007fff47720000 - 0x00007fff4776c000 	C:\WINDOWS\System32\powrprof.dll
0x00007fff476c0000 - 0x00007fff476db000 	C:\WINDOWS\System32\profapi.dll
0x00007fff21310000 - 0x00007fff213ff000 	C:\Program Files\Java\jdk1.8.0_111\jre\bin\msvcr120.dll
0x00007fff2ec80000 - 0x00007fff2ed26000 	C:\Program Files\Java\jdk1.8.0_111\jre\bin\msvcp120.dll
0x0000000077fd0000 - 0x0000000077ff2000 	C:\Program Files\Java\jdk1.8.0_111\jre\bin\prism_d3d.dll
0x00007fff14290000 - 0x00007fff14425000 	C:\WINDOWS\system32\d3d9.dll
0x00007fff45c60000 - 0x00007fff45c8a000 	C:\WINDOWS\SYSTEM32\dwmapi.dll
0x00007fff459a0000 - 0x00007fff45a35000 	C:\WINDOWS\system32\uxtheme.dll
0x00007ffef0460000 - 0x00007ffef4085000 	C:\WINDOWS\System32\DriverStore\FileRepository\igdlh64.inf_amd64_82548830eadb8221\igdumdim64.dll
0x00007fff49040000 - 0x00007fff49105000 	C:\WINDOWS\System32\OLEAUT32.dll
0x00007fff4aff0000 - 0x00007fff4b139000 	C:\WINDOWS\System32\ole32.dll
0x00007fff49760000 - 0x00007fff49bae000 	C:\WINDOWS\System32\SETUPAPI.dll
0x0000000077f80000 - 0x0000000077fc3000 	C:\Program Files\Java\jdk1.8.0_111\jre\bin\glass.dll
0x00007fff4b1a0000 - 0x00007fff4b2aa000 	C:\WINDOWS\System32\COMDLG32.dll
0x00007fff48840000 - 0x00007fff489a7000 	C:\WINDOWS\System32\MSCTF.dll
0x00007fff3e690000 - 0x00007fff3fc8e000 	C:\WINDOWS\System32\DriverStore\FileRepository\igdlh64.inf_amd64_82548830eadb8221\igc64.dll
0x00007fff2fb60000 - 0x00007fff2fbb1000 	C:\Users\Nicklas\.javacpp\cache\opencv-3.4.0-1.4-windows-x86_64.jar\org\bytedeco\javacpp\windows-x86_64\concrt140.dll
0x00007fff28ef0000 - 0x00007fff28f07000 	C:\Program Files\TortoiseSVN\bin\VCRUNTIME140.dll
0x00007fff28f10000 - 0x00007fff28fae000 	C:\Program Files\TortoiseSVN\bin\MSVCP140.dll
0x00007fff47130000 - 0x00007fff4713b000 	C:\WINDOWS\SYSTEM32\CRYPTBASE.DLL
0x00007fff2acd0000 - 0x00007fff2ad6d000 	C:\Users\Nicklas\.javacpp\cache\opencv-3.4.0-1.4-windows-x86_64.jar\org\bytedeco\javacpp\windows-x86_64\msvcp140.dll
0x00007fff461b0000 - 0x00007fff461c7000 	C:\Users\Nicklas\.javacpp\cache\opencv-3.4.0-1.4-windows-x86_64.jar\org\bytedeco\javacpp\windows-x86_64\vcruntime140.dll
0x0000000004a30000 - 0x0000000004a33000 	C:\Users\Nicklas\.javacpp\cache\opencv-3.4.0-1.4-windows-x86_64.jar\org\bytedeco\javacpp\windows-x86_64\api-ms-win-crt-locale-l1-1-0.dll
0x0000000004a40000 - 0x0000000004a44000 	C:\Users\Nicklas\.javacpp\cache\opencv-3.4.0-1.4-windows-x86_64.jar\org\bytedeco\javacpp\windows-x86_64\api-ms-win-crt-string-l1-1-0.dll
0x0000000004a50000 - 0x0000000004a54000 	C:\Users\Nicklas\.javacpp\cache\opencv-3.4.0-1.4-windows-x86_64.jar\org\bytedeco\javacpp\windows-x86_64\api-ms-win-crt-stdio-l1-1-0.dll
0x0000000004a60000 - 0x0000000004a65000 	C:\Users\Nicklas\.javacpp\cache\opencv-3.4.0-1.4-windows-x86_64.jar\org\bytedeco\javacpp\windows-x86_64\api-ms-win-crt-math-l1-1-0.dll
0x0000000004a70000 - 0x0000000004a73000 	C:\Users\Nicklas\.javacpp\cache\opencv-3.4.0-1.4-windows-x86_64.jar\org\bytedeco\javacpp\windows-x86_64\api-ms-win-crt-heap-l1-1-0.dll
0x0000000004b90000 - 0x0000000004b94000 	C:\Users\Nicklas\.javacpp\cache\opencv-3.4.0-1.4-windows-x86_64.jar\org\bytedeco\javacpp\windows-x86_64\api-ms-win-crt-runtime-l1-1-0.dll
0x0000000004ba0000 - 0x0000000004ba4000 	C:\Users\Nicklas\.javacpp\cache\opencv-3.4.0-1.4-windows-x86_64.jar\org\bytedeco\javacpp\windows-x86_64\api-ms-win-crt-convert-l1-1-0.dll
0x0000000004bb0000 - 0x0000000004bb3000 	C:\Users\Nicklas\.javacpp\cache\opencv-3.4.0-1.4-windows-x86_64.jar\org\bytedeco\javacpp\windows-x86_64\api-ms-win-crt-environment-l1-1-0.dll
0x0000000004bc0000 - 0x0000000004bc3000 	C:\Users\Nicklas\.javacpp\cache\opencv-3.4.0-1.4-windows-x86_64.jar\org\bytedeco\javacpp\windows-x86_64\api-ms-win-crt-time-l1-1-0.dll
0x0000000004bd0000 - 0x0000000004bd3000 	C:\Users\Nicklas\.javacpp\cache\opencv-3.4.0-1.4-windows-x86_64.jar\org\bytedeco\javacpp\windows-x86_64\api-ms-win-crt-filesystem-l1-1-0.dll
0x0000000004be0000 - 0x0000000004be3000 	C:\Users\Nicklas\.javacpp\cache\opencv-3.4.0-1.4-windows-x86_64.jar\org\bytedeco\javacpp\windows-x86_64\api-ms-win-crt-utility-l1-1-0.dll
0x0000000004bf0000 - 0x0000000004bf5000 	C:\Users\Nicklas\.javacpp\cache\opencv-3.4.0-1.4-windows-x86_64.jar\org\bytedeco\javacpp\windows-x86_64\api-ms-win-crt-multibyte-l1-1-0.dll
0x00007fff19770000 - 0x00007fff19a76000 	C:\Users\Nicklas\.javacpp\cache\opencv-3.4.0-1.4-windows-x86_64.jar\org\bytedeco\javacpp\windows-x86_64\opencv_core340.dll
0x00007fff18970000 - 0x00007fff18d7c000 	C:\Users\Nicklas\.javacpp\cache\opencv-3.4.0-1.4-windows-x86_64.jar\org\bytedeco\javacpp\windows-x86_64\opencv_imgproc340.dll
0x00007fff185f0000 - 0x00007fff1896b000 	C:\Users\Nicklas\.javacpp\cache\opencv-3.4.0-1.4-windows-x86_64.jar\org\bytedeco\javacpp\windows-x86_64\jniopencv_core.dll
0x0000000050080000 - 0x000000005009a000 	C:\Program Files\Java\jdk1.8.0_111\jre\bin\net.dll
0x00007fff46f50000 - 0x00007fff46fb6000 	C:\WINDOWS\system32\mswsock.dll
0x0000000050060000 - 0x0000000050071000 	C:\Program Files\Java\jdk1.8.0_111\jre\bin\nio.dll
0x0000000077de0000 - 0x0000000077f78000 	C:\Program Files\Java\jdk1.8.0_111\jre\bin\awt.dll
0x00007fff456d0000 - 0x00007fff45758000 	C:\WINDOWS\SYSTEM32\apphelp.dll
0x0000000050000000 - 0x0000000050014000 	C:\Program Files\Java\jdk1.8.0_111\jre\bin\javafx_font.dll
0x00007fff2ceb0000 - 0x00007fff2d1bf000 	C:\WINDOWS\SYSTEM32\dwrite.dll
0x00007fff49420000 - 0x00007fff494be000 	C:\WINDOWS\System32\clbcatq.dll
0x00007fff420d0000 - 0x00007fff4227b000 	C:\WINDOWS\SYSTEM32\WindowsCodecs.dll
0x00007fff2bdc0000 - 0x00007fff2be0f000 	C:\WINDOWS\system32\dataexchange.dll
0x00007fff44f40000 - 0x00007fff45082000 	C:\WINDOWS\system32\dcomp.dll
0x00007fff43ee0000 - 0x00007fff441c2000 	C:\WINDOWS\system32\d3d11.dll
0x00007fff46520000 - 0x00007fff465cf000 	C:\WINDOWS\system32\dxgi.dll
0x00007fff45d20000 - 0x00007fff45e9b000 	C:\WINDOWS\system32\twinapi.appcore.dll
0x00007fff45c90000 - 0x00007fff45cb0000 	C:\WINDOWS\system32\RMCLIENT.dll
0x00007fff47220000 - 0x00007fff47245000 	C:\WINDOWS\system32\bcrypt.dll
0x0000000000000000 - 0x0000000000000000 	
0x00007fff2f000000 - 0x00007fff2f098000 	C:\WINDOWS\System32\TextInputFramework.dll
0x00007fff446d0000 - 0x00007fff447ac000 	C:\WINDOWS\System32\CoreMessaging.dll
0x00007fff41cb0000 - 0x00007fff41f9e000 	C:\WINDOWS\System32\CoreUIComponents.dll
0x00007fff467f0000 - 0x00007fff46821000 	C:\WINDOWS\SYSTEM32\ntmarta.dll
0x00007fff43ac0000 - 0x00007fff43bf6000 	C:\WINDOWS\SYSTEM32\wintypes.dll
0x0000000077dc0000 - 0x0000000077dd1000 	C:\Program Files\Java\jdk1.8.0_111\jre\bin\prism_common.dll
0x00007fff447b0000 - 0x00007fff44d68000 	C:\WINDOWS\SYSTEM32\d2d1.dll
0x00007fff484c0000 - 0x00007fff4868e000 	C:\WINDOWS\System32\CRYPT32.dll
0x00007fff476e0000 - 0x00007fff476f2000 	C:\WINDOWS\System32\MSASN1.dll
0x00007fff178c0000 - 0x00007fff1802c000 	C:\WINDOWS\SYSTEM32\D3D10Warp.dll
0x00007fff475c0000 - 0x00007fff475e9000 	C:\WINDOWS\SYSTEM32\USERENV.dll
0x00007fff18490000 - 0x00007fff185e5000 	C:\Users\Nicklas\.javacpp\cache\opencv-3.4.0-1.4-windows-x86_64.jar\org\bytedeco\javacpp\windows-x86_64\jniopencv_imgproc.dll
0x00007fff17150000 - 0x00007fff1741c000 	C:\Users\Nicklas\.javacpp\cache\opencv-3.4.0-1.4-windows-x86_64.jar\org\bytedeco\javacpp\windows-x86_64\opencv_imgcodecs340.dll
0x00007fff36ce0000 - 0x00007fff36d14000 	C:\Users\Nicklas\.javacpp\cache\opencv-3.4.0-1.4-windows-x86_64.jar\org\bytedeco\javacpp\windows-x86_64\jniopencv_imgcodecs.dll
0x00007fff07f90000 - 0x00007fff08384000 	C:\Users\Nicklas\.javacpp\cache\opencv-3.4.0-1.4-windows-x86_64.jar\org\bytedeco\javacpp\windows-x86_64\opencv_dnn340.dll
0x00007fff2a740000 - 0x00007fff2a7b1000 	C:\Users\Nicklas\.javacpp\cache\opencv-3.4.0-1.4-windows-x86_64.jar\org\bytedeco\javacpp\windows-x86_64\jniopencv_dnn.dll
0x00007fff21ec0000 - 0x00007fff21f53000 	C:\Users\Nicklas\.javacpp\cache\opencv-3.4.0-1.4-windows-x86_64.jar\org\bytedeco\javacpp\windows-x86_64\opencv_objdetect340.dll
0x00007fff1eeb0000 - 0x00007fff1ef29000 	C:\Users\Nicklas\.javacpp\cache\opencv-3.4.0-1.4-windows-x86_64.jar\org\bytedeco\javacpp\windows-x86_64\jniopencv_objdetect.dll
0x00007fff1a960000 - 0x00007fff1aa5c000 	C:\Users\Nicklas\.javacpp\cache\opencv-3.4.0-1.4-windows-x86_64.jar\org\bytedeco\javacpp\windows-x86_64\opencv_photo340.dll
0x00007fff22350000 - 0x00007fff223a3000 	C:\Users\Nicklas\.javacpp\cache\opencv-3.4.0-1.4-windows-x86_64.jar\org\bytedeco\javacpp\windows-x86_64\jniopencv_photo.dll
0x00007fff196e0000 - 0x00007fff19763000 	C:\Users\Nicklas\.javacpp\cache\opencv-3.4.0-1.4-windows-x86_64.jar\org\bytedeco\javacpp\windows-x86_64\opencv_video340.dll
0x00007fff1ee60000 - 0x00007fff1eead000 	C:\Users\Nicklas\.javacpp\cache\opencv-3.4.0-1.4-windows-x86_64.jar\org\bytedeco\javacpp\windows-x86_64\jniopencv_video.dll
0x00007fff45880000 - 0x00007fff458ab000 	C:\Users\Nicklas\.javacpp\cache\opencv-3.4.0-1.4-windows-x86_64.jar\org\bytedeco\javacpp\windows-x86_64\opencv_plot340.dll
0x00007fff16f10000 - 0x00007fff17145000 	C:\Users\Nicklas\.javacpp\cache\opencv-3.4.0-1.4-windows-x86_64.jar\org\bytedeco\javacpp\windows-x86_64\opencv_tracking340.dll
0x00007fff07ec0000 - 0x00007fff07f90000 	C:\Users\Nicklas\.javacpp\cache\opencv-3.4.0-1.4-windows-x86_64.jar\org\bytedeco\javacpp\windows-x86_64\opencv_face340.dll
0x00007fff45530000 - 0x00007fff45555000 	C:\Users\Nicklas\.javacpp\cache\opencv-3.4.0-1.4-windows-x86_64.jar\org\bytedeco\javacpp\windows-x86_64\jniopencv_face.dll
0x00007fff47110000 - 0x00007fff47127000 	C:\WINDOWS\SYSTEM32\CRYPTSP.dll
0x00007fff46b50000 - 0x00007fff46b83000 	C:\WINDOWS\system32\rsaenh.dll
0x00007fff46ce0000 - 0x00007fff46d19000 	C:\WINDOWS\SYSTEM32\IPHLPAPI.DLL
0x00007fff49110000 - 0x00007fff49118000 	C:\WINDOWS\System32\NSI.dll
0x00007fff42360000 - 0x00007fff42376000 	C:\WINDOWS\SYSTEM32\dhcpcsvc6.DLL
0x00007fff42320000 - 0x00007fff4233a000 	C:\WINDOWS\SYSTEM32\dhcpcsvc.DLL
0x00007fff1dd80000 - 0x00007fff1ddcb000 	C:\Users\Nicklas\.javacpp\cache\opencv-3.4.0-1.4-windows-x86_64.jar\org\bytedeco\javacpp\windows-x86_64\opencv_videoio340.dll
0x00007fff43e20000 - 0x00007fff43e49000 	C:\WINDOWS\SYSTEM32\MSVFW32.dll
0x00007fff45820000 - 0x00007fff4583f000 	C:\WINDOWS\SYSTEM32\AVIFIL32.dll
0x00007fff42c10000 - 0x00007fff42c2c000 	C:\WINDOWS\SYSTEM32\MSACM32.dll
0x00007fff45610000 - 0x00007fff45628000 	C:\WINDOWS\SYSTEM32\AVICAP32.dll
0x00007fff431d0000 - 0x00007fff431ef000 	C:\Users\Nicklas\.javacpp\cache\opencv-3.4.0-1.4-windows-x86_64.jar\org\bytedeco\javacpp\windows-x86_64\jniopencv_videoio.dll
0x00007fff46d20000 - 0x00007fff46dd6000 	C:\WINDOWS\SYSTEM32\DNSAPI.dll

VM Arguments:
jvm_args: -Djava.library.path=C:\opencv\build\java\x64;C:\opencv\build\java\x64 -Dfile.encoding=Cp1252 
java_command: application.AppStart
java_class_path (initial): C:\Users\Nicklas\Workspace SilverSpin\FaceRecognizerJava\target\classes;C:\Users\Nicklas\Program\eclipse\plugins\org.eclipse.fx.ide.css.jfx8_2.4.0.201605112122.jar;C:\opencv\build\java\opencv-340.jar;C:\Users\Nicklas\.m2\repository\mysql\mysql-connector-java\5.1.14\mysql-connector-java-5.1.14.jar;C:\Users\Nicklas\.m2\repository\org\bytedeco\javacpp-presets\tesseract-platform\3.05.01-1.4\tesseract-platform-3.05.01-1.4.jar;C:\Users\Nicklas\.m2\repository\org\bytedeco\javacpp-presets\leptonica-platform\1.74.4-1.4\leptonica-platform-1.74.4-1.4.jar;C:\Users\Nicklas\.m2\repository\org\bytedeco\javacpp-presets\leptonica\1.74.4-1.4\leptonica-1.74.4-1.4.jar;C:\Users\Nicklas\.m2\repository\org\bytedeco\javacpp-presets\leptonica\1.74.4-1.4\leptonica-1.74.4-1.4-android-arm.jar;C:\Users\Nicklas\.m2\repository\org\bytedeco\javacpp-presets\leptonica\1.74.4-1.4\leptonica-1.74.4-1.4-android-x86.jar;C:\Users\Nicklas\.m2\repository\org\bytedeco\javacpp-presets\leptonica\1.74.4-1.4\leptonica-1.74.4-1.4-linux-x86.jar;C:\Users\Nicklas\.m2\repository\org\bytedeco\javacpp-presets\leptonica\1.74.4-1.4\leptonica-1.74.4-1.4-linux-x86_64.jar;C:\Users\Nicklas\.m2\repository\org\bytedeco\javacpp-presets\leptonica\1.74.4-1.4\leptonica-1.74.4-1.4-linux-armhf.jar;C:\Users\Nicklas\.m2\repository\org\bytedeco\javacpp-presets\leptonica\1.74.4-1.4\leptonica-1.74.4-1.4-linux-ppc64le.jar;C:\Users\Nicklas\.m2\repository\org\bytedeco\javacpp-presets\leptonica\1.74.4-1.4\leptonica-1.74.4-1.4-macosx-x86_64.jar;C:\Users\Nicklas\.m2\repository\org\bytedeco\javacpp-presets\leptonica\1.74.4-1.4\leptonica-1.74.4-1.4-windows-x86.jar;C:\Users\Nicklas\.m2\repository\org\bytedeco\javacpp-presets\leptonica\1.74.4-1.4\leptonica-1.74.4-1.4-windows-x86_64.jar;C:\Users\Nicklas\.m2\repository\org\bytedeco\javacpp-presets\tesseract\3.05.01-1.4\tesseract-3.05.01-1.4.jar;C:\Users\Nicklas\.m2\repository\org\bytedeco\javacpp-presets\tesseract\3.05.01-1.4\tesseract-3.05.01-1.4-android-arm.jar;C:\User
Launcher Type: SUN_STANDARD

Environment Variables:
PATH=C:\Users\Nicklas\AppData\Local\Microsoft\WindowsApps;C:\Users\Nicklas\AppData\Local\atom\bin;C:\Program Files\Java\jdk1.8.0_111\bin;C:\Program Files\TortoiseSVN\bin;C:\Users\Nicklas\Program\Git\cmd;C:\Users\Nicklas\Program\Git\mingw64\bin;C:\Users\Nicklas\Program\Git\usr\bin;C:\Gradle\gradle-3.5\bin;C:\WINDOWS\system32;C:\WINDOWS;C:\WINDOWS\System32\Wbem;C:\WINDOWS\System32\WindowsPowerShell\v1.0\;C:\Maven\apache-maven-3.5.2\bin;C:\HashiCorp\Vagrant\bin;C:\Users\Nicklas\AppData\Local\Microsoft\WindowsApps;C:\Users\Nicklas\AppData\Local\atom\bin;C:\Users\Nicklas\AppData\Local\Microsoft\WindowsApps;C:\Maven\apache-maven-3.5.2\bin;C:\Users\Nicklas\AppData\Local\GitHubDesktop\bin
USERNAME=Nicklas
OS=Windows_NT
PROCESSOR_IDENTIFIER=Intel64 Family 6 Model 78 Stepping 3, GenuineIntel



---------------  S Y S T E M  ---------------

OS: Windows 10.0 , 64 bit Build 16299 (10.0.16299.15)

CPU:total 4 (2 cores per cpu, 2 threads per core) family 6 model 78 stepping 3, cmov, cx8, fxsr, mmx, sse, sse2, sse3, ssse3, sse4.1, sse4.2, popcnt, avx, avx2, aes, clmul, erms, 3dnowpref, lzcnt, ht, tsc, tscinvbit, bmi1, bmi2, adx

Memory: 4k page, physical 8250276k(2732208k free), swap 12706724k(3960184k free)

vm_info: Java HotSpot(TM) 64-Bit Server VM (25.111-b14) for windows-amd64 JRE (1.8.0_111-b14), built on Sep 22 2016 19:24:05 by "java_re" with MS VC++ 10.0 (VS2010)

time: Thu Mar 22 11:08:04 2018
elapsed time: 17 seconds (0d 0h 0m 17s)

